ARM GAS  C:\Users\kees\AppData\Local\Temp\ccv6hHTt.s 			page 1


   1              		.cpu cortex-m0
   2              		.fpu softvfp
   3              		.eabi_attribute 20, 1
   4              		.eabi_attribute 21, 1
   5              		.eabi_attribute 23, 3
   6              		.eabi_attribute 24, 1
   7              		.eabi_attribute 25, 1
   8              		.eabi_attribute 26, 1
   9              		.eabi_attribute 30, 4
  10              		.eabi_attribute 18, 4
  11              		.code	16
  12              		.file	"Cm0Start.c"
  13              		.section	.debug_abbrev,"",%progbits
  14              	.Ldebug_abbrev0:
  15              		.section	.debug_info,"",%progbits
  16              	.Ldebug_info0:
  17              		.section	.debug_line,"",%progbits
  18              	.Ldebug_line0:
  19 0000 A7000000 		.text
  19      02006100 
  19      00000201 
  19      FB0E0D00 
  19      01010101 
  20              	.Ltext0:
  21              		.cfi_sections	.debug_frame
  22              		.section	.text.IntDefaultHandler,"ax",%progbits
  23              		.align	1
  24              		.global	IntDefaultHandler
  25              		.code	16
  26              		.thumb_func
  27              		.type	IntDefaultHandler, %function
  28              	IntDefaultHandler:
  29              	.LFB0:
  30              		.file 1 ".\\Generated_Source\\PSoC4\\Cm0Start.c"
   1:.\Generated_Source\PSoC4/Cm0Start.c **** /*******************************************************************************
   2:.\Generated_Source\PSoC4/Cm0Start.c **** * File Name: Cm0Start.c
   3:.\Generated_Source\PSoC4/Cm0Start.c **** * Version 3.40
   4:.\Generated_Source\PSoC4/Cm0Start.c **** *
   5:.\Generated_Source\PSoC4/Cm0Start.c **** *  Description:
   6:.\Generated_Source\PSoC4/Cm0Start.c **** *  Startup code for the ARM CM0.
   7:.\Generated_Source\PSoC4/Cm0Start.c **** *
   8:.\Generated_Source\PSoC4/Cm0Start.c **** ********************************************************************************
   9:.\Generated_Source\PSoC4/Cm0Start.c **** * Copyright 2010-2013, Cypress Semiconductor Corporation.  All rights reserved.
  10:.\Generated_Source\PSoC4/Cm0Start.c **** * You may use this file only in accordance with the license, terms, conditions,
  11:.\Generated_Source\PSoC4/Cm0Start.c **** * disclaimers, and limitations in the end user license agreement accompanying
  12:.\Generated_Source\PSoC4/Cm0Start.c **** * the software package with which this file was provided.
  13:.\Generated_Source\PSoC4/Cm0Start.c **** *******************************************************************************/
  14:.\Generated_Source\PSoC4/Cm0Start.c **** 
  15:.\Generated_Source\PSoC4/Cm0Start.c **** #include "cydevice_trm.h"
  16:.\Generated_Source\PSoC4/Cm0Start.c **** #include "cytypes.h"
  17:.\Generated_Source\PSoC4/Cm0Start.c **** #include "cyfitter_cfg.h"
  18:.\Generated_Source\PSoC4/Cm0Start.c **** #include "CyLib.h"
  19:.\Generated_Source\PSoC4/Cm0Start.c **** #include "cyfitter.h"
  20:.\Generated_Source\PSoC4/Cm0Start.c **** 
  21:.\Generated_Source\PSoC4/Cm0Start.c **** #define NUM_VECTORS                 (CY_INT_IRQ_BASE + CY_NUM_INTERRUPTS)
  22:.\Generated_Source\PSoC4/Cm0Start.c **** #define CPUSS_CONFIG                ((reg32 *) CYREG_CPUSS_CONFIG)
  23:.\Generated_Source\PSoC4/Cm0Start.c **** #define NUM_ROM_VECTORS             4u
ARM GAS  C:\Users\kees\AppData\Local\Temp\ccv6hHTt.s 			page 2


  24:.\Generated_Source\PSoC4/Cm0Start.c **** 
  25:.\Generated_Source\PSoC4/Cm0Start.c **** #if defined(__ARMCC_VERSION)
  26:.\Generated_Source\PSoC4/Cm0Start.c ****     #define INITIAL_STACK_POINTER (cyisraddress)(uint32)&Image$$ARM_LIB_STACK$$ZI$$Limit
  27:.\Generated_Source\PSoC4/Cm0Start.c **** #elif defined (__GNUC__)
  28:.\Generated_Source\PSoC4/Cm0Start.c ****     #define INITIAL_STACK_POINTER __cs3_stack
  29:.\Generated_Source\PSoC4/Cm0Start.c **** #endif  /* (__ARMCC_VERSION) */
  30:.\Generated_Source\PSoC4/Cm0Start.c **** 
  31:.\Generated_Source\PSoC4/Cm0Start.c **** /* Extern functions */
  32:.\Generated_Source\PSoC4/Cm0Start.c **** extern void CyBtldr_CheckLaunch(void);
  33:.\Generated_Source\PSoC4/Cm0Start.c **** 
  34:.\Generated_Source\PSoC4/Cm0Start.c **** /* Function prototypes */
  35:.\Generated_Source\PSoC4/Cm0Start.c **** void initialize_psoc(void);
  36:.\Generated_Source\PSoC4/Cm0Start.c **** 
  37:.\Generated_Source\PSoC4/Cm0Start.c **** /* Global variables */
  38:.\Generated_Source\PSoC4/Cm0Start.c **** CY_NOINIT static uint32 cySysNoInitDataValid;
  39:.\Generated_Source\PSoC4/Cm0Start.c **** 
  40:.\Generated_Source\PSoC4/Cm0Start.c **** #if (CYDEV_PROJ_TYPE != CYDEV_PROJ_TYPE_STANDARD)
  41:.\Generated_Source\PSoC4/Cm0Start.c **** 
  42:.\Generated_Source\PSoC4/Cm0Start.c ****     /*******************************************************************************
  43:.\Generated_Source\PSoC4/Cm0Start.c ****     This variable is used by Bootloader/Bootloadable components to schedule
  44:.\Generated_Source\PSoC4/Cm0Start.c ****     what application will be started after software reset.
  45:.\Generated_Source\PSoC4/Cm0Start.c ****     *******************************************************************************/
  46:.\Generated_Source\PSoC4/Cm0Start.c ****     #if (__ARMCC_VERSION)
  47:.\Generated_Source\PSoC4/Cm0Start.c ****         volatile uint32 __attribute__ ((section(".bootloaderruntype"), zero_init))  cyBtldrRunType;
  48:.\Generated_Source\PSoC4/Cm0Start.c ****     #else   /* (__GNUC__) */
  49:.\Generated_Source\PSoC4/Cm0Start.c ****         volatile uint32 __attribute__ ((section(".bootloaderruntype")))             cyBtldrRunType;
  50:.\Generated_Source\PSoC4/Cm0Start.c ****     #endif  /* (__ARMCC_VERSION) */
  51:.\Generated_Source\PSoC4/Cm0Start.c **** 
  52:.\Generated_Source\PSoC4/Cm0Start.c **** #endif  /* (CYDEV_PROJ_TYPE != CYDEV_PROJ_TYPE_STANDARD) */
  53:.\Generated_Source\PSoC4/Cm0Start.c **** 
  54:.\Generated_Source\PSoC4/Cm0Start.c **** /*******************************************************************************
  55:.\Generated_Source\PSoC4/Cm0Start.c **** * Function Name: IntDefaultHandler
  56:.\Generated_Source\PSoC4/Cm0Start.c **** ********************************************************************************
  57:.\Generated_Source\PSoC4/Cm0Start.c **** *
  58:.\Generated_Source\PSoC4/Cm0Start.c **** * Summary:
  59:.\Generated_Source\PSoC4/Cm0Start.c **** *  This function is called for all interrupts, other than reset, that get called
  60:.\Generated_Source\PSoC4/Cm0Start.c **** *  before the system is setup.
  61:.\Generated_Source\PSoC4/Cm0Start.c **** *
  62:.\Generated_Source\PSoC4/Cm0Start.c **** * Parameters:
  63:.\Generated_Source\PSoC4/Cm0Start.c **** *  None
  64:.\Generated_Source\PSoC4/Cm0Start.c **** *
  65:.\Generated_Source\PSoC4/Cm0Start.c **** * Return:
  66:.\Generated_Source\PSoC4/Cm0Start.c **** *  None
  67:.\Generated_Source\PSoC4/Cm0Start.c **** *
  68:.\Generated_Source\PSoC4/Cm0Start.c **** * Theory:
  69:.\Generated_Source\PSoC4/Cm0Start.c **** *   Any value other than zero is acceptable.
  70:.\Generated_Source\PSoC4/Cm0Start.c **** *
  71:.\Generated_Source\PSoC4/Cm0Start.c **** *******************************************************************************/
  72:.\Generated_Source\PSoC4/Cm0Start.c **** __attribute__ ((noreturn))
  73:.\Generated_Source\PSoC4/Cm0Start.c **** CY_ISR(IntDefaultHandler)
  74:.\Generated_Source\PSoC4/Cm0Start.c **** {
  31              		.loc 1 74 0
  32              		.cfi_startproc
  33 0000 00B5     		push	{lr}
  34              	.LCFI0:
  35              		.cfi_def_cfa_offset 4
  36              		.cfi_offset 14, -4
ARM GAS  C:\Users\kees\AppData\Local\Temp\ccv6hHTt.s 			page 3


  37              	.L2:
  38 0002 FEE7     		b	.L2
  39              		.cfi_endproc
  40              	.LFE0:
  41              		.size	IntDefaultHandler, .-IntDefaultHandler
  42              		.section	.text.Reset,"ax",%progbits
  43              		.align	1
  44              		.global	Reset
  45              		.code	16
  46              		.thumb_func
  47              		.type	Reset, %function
  48              	Reset:
  49              	.LFB1:
  75:.\Generated_Source\PSoC4/Cm0Start.c ****     /***************************************************************************
  76:.\Generated_Source\PSoC4/Cm0Start.c ****     * We should never get here. If we do, a serious problem occured, so go into
  77:.\Generated_Source\PSoC4/Cm0Start.c ****     * an infinite loop.
  78:.\Generated_Source\PSoC4/Cm0Start.c ****     ***************************************************************************/
  79:.\Generated_Source\PSoC4/Cm0Start.c ****     while(1)
  80:.\Generated_Source\PSoC4/Cm0Start.c ****     {
  81:.\Generated_Source\PSoC4/Cm0Start.c **** 
  82:.\Generated_Source\PSoC4/Cm0Start.c ****     }
  83:.\Generated_Source\PSoC4/Cm0Start.c **** }
  84:.\Generated_Source\PSoC4/Cm0Start.c **** 
  85:.\Generated_Source\PSoC4/Cm0Start.c **** #if defined(__ARMCC_VERSION)
  86:.\Generated_Source\PSoC4/Cm0Start.c **** 
  87:.\Generated_Source\PSoC4/Cm0Start.c **** /* Local function for the device reset. */
  88:.\Generated_Source\PSoC4/Cm0Start.c **** extern void Reset(void);
  89:.\Generated_Source\PSoC4/Cm0Start.c **** 
  90:.\Generated_Source\PSoC4/Cm0Start.c **** /* Application entry point. */
  91:.\Generated_Source\PSoC4/Cm0Start.c **** extern void $Super$$main(void);
  92:.\Generated_Source\PSoC4/Cm0Start.c **** 
  93:.\Generated_Source\PSoC4/Cm0Start.c **** /* Linker-generated Stack Base addresses, Two Region and One Region */
  94:.\Generated_Source\PSoC4/Cm0Start.c **** extern unsigned long Image$$ARM_LIB_STACK$$ZI$$Limit;
  95:.\Generated_Source\PSoC4/Cm0Start.c **** 
  96:.\Generated_Source\PSoC4/Cm0Start.c **** /* RealView C Library initialization. */
  97:.\Generated_Source\PSoC4/Cm0Start.c **** extern int __main(void);
  98:.\Generated_Source\PSoC4/Cm0Start.c **** 
  99:.\Generated_Source\PSoC4/Cm0Start.c **** 
 100:.\Generated_Source\PSoC4/Cm0Start.c **** /*******************************************************************************
 101:.\Generated_Source\PSoC4/Cm0Start.c **** * Function Name: Reset
 102:.\Generated_Source\PSoC4/Cm0Start.c **** ********************************************************************************
 103:.\Generated_Source\PSoC4/Cm0Start.c **** *
 104:.\Generated_Source\PSoC4/Cm0Start.c **** * Summary:
 105:.\Generated_Source\PSoC4/Cm0Start.c **** *  This function handles the reset interrupt for the RVDS/MDK toolchains.
 106:.\Generated_Source\PSoC4/Cm0Start.c **** *  This is the first bit of code that is executed at startup.
 107:.\Generated_Source\PSoC4/Cm0Start.c **** *
 108:.\Generated_Source\PSoC4/Cm0Start.c **** * Parameters:
 109:.\Generated_Source\PSoC4/Cm0Start.c **** *  None
 110:.\Generated_Source\PSoC4/Cm0Start.c **** *
 111:.\Generated_Source\PSoC4/Cm0Start.c **** * Return:
 112:.\Generated_Source\PSoC4/Cm0Start.c **** *  None
 113:.\Generated_Source\PSoC4/Cm0Start.c **** *
 114:.\Generated_Source\PSoC4/Cm0Start.c **** *******************************************************************************/
 115:.\Generated_Source\PSoC4/Cm0Start.c **** __asm void Reset(void)
 116:.\Generated_Source\PSoC4/Cm0Start.c **** {
 117:.\Generated_Source\PSoC4/Cm0Start.c ****     PRESERVE8
 118:.\Generated_Source\PSoC4/Cm0Start.c ****     EXTERN |Image$$ARM_LIB_STACK$$ZI$$Limit|
ARM GAS  C:\Users\kees\AppData\Local\Temp\ccv6hHTt.s 			page 4


 119:.\Generated_Source\PSoC4/Cm0Start.c ****     EXTERN __main
 120:.\Generated_Source\PSoC4/Cm0Start.c ****     EXTERN CyBtldr_CheckLaunch
 121:.\Generated_Source\PSoC4/Cm0Start.c ****     LDR R3, =|Image$$ARM_LIB_STACK$$ZI$$Limit|
 122:.\Generated_Source\PSoC4/Cm0Start.c ****     MOV SP, R3
 123:.\Generated_Source\PSoC4/Cm0Start.c **** #if (CYDEV_BOOTLOADER_ENABLE)
 124:.\Generated_Source\PSoC4/Cm0Start.c ****     BL  CyBtldr_CheckLaunch
 125:.\Generated_Source\PSoC4/Cm0Start.c **** #endif /* CYDEV_BOOTLOADER_ENABLE */
 126:.\Generated_Source\PSoC4/Cm0Start.c ****     LDR R0, =__main
 127:.\Generated_Source\PSoC4/Cm0Start.c ****     BX R0
 128:.\Generated_Source\PSoC4/Cm0Start.c **** 
 129:.\Generated_Source\PSoC4/Cm0Start.c ****     ALIGN
 130:.\Generated_Source\PSoC4/Cm0Start.c **** }
 131:.\Generated_Source\PSoC4/Cm0Start.c **** 
 132:.\Generated_Source\PSoC4/Cm0Start.c **** 
 133:.\Generated_Source\PSoC4/Cm0Start.c **** /*******************************************************************************
 134:.\Generated_Source\PSoC4/Cm0Start.c **** * Function Name: $Sub$$main
 135:.\Generated_Source\PSoC4/Cm0Start.c **** ********************************************************************************
 136:.\Generated_Source\PSoC4/Cm0Start.c **** *
 137:.\Generated_Source\PSoC4/Cm0Start.c **** * Summary:
 138:.\Generated_Source\PSoC4/Cm0Start.c **** *  This function is called imediatly before the users main
 139:.\Generated_Source\PSoC4/Cm0Start.c **** *
 140:.\Generated_Source\PSoC4/Cm0Start.c **** * Parameters:
 141:.\Generated_Source\PSoC4/Cm0Start.c **** *  None
 142:.\Generated_Source\PSoC4/Cm0Start.c **** *
 143:.\Generated_Source\PSoC4/Cm0Start.c **** * Return:
 144:.\Generated_Source\PSoC4/Cm0Start.c **** *  None
 145:.\Generated_Source\PSoC4/Cm0Start.c **** *
 146:.\Generated_Source\PSoC4/Cm0Start.c **** *******************************************************************************/
 147:.\Generated_Source\PSoC4/Cm0Start.c **** __attribute__ ((noreturn))
 148:.\Generated_Source\PSoC4/Cm0Start.c **** void $Sub$$main(void)
 149:.\Generated_Source\PSoC4/Cm0Start.c **** {
 150:.\Generated_Source\PSoC4/Cm0Start.c ****     initialize_psoc();
 151:.\Generated_Source\PSoC4/Cm0Start.c **** 
 152:.\Generated_Source\PSoC4/Cm0Start.c ****     /* Call original main */
 153:.\Generated_Source\PSoC4/Cm0Start.c ****     $Super$$main();
 154:.\Generated_Source\PSoC4/Cm0Start.c **** 
 155:.\Generated_Source\PSoC4/Cm0Start.c ****     /* If main returns it is undefined what we should do. */
 156:.\Generated_Source\PSoC4/Cm0Start.c ****     while (1);
 157:.\Generated_Source\PSoC4/Cm0Start.c **** }
 158:.\Generated_Source\PSoC4/Cm0Start.c **** 
 159:.\Generated_Source\PSoC4/Cm0Start.c **** #elif defined(__GNUC__)
 160:.\Generated_Source\PSoC4/Cm0Start.c **** 
 161:.\Generated_Source\PSoC4/Cm0Start.c **** extern void __cs3_stack(void);
 162:.\Generated_Source\PSoC4/Cm0Start.c **** extern void __cs3_start_c(void);
 163:.\Generated_Source\PSoC4/Cm0Start.c **** 
 164:.\Generated_Source\PSoC4/Cm0Start.c **** 
 165:.\Generated_Source\PSoC4/Cm0Start.c **** /*******************************************************************************
 166:.\Generated_Source\PSoC4/Cm0Start.c **** * Function Name: Reset
 167:.\Generated_Source\PSoC4/Cm0Start.c **** ********************************************************************************
 168:.\Generated_Source\PSoC4/Cm0Start.c **** *
 169:.\Generated_Source\PSoC4/Cm0Start.c **** * Summary:
 170:.\Generated_Source\PSoC4/Cm0Start.c **** *  This function handles the reset interrupt for the GCC toolchain.  This is
 171:.\Generated_Source\PSoC4/Cm0Start.c **** *  the first bit of code that is executed at startup.
 172:.\Generated_Source\PSoC4/Cm0Start.c **** *
 173:.\Generated_Source\PSoC4/Cm0Start.c **** * Parameters:
 174:.\Generated_Source\PSoC4/Cm0Start.c **** *  None
 175:.\Generated_Source\PSoC4/Cm0Start.c **** *
ARM GAS  C:\Users\kees\AppData\Local\Temp\ccv6hHTt.s 			page 5


 176:.\Generated_Source\PSoC4/Cm0Start.c **** * Return:
 177:.\Generated_Source\PSoC4/Cm0Start.c **** *  None
 178:.\Generated_Source\PSoC4/Cm0Start.c **** *
 179:.\Generated_Source\PSoC4/Cm0Start.c **** *******************************************************************************/
 180:.\Generated_Source\PSoC4/Cm0Start.c **** __attribute__ ((naked))
 181:.\Generated_Source\PSoC4/Cm0Start.c **** void Reset(void)
 182:.\Generated_Source\PSoC4/Cm0Start.c **** {
  50              		.loc 1 182 0
  51              		.cfi_startproc
 183:.\Generated_Source\PSoC4/Cm0Start.c ****     __asm volatile(
  52              		.loc 1 183 0
  53 0000 014B     		ldr	r3, .L6
  54              	@ 183 ".\Generated_Source\PSoC4\Cm0Start.c" 1
  55 0002 9D46     		    MOV sp, r3
  56              	
  57              	@ 0 "" 2
 184:.\Generated_Source\PSoC4/Cm0Start.c ****           "    MOV sp, %0\n"
 185:.\Generated_Source\PSoC4/Cm0Start.c **** #if (CYDEV_BOOTLOADER_ENABLE)
 186:.\Generated_Source\PSoC4/Cm0Start.c ****           "    BL  CyBtldr_CheckLaunch\n"
 187:.\Generated_Source\PSoC4/Cm0Start.c **** #endif /* CYDEV_BOOTLOADER_ENABLE */
 188:.\Generated_Source\PSoC4/Cm0Start.c ****           : : "r" (__cs3_stack));
 189:.\Generated_Source\PSoC4/Cm0Start.c ****     __asm volatile(
  58              		.loc 1 189 0
  59              		.code	16
  60 0004 014B     		ldr	r3, .L6+4
  61              	@ 189 ".\Generated_Source\PSoC4\Cm0Start.c" 1
  62 0006 1847     		    BX   r3
  63              	
  64              	@ 0 "" 2
 190:.\Generated_Source\PSoC4/Cm0Start.c ****           "    BX   %0\n"
 191:.\Generated_Source\PSoC4/Cm0Start.c ****           : : "r" (__cs3_start_c));
 192:.\Generated_Source\PSoC4/Cm0Start.c **** }
  65              		.loc 1 192 0
  66              		.code	16
  67              	.L7:
  68              		.align	2
  69              	.L6:
  70 0008 00000000 		.word	__cs3_stack
  71 000c 00000000 		.word	__cs3_start_c
  72              		.cfi_endproc
  73              	.LFE1:
  74              		.size	Reset, .-Reset
  75              		.section	.text.initialize_psoc,"ax",%progbits
  76              		.align	1
  77              		.global	initialize_psoc
  78              		.code	16
  79              		.thumb_func
  80              		.type	initialize_psoc, %function
  81              	initialize_psoc:
  82              	.LFB2:
 193:.\Generated_Source\PSoC4/Cm0Start.c **** 
 194:.\Generated_Source\PSoC4/Cm0Start.c **** #endif /* __GNUC__ */
 195:.\Generated_Source\PSoC4/Cm0Start.c **** 
 196:.\Generated_Source\PSoC4/Cm0Start.c **** 
 197:.\Generated_Source\PSoC4/Cm0Start.c **** /*******************************************************************************
 198:.\Generated_Source\PSoC4/Cm0Start.c **** * Ram Interrupt Vector table storage area. Must be placed at 0x20000000.
 199:.\Generated_Source\PSoC4/Cm0Start.c **** *******************************************************************************/
ARM GAS  C:\Users\kees\AppData\Local\Temp\ccv6hHTt.s 			page 6


 200:.\Generated_Source\PSoC4/Cm0Start.c **** 
 201:.\Generated_Source\PSoC4/Cm0Start.c **** __attribute__ ((section(".ramvectors")))
 202:.\Generated_Source\PSoC4/Cm0Start.c **** cyisraddress CyRamVectors[NUM_VECTORS];
 203:.\Generated_Source\PSoC4/Cm0Start.c **** 
 204:.\Generated_Source\PSoC4/Cm0Start.c **** 
 205:.\Generated_Source\PSoC4/Cm0Start.c **** /*******************************************************************************
 206:.\Generated_Source\PSoC4/Cm0Start.c **** * Rom Interrupt Vector table storage area. Must be 256-byte aligned.
 207:.\Generated_Source\PSoC4/Cm0Start.c **** *******************************************************************************/
 208:.\Generated_Source\PSoC4/Cm0Start.c **** 
 209:.\Generated_Source\PSoC4/Cm0Start.c **** #if defined(__ARMCC_VERSION)
 210:.\Generated_Source\PSoC4/Cm0Start.c ****     #pragma diag_suppress 1296
 211:.\Generated_Source\PSoC4/Cm0Start.c **** #endif  /* defined(__ARMCC_VERSION) */
 212:.\Generated_Source\PSoC4/Cm0Start.c **** __attribute__ ((section(".romvectors")))
 213:.\Generated_Source\PSoC4/Cm0Start.c **** const cyisraddress RomVectors[NUM_ROM_VECTORS] =
 214:.\Generated_Source\PSoC4/Cm0Start.c **** {
 215:.\Generated_Source\PSoC4/Cm0Start.c ****     #if defined(__ARMCC_VERSION)
 216:.\Generated_Source\PSoC4/Cm0Start.c ****         INITIAL_STACK_POINTER,           /* The initial stack pointer  0 */
 217:.\Generated_Source\PSoC4/Cm0Start.c ****     #elif defined (__GNUC__)
 218:.\Generated_Source\PSoC4/Cm0Start.c ****         &INITIAL_STACK_POINTER,          /* The initial stack pointer  0 */
 219:.\Generated_Source\PSoC4/Cm0Start.c ****     #endif  /* (__ARMCC_VERSION) */
 220:.\Generated_Source\PSoC4/Cm0Start.c ****     (cyisraddress)&Reset,            /* The reset handler          1 */
 221:.\Generated_Source\PSoC4/Cm0Start.c ****     &IntDefaultHandler,              /* The NMI handler            2 */
 222:.\Generated_Source\PSoC4/Cm0Start.c ****     &IntDefaultHandler,              /* The hard fault handler     3 */
 223:.\Generated_Source\PSoC4/Cm0Start.c **** };
 224:.\Generated_Source\PSoC4/Cm0Start.c **** 
 225:.\Generated_Source\PSoC4/Cm0Start.c **** 
 226:.\Generated_Source\PSoC4/Cm0Start.c **** /*******************************************************************************
 227:.\Generated_Source\PSoC4/Cm0Start.c **** * Function Name: initialize_psoc
 228:.\Generated_Source\PSoC4/Cm0Start.c **** ********************************************************************************
 229:.\Generated_Source\PSoC4/Cm0Start.c **** *
 230:.\Generated_Source\PSoC4/Cm0Start.c **** * Summary:
 231:.\Generated_Source\PSoC4/Cm0Start.c **** *  This function used to initialize the PSoC chip before calling main.
 232:.\Generated_Source\PSoC4/Cm0Start.c **** *
 233:.\Generated_Source\PSoC4/Cm0Start.c **** * Parameters:
 234:.\Generated_Source\PSoC4/Cm0Start.c **** *  None
 235:.\Generated_Source\PSoC4/Cm0Start.c **** *
 236:.\Generated_Source\PSoC4/Cm0Start.c **** * Return:
 237:.\Generated_Source\PSoC4/Cm0Start.c **** *  None
 238:.\Generated_Source\PSoC4/Cm0Start.c **** *
 239:.\Generated_Source\PSoC4/Cm0Start.c **** *******************************************************************************/
 240:.\Generated_Source\PSoC4/Cm0Start.c **** #if(defined(__GNUC__) && !defined(__ARMCC_VERSION))
 241:.\Generated_Source\PSoC4/Cm0Start.c **** __attribute__ ((constructor(101)))
 242:.\Generated_Source\PSoC4/Cm0Start.c **** #endif  /* (defined(__GNUC__) && !defined(__ARMCC_VERSION)) */
 243:.\Generated_Source\PSoC4/Cm0Start.c **** void initialize_psoc(void)
 244:.\Generated_Source\PSoC4/Cm0Start.c **** {
  83              		.loc 1 244 0
  84              		.cfi_startproc
  85 0000 08B5     		push	{r3, lr}
  86              	.LCFI1:
  87              		.cfi_def_cfa_offset 8
  88              		.cfi_offset 3, -8
  89              		.cfi_offset 14, -4
  90              		.loc 1 244 0
  91 0002 0022     		mov	r2, #0
  92 0004 0023     		mov	r3, #0
  93              	.LVL0:
  94              	.L11:
ARM GAS  C:\Users\kees\AppData\Local\Temp\ccv6hHTt.s 			page 7


 245:.\Generated_Source\PSoC4/Cm0Start.c ****     uint32 indexInit;
 246:.\Generated_Source\PSoC4/Cm0Start.c **** 
 247:.\Generated_Source\PSoC4/Cm0Start.c ****     /* Set Ram interrupt vectors to default functions. */
 248:.\Generated_Source\PSoC4/Cm0Start.c ****     for(indexInit = 0u; indexInit < NUM_VECTORS; indexInit++)
 249:.\Generated_Source\PSoC4/Cm0Start.c ****     {
 250:.\Generated_Source\PSoC4/Cm0Start.c ****         CyRamVectors[indexInit] = (indexInit < NUM_ROM_VECTORS) ? RomVectors[indexInit] : &IntDefau
  95              		.loc 1 250 0
  96 0006 032B     		cmp	r3, #3
  97 0008 01D9     		bls	.L9
  98 000a 0A49     		ldr	r1, .L14
  99 000c 01E0     		b	.L10
 100              	.L9:
 101 000e 0A49     		ldr	r1, .L14+4
 102 0010 8958     		ldr	r1, [r1, r2]
 103              	.L10:
 104 0012 0A48     		ldr	r0, .L14+8
 105              		.loc 1 248 0
 106 0014 0133     		add	r3, r3, #1
 107              		.loc 1 250 0
 108 0016 8150     		str	r1, [r0, r2]
 109              		.loc 1 248 0
 110 0018 0432     		add	r2, r2, #4
 111 001a 302B     		cmp	r3, #48
 112 001c F3D1     		bne	.L11
 251:.\Generated_Source\PSoC4/Cm0Start.c ****     }
 252:.\Generated_Source\PSoC4/Cm0Start.c **** 
 253:.\Generated_Source\PSoC4/Cm0Start.c ****     /* Initialize the configuration registers. */
 254:.\Generated_Source\PSoC4/Cm0Start.c ****     cyfitter_cfg();
 113              		.loc 1 254 0
 114 001e FFF7FEFF 		bl	cyfitter_cfg
 115              	.LVL1:
 255:.\Generated_Source\PSoC4/Cm0Start.c **** 
 256:.\Generated_Source\PSoC4/Cm0Start.c ****     /* Actually, no need to clean this variable, just to make compiler happy. */
 257:.\Generated_Source\PSoC4/Cm0Start.c ****     cySysNoInitDataValid = 0u;
 116              		.loc 1 257 0
 117 0022 074B     		ldr	r3, .L14+12
 118 0024 0022     		mov	r2, #0
 119 0026 1A60     		str	r2, [r3]
 258:.\Generated_Source\PSoC4/Cm0Start.c **** 
 259:.\Generated_Source\PSoC4/Cm0Start.c ****     #if (CYDEV_PROJ_TYPE != CYDEV_PROJ_TYPE_STANDARD)
 260:.\Generated_Source\PSoC4/Cm0Start.c **** 
 261:.\Generated_Source\PSoC4/Cm0Start.c ****         /* Need to make sure that this variable will not be optimized out */
 262:.\Generated_Source\PSoC4/Cm0Start.c ****         if (0u == cyBtldrRunType)
 263:.\Generated_Source\PSoC4/Cm0Start.c ****         {
 264:.\Generated_Source\PSoC4/Cm0Start.c ****             cyBtldrRunType = 0u;
 265:.\Generated_Source\PSoC4/Cm0Start.c ****         }
 266:.\Generated_Source\PSoC4/Cm0Start.c **** 
 267:.\Generated_Source\PSoC4/Cm0Start.c ****     #endif  /* (CYDEV_PROJ_TYPE != CYDEV_PROJ_TYPE_STANDARD) */
 268:.\Generated_Source\PSoC4/Cm0Start.c **** 
 269:.\Generated_Source\PSoC4/Cm0Start.c ****     /* Point Vector Table at the RAM vector table. */
 270:.\Generated_Source\PSoC4/Cm0Start.c ****     #if(CYDEV_CONFIG_READ_ACCELERATOR)
 271:.\Generated_Source\PSoC4/Cm0Start.c ****         *CPUSS_CONFIG = 1u;
 120              		.loc 1 271 0
 121 0028 8023     		mov	r3, #128
 122 002a DB05     		lsl	r3, r3, #23
 123 002c 0122     		mov	r2, #1
 124 002e 1A60     		str	r2, [r3]
ARM GAS  C:\Users\kees\AppData\Local\Temp\ccv6hHTt.s 			page 8


 272:.\Generated_Source\PSoC4/Cm0Start.c ****     #else
 273:.\Generated_Source\PSoC4/Cm0Start.c ****         *CPUSS_CONFIG = 3u;
 274:.\Generated_Source\PSoC4/Cm0Start.c ****     #endif  /* (CYDEV_CONFIG_READ_ACCELERATOR) */
 275:.\Generated_Source\PSoC4/Cm0Start.c **** }
 125              		.loc 1 275 0
 126              		@ sp needed for prologue
 127 0030 08BD     		pop	{r3, pc}
 128              	.L15:
 129 0032 C046     		.align	2
 130              	.L14:
 131 0034 00000000 		.word	IntDefaultHandler
 132 0038 00000000 		.word	.LANCHOR0
 133 003c 00000000 		.word	.LANCHOR1
 134 0040 00000000 		.word	.LANCHOR2
 135              		.cfi_endproc
 136              	.LFE2:
 137              		.size	initialize_psoc, .-initialize_psoc
 138              		.section	.init_array,"aw",%init_array
 139              		.align	2
 140 0000 00000000 		.word	initialize_psoc(target1)
 141              		.global	RomVectors
 142              		.global	CyRamVectors
 143              		.section	.romvectors,"a",%progbits
 144              		.align	2
 145              		.set	.LANCHOR0,. + 0
 146              		.type	RomVectors, %object
 147              		.size	RomVectors, 16
 148              	RomVectors:
 149 0000 00000000 		.word	__cs3_stack
 150 0004 00000000 		.word	Reset
 151 0008 00000000 		.word	IntDefaultHandler
 152 000c 00000000 		.word	IntDefaultHandler
 153              		.section	.noinit,"aw",%progbits
 154              		.align	2
 155              		.set	.LANCHOR2,. + 0
 156              		.type	cySysNoInitDataValid, %object
 157              		.size	cySysNoInitDataValid, 4
 158              	cySysNoInitDataValid:
 159 0000 00000000 		.space	4
 160              		.section	.ramvectors,"aw",%progbits
 161              		.align	2
 162              		.set	.LANCHOR1,. + 0
 163              		.type	CyRamVectors, %object
 164              		.size	CyRamVectors, 192
 165              	CyRamVectors:
 166 0000 00000000 		.space	192
 166      00000000 
 166      00000000 
 166      00000000 
 166      00000000 
 167              		.text
 168              	.Letext0:
 169              		.section	.debug_loc,"",%progbits
 170              	.Ldebug_loc0:
 171              	.LLST0:
 172 0000 00000000 		.4byte	.LFB0
 173 0004 02000000 		.4byte	.LCFI0
ARM GAS  C:\Users\kees\AppData\Local\Temp\ccv6hHTt.s 			page 9


 174 0008 0100     		.2byte	0x1
 175 000a 5D       		.byte	0x5d
 176 000b 02000000 		.4byte	.LCFI0
 177 000f 04000000 		.4byte	.LFE0
 178 0013 0200     		.2byte	0x2
 179 0015 7D       		.byte	0x7d
 180 0016 04       		.sleb128 4
 181 0017 00000000 		.4byte	0x0
 182 001b 00000000 		.4byte	0x0
 183              	.LLST2:
 184 001f 00000000 		.4byte	.LFB2
 185 0023 02000000 		.4byte	.LCFI1
 186 0027 0100     		.2byte	0x1
 187 0029 5D       		.byte	0x5d
 188 002a 02000000 		.4byte	.LCFI1
 189 002e 44000000 		.4byte	.LFE2
 190 0032 0200     		.2byte	0x2
 191 0034 7D       		.byte	0x7d
 192 0035 08       		.sleb128 8
 193 0036 00000000 		.4byte	0x0
 194 003a 00000000 		.4byte	0x0
 195              	.LLST3:
 196 003e 06000000 		.4byte	.LVL0
 197 0042 22000000 		.4byte	.LVL1
 198 0046 0100     		.2byte	0x1
 199 0048 53       		.byte	0x53
 200 0049 00000000 		.4byte	0x0
 201 004d 00000000 		.4byte	0x0
 202              		.file 2 ".\\Generated_Source\\PSoC4\\/cytypes.h"
 203              		.section	.debug_info
 204 0000 4D010000 		.4byte	0x14d
 205 0004 0200     		.2byte	0x2
 206 0006 00000000 		.4byte	.Ldebug_abbrev0
 207 000a 04       		.byte	0x4
 208 000b 01       		.uleb128 0x1
 209 000c 6D000000 		.4byte	.LASF20
 210 0010 01       		.byte	0x1
 211 0011 43010000 		.4byte	.LASF21
 212 0015 79000000 		.4byte	.LASF22
 213 0019 00000000 		.4byte	0x0
 214 001d 00000000 		.4byte	0x0
 215 0021 00000000 		.4byte	.Ldebug_ranges0+0x0
 216 0025 00000000 		.4byte	.Ldebug_line0
 217 0029 02       		.uleb128 0x2
 218 002a 01       		.byte	0x1
 219 002b 06       		.byte	0x6
 220 002c 2D010000 		.4byte	.LASF0
 221 0030 02       		.uleb128 0x2
 222 0031 01       		.byte	0x1
 223 0032 08       		.byte	0x8
 224 0033 D5000000 		.4byte	.LASF1
 225 0037 02       		.uleb128 0x2
 226 0038 02       		.byte	0x2
 227 0039 05       		.byte	0x5
 228 003a FE000000 		.4byte	.LASF2
 229 003e 02       		.uleb128 0x2
 230 003f 02       		.byte	0x2
ARM GAS  C:\Users\kees\AppData\Local\Temp\ccv6hHTt.s 			page 10


 231 0040 07       		.byte	0x7
 232 0041 1A010000 		.4byte	.LASF3
 233 0045 02       		.uleb128 0x2
 234 0046 04       		.byte	0x4
 235 0047 05       		.byte	0x5
 236 0048 E8000000 		.4byte	.LASF4
 237 004c 02       		.uleb128 0x2
 238 004d 04       		.byte	0x4
 239 004e 07       		.byte	0x7
 240 004f 44000000 		.4byte	.LASF5
 241 0053 02       		.uleb128 0x2
 242 0054 08       		.byte	0x8
 243 0055 05       		.byte	0x5
 244 0056 00000000 		.4byte	.LASF6
 245 005a 02       		.uleb128 0x2
 246 005b 08       		.byte	0x8
 247 005c 07       		.byte	0x7
 248 005d 56000000 		.4byte	.LASF7
 249 0061 03       		.uleb128 0x3
 250 0062 04       		.byte	0x4
 251 0063 05       		.byte	0x5
 252 0064 696E7400 		.ascii	"int\000"
 253 0068 02       		.uleb128 0x2
 254 0069 04       		.byte	0x4
 255 006a 07       		.byte	0x7
 256 006b 15000000 		.4byte	.LASF8
 257 006f 04       		.uleb128 0x4
 258 0070 0E000000 		.4byte	.LASF12
 259 0074 02       		.byte	0x2
 260 0075 4E       		.byte	0x4e
 261 0076 4C000000 		.4byte	0x4c
 262 007a 02       		.uleb128 0x2
 263 007b 04       		.byte	0x4
 264 007c 04       		.byte	0x4
 265 007d 67010000 		.4byte	.LASF9
 266 0081 02       		.uleb128 0x2
 267 0082 08       		.byte	0x8
 268 0083 04       		.byte	0x4
 269 0084 13010000 		.4byte	.LASF10
 270 0088 02       		.uleb128 0x2
 271 0089 01       		.byte	0x1
 272 008a 08       		.byte	0x8
 273 008b E3000000 		.4byte	.LASF11
 274 008f 04       		.uleb128 0x4
 275 0090 F1000000 		.4byte	.LASF13
 276 0094 02       		.byte	0x2
 277 0095 EB       		.byte	0xeb
 278 0096 9A000000 		.4byte	0x9a
 279 009a 05       		.uleb128 0x5
 280 009b 04       		.byte	0x4
 281 009c A0000000 		.4byte	0xa0
 282 00a0 06       		.uleb128 0x6
 283 00a1 01       		.byte	0x1
 284 00a2 07       		.uleb128 0x7
 285 00a3 04       		.byte	0x4
 286 00a4 07       		.byte	0x7
 287 00a5 08       		.uleb128 0x8
ARM GAS  C:\Users\kees\AppData\Local\Temp\ccv6hHTt.s 			page 11


 288 00a6 01       		.byte	0x1
 289 00a7 22000000 		.4byte	.LASF14
 290 00ab 01       		.byte	0x1
 291 00ac 49       		.byte	0x49
 292 00ad 01       		.byte	0x1
 293 00ae 00000000 		.4byte	.LFB0
 294 00b2 04000000 		.4byte	.LFE0
 295 00b6 00000000 		.4byte	.LLST0
 296 00ba 09       		.uleb128 0x9
 297 00bb 01       		.byte	0x1
 298 00bc 7A010000 		.4byte	.LASF15
 299 00c0 01       		.byte	0x1
 300 00c1 B5       		.byte	0xb5
 301 00c2 01       		.byte	0x1
 302 00c3 00000000 		.4byte	.LFB1
 303 00c7 10000000 		.4byte	.LFE1
 304 00cb 01       		.byte	0x1
 305 00cc 5D       		.byte	0x5d
 306 00cd 0A       		.uleb128 0xa
 307 00ce 01       		.byte	0x1
 308 00cf 34000000 		.4byte	.LASF23
 309 00d3 01       		.byte	0x1
 310 00d4 F3       		.byte	0xf3
 311 00d5 01       		.byte	0x1
 312 00d6 00000000 		.4byte	.LFB2
 313 00da 44000000 		.4byte	.LFE2
 314 00de 1F000000 		.4byte	.LLST2
 315 00e2 F6000000 		.4byte	0xf6
 316 00e6 0B       		.uleb128 0xb
 317 00e7 39010000 		.4byte	.LASF16
 318 00eb 01       		.byte	0x1
 319 00ec F5       		.byte	0xf5
 320 00ed 6F000000 		.4byte	0x6f
 321 00f1 3E000000 		.4byte	.LLST3
 322 00f5 00       		.byte	0x0
 323 00f6 0C       		.uleb128 0xc
 324 00f7 80010000 		.4byte	.LASF17
 325 00fb 01       		.byte	0x1
 326 00fc 26       		.byte	0x26
 327 00fd 6F000000 		.4byte	0x6f
 328 0101 05       		.byte	0x5
 329 0102 03       		.byte	0x3
 330 0103 00000000 		.4byte	cySysNoInitDataValid
 331 0107 0D       		.uleb128 0xd
 332 0108 8F000000 		.4byte	0x8f
 333 010c 17010000 		.4byte	0x117
 334 0110 0E       		.uleb128 0xe
 335 0111 A2000000 		.4byte	0xa2
 336 0115 2F       		.byte	0x2f
 337 0116 00       		.byte	0x0
 338 0117 0F       		.uleb128 0xf
 339 0118 6D010000 		.4byte	.LASF18
 340 011c 01       		.byte	0x1
 341 011d CA       		.byte	0xca
 342 011e 07010000 		.4byte	0x107
 343 0122 01       		.byte	0x1
 344 0123 05       		.byte	0x5
ARM GAS  C:\Users\kees\AppData\Local\Temp\ccv6hHTt.s 			page 12


 345 0124 03       		.byte	0x3
 346 0125 00000000 		.4byte	CyRamVectors
 347 0129 0D       		.uleb128 0xd
 348 012a 8F000000 		.4byte	0x8f
 349 012e 39010000 		.4byte	0x139
 350 0132 0E       		.uleb128 0xe
 351 0133 A2000000 		.4byte	0xa2
 352 0137 03       		.byte	0x3
 353 0138 00       		.byte	0x0
 354 0139 0F       		.uleb128 0xf
 355 013a 08010000 		.4byte	.LASF19
 356 013e 01       		.byte	0x1
 357 013f D5       		.byte	0xd5
 358 0140 4B010000 		.4byte	0x14b
 359 0144 01       		.byte	0x1
 360 0145 05       		.byte	0x5
 361 0146 03       		.byte	0x3
 362 0147 00000000 		.4byte	RomVectors
 363 014b 10       		.uleb128 0x10
 364 014c 29010000 		.4byte	0x129
 365 0150 00       		.byte	0x0
 366              		.section	.debug_abbrev
 367 0000 01       		.uleb128 0x1
 368 0001 11       		.uleb128 0x11
 369 0002 01       		.byte	0x1
 370 0003 25       		.uleb128 0x25
 371 0004 0E       		.uleb128 0xe
 372 0005 13       		.uleb128 0x13
 373 0006 0B       		.uleb128 0xb
 374 0007 03       		.uleb128 0x3
 375 0008 0E       		.uleb128 0xe
 376 0009 1B       		.uleb128 0x1b
 377 000a 0E       		.uleb128 0xe
 378 000b 11       		.uleb128 0x11
 379 000c 01       		.uleb128 0x1
 380 000d 52       		.uleb128 0x52
 381 000e 01       		.uleb128 0x1
 382 000f 55       		.uleb128 0x55
 383 0010 06       		.uleb128 0x6
 384 0011 10       		.uleb128 0x10
 385 0012 06       		.uleb128 0x6
 386 0013 00       		.byte	0x0
 387 0014 00       		.byte	0x0
 388 0015 02       		.uleb128 0x2
 389 0016 24       		.uleb128 0x24
 390 0017 00       		.byte	0x0
 391 0018 0B       		.uleb128 0xb
 392 0019 0B       		.uleb128 0xb
 393 001a 3E       		.uleb128 0x3e
 394 001b 0B       		.uleb128 0xb
 395 001c 03       		.uleb128 0x3
 396 001d 0E       		.uleb128 0xe
 397 001e 00       		.byte	0x0
 398 001f 00       		.byte	0x0
 399 0020 03       		.uleb128 0x3
 400 0021 24       		.uleb128 0x24
 401 0022 00       		.byte	0x0
ARM GAS  C:\Users\kees\AppData\Local\Temp\ccv6hHTt.s 			page 13


 402 0023 0B       		.uleb128 0xb
 403 0024 0B       		.uleb128 0xb
 404 0025 3E       		.uleb128 0x3e
 405 0026 0B       		.uleb128 0xb
 406 0027 03       		.uleb128 0x3
 407 0028 08       		.uleb128 0x8
 408 0029 00       		.byte	0x0
 409 002a 00       		.byte	0x0
 410 002b 04       		.uleb128 0x4
 411 002c 16       		.uleb128 0x16
 412 002d 00       		.byte	0x0
 413 002e 03       		.uleb128 0x3
 414 002f 0E       		.uleb128 0xe
 415 0030 3A       		.uleb128 0x3a
 416 0031 0B       		.uleb128 0xb
 417 0032 3B       		.uleb128 0x3b
 418 0033 0B       		.uleb128 0xb
 419 0034 49       		.uleb128 0x49
 420 0035 13       		.uleb128 0x13
 421 0036 00       		.byte	0x0
 422 0037 00       		.byte	0x0
 423 0038 05       		.uleb128 0x5
 424 0039 0F       		.uleb128 0xf
 425 003a 00       		.byte	0x0
 426 003b 0B       		.uleb128 0xb
 427 003c 0B       		.uleb128 0xb
 428 003d 49       		.uleb128 0x49
 429 003e 13       		.uleb128 0x13
 430 003f 00       		.byte	0x0
 431 0040 00       		.byte	0x0
 432 0041 06       		.uleb128 0x6
 433 0042 15       		.uleb128 0x15
 434 0043 00       		.byte	0x0
 435 0044 27       		.uleb128 0x27
 436 0045 0C       		.uleb128 0xc
 437 0046 00       		.byte	0x0
 438 0047 00       		.byte	0x0
 439 0048 07       		.uleb128 0x7
 440 0049 24       		.uleb128 0x24
 441 004a 00       		.byte	0x0
 442 004b 0B       		.uleb128 0xb
 443 004c 0B       		.uleb128 0xb
 444 004d 3E       		.uleb128 0x3e
 445 004e 0B       		.uleb128 0xb
 446 004f 00       		.byte	0x0
 447 0050 00       		.byte	0x0
 448 0051 08       		.uleb128 0x8
 449 0052 2E       		.uleb128 0x2e
 450 0053 00       		.byte	0x0
 451 0054 3F       		.uleb128 0x3f
 452 0055 0C       		.uleb128 0xc
 453 0056 03       		.uleb128 0x3
 454 0057 0E       		.uleb128 0xe
 455 0058 3A       		.uleb128 0x3a
 456 0059 0B       		.uleb128 0xb
 457 005a 3B       		.uleb128 0x3b
 458 005b 0B       		.uleb128 0xb
ARM GAS  C:\Users\kees\AppData\Local\Temp\ccv6hHTt.s 			page 14


 459 005c 27       		.uleb128 0x27
 460 005d 0C       		.uleb128 0xc
 461 005e 11       		.uleb128 0x11
 462 005f 01       		.uleb128 0x1
 463 0060 12       		.uleb128 0x12
 464 0061 01       		.uleb128 0x1
 465 0062 40       		.uleb128 0x40
 466 0063 06       		.uleb128 0x6
 467 0064 00       		.byte	0x0
 468 0065 00       		.byte	0x0
 469 0066 09       		.uleb128 0x9
 470 0067 2E       		.uleb128 0x2e
 471 0068 00       		.byte	0x0
 472 0069 3F       		.uleb128 0x3f
 473 006a 0C       		.uleb128 0xc
 474 006b 03       		.uleb128 0x3
 475 006c 0E       		.uleb128 0xe
 476 006d 3A       		.uleb128 0x3a
 477 006e 0B       		.uleb128 0xb
 478 006f 3B       		.uleb128 0x3b
 479 0070 0B       		.uleb128 0xb
 480 0071 27       		.uleb128 0x27
 481 0072 0C       		.uleb128 0xc
 482 0073 11       		.uleb128 0x11
 483 0074 01       		.uleb128 0x1
 484 0075 12       		.uleb128 0x12
 485 0076 01       		.uleb128 0x1
 486 0077 40       		.uleb128 0x40
 487 0078 0A       		.uleb128 0xa
 488 0079 00       		.byte	0x0
 489 007a 00       		.byte	0x0
 490 007b 0A       		.uleb128 0xa
 491 007c 2E       		.uleb128 0x2e
 492 007d 01       		.byte	0x1
 493 007e 3F       		.uleb128 0x3f
 494 007f 0C       		.uleb128 0xc
 495 0080 03       		.uleb128 0x3
 496 0081 0E       		.uleb128 0xe
 497 0082 3A       		.uleb128 0x3a
 498 0083 0B       		.uleb128 0xb
 499 0084 3B       		.uleb128 0x3b
 500 0085 0B       		.uleb128 0xb
 501 0086 27       		.uleb128 0x27
 502 0087 0C       		.uleb128 0xc
 503 0088 11       		.uleb128 0x11
 504 0089 01       		.uleb128 0x1
 505 008a 12       		.uleb128 0x12
 506 008b 01       		.uleb128 0x1
 507 008c 40       		.uleb128 0x40
 508 008d 06       		.uleb128 0x6
 509 008e 01       		.uleb128 0x1
 510 008f 13       		.uleb128 0x13
 511 0090 00       		.byte	0x0
 512 0091 00       		.byte	0x0
 513 0092 0B       		.uleb128 0xb
 514 0093 34       		.uleb128 0x34
 515 0094 00       		.byte	0x0
ARM GAS  C:\Users\kees\AppData\Local\Temp\ccv6hHTt.s 			page 15


 516 0095 03       		.uleb128 0x3
 517 0096 0E       		.uleb128 0xe
 518 0097 3A       		.uleb128 0x3a
 519 0098 0B       		.uleb128 0xb
 520 0099 3B       		.uleb128 0x3b
 521 009a 0B       		.uleb128 0xb
 522 009b 49       		.uleb128 0x49
 523 009c 13       		.uleb128 0x13
 524 009d 02       		.uleb128 0x2
 525 009e 06       		.uleb128 0x6
 526 009f 00       		.byte	0x0
 527 00a0 00       		.byte	0x0
 528 00a1 0C       		.uleb128 0xc
 529 00a2 34       		.uleb128 0x34
 530 00a3 00       		.byte	0x0
 531 00a4 03       		.uleb128 0x3
 532 00a5 0E       		.uleb128 0xe
 533 00a6 3A       		.uleb128 0x3a
 534 00a7 0B       		.uleb128 0xb
 535 00a8 3B       		.uleb128 0x3b
 536 00a9 0B       		.uleb128 0xb
 537 00aa 49       		.uleb128 0x49
 538 00ab 13       		.uleb128 0x13
 539 00ac 02       		.uleb128 0x2
 540 00ad 0A       		.uleb128 0xa
 541 00ae 00       		.byte	0x0
 542 00af 00       		.byte	0x0
 543 00b0 0D       		.uleb128 0xd
 544 00b1 01       		.uleb128 0x1
 545 00b2 01       		.byte	0x1
 546 00b3 49       		.uleb128 0x49
 547 00b4 13       		.uleb128 0x13
 548 00b5 01       		.uleb128 0x1
 549 00b6 13       		.uleb128 0x13
 550 00b7 00       		.byte	0x0
 551 00b8 00       		.byte	0x0
 552 00b9 0E       		.uleb128 0xe
 553 00ba 21       		.uleb128 0x21
 554 00bb 00       		.byte	0x0
 555 00bc 49       		.uleb128 0x49
 556 00bd 13       		.uleb128 0x13
 557 00be 2F       		.uleb128 0x2f
 558 00bf 0B       		.uleb128 0xb
 559 00c0 00       		.byte	0x0
 560 00c1 00       		.byte	0x0
 561 00c2 0F       		.uleb128 0xf
 562 00c3 34       		.uleb128 0x34
 563 00c4 00       		.byte	0x0
 564 00c5 03       		.uleb128 0x3
 565 00c6 0E       		.uleb128 0xe
 566 00c7 3A       		.uleb128 0x3a
 567 00c8 0B       		.uleb128 0xb
 568 00c9 3B       		.uleb128 0x3b
 569 00ca 0B       		.uleb128 0xb
 570 00cb 49       		.uleb128 0x49
 571 00cc 13       		.uleb128 0x13
 572 00cd 3F       		.uleb128 0x3f
ARM GAS  C:\Users\kees\AppData\Local\Temp\ccv6hHTt.s 			page 16


 573 00ce 0C       		.uleb128 0xc
 574 00cf 02       		.uleb128 0x2
 575 00d0 0A       		.uleb128 0xa
 576 00d1 00       		.byte	0x0
 577 00d2 00       		.byte	0x0
 578 00d3 10       		.uleb128 0x10
 579 00d4 26       		.uleb128 0x26
 580 00d5 00       		.byte	0x0
 581 00d6 49       		.uleb128 0x49
 582 00d7 13       		.uleb128 0x13
 583 00d8 00       		.byte	0x0
 584 00d9 00       		.byte	0x0
 585 00da 00       		.byte	0x0
 586              		.section	.debug_pubnames,"",%progbits
 587 0000 62000000 		.4byte	0x62
 588 0004 0200     		.2byte	0x2
 589 0006 00000000 		.4byte	.Ldebug_info0
 590 000a 51010000 		.4byte	0x151
 591 000e A5000000 		.4byte	0xa5
 592 0012 496E7444 		.ascii	"IntDefaultHandler\000"
 592      65666175 
 592      6C744861 
 592      6E646C65 
 592      7200
 593 0024 BA000000 		.4byte	0xba
 594 0028 52657365 		.ascii	"Reset\000"
 594      7400
 595 002e CD000000 		.4byte	0xcd
 596 0032 696E6974 		.ascii	"initialize_psoc\000"
 596      69616C69 
 596      7A655F70 
 596      736F6300 
 597 0042 17010000 		.4byte	0x117
 598 0046 43795261 		.ascii	"CyRamVectors\000"
 598      6D566563 
 598      746F7273 
 598      00
 599 0053 39010000 		.4byte	0x139
 600 0057 526F6D56 		.ascii	"RomVectors\000"
 600      6563746F 
 600      727300
 601 0062 00000000 		.4byte	0x0
 602              		.section	.debug_aranges,"",%progbits
 603 0000 2C000000 		.4byte	0x2c
 604 0004 0200     		.2byte	0x2
 605 0006 00000000 		.4byte	.Ldebug_info0
 606 000a 04       		.byte	0x4
 607 000b 00       		.byte	0x0
 608 000c 0000     		.2byte	0x0
 609 000e 0000     		.2byte	0x0
 610 0010 00000000 		.4byte	.LFB0
 611 0014 04000000 		.4byte	.LFE0-.LFB0
 612 0018 00000000 		.4byte	.LFB1
 613 001c 10000000 		.4byte	.LFE1-.LFB1
 614 0020 00000000 		.4byte	.LFB2
 615 0024 44000000 		.4byte	.LFE2-.LFB2
 616 0028 00000000 		.4byte	0x0
ARM GAS  C:\Users\kees\AppData\Local\Temp\ccv6hHTt.s 			page 17


 617 002c 00000000 		.4byte	0x0
 618              		.section	.debug_ranges,"",%progbits
 619              	.Ldebug_ranges0:
 620 0000 00000000 		.4byte	.Ltext0
 621 0004 00000000 		.4byte	.Letext0
 622 0008 00000000 		.4byte	.LFB0
 623 000c 04000000 		.4byte	.LFE0
 624 0010 00000000 		.4byte	.LFB1
 625 0014 10000000 		.4byte	.LFE1
 626 0018 00000000 		.4byte	.LFB2
 627 001c 44000000 		.4byte	.LFE2
 628 0020 00000000 		.4byte	0x0
 629 0024 00000000 		.4byte	0x0
 630              		.section	.debug_str,"MS",%progbits,1
 631              	.LASF6:
 632 0000 6C6F6E67 		.ascii	"long long int\000"
 632      206C6F6E 
 632      6720696E 
 632      7400
 633              	.LASF12:
 634 000e 75696E74 		.ascii	"uint32\000"
 634      333200
 635              	.LASF8:
 636 0015 756E7369 		.ascii	"unsigned int\000"
 636      676E6564 
 636      20696E74 
 636      00
 637              	.LASF14:
 638 0022 496E7444 		.ascii	"IntDefaultHandler\000"
 638      65666175 
 638      6C744861 
 638      6E646C65 
 638      7200
 639              	.LASF23:
 640 0034 696E6974 		.ascii	"initialize_psoc\000"
 640      69616C69 
 640      7A655F70 
 640      736F6300 
 641              	.LASF5:
 642 0044 6C6F6E67 		.ascii	"long unsigned int\000"
 642      20756E73 
 642      69676E65 
 642      6420696E 
 642      7400
 643              	.LASF7:
 644 0056 6C6F6E67 		.ascii	"long long unsigned int\000"
 644      206C6F6E 
 644      6720756E 
 644      7369676E 
 644      65642069 
 645              	.LASF20:
 646 006d 474E5520 		.ascii	"GNU C 4.4.1\000"
 646      4320342E 
 646      342E3100 
 647              	.LASF22:
 648 0079 433A5C55 		.ascii	"C:\\Users\\kees\\Documents\\test_projects\\My fun s"
 648      73657273 
ARM GAS  C:\Users\kees\AppData\Local\Temp\ccv6hHTt.s 			page 18


 648      5C6B6565 
 648      735C446F 
 648      63756D65 
 649 00a7 74756666 		.ascii	"tuff\\3d_cube\\3d_cube.Bundle01\\Design137.cydsn\000"
 649      5C33645F 
 649      63756265 
 649      5C33645F 
 649      63756265 
 650              	.LASF1:
 651 00d5 756E7369 		.ascii	"unsigned char\000"
 651      676E6564 
 651      20636861 
 651      7200
 652              	.LASF11:
 653 00e3 63686172 		.ascii	"char\000"
 653      00
 654              	.LASF4:
 655 00e8 6C6F6E67 		.ascii	"long int\000"
 655      20696E74 
 655      00
 656              	.LASF13:
 657 00f1 63796973 		.ascii	"cyisraddress\000"
 657      72616464 
 657      72657373 
 657      00
 658              	.LASF2:
 659 00fe 73686F72 		.ascii	"short int\000"
 659      7420696E 
 659      7400
 660              	.LASF19:
 661 0108 526F6D56 		.ascii	"RomVectors\000"
 661      6563746F 
 661      727300
 662              	.LASF10:
 663 0113 646F7562 		.ascii	"double\000"
 663      6C6500
 664              	.LASF3:
 665 011a 73686F72 		.ascii	"short unsigned int\000"
 665      7420756E 
 665      7369676E 
 665      65642069 
 665      6E7400
 666              	.LASF0:
 667 012d 7369676E 		.ascii	"signed char\000"
 667      65642063 
 667      68617200 
 668              	.LASF16:
 669 0139 696E6465 		.ascii	"indexInit\000"
 669      78496E69 
 669      7400
 670              	.LASF21:
 671 0143 2E5C4765 		.ascii	".\\Generated_Source\\PSoC4\\Cm0Start.c\000"
 671      6E657261 
 671      7465645F 
 671      536F7572 
 671      63655C50 
 672              	.LASF9:
ARM GAS  C:\Users\kees\AppData\Local\Temp\ccv6hHTt.s 			page 19


 673 0167 666C6F61 		.ascii	"float\000"
 673      7400
 674              	.LASF18:
 675 016d 43795261 		.ascii	"CyRamVectors\000"
 675      6D566563 
 675      746F7273 
 675      00
 676              	.LASF15:
 677 017a 52657365 		.ascii	"Reset\000"
 677      7400
 678              	.LASF17:
 679 0180 63795379 		.ascii	"cySysNoInitDataValid\000"
 679      734E6F49 
 679      6E697444 
 679      61746156 
 679      616C6964 
 680              		.ident	"GCC: (Sourcery G++ Lite 2010q1-188) 4.4.1"
