--------------- Rebuild Started: 04/30/2013 10:20:00 Project: Design137, Configuration: ARM GCC 4.4.1 Debug ---------------
Deleting file ".\ARM_GCC_441\Debug\main.o"
Deleting file ".\ARM_GCC_441\Debug\Menu.o"
Deleting file ".\ARM_GCC_441\Debug\Transforms.o"
Deleting file ".\ARM_GCC_441\Debug\Cube.o"
Deleting file ".\ARM_GCC_441\Debug\Cm0Start.o"
Deleting file ".\ARM_GCC_441\Debug\core_cm0.o"
Deleting file ".\ARM_GCC_441\Debug\CyBootAsmGnu.o"
Deleting file ".\ARM_GCC_441\Debug\CyFlash.o"
Deleting file ".\ARM_GCC_441\Debug\CyLib.o"
Deleting file ".\ARM_GCC_441\Debug\cyPm.o"
Deleting file ".\ARM_GCC_441\Debug\cyutils.o"
Deleting file ".\ARM_GCC_441\Debug\LCD.o"
Deleting file ".\ARM_GCC_441\Debug\LCD_Font.o"
Deleting file ".\ARM_GCC_441\Debug\LCD_Reset.o"
Deleting file ".\ARM_GCC_441\Debug\LCD_SCLK.o"
Deleting file ".\ARM_GCC_441\Debug\LCD_MOSI.o"
Deleting file ".\ARM_GCC_441\Debug\LCD_SS.o"
Deleting file ".\ARM_GCC_441\Debug\D3.o"
Deleting file ".\ARM_GCC_441\Debug\D4.o"
Deleting file ".\ARM_GCC_441\Debug\D5.o"
Deleting file ".\ARM_GCC_441\Debug\P0_7_SWITCH.o"
Deleting file ".\ARM_GCC_441\Debug\LCD_SPIM_UDB.o"
Deleting file ".\ARM_GCC_441\Debug\LCD_SPIM_UDB_PM.o"
Deleting file ".\ARM_GCC_441\Debug\LCD_SPIM_UDB_INT.o"
Deleting file ".\ARM_GCC_441\Debug\LCD_SPIM_UDB_IntClock.o"
Deleting file ".\ARM_GCC_441\Debug\cyfitter_cfg.o"
Deleting file ".\ARM_GCC_441\Debug\Design137.hex"
Deleting file ".\ARM_GCC_441\Debug\Design137.elf"
Deleting file ".\ARM_GCC_441\Debug\Design137.map"
Deleting file ".\Design137.cycdx"
Deleting file ".\Design137.rpt"
Deleting file ".\Design137_timing.html"
Deleting file ".\ARM_GCC_441\Debug\.deps\ARM_C_FILE.P"
cydsfit.exe "-.appdatapath" "C:\Users\kees\AppData\Local\Cypress Semiconductor\PSoC Creator\2.2" "-.fdsnotice" "-.fdswarpdepfile=warp_dependencies.txt" "-.fdselabdepfile=elab_dependencies.txt" "-.fdsbldfile=generated_files.txt" "-p" "C:\Users\kees\Documents\test_projects\My fun stuff\3d_cube\3d_cube.Bundle01\Design137.cydsn\Design137.cyprj" "-d" "CY8C4245AXI-483" "-s" "C:\Users\kees\Documents\test_projects\My fun stuff\3d_cube\3d_cube.Bundle01\Design137.cydsn\Generated_Source\PSoC4" "--" "-yv2" "-v3" "-ygs" "-q10" "-o2" "-.fftcfgtype=LE"
Elaborating Design...
HDL Generation ...
Synthesis ...
Place and Route ...
Tech mapping ...
Info: mpr.M0053: Information from the design wide resources Pin Editor has overridden the control file entry for "P0_7_SWITCH(0)". (App=cydsfit)
Info: mpr.M0037: Unused pieces of the design have been optimized out. See the Tech mapping section of the report file for details. (App=cydsfit)
Analog Placement ...
Analog Routing ...
Analog Code Generation ...
Digital Placement ...
Digital Routing ...
Bitstream Generation ...
Static timing analysis ...
API Generation ...
Dependency Generation ...
Clean Temporary Files ...
arm-none-eabi-gcc.exe -I. -Wno-main -I./Generated_Source/PSoC4 -mcpu=cortex-m0 -mthumb -Wall -g -D DEBUG -Wa,-alh=.\ARM_GCC_441\Debug\main.lst -Os -ffunction-sections -c .\main.c -o .\ARM_GCC_441\Debug\main.o
arm-none-eabi-gcc.exe -I. -Wno-main -I./Generated_Source/PSoC4 -mcpu=cortex-m0 -mthumb -Wall -g -D DEBUG -Wa,-alh=.\ARM_GCC_441\Debug\Menu.lst -Os -ffunction-sections -c .\Menu.c -o .\ARM_GCC_441\Debug\Menu.o
arm-none-eabi-gcc.exe -I. -Wno-main -I./Generated_Source/PSoC4 -mcpu=cortex-m0 -mthumb -Wall -g -D DEBUG -Wa,-alh=.\ARM_GCC_441\Debug\Transforms.lst -Os -ffunction-sections -c .\Transforms.c -o .\ARM_GCC_441\Debug\Transforms.o
arm-none-eabi-gcc.exe -I. -Wno-main -I./Generated_Source/PSoC4 -mcpu=cortex-m0 -mthumb -Wall -g -D DEBUG -Wa,-alh=.\ARM_GCC_441\Debug\Cube.lst -Os -ffunction-sections -c .\Cube.c -o .\ARM_GCC_441\Debug\Cube.o
arm-none-eabi-gcc.exe -I. -Wno-main -I./Generated_Source/PSoC4 -mcpu=cortex-m0 -mthumb -Wall -g -D DEBUG -Wa,-alh=.\ARM_GCC_441\Debug\Cm0Start.lst -Os -ffunction-sections -c .\Generated_Source\PSoC4\Cm0Start.c -o .\ARM_GCC_441\Debug\Cm0Start.o
arm-none-eabi-gcc.exe -I. -Wno-main -I./Generated_Source/PSoC4 -mcpu=cortex-m0 -mthumb -Wall -g -D DEBUG -Wa,-alh=.\ARM_GCC_441\Debug\core_cm0.lst -Os -ffunction-sections -c .\Generated_Source\PSoC4\core_cm0.c -o .\ARM_GCC_441\Debug\core_cm0.o
arm-none-eabi-as.exe -I. -I./Generated_Source/PSoC4 -mcpu=cortex-m0 -mthumb -g -alh=.\ARM_GCC_441\Debug/CyBootAsmGnu.lst -o .\ARM_GCC_441\Debug\CyBootAsmGnu.o .\Generated_Source\PSoC4\CyBootAsmGnu.s
arm-none-eabi-gcc.exe -I. -Wno-main -I./Generated_Source/PSoC4 -mcpu=cortex-m0 -mthumb -Wall -g -D DEBUG -Wa,-alh=.\ARM_GCC_441\Debug\CyFlash.lst -Os -ffunction-sections -c .\Generated_Source\PSoC4\CyFlash.c -o .\ARM_GCC_441\Debug\CyFlash.o
arm-none-eabi-gcc.exe -I. -Wno-main -I./Generated_Source/PSoC4 -mcpu=cortex-m0 -mthumb -Wall -g -D DEBUG -Wa,-alh=.\ARM_GCC_441\Debug\CyLib.lst -Os -ffunction-sections -c .\Generated_Source\PSoC4\CyLib.c -o .\ARM_GCC_441\Debug\CyLib.o
arm-none-eabi-gcc.exe -I. -Wno-main -I./Generated_Source/PSoC4 -mcpu=cortex-m0 -mthumb -Wall -g -D DEBUG -Wa,-alh=.\ARM_GCC_441\Debug\cyPm.lst -Os -ffunction-sections -c .\Generated_Source\PSoC4\cyPm.c -o .\ARM_GCC_441\Debug\cyPm.o
arm-none-eabi-gcc.exe -I. -Wno-main -I./Generated_Source/PSoC4 -mcpu=cortex-m0 -mthumb -Wall -g -D DEBUG -Wa,-alh=.\ARM_GCC_441\Debug\cyutils.lst -Os -ffunction-sections -c .\Generated_Source\PSoC4\cyutils.c -o .\ARM_GCC_441\Debug\cyutils.o
arm-none-eabi-gcc.exe -I. -Wno-main -I./Generated_Source/PSoC4 -mcpu=cortex-m0 -mthumb -Wall -g -D DEBUG -Wa,-alh=.\ARM_GCC_441\Debug\LCD.lst -Os -ffunction-sections -c .\Generated_Source\PSoC4\LCD.c -o .\ARM_GCC_441\Debug\LCD.o
arm-none-eabi-gcc.exe -I. -Wno-main -I./Generated_Source/PSoC4 -mcpu=cortex-m0 -mthumb -Wall -g -D DEBUG -Wa,-alh=.\ARM_GCC_441\Debug\LCD_Font.lst -Os -ffunction-sections -c .\Generated_Source\PSoC4\LCD_Font.c -o .\ARM_GCC_441\Debug\LCD_Font.o
arm-none-eabi-gcc.exe -I. -Wno-main -I./Generated_Source/PSoC4 -mcpu=cortex-m0 -mthumb -Wall -g -D DEBUG -Wa,-alh=.\ARM_GCC_441\Debug\LCD_Reset.lst -Os -ffunction-sections -c .\Generated_Source\PSoC4\LCD_Reset.c -o .\ARM_GCC_441\Debug\LCD_Reset.o
arm-none-eabi-gcc.exe -I. -Wno-main -I./Generated_Source/PSoC4 -mcpu=cortex-m0 -mthumb -Wall -g -D DEBUG -Wa,-alh=.\ARM_GCC_441\Debug\LCD_SCLK.lst -Os -ffunction-sections -c .\Generated_Source\PSoC4\LCD_SCLK.c -o .\ARM_GCC_441\Debug\LCD_SCLK.o
arm-none-eabi-gcc.exe -I. -Wno-main -I./Generated_Source/PSoC4 -mcpu=cortex-m0 -mthumb -Wall -g -D DEBUG -Wa,-alh=.\ARM_GCC_441\Debug\LCD_MOSI.lst -Os -ffunction-sections -c .\Generated_Source\PSoC4\LCD_MOSI.c -o .\ARM_GCC_441\Debug\LCD_MOSI.o
arm-none-eabi-gcc.exe -I. -Wno-main -I./Generated_Source/PSoC4 -mcpu=cortex-m0 -mthumb -Wall -g -D DEBUG -Wa,-alh=.\ARM_GCC_441\Debug\LCD_SS.lst -Os -ffunction-sections -c .\Generated_Source\PSoC4\LCD_SS.c -o .\ARM_GCC_441\Debug\LCD_SS.o
arm-none-eabi-gcc.exe -I. -Wno-main -I./Generated_Source/PSoC4 -mcpu=cortex-m0 -mthumb -Wall -g -D DEBUG -Wa,-alh=.\ARM_GCC_441\Debug\D3.lst -Os -ffunction-sections -c .\Generated_Source\PSoC4\D3.c -o .\ARM_GCC_441\Debug\D3.o
arm-none-eabi-gcc.exe -I. -Wno-main -I./Generated_Source/PSoC4 -mcpu=cortex-m0 -mthumb -Wall -g -D DEBUG -Wa,-alh=.\ARM_GCC_441\Debug\D4.lst -Os -ffunction-sections -c .\Generated_Source\PSoC4\D4.c -o .\ARM_GCC_441\Debug\D4.o
arm-none-eabi-gcc.exe -I. -Wno-main -I./Generated_Source/PSoC4 -mcpu=cortex-m0 -mthumb -Wall -g -D DEBUG -Wa,-alh=.\ARM_GCC_441\Debug\D5.lst -Os -ffunction-sections -c .\Generated_Source\PSoC4\D5.c -o .\ARM_GCC_441\Debug\D5.o
arm-none-eabi-gcc.exe -I. -Wno-main -I./Generated_Source/PSoC4 -mcpu=cortex-m0 -mthumb -Wall -g -D DEBUG -Wa,-alh=.\ARM_GCC_441\Debug\P0_7_SWITCH.lst -Os -ffunction-sections -c .\Generated_Source\PSoC4\P0_7_SWITCH.c -o .\ARM_GCC_441\Debug\P0_7_SWITCH.o
arm-none-eabi-gcc.exe -I. -Wno-main -I./Generated_Source/PSoC4 -mcpu=cortex-m0 -mthumb -Wall -g -D DEBUG -Wa,-alh=.\ARM_GCC_441\Debug\LCD_SPIM_UDB.lst -Os -ffunction-sections -c .\Generated_Source\PSoC4\LCD_SPIM_UDB.c -o .\ARM_GCC_441\Debug\LCD_SPIM_UDB.o
arm-none-eabi-gcc.exe -I. -Wno-main -I./Generated_Source/PSoC4 -mcpu=cortex-m0 -mthumb -Wall -g -D DEBUG -Wa,-alh=.\ARM_GCC_441\Debug\LCD_SPIM_UDB_PM.lst -Os -ffunction-sections -c .\Generated_Source\PSoC4\LCD_SPIM_UDB_PM.c -o .\ARM_GCC_441\Debug\LCD_SPIM_UDB_PM.o
arm-none-eabi-gcc.exe -I. -Wno-main -I./Generated_Source/PSoC4 -mcpu=cortex-m0 -mthumb -Wall -g -D DEBUG -Wa,-alh=.\ARM_GCC_441\Debug\LCD_SPIM_UDB_INT.lst -Os -ffunction-sections -c .\Generated_Source\PSoC4\LCD_SPIM_UDB_INT.c -o .\ARM_GCC_441\Debug\LCD_SPIM_UDB_INT.o
arm-none-eabi-gcc.exe -I. -Wno-main -I./Generated_Source/PSoC4 -mcpu=cortex-m0 -mthumb -Wall -g -D DEBUG -Wa,-alh=.\ARM_GCC_441\Debug\LCD_SPIM_UDB_IntClock.lst -Os -ffunction-sections -c .\Generated_Source\PSoC4\LCD_SPIM_UDB_IntClock.c -o .\ARM_GCC_441\Debug\LCD_SPIM_UDB_IntClock.o
arm-none-eabi-gcc.exe -I. -Wno-main -I./Generated_Source/PSoC4 -mcpu=cortex-m0 -mthumb -Wall -g -D DEBUG -Wa,-alh=.\ARM_GCC_441\Debug\cyfitter_cfg.lst -Os -ffunction-sections -c .\Generated_Source\PSoC4\cyfitter_cfg.c -o .\ARM_GCC_441\Debug\cyfitter_cfg.o
arm-none-eabi-ar.exe -rs .\ARM_GCC_441\Debug\Design137.a .\ARM_GCC_441\Debug\core_cm0.o .\ARM_GCC_441\Debug\CyBootAsmGnu.o .\ARM_GCC_441\Debug\CyFlash.o .\ARM_GCC_441\Debug\CyLib.o .\ARM_GCC_441\Debug\cyPm.o .\ARM_GCC_441\Debug\cyutils.o .\ARM_GCC_441\Debug\LCD.o .\ARM_GCC_441\Debug\LCD_Font.o .\ARM_GCC_441\Debug\LCD_Reset.o .\ARM_GCC_441\Debug\LCD_SCLK.o .\ARM_GCC_441\Debug\LCD_MOSI.o .\ARM_GCC_441\Debug\LCD_SS.o .\ARM_GCC_441\Debug\D3.o .\ARM_GCC_441\Debug\D4.o .\ARM_GCC_441\Debug\D5.o .\ARM_GCC_441\Debug\P0_7_SWITCH.o .\ARM_GCC_441\Debug\LCD_SPIM_UDB.o .\ARM_GCC_441\Debug\LCD_SPIM_UDB_PM.o .\ARM_GCC_441\Debug\LCD_SPIM_UDB_INT.o .\ARM_GCC_441\Debug\LCD_SPIM_UDB_IntClock.o .\ARM_GCC_441\Debug\cyfitter_cfg.o
arm-none-eabi-ar.exe: creating .\ARM_GCC_441\Debug\Design137.a
arm-none-eabi-gcc.exe -mthumb -march=armv6-m -T .\Generated_Source\PSoC4\cm0gcc.ld -g -Wl,-Map,.\ARM_GCC_441\Debug\Design137.map -Wl,--gc-sections -Wl,--start-group -o .\ARM_GCC_441\Debug\Design137.elf .\ARM_GCC_441\Debug\main.o .\ARM_GCC_441\Debug\Menu.o .\ARM_GCC_441\Debug\Transforms.o .\ARM_GCC_441\Debug\Cube.o .\ARM_GCC_441\Debug\Cm0Start.o .\ARM_GCC_441\Debug\Design137.a "C:\Program Files (x86)\Cypress\PSoC Creator\2.2\PSoC Creator\psoc\content\cycomponentlibrary\CyComponentLibrary.cylib\CortexM0\ARM_GCC_441\Debug\CyComponentLibrary.a" -l m -Wl,--end-group
arm-none-eabi-objcopy.exe -O ihex .\ARM_GCC_441\Debug\Design137.elf .\ARM_GCC_441\Debug\Design137.ihx
cyhextool -o .\ARM_GCC_441\Debug\Design137.hex -f .\ARM_GCC_441\Debug\Design137.ihx -prot .\Generated_Source\PSoC4\protect.hex -id 4C81193 -a EEPROM=90200000:0,PROGRAM=00000000:8000,CONFIG=80000000:1000,PROTECT=90400000:40 -meta 1101 -chipProt 01
Flash used: 29792 of 32768 bytes (90.9 %).
SRAM used: 1716 of 4096 bytes (41.9 %).
--------------- Rebuild Succeeded: 04/30/2013 10:21:06 ---------------
