ARM GAS  C:\Users\kees\AppData\Local\Temp\cckQfUCR.s 			page 1


   1              		.cpu cortex-m0
   2              		.fpu softvfp
   3              		.eabi_attribute 20, 1
   4              		.eabi_attribute 21, 1
   5              		.eabi_attribute 23, 3
   6              		.eabi_attribute 24, 1
   7              		.eabi_attribute 25, 1
   8              		.eabi_attribute 26, 1
   9              		.eabi_attribute 30, 4
  10              		.eabi_attribute 18, 4
  11              		.code	16
  12              		.file	"LCD_SCLK.c"
  13              		.section	.debug_abbrev,"",%progbits
  14              	.Ldebug_abbrev0:
  15              		.section	.debug_info,"",%progbits
  16              	.Ldebug_info0:
  17              		.section	.debug_line,"",%progbits
  18              	.Ldebug_line0:
  19 0000 CA000000 		.text
  19      02006100 
  19      00000201 
  19      FB0E0D00 
  19      01010101 
  20              	.Ltext0:
  21              		.cfi_sections	.debug_frame
  22              		.section	.text.LCD_SCLK_Write,"ax",%progbits
  23              		.align	1
  24              		.global	LCD_SCLK_Write
  25              		.code	16
  26              		.thumb_func
  27              		.type	LCD_SCLK_Write, %function
  28              	LCD_SCLK_Write:
  29              	.LFB0:
  30              		.file 1 ".\\Generated_Source\\PSoC4\\LCD_SCLK.c"
   1:.\Generated_Source\PSoC4/LCD_SCLK.c **** /*******************************************************************************
   2:.\Generated_Source\PSoC4/LCD_SCLK.c **** * File Name: LCD_SCLK.c  
   3:.\Generated_Source\PSoC4/LCD_SCLK.c **** * Version 1.90
   4:.\Generated_Source\PSoC4/LCD_SCLK.c **** *
   5:.\Generated_Source\PSoC4/LCD_SCLK.c **** * Description:
   6:.\Generated_Source\PSoC4/LCD_SCLK.c **** *  This file contains API to enable firmware control of a Pins component.
   7:.\Generated_Source\PSoC4/LCD_SCLK.c **** *
   8:.\Generated_Source\PSoC4/LCD_SCLK.c **** * Note:
   9:.\Generated_Source\PSoC4/LCD_SCLK.c **** *
  10:.\Generated_Source\PSoC4/LCD_SCLK.c **** ********************************************************************************
  11:.\Generated_Source\PSoC4/LCD_SCLK.c **** * Copyright 2008-2012, Cypress Semiconductor Corporation.  All rights reserved.
  12:.\Generated_Source\PSoC4/LCD_SCLK.c **** * You may use this file only in accordance with the license, terms, conditions, 
  13:.\Generated_Source\PSoC4/LCD_SCLK.c **** * disclaimers, and limitations in the end user license agreement accompanying 
  14:.\Generated_Source\PSoC4/LCD_SCLK.c **** * the software package with which this file was provided.
  15:.\Generated_Source\PSoC4/LCD_SCLK.c **** *******************************************************************************/
  16:.\Generated_Source\PSoC4/LCD_SCLK.c **** 
  17:.\Generated_Source\PSoC4/LCD_SCLK.c **** #include "cytypes.h"
  18:.\Generated_Source\PSoC4/LCD_SCLK.c **** #include "LCD_SCLK.h"
  19:.\Generated_Source\PSoC4/LCD_SCLK.c **** 
  20:.\Generated_Source\PSoC4/LCD_SCLK.c **** #define SetP4PinDriveMode(shift, mode)  \
  21:.\Generated_Source\PSoC4/LCD_SCLK.c ****     do { \
  22:.\Generated_Source\PSoC4/LCD_SCLK.c ****         LCD_SCLK_PC =   (LCD_SCLK_PC & \
  23:.\Generated_Source\PSoC4/LCD_SCLK.c ****                                 (uint32)(~(uint32)(LCD_SCLK_DRIVE_MODE_IND_MASK << (LCD_SCLK_DRIVE_
ARM GAS  C:\Users\kees\AppData\Local\Temp\cckQfUCR.s 			page 2


  24:.\Generated_Source\PSoC4/LCD_SCLK.c ****                                 (uint32)((uint32)(mode) << (LCD_SCLK_DRIVE_MODE_BITS * (shift))); \
  25:.\Generated_Source\PSoC4/LCD_SCLK.c ****     } while (0)
  26:.\Generated_Source\PSoC4/LCD_SCLK.c **** 
  27:.\Generated_Source\PSoC4/LCD_SCLK.c **** 
  28:.\Generated_Source\PSoC4/LCD_SCLK.c **** /*******************************************************************************
  29:.\Generated_Source\PSoC4/LCD_SCLK.c **** * Function Name: LCD_SCLK_Write
  30:.\Generated_Source\PSoC4/LCD_SCLK.c **** ********************************************************************************
  31:.\Generated_Source\PSoC4/LCD_SCLK.c **** *
  32:.\Generated_Source\PSoC4/LCD_SCLK.c **** * Summary:
  33:.\Generated_Source\PSoC4/LCD_SCLK.c **** *  Assign a new value to the digital port's data output register.  
  34:.\Generated_Source\PSoC4/LCD_SCLK.c **** *
  35:.\Generated_Source\PSoC4/LCD_SCLK.c **** * Parameters:  
  36:.\Generated_Source\PSoC4/LCD_SCLK.c **** *  prtValue:  The value to be assigned to the Digital Port. 
  37:.\Generated_Source\PSoC4/LCD_SCLK.c **** *
  38:.\Generated_Source\PSoC4/LCD_SCLK.c **** * Return: 
  39:.\Generated_Source\PSoC4/LCD_SCLK.c **** *  None 
  40:.\Generated_Source\PSoC4/LCD_SCLK.c **** *  
  41:.\Generated_Source\PSoC4/LCD_SCLK.c **** *******************************************************************************/
  42:.\Generated_Source\PSoC4/LCD_SCLK.c **** void LCD_SCLK_Write(uint8 value) 
  43:.\Generated_Source\PSoC4/LCD_SCLK.c **** {
  31              		.loc 1 43 0
  32              		.cfi_startproc
  33              	.LVL0:
  44:.\Generated_Source\PSoC4/LCD_SCLK.c ****     uint8 drVal = (uint8)(LCD_SCLK_DR & (uint8)(~LCD_SCLK_MASK));
  34              		.loc 1 44 0
  35 0000 044B     		ldr	r3, .L3
  36 0002 BF22     		mov	r2, #191
  37 0004 1968     		ldr	r1, [r3]
  45:.\Generated_Source\PSoC4/LCD_SCLK.c ****     drVal = (drVal | ((uint8)(value << LCD_SCLK_SHIFT) & LCD_SCLK_MASK));
  46:.\Generated_Source\PSoC4/LCD_SCLK.c ****     LCD_SCLK_DR = (uint32)drVal;
  38              		.loc 1 46 0
  39 0006 8001     		lsl	r0, r0, #6
  40              	.LVL1:
  41              		.loc 1 44 0
  42 0008 0A40     		and	r2, r2, r1
  43              	.LVL2:
  44              		.loc 1 46 0
  45 000a 4021     		mov	r1, #64
  46 000c 0840     		and	r0, r0, r1
  47 000e 1043     		orr	r0, r0, r2
  48 0010 1860     		str	r0, [r3]
  47:.\Generated_Source\PSoC4/LCD_SCLK.c **** }
  49              		.loc 1 47 0
  50              		@ sp needed for prologue
  51 0012 7047     		bx	lr
  52              	.L4:
  53              		.align	2
  54              	.L3:
  55 0014 00000440 		.word	1074003968
  56              		.cfi_endproc
  57              	.LFE0:
  58              		.size	LCD_SCLK_Write, .-LCD_SCLK_Write
  59              		.section	.text.LCD_SCLK_SetDriveMode,"ax",%progbits
  60              		.align	1
  61              		.global	LCD_SCLK_SetDriveMode
  62              		.code	16
  63              		.thumb_func
ARM GAS  C:\Users\kees\AppData\Local\Temp\cckQfUCR.s 			page 3


  64              		.type	LCD_SCLK_SetDriveMode, %function
  65              	LCD_SCLK_SetDriveMode:
  66              	.LFB1:
  48:.\Generated_Source\PSoC4/LCD_SCLK.c **** 
  49:.\Generated_Source\PSoC4/LCD_SCLK.c **** 
  50:.\Generated_Source\PSoC4/LCD_SCLK.c **** /*******************************************************************************
  51:.\Generated_Source\PSoC4/LCD_SCLK.c **** * Function Name: LCD_SCLK_SetDriveMode
  52:.\Generated_Source\PSoC4/LCD_SCLK.c **** ********************************************************************************
  53:.\Generated_Source\PSoC4/LCD_SCLK.c **** *
  54:.\Generated_Source\PSoC4/LCD_SCLK.c **** * Summary:
  55:.\Generated_Source\PSoC4/LCD_SCLK.c **** *  Change the drive mode on the pins of the port.
  56:.\Generated_Source\PSoC4/LCD_SCLK.c **** * 
  57:.\Generated_Source\PSoC4/LCD_SCLK.c **** * Parameters:  
  58:.\Generated_Source\PSoC4/LCD_SCLK.c **** *  mode:  Change the pins to this drive mode.
  59:.\Generated_Source\PSoC4/LCD_SCLK.c **** *
  60:.\Generated_Source\PSoC4/LCD_SCLK.c **** * Return: 
  61:.\Generated_Source\PSoC4/LCD_SCLK.c **** *  None
  62:.\Generated_Source\PSoC4/LCD_SCLK.c **** *
  63:.\Generated_Source\PSoC4/LCD_SCLK.c **** *******************************************************************************/
  64:.\Generated_Source\PSoC4/LCD_SCLK.c **** void LCD_SCLK_SetDriveMode(uint8 mode) 
  65:.\Generated_Source\PSoC4/LCD_SCLK.c **** {
  67              		.loc 1 65 0
  68              		.cfi_startproc
  69 0000 10B5     		push	{r4, lr}
  70              	.LCFI0:
  71              		.cfi_def_cfa_offset 8
  72              		.cfi_offset 4, -8
  73              		.cfi_offset 14, -4
  74              	.LVL3:
  66:.\Generated_Source\PSoC4/LCD_SCLK.c **** 	SetP4PinDriveMode(LCD_SCLK__0__SHIFT, mode);
  75              		.loc 1 66 0
  76 0002 044B     		ldr	r3, .L7
  77 0004 0449     		ldr	r1, .L7+4
  78 0006 1C68     		ldr	r4, [r3]
  79 0008 8204     		lsl	r2, r0, #18
  80 000a 201C     		mov	r0, r4
  81              	.LVL4:
  82 000c 0840     		and	r0, r0, r1
  83 000e 1043     		orr	r0, r0, r2
  84 0010 1860     		str	r0, [r3]
  67:.\Generated_Source\PSoC4/LCD_SCLK.c **** }
  85              		.loc 1 67 0
  86              		@ sp needed for prologue
  87 0012 10BD     		pop	{r4, pc}
  88              	.L8:
  89              		.align	2
  90              	.L7:
  91 0014 08000440 		.word	1074003976
  92 0018 FFFFE3FF 		.word	-1835009
  93              		.cfi_endproc
  94              	.LFE1:
  95              		.size	LCD_SCLK_SetDriveMode, .-LCD_SCLK_SetDriveMode
  96              		.section	.text.LCD_SCLK_Read,"ax",%progbits
  97              		.align	1
  98              		.global	LCD_SCLK_Read
  99              		.code	16
 100              		.thumb_func
ARM GAS  C:\Users\kees\AppData\Local\Temp\cckQfUCR.s 			page 4


 101              		.type	LCD_SCLK_Read, %function
 102              	LCD_SCLK_Read:
 103              	.LFB2:
  68:.\Generated_Source\PSoC4/LCD_SCLK.c **** 
  69:.\Generated_Source\PSoC4/LCD_SCLK.c **** 
  70:.\Generated_Source\PSoC4/LCD_SCLK.c **** /*******************************************************************************
  71:.\Generated_Source\PSoC4/LCD_SCLK.c **** * Function Name: LCD_SCLK_Read
  72:.\Generated_Source\PSoC4/LCD_SCLK.c **** ********************************************************************************
  73:.\Generated_Source\PSoC4/LCD_SCLK.c **** *
  74:.\Generated_Source\PSoC4/LCD_SCLK.c **** * Summary:
  75:.\Generated_Source\PSoC4/LCD_SCLK.c **** *  Read the current value on the pins of the Digital Port in right justified 
  76:.\Generated_Source\PSoC4/LCD_SCLK.c **** *  form.
  77:.\Generated_Source\PSoC4/LCD_SCLK.c **** *
  78:.\Generated_Source\PSoC4/LCD_SCLK.c **** * Parameters:  
  79:.\Generated_Source\PSoC4/LCD_SCLK.c **** *  None 
  80:.\Generated_Source\PSoC4/LCD_SCLK.c **** *
  81:.\Generated_Source\PSoC4/LCD_SCLK.c **** * Return: 
  82:.\Generated_Source\PSoC4/LCD_SCLK.c **** *  Returns the current value of the Digital Port as a right justified number
  83:.\Generated_Source\PSoC4/LCD_SCLK.c **** *  
  84:.\Generated_Source\PSoC4/LCD_SCLK.c **** * Note:
  85:.\Generated_Source\PSoC4/LCD_SCLK.c **** *  Macro LCD_SCLK_ReadPS calls this function. 
  86:.\Generated_Source\PSoC4/LCD_SCLK.c **** *  
  87:.\Generated_Source\PSoC4/LCD_SCLK.c **** *******************************************************************************/
  88:.\Generated_Source\PSoC4/LCD_SCLK.c **** uint8 LCD_SCLK_Read(void) 
  89:.\Generated_Source\PSoC4/LCD_SCLK.c **** {
 104              		.loc 1 89 0
 105              		.cfi_startproc
  90:.\Generated_Source\PSoC4/LCD_SCLK.c ****     return (uint8)((LCD_SCLK_PS & LCD_SCLK_MASK) >> LCD_SCLK_SHIFT);
 106              		.loc 1 90 0
 107 0000 024B     		ldr	r3, .L11
  91:.\Generated_Source\PSoC4/LCD_SCLK.c **** }
 108              		.loc 1 91 0
 109              		@ sp needed for prologue
 110              		.loc 1 90 0
 111 0002 1868     		ldr	r0, [r3]
 112 0004 4006     		lsl	r0, r0, #25
 113 0006 C00F     		lsr	r0, r0, #31
 114              		.loc 1 91 0
 115 0008 7047     		bx	lr
 116              	.L12:
 117 000a C046     		.align	2
 118              	.L11:
 119 000c 04000440 		.word	1074003972
 120              		.cfi_endproc
 121              	.LFE2:
 122              		.size	LCD_SCLK_Read, .-LCD_SCLK_Read
 123              		.section	.text.LCD_SCLK_ReadDataReg,"ax",%progbits
 124              		.align	1
 125              		.global	LCD_SCLK_ReadDataReg
 126              		.code	16
 127              		.thumb_func
 128              		.type	LCD_SCLK_ReadDataReg, %function
 129              	LCD_SCLK_ReadDataReg:
 130              	.LFB3:
  92:.\Generated_Source\PSoC4/LCD_SCLK.c **** 
  93:.\Generated_Source\PSoC4/LCD_SCLK.c **** 
  94:.\Generated_Source\PSoC4/LCD_SCLK.c **** /*******************************************************************************
ARM GAS  C:\Users\kees\AppData\Local\Temp\cckQfUCR.s 			page 5


  95:.\Generated_Source\PSoC4/LCD_SCLK.c **** * Function Name: LCD_SCLK_ReadDataReg
  96:.\Generated_Source\PSoC4/LCD_SCLK.c **** ********************************************************************************
  97:.\Generated_Source\PSoC4/LCD_SCLK.c **** *
  98:.\Generated_Source\PSoC4/LCD_SCLK.c **** * Summary:
  99:.\Generated_Source\PSoC4/LCD_SCLK.c **** *  Read the current value assigned to a Digital Port's data output register
 100:.\Generated_Source\PSoC4/LCD_SCLK.c **** *
 101:.\Generated_Source\PSoC4/LCD_SCLK.c **** * Parameters:  
 102:.\Generated_Source\PSoC4/LCD_SCLK.c **** *  None 
 103:.\Generated_Source\PSoC4/LCD_SCLK.c **** *
 104:.\Generated_Source\PSoC4/LCD_SCLK.c **** * Return: 
 105:.\Generated_Source\PSoC4/LCD_SCLK.c **** *  Returns the current value assigned to the Digital Port's data output register
 106:.\Generated_Source\PSoC4/LCD_SCLK.c **** *  
 107:.\Generated_Source\PSoC4/LCD_SCLK.c **** *******************************************************************************/
 108:.\Generated_Source\PSoC4/LCD_SCLK.c **** uint8 LCD_SCLK_ReadDataReg(void) 
 109:.\Generated_Source\PSoC4/LCD_SCLK.c **** {
 131              		.loc 1 109 0
 132              		.cfi_startproc
 110:.\Generated_Source\PSoC4/LCD_SCLK.c ****     return (uint8)((LCD_SCLK_DR & LCD_SCLK_MASK) >> LCD_SCLK_SHIFT);
 133              		.loc 1 110 0
 134 0000 024B     		ldr	r3, .L15
 111:.\Generated_Source\PSoC4/LCD_SCLK.c **** }
 135              		.loc 1 111 0
 136              		@ sp needed for prologue
 137              		.loc 1 110 0
 138 0002 1868     		ldr	r0, [r3]
 139 0004 4006     		lsl	r0, r0, #25
 140 0006 C00F     		lsr	r0, r0, #31
 141              		.loc 1 111 0
 142 0008 7047     		bx	lr
 143              	.L16:
 144 000a C046     		.align	2
 145              	.L15:
 146 000c 00000440 		.word	1074003968
 147              		.cfi_endproc
 148              	.LFE3:
 149              		.size	LCD_SCLK_ReadDataReg, .-LCD_SCLK_ReadDataReg
 150              		.section	.text.LCD_SCLK_ClearInterrupt,"ax",%progbits
 151              		.align	1
 152              		.global	LCD_SCLK_ClearInterrupt
 153              		.code	16
 154              		.thumb_func
 155              		.type	LCD_SCLK_ClearInterrupt, %function
 156              	LCD_SCLK_ClearInterrupt:
 157              	.LFB4:
 112:.\Generated_Source\PSoC4/LCD_SCLK.c **** 
 113:.\Generated_Source\PSoC4/LCD_SCLK.c **** 
 114:.\Generated_Source\PSoC4/LCD_SCLK.c **** /* If Interrupts Are Enabled for this Pins component */ 
 115:.\Generated_Source\PSoC4/LCD_SCLK.c **** #if defined(LCD_SCLK_INTSTAT) 
 116:.\Generated_Source\PSoC4/LCD_SCLK.c **** 
 117:.\Generated_Source\PSoC4/LCD_SCLK.c ****     /*******************************************************************************
 118:.\Generated_Source\PSoC4/LCD_SCLK.c ****     * Function Name: LCD_SCLK_ClearInterrupt
 119:.\Generated_Source\PSoC4/LCD_SCLK.c ****     ********************************************************************************
 120:.\Generated_Source\PSoC4/LCD_SCLK.c ****     *
 121:.\Generated_Source\PSoC4/LCD_SCLK.c ****     * Summary:
 122:.\Generated_Source\PSoC4/LCD_SCLK.c ****     *  Clears any active interrupts attached to port and returns the value of the 
 123:.\Generated_Source\PSoC4/LCD_SCLK.c ****     *  interrupt status register.
 124:.\Generated_Source\PSoC4/LCD_SCLK.c ****     *
ARM GAS  C:\Users\kees\AppData\Local\Temp\cckQfUCR.s 			page 6


 125:.\Generated_Source\PSoC4/LCD_SCLK.c ****     * Parameters:  
 126:.\Generated_Source\PSoC4/LCD_SCLK.c ****     *  None 
 127:.\Generated_Source\PSoC4/LCD_SCLK.c ****     *
 128:.\Generated_Source\PSoC4/LCD_SCLK.c ****     * Return: 
 129:.\Generated_Source\PSoC4/LCD_SCLK.c ****     *  Returns the value of the interrupt status register
 130:.\Generated_Source\PSoC4/LCD_SCLK.c ****     *  
 131:.\Generated_Source\PSoC4/LCD_SCLK.c ****     *******************************************************************************/
 132:.\Generated_Source\PSoC4/LCD_SCLK.c ****     uint8 LCD_SCLK_ClearInterrupt(void) 
 133:.\Generated_Source\PSoC4/LCD_SCLK.c ****     {
 158              		.loc 1 133 0
 159              		.cfi_startproc
 134:.\Generated_Source\PSoC4/LCD_SCLK.c **** 		uint8 maskedStatus = (uint8)(LCD_SCLK_INTSTAT & LCD_SCLK_MASK);
 160              		.loc 1 134 0
 161 0000 034B     		ldr	r3, .L19
 162 0002 4022     		mov	r2, #64
 163 0004 1868     		ldr	r0, [r3]
 135:.\Generated_Source\PSoC4/LCD_SCLK.c **** 		LCD_SCLK_INTSTAT = maskedStatus;
 136:.\Generated_Source\PSoC4/LCD_SCLK.c ****         return maskedStatus >> LCD_SCLK_SHIFT;
 137:.\Generated_Source\PSoC4/LCD_SCLK.c ****     }
 164              		.loc 1 137 0
 165              		@ sp needed for prologue
 166              		.loc 1 134 0
 167 0006 1040     		and	r0, r0, r2
 168              	.LVL5:
 169              		.loc 1 135 0
 170 0008 1860     		str	r0, [r3]
 171 000a 8009     		lsr	r0, r0, #6
 172              	.LVL6:
 173 000c C0B2     		uxtb	r0, r0
 174              		.loc 1 137 0
 175 000e 7047     		bx	lr
 176              	.L20:
 177              		.align	2
 178              	.L19:
 179 0010 10000440 		.word	1074003984
 180              		.cfi_endproc
 181              	.LFE4:
 182              		.size	LCD_SCLK_ClearInterrupt, .-LCD_SCLK_ClearInterrupt
 183              		.text
 184              	.Letext0:
 185              		.section	.debug_loc,"",%progbits
 186              	.Ldebug_loc0:
 187              	.LLST1:
 188 0000 00000000 		.4byte	.LVL0
 189 0004 08000000 		.4byte	.LVL1
 190 0008 0100     		.2byte	0x1
 191 000a 50       		.byte	0x50
 192 000b 00000000 		.4byte	0x0
 193 000f 00000000 		.4byte	0x0
 194              	.LLST2:
 195 0013 00000000 		.4byte	.LFB1
 196 0017 02000000 		.4byte	.LCFI0
 197 001b 0100     		.2byte	0x1
 198 001d 5D       		.byte	0x5d
 199 001e 02000000 		.4byte	.LCFI0
 200 0022 1C000000 		.4byte	.LFE1
 201 0026 0200     		.2byte	0x2
ARM GAS  C:\Users\kees\AppData\Local\Temp\cckQfUCR.s 			page 7


 202 0028 7D       		.byte	0x7d
 203 0029 08       		.sleb128 8
 204 002a 00000000 		.4byte	0x0
 205 002e 00000000 		.4byte	0x0
 206              	.LLST3:
 207 0032 02000000 		.4byte	.LVL3
 208 0036 0C000000 		.4byte	.LVL4
 209 003a 0100     		.2byte	0x1
 210 003c 50       		.byte	0x50
 211 003d 00000000 		.4byte	0x0
 212 0041 00000000 		.4byte	0x0
 213              	.LLST7:
 214 0045 08000000 		.4byte	.LVL5
 215 0049 0C000000 		.4byte	.LVL6
 216 004d 0100     		.2byte	0x1
 217 004f 50       		.byte	0x50
 218 0050 00000000 		.4byte	0x0
 219 0054 00000000 		.4byte	0x0
 220              		.file 2 ".\\Generated_Source\\PSoC4\\/cytypes.h"
 221              		.section	.debug_info
 222 0000 3E010000 		.4byte	0x13e
 223 0004 0200     		.2byte	0x2
 224 0006 00000000 		.4byte	.Ldebug_abbrev0
 225 000a 04       		.byte	0x4
 226 000b 01       		.uleb128 0x1
 227 000c CB000000 		.4byte	.LASF21
 228 0010 01       		.byte	0x1
 229 0011 82010000 		.4byte	.LASF22
 230 0015 1A010000 		.4byte	.LASF23
 231 0019 00000000 		.4byte	0x0
 232 001d 00000000 		.4byte	0x0
 233 0021 00000000 		.4byte	.Ldebug_ranges0+0x0
 234 0025 00000000 		.4byte	.Ldebug_line0
 235 0029 02       		.uleb128 0x2
 236 002a 01       		.byte	0x1
 237 002b 06       		.byte	0x6
 238 002c 76010000 		.4byte	.LASF0
 239 0030 02       		.uleb128 0x2
 240 0031 01       		.byte	0x1
 241 0032 08       		.byte	0x8
 242 0033 28000000 		.4byte	.LASF1
 243 0037 02       		.uleb128 0x2
 244 0038 02       		.byte	0x2
 245 0039 05       		.byte	0x5
 246 003a E9000000 		.4byte	.LASF2
 247 003e 02       		.uleb128 0x2
 248 003f 02       		.byte	0x2
 249 0040 07       		.byte	0x7
 250 0041 4E000000 		.4byte	.LASF3
 251 0045 02       		.uleb128 0x2
 252 0046 04       		.byte	0x4
 253 0047 05       		.byte	0x5
 254 0048 F9000000 		.4byte	.LASF4
 255 004c 02       		.uleb128 0x2
 256 004d 04       		.byte	0x4
 257 004e 07       		.byte	0x7
 258 004f 3C000000 		.4byte	.LASF5
ARM GAS  C:\Users\kees\AppData\Local\Temp\cckQfUCR.s 			page 8


 259 0053 02       		.uleb128 0x2
 260 0054 08       		.byte	0x8
 261 0055 05       		.byte	0x5
 262 0056 00000000 		.4byte	.LASF6
 263 005a 02       		.uleb128 0x2
 264 005b 08       		.byte	0x8
 265 005c 07       		.byte	0x7
 266 005d AF000000 		.4byte	.LASF7
 267 0061 03       		.uleb128 0x3
 268 0062 04       		.byte	0x4
 269 0063 05       		.byte	0x5
 270 0064 696E7400 		.ascii	"int\000"
 271 0068 02       		.uleb128 0x2
 272 0069 04       		.byte	0x4
 273 006a 07       		.byte	0x7
 274 006b A2000000 		.4byte	.LASF8
 275 006f 04       		.uleb128 0x4
 276 0070 F3000000 		.4byte	.LASF24
 277 0074 02       		.byte	0x2
 278 0075 4C       		.byte	0x4c
 279 0076 30000000 		.4byte	0x30
 280 007a 02       		.uleb128 0x2
 281 007b 04       		.byte	0x4
 282 007c 04       		.byte	0x4
 283 007d 22000000 		.4byte	.LASF9
 284 0081 02       		.uleb128 0x2
 285 0082 08       		.byte	0x8
 286 0083 04       		.byte	0x4
 287 0084 76000000 		.4byte	.LASF10
 288 0088 02       		.uleb128 0x2
 289 0089 01       		.byte	0x1
 290 008a 08       		.byte	0x8
 291 008b E4000000 		.4byte	.LASF11
 292 008f 05       		.uleb128 0x5
 293 0090 01       		.byte	0x1
 294 0091 93000000 		.4byte	.LASF12
 295 0095 01       		.byte	0x1
 296 0096 2A       		.byte	0x2a
 297 0097 01       		.byte	0x1
 298 0098 00000000 		.4byte	.LFB0
 299 009c 18000000 		.4byte	.LFE0
 300 00a0 01       		.byte	0x1
 301 00a1 5D       		.byte	0x5d
 302 00a2 C3000000 		.4byte	0xc3
 303 00a6 06       		.uleb128 0x6
 304 00a7 1C000000 		.4byte	.LASF14
 305 00ab 01       		.byte	0x1
 306 00ac 2A       		.byte	0x2a
 307 00ad 6F000000 		.4byte	0x6f
 308 00b1 00000000 		.4byte	.LLST1
 309 00b5 07       		.uleb128 0x7
 310 00b6 36000000 		.4byte	.LASF19
 311 00ba 01       		.byte	0x1
 312 00bb 2C       		.byte	0x2c
 313 00bc 6F000000 		.4byte	0x6f
 314 00c0 01       		.byte	0x1
 315 00c1 52       		.byte	0x52
ARM GAS  C:\Users\kees\AppData\Local\Temp\cckQfUCR.s 			page 9


 316 00c2 00       		.byte	0x0
 317 00c3 08       		.uleb128 0x8
 318 00c4 01       		.byte	0x1
 319 00c5 7D000000 		.4byte	.LASF13
 320 00c9 01       		.byte	0x1
 321 00ca 40       		.byte	0x40
 322 00cb 01       		.byte	0x1
 323 00cc 00000000 		.4byte	.LFB1
 324 00d0 1C000000 		.4byte	.LFE1
 325 00d4 13000000 		.4byte	.LLST2
 326 00d8 EC000000 		.4byte	0xec
 327 00dc 06       		.uleb128 0x6
 328 00dd C6000000 		.4byte	.LASF15
 329 00e1 01       		.byte	0x1
 330 00e2 40       		.byte	0x40
 331 00e3 6F000000 		.4byte	0x6f
 332 00e7 32000000 		.4byte	.LLST3
 333 00eb 00       		.byte	0x0
 334 00ec 09       		.uleb128 0x9
 335 00ed 01       		.byte	0x1
 336 00ee 0E000000 		.4byte	.LASF16
 337 00f2 01       		.byte	0x1
 338 00f3 58       		.byte	0x58
 339 00f4 01       		.byte	0x1
 340 00f5 6F000000 		.4byte	0x6f
 341 00f9 00000000 		.4byte	.LFB2
 342 00fd 10000000 		.4byte	.LFE2
 343 0101 01       		.byte	0x1
 344 0102 5D       		.byte	0x5d
 345 0103 09       		.uleb128 0x9
 346 0104 01       		.byte	0x1
 347 0105 61000000 		.4byte	.LASF17
 348 0109 01       		.byte	0x1
 349 010a 6C       		.byte	0x6c
 350 010b 01       		.byte	0x1
 351 010c 6F000000 		.4byte	0x6f
 352 0110 00000000 		.4byte	.LFB3
 353 0114 10000000 		.4byte	.LFE3
 354 0118 01       		.byte	0x1
 355 0119 5D       		.byte	0x5d
 356 011a 0A       		.uleb128 0xa
 357 011b 01       		.byte	0x1
 358 011c 02010000 		.4byte	.LASF18
 359 0120 01       		.byte	0x1
 360 0121 84       		.byte	0x84
 361 0122 01       		.byte	0x1
 362 0123 6F000000 		.4byte	0x6f
 363 0127 00000000 		.4byte	.LFB4
 364 012b 14000000 		.4byte	.LFE4
 365 012f 01       		.byte	0x1
 366 0130 5D       		.byte	0x5d
 367 0131 0B       		.uleb128 0xb
 368 0132 D7000000 		.4byte	.LASF20
 369 0136 01       		.byte	0x1
 370 0137 86       		.byte	0x86
 371 0138 6F000000 		.4byte	0x6f
 372 013c 45000000 		.4byte	.LLST7
ARM GAS  C:\Users\kees\AppData\Local\Temp\cckQfUCR.s 			page 10


 373 0140 00       		.byte	0x0
 374 0141 00       		.byte	0x0
 375              		.section	.debug_abbrev
 376 0000 01       		.uleb128 0x1
 377 0001 11       		.uleb128 0x11
 378 0002 01       		.byte	0x1
 379 0003 25       		.uleb128 0x25
 380 0004 0E       		.uleb128 0xe
 381 0005 13       		.uleb128 0x13
 382 0006 0B       		.uleb128 0xb
 383 0007 03       		.uleb128 0x3
 384 0008 0E       		.uleb128 0xe
 385 0009 1B       		.uleb128 0x1b
 386 000a 0E       		.uleb128 0xe
 387 000b 11       		.uleb128 0x11
 388 000c 01       		.uleb128 0x1
 389 000d 52       		.uleb128 0x52
 390 000e 01       		.uleb128 0x1
 391 000f 55       		.uleb128 0x55
 392 0010 06       		.uleb128 0x6
 393 0011 10       		.uleb128 0x10
 394 0012 06       		.uleb128 0x6
 395 0013 00       		.byte	0x0
 396 0014 00       		.byte	0x0
 397 0015 02       		.uleb128 0x2
 398 0016 24       		.uleb128 0x24
 399 0017 00       		.byte	0x0
 400 0018 0B       		.uleb128 0xb
 401 0019 0B       		.uleb128 0xb
 402 001a 3E       		.uleb128 0x3e
 403 001b 0B       		.uleb128 0xb
 404 001c 03       		.uleb128 0x3
 405 001d 0E       		.uleb128 0xe
 406 001e 00       		.byte	0x0
 407 001f 00       		.byte	0x0
 408 0020 03       		.uleb128 0x3
 409 0021 24       		.uleb128 0x24
 410 0022 00       		.byte	0x0
 411 0023 0B       		.uleb128 0xb
 412 0024 0B       		.uleb128 0xb
 413 0025 3E       		.uleb128 0x3e
 414 0026 0B       		.uleb128 0xb
 415 0027 03       		.uleb128 0x3
 416 0028 08       		.uleb128 0x8
 417 0029 00       		.byte	0x0
 418 002a 00       		.byte	0x0
 419 002b 04       		.uleb128 0x4
 420 002c 16       		.uleb128 0x16
 421 002d 00       		.byte	0x0
 422 002e 03       		.uleb128 0x3
 423 002f 0E       		.uleb128 0xe
 424 0030 3A       		.uleb128 0x3a
 425 0031 0B       		.uleb128 0xb
 426 0032 3B       		.uleb128 0x3b
 427 0033 0B       		.uleb128 0xb
 428 0034 49       		.uleb128 0x49
 429 0035 13       		.uleb128 0x13
ARM GAS  C:\Users\kees\AppData\Local\Temp\cckQfUCR.s 			page 11


 430 0036 00       		.byte	0x0
 431 0037 00       		.byte	0x0
 432 0038 05       		.uleb128 0x5
 433 0039 2E       		.uleb128 0x2e
 434 003a 01       		.byte	0x1
 435 003b 3F       		.uleb128 0x3f
 436 003c 0C       		.uleb128 0xc
 437 003d 03       		.uleb128 0x3
 438 003e 0E       		.uleb128 0xe
 439 003f 3A       		.uleb128 0x3a
 440 0040 0B       		.uleb128 0xb
 441 0041 3B       		.uleb128 0x3b
 442 0042 0B       		.uleb128 0xb
 443 0043 27       		.uleb128 0x27
 444 0044 0C       		.uleb128 0xc
 445 0045 11       		.uleb128 0x11
 446 0046 01       		.uleb128 0x1
 447 0047 12       		.uleb128 0x12
 448 0048 01       		.uleb128 0x1
 449 0049 40       		.uleb128 0x40
 450 004a 0A       		.uleb128 0xa
 451 004b 01       		.uleb128 0x1
 452 004c 13       		.uleb128 0x13
 453 004d 00       		.byte	0x0
 454 004e 00       		.byte	0x0
 455 004f 06       		.uleb128 0x6
 456 0050 05       		.uleb128 0x5
 457 0051 00       		.byte	0x0
 458 0052 03       		.uleb128 0x3
 459 0053 0E       		.uleb128 0xe
 460 0054 3A       		.uleb128 0x3a
 461 0055 0B       		.uleb128 0xb
 462 0056 3B       		.uleb128 0x3b
 463 0057 0B       		.uleb128 0xb
 464 0058 49       		.uleb128 0x49
 465 0059 13       		.uleb128 0x13
 466 005a 02       		.uleb128 0x2
 467 005b 06       		.uleb128 0x6
 468 005c 00       		.byte	0x0
 469 005d 00       		.byte	0x0
 470 005e 07       		.uleb128 0x7
 471 005f 34       		.uleb128 0x34
 472 0060 00       		.byte	0x0
 473 0061 03       		.uleb128 0x3
 474 0062 0E       		.uleb128 0xe
 475 0063 3A       		.uleb128 0x3a
 476 0064 0B       		.uleb128 0xb
 477 0065 3B       		.uleb128 0x3b
 478 0066 0B       		.uleb128 0xb
 479 0067 49       		.uleb128 0x49
 480 0068 13       		.uleb128 0x13
 481 0069 02       		.uleb128 0x2
 482 006a 0A       		.uleb128 0xa
 483 006b 00       		.byte	0x0
 484 006c 00       		.byte	0x0
 485 006d 08       		.uleb128 0x8
 486 006e 2E       		.uleb128 0x2e
ARM GAS  C:\Users\kees\AppData\Local\Temp\cckQfUCR.s 			page 12


 487 006f 01       		.byte	0x1
 488 0070 3F       		.uleb128 0x3f
 489 0071 0C       		.uleb128 0xc
 490 0072 03       		.uleb128 0x3
 491 0073 0E       		.uleb128 0xe
 492 0074 3A       		.uleb128 0x3a
 493 0075 0B       		.uleb128 0xb
 494 0076 3B       		.uleb128 0x3b
 495 0077 0B       		.uleb128 0xb
 496 0078 27       		.uleb128 0x27
 497 0079 0C       		.uleb128 0xc
 498 007a 11       		.uleb128 0x11
 499 007b 01       		.uleb128 0x1
 500 007c 12       		.uleb128 0x12
 501 007d 01       		.uleb128 0x1
 502 007e 40       		.uleb128 0x40
 503 007f 06       		.uleb128 0x6
 504 0080 01       		.uleb128 0x1
 505 0081 13       		.uleb128 0x13
 506 0082 00       		.byte	0x0
 507 0083 00       		.byte	0x0
 508 0084 09       		.uleb128 0x9
 509 0085 2E       		.uleb128 0x2e
 510 0086 00       		.byte	0x0
 511 0087 3F       		.uleb128 0x3f
 512 0088 0C       		.uleb128 0xc
 513 0089 03       		.uleb128 0x3
 514 008a 0E       		.uleb128 0xe
 515 008b 3A       		.uleb128 0x3a
 516 008c 0B       		.uleb128 0xb
 517 008d 3B       		.uleb128 0x3b
 518 008e 0B       		.uleb128 0xb
 519 008f 27       		.uleb128 0x27
 520 0090 0C       		.uleb128 0xc
 521 0091 49       		.uleb128 0x49
 522 0092 13       		.uleb128 0x13
 523 0093 11       		.uleb128 0x11
 524 0094 01       		.uleb128 0x1
 525 0095 12       		.uleb128 0x12
 526 0096 01       		.uleb128 0x1
 527 0097 40       		.uleb128 0x40
 528 0098 0A       		.uleb128 0xa
 529 0099 00       		.byte	0x0
 530 009a 00       		.byte	0x0
 531 009b 0A       		.uleb128 0xa
 532 009c 2E       		.uleb128 0x2e
 533 009d 01       		.byte	0x1
 534 009e 3F       		.uleb128 0x3f
 535 009f 0C       		.uleb128 0xc
 536 00a0 03       		.uleb128 0x3
 537 00a1 0E       		.uleb128 0xe
 538 00a2 3A       		.uleb128 0x3a
 539 00a3 0B       		.uleb128 0xb
 540 00a4 3B       		.uleb128 0x3b
 541 00a5 0B       		.uleb128 0xb
 542 00a6 27       		.uleb128 0x27
 543 00a7 0C       		.uleb128 0xc
ARM GAS  C:\Users\kees\AppData\Local\Temp\cckQfUCR.s 			page 13


 544 00a8 49       		.uleb128 0x49
 545 00a9 13       		.uleb128 0x13
 546 00aa 11       		.uleb128 0x11
 547 00ab 01       		.uleb128 0x1
 548 00ac 12       		.uleb128 0x12
 549 00ad 01       		.uleb128 0x1
 550 00ae 40       		.uleb128 0x40
 551 00af 0A       		.uleb128 0xa
 552 00b0 00       		.byte	0x0
 553 00b1 00       		.byte	0x0
 554 00b2 0B       		.uleb128 0xb
 555 00b3 34       		.uleb128 0x34
 556 00b4 00       		.byte	0x0
 557 00b5 03       		.uleb128 0x3
 558 00b6 0E       		.uleb128 0xe
 559 00b7 3A       		.uleb128 0x3a
 560 00b8 0B       		.uleb128 0xb
 561 00b9 3B       		.uleb128 0x3b
 562 00ba 0B       		.uleb128 0xb
 563 00bb 49       		.uleb128 0x49
 564 00bc 13       		.uleb128 0x13
 565 00bd 02       		.uleb128 0x2
 566 00be 06       		.uleb128 0x6
 567 00bf 00       		.byte	0x0
 568 00c0 00       		.byte	0x0
 569 00c1 00       		.byte	0x0
 570              		.section	.debug_pubnames,"",%progbits
 571 0000 82000000 		.4byte	0x82
 572 0004 0200     		.2byte	0x2
 573 0006 00000000 		.4byte	.Ldebug_info0
 574 000a 42010000 		.4byte	0x142
 575 000e 8F000000 		.4byte	0x8f
 576 0012 4C43445F 		.ascii	"LCD_SCLK_Write\000"
 576      53434C4B 
 576      5F577269 
 576      746500
 577 0021 C3000000 		.4byte	0xc3
 578 0025 4C43445F 		.ascii	"LCD_SCLK_SetDriveMode\000"
 578      53434C4B 
 578      5F536574 
 578      44726976 
 578      654D6F64 
 579 003b EC000000 		.4byte	0xec
 580 003f 4C43445F 		.ascii	"LCD_SCLK_Read\000"
 580      53434C4B 
 580      5F526561 
 580      6400
 581 004d 03010000 		.4byte	0x103
 582 0051 4C43445F 		.ascii	"LCD_SCLK_ReadDataReg\000"
 582      53434C4B 
 582      5F526561 
 582      64446174 
 582      61526567 
 583 0066 1A010000 		.4byte	0x11a
 584 006a 4C43445F 		.ascii	"LCD_SCLK_ClearInterrupt\000"
 584      53434C4B 
 584      5F436C65 
ARM GAS  C:\Users\kees\AppData\Local\Temp\cckQfUCR.s 			page 14


 584      6172496E 
 584      74657272 
 585 0082 00000000 		.4byte	0x0
 586              		.section	.debug_aranges,"",%progbits
 587 0000 3C000000 		.4byte	0x3c
 588 0004 0200     		.2byte	0x2
 589 0006 00000000 		.4byte	.Ldebug_info0
 590 000a 04       		.byte	0x4
 591 000b 00       		.byte	0x0
 592 000c 0000     		.2byte	0x0
 593 000e 0000     		.2byte	0x0
 594 0010 00000000 		.4byte	.LFB0
 595 0014 18000000 		.4byte	.LFE0-.LFB0
 596 0018 00000000 		.4byte	.LFB1
 597 001c 1C000000 		.4byte	.LFE1-.LFB1
 598 0020 00000000 		.4byte	.LFB2
 599 0024 10000000 		.4byte	.LFE2-.LFB2
 600 0028 00000000 		.4byte	.LFB3
 601 002c 10000000 		.4byte	.LFE3-.LFB3
 602 0030 00000000 		.4byte	.LFB4
 603 0034 14000000 		.4byte	.LFE4-.LFB4
 604 0038 00000000 		.4byte	0x0
 605 003c 00000000 		.4byte	0x0
 606              		.section	.debug_ranges,"",%progbits
 607              	.Ldebug_ranges0:
 608 0000 00000000 		.4byte	.Ltext0
 609 0004 00000000 		.4byte	.Letext0
 610 0008 00000000 		.4byte	.LFB0
 611 000c 18000000 		.4byte	.LFE0
 612 0010 00000000 		.4byte	.LFB1
 613 0014 1C000000 		.4byte	.LFE1
 614 0018 00000000 		.4byte	.LFB2
 615 001c 10000000 		.4byte	.LFE2
 616 0020 00000000 		.4byte	.LFB3
 617 0024 10000000 		.4byte	.LFE3
 618 0028 00000000 		.4byte	.LFB4
 619 002c 14000000 		.4byte	.LFE4
 620 0030 00000000 		.4byte	0x0
 621 0034 00000000 		.4byte	0x0
 622              		.section	.debug_str,"MS",%progbits,1
 623              	.LASF6:
 624 0000 6C6F6E67 		.ascii	"long long int\000"
 624      206C6F6E 
 624      6720696E 
 624      7400
 625              	.LASF16:
 626 000e 4C43445F 		.ascii	"LCD_SCLK_Read\000"
 626      53434C4B 
 626      5F526561 
 626      6400
 627              	.LASF14:
 628 001c 76616C75 		.ascii	"value\000"
 628      6500
 629              	.LASF9:
 630 0022 666C6F61 		.ascii	"float\000"
 630      7400
 631              	.LASF1:
ARM GAS  C:\Users\kees\AppData\Local\Temp\cckQfUCR.s 			page 15


 632 0028 756E7369 		.ascii	"unsigned char\000"
 632      676E6564 
 632      20636861 
 632      7200
 633              	.LASF19:
 634 0036 64725661 		.ascii	"drVal\000"
 634      6C00
 635              	.LASF5:
 636 003c 6C6F6E67 		.ascii	"long unsigned int\000"
 636      20756E73 
 636      69676E65 
 636      6420696E 
 636      7400
 637              	.LASF3:
 638 004e 73686F72 		.ascii	"short unsigned int\000"
 638      7420756E 
 638      7369676E 
 638      65642069 
 638      6E7400
 639              	.LASF17:
 640 0061 4C43445F 		.ascii	"LCD_SCLK_ReadDataReg\000"
 640      53434C4B 
 640      5F526561 
 640      64446174 
 640      61526567 
 641              	.LASF10:
 642 0076 646F7562 		.ascii	"double\000"
 642      6C6500
 643              	.LASF13:
 644 007d 4C43445F 		.ascii	"LCD_SCLK_SetDriveMode\000"
 644      53434C4B 
 644      5F536574 
 644      44726976 
 644      654D6F64 
 645              	.LASF12:
 646 0093 4C43445F 		.ascii	"LCD_SCLK_Write\000"
 646      53434C4B 
 646      5F577269 
 646      746500
 647              	.LASF8:
 648 00a2 756E7369 		.ascii	"unsigned int\000"
 648      676E6564 
 648      20696E74 
 648      00
 649              	.LASF7:
 650 00af 6C6F6E67 		.ascii	"long long unsigned int\000"
 650      206C6F6E 
 650      6720756E 
 650      7369676E 
 650      65642069 
 651              	.LASF15:
 652 00c6 6D6F6465 		.ascii	"mode\000"
 652      00
 653              	.LASF21:
 654 00cb 474E5520 		.ascii	"GNU C 4.4.1\000"
 654      4320342E 
 654      342E3100 
ARM GAS  C:\Users\kees\AppData\Local\Temp\cckQfUCR.s 			page 16


 655              	.LASF20:
 656 00d7 6D61736B 		.ascii	"maskedStatus\000"
 656      65645374 
 656      61747573 
 656      00
 657              	.LASF11:
 658 00e4 63686172 		.ascii	"char\000"
 658      00
 659              	.LASF2:
 660 00e9 73686F72 		.ascii	"short int\000"
 660      7420696E 
 660      7400
 661              	.LASF24:
 662 00f3 75696E74 		.ascii	"uint8\000"
 662      3800
 663              	.LASF4:
 664 00f9 6C6F6E67 		.ascii	"long int\000"
 664      20696E74 
 664      00
 665              	.LASF18:
 666 0102 4C43445F 		.ascii	"LCD_SCLK_ClearInterrupt\000"
 666      53434C4B 
 666      5F436C65 
 666      6172496E 
 666      74657272 
 667              	.LASF23:
 668 011a 433A5C55 		.ascii	"C:\\Users\\kees\\Documents\\test_projects\\My fun s"
 668      73657273 
 668      5C6B6565 
 668      735C446F 
 668      63756D65 
 669 0148 74756666 		.ascii	"tuff\\3d_cube\\3d_cube.Bundle01\\Design137.cydsn\000"
 669      5C33645F 
 669      63756265 
 669      5C33645F 
 669      63756265 
 670              	.LASF0:
 671 0176 7369676E 		.ascii	"signed char\000"
 671      65642063 
 671      68617200 
 672              	.LASF22:
 673 0182 2E5C4765 		.ascii	".\\Generated_Source\\PSoC4\\LCD_SCLK.c\000"
 673      6E657261 
 673      7465645F 
 673      536F7572 
 673      63655C50 
 674              		.ident	"GCC: (Sourcery G++ Lite 2010q1-188) 4.4.1"
