ARM GAS  C:\Users\kees\AppData\Local\Temp\ccYaogNB.s 			page 1


   1              		.cpu cortex-m0
   2              		.fpu softvfp
   3              		.eabi_attribute 20, 1
   4              		.eabi_attribute 21, 1
   5              		.eabi_attribute 23, 3
   6              		.eabi_attribute 24, 1
   7              		.eabi_attribute 25, 1
   8              		.eabi_attribute 26, 1
   9              		.eabi_attribute 30, 4
  10              		.eabi_attribute 18, 4
  11              		.code	16
  12              		.file	"LCD_Font.c"
  13              		.section	.debug_abbrev,"",%progbits
  14              	.Ldebug_abbrev0:
  15              		.section	.debug_info,"",%progbits
  16              	.Ldebug_info0:
  17              		.section	.debug_line,"",%progbits
  18              	.Ldebug_line0:
  19 0000 67000000 		.text
  19      02006100 
  19      00000201 
  19      FB0E0D00 
  19      01010101 
  20              	.Ltext0:
  21              		.cfi_sections	.debug_frame
  22              		.global	LCD_FONT8x16
  23              		.section	.rodata
  24              		.align	2
  25              		.type	LCD_FONT8x16, %object
  26              		.size	LCD_FONT8x16, 1552
  27              	LCD_FONT8x16:
  28 0000 08       		.byte	8
  29 0001 10       		.byte	16
  30 0002 10       		.byte	16
  31 0003 00       		.byte	0
  32 0004 00       		.byte	0
  33 0005 00       		.byte	0
  34 0006 00       		.byte	0
  35 0007 00       		.byte	0
  36 0008 00       		.byte	0
  37 0009 00       		.byte	0
  38 000a 00       		.byte	0
  39 000b 00       		.byte	0
  40 000c 00       		.byte	0
  41 000d 00       		.byte	0
  42 000e 00       		.byte	0
  43 000f 00       		.byte	0
  44 0010 08       		.byte	8
  45 0011 10       		.byte	16
  46 0012 10       		.byte	16
  47 0013 00       		.byte	0
  48 0014 00       		.byte	0
  49 0015 00       		.byte	0
  50 0016 00       		.byte	0
  51 0017 00       		.byte	0
  52 0018 00       		.byte	0
  53 0019 00       		.byte	0
ARM GAS  C:\Users\kees\AppData\Local\Temp\ccYaogNB.s 			page 2


  54 001a 00       		.byte	0
  55 001b 00       		.byte	0
  56 001c 00       		.byte	0
  57 001d 00       		.byte	0
  58 001e 00       		.byte	0
  59 001f 00       		.byte	0
  60 0020 00       		.byte	0
  61 0021 00       		.byte	0
  62 0022 00       		.byte	0
  63 0023 00       		.byte	0
  64 0024 00       		.byte	0
  65 0025 00       		.byte	0
  66 0026 00       		.byte	0
  67 0027 00       		.byte	0
  68 0028 00       		.byte	0
  69 0029 00       		.byte	0
  70 002a 00       		.byte	0
  71 002b 00       		.byte	0
  72 002c 00       		.byte	0
  73 002d 00       		.byte	0
  74 002e 00       		.byte	0
  75 002f 00       		.byte	0
  76 0030 00       		.byte	0
  77 0031 00       		.byte	0
  78 0032 18       		.byte	24
  79 0033 3C       		.byte	60
  80 0034 3C       		.byte	60
  81 0035 3C       		.byte	60
  82 0036 18       		.byte	24
  83 0037 18       		.byte	24
  84 0038 18       		.byte	24
  85 0039 00       		.byte	0
  86 003a 18       		.byte	24
  87 003b 18       		.byte	24
  88 003c 00       		.byte	0
  89 003d 00       		.byte	0
  90 003e 00       		.byte	0
  91 003f 00       		.byte	0
  92 0040 00       		.byte	0
  93 0041 63       		.byte	99
  94 0042 63       		.byte	99
  95 0043 63       		.byte	99
  96 0044 22       		.byte	34
  97 0045 00       		.byte	0
  98 0046 00       		.byte	0
  99 0047 00       		.byte	0
 100 0048 00       		.byte	0
 101 0049 00       		.byte	0
 102 004a 00       		.byte	0
 103 004b 00       		.byte	0
 104 004c 00       		.byte	0
 105 004d 00       		.byte	0
 106 004e 00       		.byte	0
 107 004f 00       		.byte	0
 108 0050 00       		.byte	0
 109 0051 00       		.byte	0
 110 0052 00       		.byte	0
ARM GAS  C:\Users\kees\AppData\Local\Temp\ccYaogNB.s 			page 3


 111 0053 36       		.byte	54
 112 0054 36       		.byte	54
 113 0055 7F       		.byte	127
 114 0056 36       		.byte	54
 115 0057 36       		.byte	54
 116 0058 36       		.byte	54
 117 0059 7F       		.byte	127
 118 005a 36       		.byte	54
 119 005b 36       		.byte	54
 120 005c 00       		.byte	0
 121 005d 00       		.byte	0
 122 005e 00       		.byte	0
 123 005f 00       		.byte	0
 124 0060 0C       		.byte	12
 125 0061 0C       		.byte	12
 126 0062 3E       		.byte	62
 127 0063 63       		.byte	99
 128 0064 61       		.byte	97
 129 0065 60       		.byte	96
 130 0066 3E       		.byte	62
 131 0067 03       		.byte	3
 132 0068 03       		.byte	3
 133 0069 43       		.byte	67
 134 006a 63       		.byte	99
 135 006b 3E       		.byte	62
 136 006c 0C       		.byte	12
 137 006d 0C       		.byte	12
 138 006e 00       		.byte	0
 139 006f 00       		.byte	0
 140 0070 00       		.byte	0
 141 0071 00       		.byte	0
 142 0072 00       		.byte	0
 143 0073 00       		.byte	0
 144 0074 00       		.byte	0
 145 0075 61       		.byte	97
 146 0076 63       		.byte	99
 147 0077 06       		.byte	6
 148 0078 0C       		.byte	12
 149 0079 18       		.byte	24
 150 007a 33       		.byte	51
 151 007b 63       		.byte	99
 152 007c 00       		.byte	0
 153 007d 00       		.byte	0
 154 007e 00       		.byte	0
 155 007f 00       		.byte	0
 156 0080 00       		.byte	0
 157 0081 00       		.byte	0
 158 0082 00       		.byte	0
 159 0083 1C       		.byte	28
 160 0084 36       		.byte	54
 161 0085 36       		.byte	54
 162 0086 1C       		.byte	28
 163 0087 3B       		.byte	59
 164 0088 6E       		.byte	110
 165 0089 66       		.byte	102
 166 008a 66       		.byte	102
 167 008b 3B       		.byte	59
ARM GAS  C:\Users\kees\AppData\Local\Temp\ccYaogNB.s 			page 4


 168 008c 00       		.byte	0
 169 008d 00       		.byte	0
 170 008e 00       		.byte	0
 171 008f 00       		.byte	0
 172 0090 00       		.byte	0
 173 0091 30       		.byte	48
 174 0092 30       		.byte	48
 175 0093 30       		.byte	48
 176 0094 60       		.byte	96
 177 0095 00       		.byte	0
 178 0096 00       		.byte	0
 179 0097 00       		.byte	0
 180 0098 00       		.byte	0
 181 0099 00       		.byte	0
 182 009a 00       		.byte	0
 183 009b 00       		.byte	0
 184 009c 00       		.byte	0
 185 009d 00       		.byte	0
 186 009e 00       		.byte	0
 187 009f 00       		.byte	0
 188 00a0 00       		.byte	0
 189 00a1 00       		.byte	0
 190 00a2 0C       		.byte	12
 191 00a3 18       		.byte	24
 192 00a4 18       		.byte	24
 193 00a5 30       		.byte	48
 194 00a6 30       		.byte	48
 195 00a7 30       		.byte	48
 196 00a8 30       		.byte	48
 197 00a9 18       		.byte	24
 198 00aa 18       		.byte	24
 199 00ab 0C       		.byte	12
 200 00ac 00       		.byte	0
 201 00ad 00       		.byte	0
 202 00ae 00       		.byte	0
 203 00af 00       		.byte	0
 204 00b0 00       		.byte	0
 205 00b1 00       		.byte	0
 206 00b2 18       		.byte	24
 207 00b3 0C       		.byte	12
 208 00b4 0C       		.byte	12
 209 00b5 06       		.byte	6
 210 00b6 06       		.byte	6
 211 00b7 06       		.byte	6
 212 00b8 06       		.byte	6
 213 00b9 0C       		.byte	12
 214 00ba 0C       		.byte	12
 215 00bb 18       		.byte	24
 216 00bc 00       		.byte	0
 217 00bd 00       		.byte	0
 218 00be 00       		.byte	0
 219 00bf 00       		.byte	0
 220 00c0 00       		.byte	0
 221 00c1 00       		.byte	0
 222 00c2 00       		.byte	0
 223 00c3 00       		.byte	0
 224 00c4 42       		.byte	66
ARM GAS  C:\Users\kees\AppData\Local\Temp\ccYaogNB.s 			page 5


 225 00c5 66       		.byte	102
 226 00c6 3C       		.byte	60
 227 00c7 FF       		.byte	-1
 228 00c8 3C       		.byte	60
 229 00c9 66       		.byte	102
 230 00ca 42       		.byte	66
 231 00cb 00       		.byte	0
 232 00cc 00       		.byte	0
 233 00cd 00       		.byte	0
 234 00ce 00       		.byte	0
 235 00cf 00       		.byte	0
 236 00d0 00       		.byte	0
 237 00d1 00       		.byte	0
 238 00d2 00       		.byte	0
 239 00d3 00       		.byte	0
 240 00d4 18       		.byte	24
 241 00d5 18       		.byte	24
 242 00d6 18       		.byte	24
 243 00d7 FF       		.byte	-1
 244 00d8 18       		.byte	24
 245 00d9 18       		.byte	24
 246 00da 18       		.byte	24
 247 00db 00       		.byte	0
 248 00dc 00       		.byte	0
 249 00dd 00       		.byte	0
 250 00de 00       		.byte	0
 251 00df 00       		.byte	0
 252 00e0 00       		.byte	0
 253 00e1 00       		.byte	0
 254 00e2 00       		.byte	0
 255 00e3 00       		.byte	0
 256 00e4 00       		.byte	0
 257 00e5 00       		.byte	0
 258 00e6 00       		.byte	0
 259 00e7 00       		.byte	0
 260 00e8 00       		.byte	0
 261 00e9 00       		.byte	0
 262 00ea 18       		.byte	24
 263 00eb 18       		.byte	24
 264 00ec 18       		.byte	24
 265 00ed 30       		.byte	48
 266 00ee 00       		.byte	0
 267 00ef 00       		.byte	0
 268 00f0 00       		.byte	0
 269 00f1 00       		.byte	0
 270 00f2 00       		.byte	0
 271 00f3 00       		.byte	0
 272 00f4 00       		.byte	0
 273 00f5 00       		.byte	0
 274 00f6 00       		.byte	0
 275 00f7 FF       		.byte	-1
 276 00f8 00       		.byte	0
 277 00f9 00       		.byte	0
 278 00fa 00       		.byte	0
 279 00fb 00       		.byte	0
 280 00fc 00       		.byte	0
 281 00fd 00       		.byte	0
ARM GAS  C:\Users\kees\AppData\Local\Temp\ccYaogNB.s 			page 6


 282 00fe 00       		.byte	0
 283 00ff 00       		.byte	0
 284 0100 00       		.byte	0
 285 0101 00       		.byte	0
 286 0102 00       		.byte	0
 287 0103 00       		.byte	0
 288 0104 00       		.byte	0
 289 0105 00       		.byte	0
 290 0106 00       		.byte	0
 291 0107 00       		.byte	0
 292 0108 00       		.byte	0
 293 0109 00       		.byte	0
 294 010a 18       		.byte	24
 295 010b 18       		.byte	24
 296 010c 00       		.byte	0
 297 010d 00       		.byte	0
 298 010e 00       		.byte	0
 299 010f 00       		.byte	0
 300 0110 00       		.byte	0
 301 0111 00       		.byte	0
 302 0112 01       		.byte	1
 303 0113 03       		.byte	3
 304 0114 07       		.byte	7
 305 0115 0E       		.byte	14
 306 0116 1C       		.byte	28
 307 0117 38       		.byte	56
 308 0118 70       		.byte	112
 309 0119 E0       		.byte	-32
 310 011a C0       		.byte	-64
 311 011b 80       		.byte	-128
 312 011c 00       		.byte	0
 313 011d 00       		.byte	0
 314 011e 00       		.byte	0
 315 011f 00       		.byte	0
 316 0120 00       		.byte	0
 317 0121 00       		.byte	0
 318 0122 3E       		.byte	62
 319 0123 63       		.byte	99
 320 0124 63       		.byte	99
 321 0125 63       		.byte	99
 322 0126 6B       		.byte	107
 323 0127 6B       		.byte	107
 324 0128 63       		.byte	99
 325 0129 63       		.byte	99
 326 012a 63       		.byte	99
 327 012b 3E       		.byte	62
 328 012c 00       		.byte	0
 329 012d 00       		.byte	0
 330 012e 00       		.byte	0
 331 012f 00       		.byte	0
 332 0130 00       		.byte	0
 333 0131 00       		.byte	0
 334 0132 0C       		.byte	12
 335 0133 1C       		.byte	28
 336 0134 3C       		.byte	60
 337 0135 0C       		.byte	12
 338 0136 0C       		.byte	12
ARM GAS  C:\Users\kees\AppData\Local\Temp\ccYaogNB.s 			page 7


 339 0137 0C       		.byte	12
 340 0138 0C       		.byte	12
 341 0139 0C       		.byte	12
 342 013a 0C       		.byte	12
 343 013b 3F       		.byte	63
 344 013c 00       		.byte	0
 345 013d 00       		.byte	0
 346 013e 00       		.byte	0
 347 013f 00       		.byte	0
 348 0140 00       		.byte	0
 349 0141 00       		.byte	0
 350 0142 3E       		.byte	62
 351 0143 63       		.byte	99
 352 0144 03       		.byte	3
 353 0145 06       		.byte	6
 354 0146 0C       		.byte	12
 355 0147 18       		.byte	24
 356 0148 30       		.byte	48
 357 0149 61       		.byte	97
 358 014a 63       		.byte	99
 359 014b 7F       		.byte	127
 360 014c 00       		.byte	0
 361 014d 00       		.byte	0
 362 014e 00       		.byte	0
 363 014f 00       		.byte	0
 364 0150 00       		.byte	0
 365 0151 00       		.byte	0
 366 0152 3E       		.byte	62
 367 0153 63       		.byte	99
 368 0154 03       		.byte	3
 369 0155 03       		.byte	3
 370 0156 1E       		.byte	30
 371 0157 03       		.byte	3
 372 0158 03       		.byte	3
 373 0159 03       		.byte	3
 374 015a 63       		.byte	99
 375 015b 3E       		.byte	62
 376 015c 00       		.byte	0
 377 015d 00       		.byte	0
 378 015e 00       		.byte	0
 379 015f 00       		.byte	0
 380 0160 00       		.byte	0
 381 0161 00       		.byte	0
 382 0162 06       		.byte	6
 383 0163 0E       		.byte	14
 384 0164 1E       		.byte	30
 385 0165 36       		.byte	54
 386 0166 66       		.byte	102
 387 0167 66       		.byte	102
 388 0168 7F       		.byte	127
 389 0169 06       		.byte	6
 390 016a 06       		.byte	6
 391 016b 0F       		.byte	15
 392 016c 00       		.byte	0
 393 016d 00       		.byte	0
 394 016e 00       		.byte	0
 395 016f 00       		.byte	0
ARM GAS  C:\Users\kees\AppData\Local\Temp\ccYaogNB.s 			page 8


 396 0170 00       		.byte	0
 397 0171 00       		.byte	0
 398 0172 7F       		.byte	127
 399 0173 60       		.byte	96
 400 0174 60       		.byte	96
 401 0175 60       		.byte	96
 402 0176 7E       		.byte	126
 403 0177 03       		.byte	3
 404 0178 03       		.byte	3
 405 0179 63       		.byte	99
 406 017a 73       		.byte	115
 407 017b 3E       		.byte	62
 408 017c 00       		.byte	0
 409 017d 00       		.byte	0
 410 017e 00       		.byte	0
 411 017f 00       		.byte	0
 412 0180 00       		.byte	0
 413 0181 00       		.byte	0
 414 0182 1C       		.byte	28
 415 0183 30       		.byte	48
 416 0184 60       		.byte	96
 417 0185 60       		.byte	96
 418 0186 7E       		.byte	126
 419 0187 63       		.byte	99
 420 0188 63       		.byte	99
 421 0189 63       		.byte	99
 422 018a 63       		.byte	99
 423 018b 3E       		.byte	62
 424 018c 00       		.byte	0
 425 018d 00       		.byte	0
 426 018e 00       		.byte	0
 427 018f 00       		.byte	0
 428 0190 00       		.byte	0
 429 0191 00       		.byte	0
 430 0192 7F       		.byte	127
 431 0193 63       		.byte	99
 432 0194 03       		.byte	3
 433 0195 06       		.byte	6
 434 0196 06       		.byte	6
 435 0197 0C       		.byte	12
 436 0198 0C       		.byte	12
 437 0199 18       		.byte	24
 438 019a 18       		.byte	24
 439 019b 18       		.byte	24
 440 019c 00       		.byte	0
 441 019d 00       		.byte	0
 442 019e 00       		.byte	0
 443 019f 00       		.byte	0
 444 01a0 00       		.byte	0
 445 01a1 00       		.byte	0
 446 01a2 3E       		.byte	62
 447 01a3 63       		.byte	99
 448 01a4 63       		.byte	99
 449 01a5 63       		.byte	99
 450 01a6 3E       		.byte	62
 451 01a7 63       		.byte	99
 452 01a8 63       		.byte	99
ARM GAS  C:\Users\kees\AppData\Local\Temp\ccYaogNB.s 			page 9


 453 01a9 63       		.byte	99
 454 01aa 63       		.byte	99
 455 01ab 3E       		.byte	62
 456 01ac 00       		.byte	0
 457 01ad 00       		.byte	0
 458 01ae 00       		.byte	0
 459 01af 00       		.byte	0
 460 01b0 00       		.byte	0
 461 01b1 00       		.byte	0
 462 01b2 3E       		.byte	62
 463 01b3 63       		.byte	99
 464 01b4 63       		.byte	99
 465 01b5 63       		.byte	99
 466 01b6 63       		.byte	99
 467 01b7 3F       		.byte	63
 468 01b8 03       		.byte	3
 469 01b9 03       		.byte	3
 470 01ba 06       		.byte	6
 471 01bb 3C       		.byte	60
 472 01bc 00       		.byte	0
 473 01bd 00       		.byte	0
 474 01be 00       		.byte	0
 475 01bf 00       		.byte	0
 476 01c0 00       		.byte	0
 477 01c1 00       		.byte	0
 478 01c2 00       		.byte	0
 479 01c3 00       		.byte	0
 480 01c4 00       		.byte	0
 481 01c5 18       		.byte	24
 482 01c6 18       		.byte	24
 483 01c7 00       		.byte	0
 484 01c8 00       		.byte	0
 485 01c9 00       		.byte	0
 486 01ca 18       		.byte	24
 487 01cb 18       		.byte	24
 488 01cc 00       		.byte	0
 489 01cd 00       		.byte	0
 490 01ce 00       		.byte	0
 491 01cf 00       		.byte	0
 492 01d0 00       		.byte	0
 493 01d1 00       		.byte	0
 494 01d2 00       		.byte	0
 495 01d3 00       		.byte	0
 496 01d4 00       		.byte	0
 497 01d5 18       		.byte	24
 498 01d6 18       		.byte	24
 499 01d7 00       		.byte	0
 500 01d8 00       		.byte	0
 501 01d9 00       		.byte	0
 502 01da 18       		.byte	24
 503 01db 18       		.byte	24
 504 01dc 18       		.byte	24
 505 01dd 30       		.byte	48
 506 01de 00       		.byte	0
 507 01df 00       		.byte	0
 508 01e0 00       		.byte	0
 509 01e1 00       		.byte	0
ARM GAS  C:\Users\kees\AppData\Local\Temp\ccYaogNB.s 			page 10


 510 01e2 00       		.byte	0
 511 01e3 06       		.byte	6
 512 01e4 0C       		.byte	12
 513 01e5 18       		.byte	24
 514 01e6 30       		.byte	48
 515 01e7 60       		.byte	96
 516 01e8 30       		.byte	48
 517 01e9 18       		.byte	24
 518 01ea 0C       		.byte	12
 519 01eb 06       		.byte	6
 520 01ec 00       		.byte	0
 521 01ed 00       		.byte	0
 522 01ee 00       		.byte	0
 523 01ef 00       		.byte	0
 524 01f0 00       		.byte	0
 525 01f1 00       		.byte	0
 526 01f2 00       		.byte	0
 527 01f3 00       		.byte	0
 528 01f4 00       		.byte	0
 529 01f5 00       		.byte	0
 530 01f6 7E       		.byte	126
 531 01f7 00       		.byte	0
 532 01f8 00       		.byte	0
 533 01f9 7E       		.byte	126
 534 01fa 00       		.byte	0
 535 01fb 00       		.byte	0
 536 01fc 00       		.byte	0
 537 01fd 00       		.byte	0
 538 01fe 00       		.byte	0
 539 01ff 00       		.byte	0
 540 0200 00       		.byte	0
 541 0201 00       		.byte	0
 542 0202 00       		.byte	0
 543 0203 60       		.byte	96
 544 0204 30       		.byte	48
 545 0205 18       		.byte	24
 546 0206 0C       		.byte	12
 547 0207 06       		.byte	6
 548 0208 0C       		.byte	12
 549 0209 18       		.byte	24
 550 020a 30       		.byte	48
 551 020b 60       		.byte	96
 552 020c 00       		.byte	0
 553 020d 00       		.byte	0
 554 020e 00       		.byte	0
 555 020f 00       		.byte	0
 556 0210 00       		.byte	0
 557 0211 00       		.byte	0
 558 0212 3E       		.byte	62
 559 0213 63       		.byte	99
 560 0214 63       		.byte	99
 561 0215 06       		.byte	6
 562 0216 0C       		.byte	12
 563 0217 0C       		.byte	12
 564 0218 0C       		.byte	12
 565 0219 00       		.byte	0
 566 021a 0C       		.byte	12
ARM GAS  C:\Users\kees\AppData\Local\Temp\ccYaogNB.s 			page 11


 567 021b 0C       		.byte	12
 568 021c 00       		.byte	0
 569 021d 00       		.byte	0
 570 021e 00       		.byte	0
 571 021f 00       		.byte	0
 572 0220 00       		.byte	0
 573 0221 00       		.byte	0
 574 0222 3E       		.byte	62
 575 0223 63       		.byte	99
 576 0224 63       		.byte	99
 577 0225 6F       		.byte	111
 578 0226 6B       		.byte	107
 579 0227 6B       		.byte	107
 580 0228 6E       		.byte	110
 581 0229 60       		.byte	96
 582 022a 60       		.byte	96
 583 022b 3E       		.byte	62
 584 022c 00       		.byte	0
 585 022d 00       		.byte	0
 586 022e 00       		.byte	0
 587 022f 00       		.byte	0
 588 0230 00       		.byte	0
 589 0231 00       		.byte	0
 590 0232 08       		.byte	8
 591 0233 1C       		.byte	28
 592 0234 36       		.byte	54
 593 0235 63       		.byte	99
 594 0236 63       		.byte	99
 595 0237 63       		.byte	99
 596 0238 7F       		.byte	127
 597 0239 63       		.byte	99
 598 023a 63       		.byte	99
 599 023b 63       		.byte	99
 600 023c 00       		.byte	0
 601 023d 00       		.byte	0
 602 023e 00       		.byte	0
 603 023f 00       		.byte	0
 604 0240 00       		.byte	0
 605 0241 00       		.byte	0
 606 0242 7E       		.byte	126
 607 0243 33       		.byte	51
 608 0244 33       		.byte	51
 609 0245 33       		.byte	51
 610 0246 3E       		.byte	62
 611 0247 33       		.byte	51
 612 0248 33       		.byte	51
 613 0249 33       		.byte	51
 614 024a 33       		.byte	51
 615 024b 7E       		.byte	126
 616 024c 00       		.byte	0
 617 024d 00       		.byte	0
 618 024e 00       		.byte	0
 619 024f 00       		.byte	0
 620 0250 00       		.byte	0
 621 0251 00       		.byte	0
 622 0252 1E       		.byte	30
 623 0253 33       		.byte	51
ARM GAS  C:\Users\kees\AppData\Local\Temp\ccYaogNB.s 			page 12


 624 0254 61       		.byte	97
 625 0255 60       		.byte	96
 626 0256 60       		.byte	96
 627 0257 60       		.byte	96
 628 0258 60       		.byte	96
 629 0259 61       		.byte	97
 630 025a 33       		.byte	51
 631 025b 1E       		.byte	30
 632 025c 00       		.byte	0
 633 025d 00       		.byte	0
 634 025e 00       		.byte	0
 635 025f 00       		.byte	0
 636 0260 00       		.byte	0
 637 0261 00       		.byte	0
 638 0262 7C       		.byte	124
 639 0263 36       		.byte	54
 640 0264 33       		.byte	51
 641 0265 33       		.byte	51
 642 0266 33       		.byte	51
 643 0267 33       		.byte	51
 644 0268 33       		.byte	51
 645 0269 33       		.byte	51
 646 026a 36       		.byte	54
 647 026b 7C       		.byte	124
 648 026c 00       		.byte	0
 649 026d 00       		.byte	0
 650 026e 00       		.byte	0
 651 026f 00       		.byte	0
 652 0270 00       		.byte	0
 653 0271 00       		.byte	0
 654 0272 7F       		.byte	127
 655 0273 33       		.byte	51
 656 0274 31       		.byte	49
 657 0275 34       		.byte	52
 658 0276 3C       		.byte	60
 659 0277 34       		.byte	52
 660 0278 30       		.byte	48
 661 0279 31       		.byte	49
 662 027a 33       		.byte	51
 663 027b 7F       		.byte	127
 664 027c 00       		.byte	0
 665 027d 00       		.byte	0
 666 027e 00       		.byte	0
 667 027f 00       		.byte	0
 668 0280 00       		.byte	0
 669 0281 00       		.byte	0
 670 0282 7F       		.byte	127
 671 0283 33       		.byte	51
 672 0284 31       		.byte	49
 673 0285 34       		.byte	52
 674 0286 3C       		.byte	60
 675 0287 34       		.byte	52
 676 0288 30       		.byte	48
 677 0289 30       		.byte	48
 678 028a 30       		.byte	48
 679 028b 78       		.byte	120
 680 028c 00       		.byte	0
ARM GAS  C:\Users\kees\AppData\Local\Temp\ccYaogNB.s 			page 13


 681 028d 00       		.byte	0
 682 028e 00       		.byte	0
 683 028f 00       		.byte	0
 684 0290 00       		.byte	0
 685 0291 00       		.byte	0
 686 0292 1E       		.byte	30
 687 0293 33       		.byte	51
 688 0294 61       		.byte	97
 689 0295 60       		.byte	96
 690 0296 60       		.byte	96
 691 0297 6F       		.byte	111
 692 0298 63       		.byte	99
 693 0299 63       		.byte	99
 694 029a 37       		.byte	55
 695 029b 1D       		.byte	29
 696 029c 00       		.byte	0
 697 029d 00       		.byte	0
 698 029e 00       		.byte	0
 699 029f 00       		.byte	0
 700 02a0 00       		.byte	0
 701 02a1 00       		.byte	0
 702 02a2 63       		.byte	99
 703 02a3 63       		.byte	99
 704 02a4 63       		.byte	99
 705 02a5 63       		.byte	99
 706 02a6 7F       		.byte	127
 707 02a7 63       		.byte	99
 708 02a8 63       		.byte	99
 709 02a9 63       		.byte	99
 710 02aa 63       		.byte	99
 711 02ab 63       		.byte	99
 712 02ac 00       		.byte	0
 713 02ad 00       		.byte	0
 714 02ae 00       		.byte	0
 715 02af 00       		.byte	0
 716 02b0 00       		.byte	0
 717 02b1 00       		.byte	0
 718 02b2 3C       		.byte	60
 719 02b3 18       		.byte	24
 720 02b4 18       		.byte	24
 721 02b5 18       		.byte	24
 722 02b6 18       		.byte	24
 723 02b7 18       		.byte	24
 724 02b8 18       		.byte	24
 725 02b9 18       		.byte	24
 726 02ba 18       		.byte	24
 727 02bb 3C       		.byte	60
 728 02bc 00       		.byte	0
 729 02bd 00       		.byte	0
 730 02be 00       		.byte	0
 731 02bf 00       		.byte	0
 732 02c0 00       		.byte	0
 733 02c1 00       		.byte	0
 734 02c2 0F       		.byte	15
 735 02c3 06       		.byte	6
 736 02c4 06       		.byte	6
 737 02c5 06       		.byte	6
ARM GAS  C:\Users\kees\AppData\Local\Temp\ccYaogNB.s 			page 14


 738 02c6 06       		.byte	6
 739 02c7 06       		.byte	6
 740 02c8 06       		.byte	6
 741 02c9 66       		.byte	102
 742 02ca 66       		.byte	102
 743 02cb 3C       		.byte	60
 744 02cc 00       		.byte	0
 745 02cd 00       		.byte	0
 746 02ce 00       		.byte	0
 747 02cf 00       		.byte	0
 748 02d0 00       		.byte	0
 749 02d1 00       		.byte	0
 750 02d2 73       		.byte	115
 751 02d3 33       		.byte	51
 752 02d4 36       		.byte	54
 753 02d5 36       		.byte	54
 754 02d6 3C       		.byte	60
 755 02d7 36       		.byte	54
 756 02d8 36       		.byte	54
 757 02d9 33       		.byte	51
 758 02da 33       		.byte	51
 759 02db 73       		.byte	115
 760 02dc 00       		.byte	0
 761 02dd 00       		.byte	0
 762 02de 00       		.byte	0
 763 02df 00       		.byte	0
 764 02e0 00       		.byte	0
 765 02e1 00       		.byte	0
 766 02e2 78       		.byte	120
 767 02e3 30       		.byte	48
 768 02e4 30       		.byte	48
 769 02e5 30       		.byte	48
 770 02e6 30       		.byte	48
 771 02e7 30       		.byte	48
 772 02e8 30       		.byte	48
 773 02e9 31       		.byte	49
 774 02ea 33       		.byte	51
 775 02eb 7F       		.byte	127
 776 02ec 00       		.byte	0
 777 02ed 00       		.byte	0
 778 02ee 00       		.byte	0
 779 02ef 00       		.byte	0
 780 02f0 00       		.byte	0
 781 02f1 00       		.byte	0
 782 02f2 63       		.byte	99
 783 02f3 77       		.byte	119
 784 02f4 7F       		.byte	127
 785 02f5 6B       		.byte	107
 786 02f6 63       		.byte	99
 787 02f7 63       		.byte	99
 788 02f8 63       		.byte	99
 789 02f9 63       		.byte	99
 790 02fa 63       		.byte	99
 791 02fb 63       		.byte	99
 792 02fc 00       		.byte	0
 793 02fd 00       		.byte	0
 794 02fe 00       		.byte	0
ARM GAS  C:\Users\kees\AppData\Local\Temp\ccYaogNB.s 			page 15


 795 02ff 00       		.byte	0
 796 0300 00       		.byte	0
 797 0301 00       		.byte	0
 798 0302 63       		.byte	99
 799 0303 63       		.byte	99
 800 0304 73       		.byte	115
 801 0305 7B       		.byte	123
 802 0306 7F       		.byte	127
 803 0307 6F       		.byte	111
 804 0308 67       		.byte	103
 805 0309 63       		.byte	99
 806 030a 63       		.byte	99
 807 030b 63       		.byte	99
 808 030c 00       		.byte	0
 809 030d 00       		.byte	0
 810 030e 00       		.byte	0
 811 030f 00       		.byte	0
 812 0310 00       		.byte	0
 813 0311 00       		.byte	0
 814 0312 1C       		.byte	28
 815 0313 36       		.byte	54
 816 0314 63       		.byte	99
 817 0315 63       		.byte	99
 818 0316 63       		.byte	99
 819 0317 63       		.byte	99
 820 0318 63       		.byte	99
 821 0319 63       		.byte	99
 822 031a 36       		.byte	54
 823 031b 1C       		.byte	28
 824 031c 00       		.byte	0
 825 031d 00       		.byte	0
 826 031e 00       		.byte	0
 827 031f 00       		.byte	0
 828 0320 00       		.byte	0
 829 0321 00       		.byte	0
 830 0322 7E       		.byte	126
 831 0323 33       		.byte	51
 832 0324 33       		.byte	51
 833 0325 33       		.byte	51
 834 0326 3E       		.byte	62
 835 0327 30       		.byte	48
 836 0328 30       		.byte	48
 837 0329 30       		.byte	48
 838 032a 30       		.byte	48
 839 032b 78       		.byte	120
 840 032c 00       		.byte	0
 841 032d 00       		.byte	0
 842 032e 00       		.byte	0
 843 032f 00       		.byte	0
 844 0330 00       		.byte	0
 845 0331 00       		.byte	0
 846 0332 3E       		.byte	62
 847 0333 63       		.byte	99
 848 0334 63       		.byte	99
 849 0335 63       		.byte	99
 850 0336 63       		.byte	99
 851 0337 63       		.byte	99
ARM GAS  C:\Users\kees\AppData\Local\Temp\ccYaogNB.s 			page 16


 852 0338 63       		.byte	99
 853 0339 6B       		.byte	107
 854 033a 6F       		.byte	111
 855 033b 3E       		.byte	62
 856 033c 06       		.byte	6
 857 033d 07       		.byte	7
 858 033e 00       		.byte	0
 859 033f 00       		.byte	0
 860 0340 00       		.byte	0
 861 0341 00       		.byte	0
 862 0342 7E       		.byte	126
 863 0343 33       		.byte	51
 864 0344 33       		.byte	51
 865 0345 33       		.byte	51
 866 0346 3E       		.byte	62
 867 0347 36       		.byte	54
 868 0348 36       		.byte	54
 869 0349 33       		.byte	51
 870 034a 33       		.byte	51
 871 034b 73       		.byte	115
 872 034c 00       		.byte	0
 873 034d 00       		.byte	0
 874 034e 00       		.byte	0
 875 034f 00       		.byte	0
 876 0350 00       		.byte	0
 877 0351 00       		.byte	0
 878 0352 3E       		.byte	62
 879 0353 63       		.byte	99
 880 0354 63       		.byte	99
 881 0355 30       		.byte	48
 882 0356 1C       		.byte	28
 883 0357 06       		.byte	6
 884 0358 03       		.byte	3
 885 0359 63       		.byte	99
 886 035a 63       		.byte	99
 887 035b 3E       		.byte	62
 888 035c 00       		.byte	0
 889 035d 00       		.byte	0
 890 035e 00       		.byte	0
 891 035f 00       		.byte	0
 892 0360 00       		.byte	0
 893 0361 00       		.byte	0
 894 0362 FF       		.byte	-1
 895 0363 DB       		.byte	-37
 896 0364 99       		.byte	-103
 897 0365 18       		.byte	24
 898 0366 18       		.byte	24
 899 0367 18       		.byte	24
 900 0368 18       		.byte	24
 901 0369 18       		.byte	24
 902 036a 18       		.byte	24
 903 036b 3C       		.byte	60
 904 036c 00       		.byte	0
 905 036d 00       		.byte	0
 906 036e 00       		.byte	0
 907 036f 00       		.byte	0
 908 0370 00       		.byte	0
ARM GAS  C:\Users\kees\AppData\Local\Temp\ccYaogNB.s 			page 17


 909 0371 00       		.byte	0
 910 0372 63       		.byte	99
 911 0373 63       		.byte	99
 912 0374 63       		.byte	99
 913 0375 63       		.byte	99
 914 0376 63       		.byte	99
 915 0377 63       		.byte	99
 916 0378 63       		.byte	99
 917 0379 63       		.byte	99
 918 037a 63       		.byte	99
 919 037b 3E       		.byte	62
 920 037c 00       		.byte	0
 921 037d 00       		.byte	0
 922 037e 00       		.byte	0
 923 037f 00       		.byte	0
 924 0380 00       		.byte	0
 925 0381 00       		.byte	0
 926 0382 63       		.byte	99
 927 0383 63       		.byte	99
 928 0384 63       		.byte	99
 929 0385 63       		.byte	99
 930 0386 63       		.byte	99
 931 0387 63       		.byte	99
 932 0388 63       		.byte	99
 933 0389 36       		.byte	54
 934 038a 1C       		.byte	28
 935 038b 08       		.byte	8
 936 038c 00       		.byte	0
 937 038d 00       		.byte	0
 938 038e 00       		.byte	0
 939 038f 00       		.byte	0
 940 0390 00       		.byte	0
 941 0391 00       		.byte	0
 942 0392 63       		.byte	99
 943 0393 63       		.byte	99
 944 0394 63       		.byte	99
 945 0395 63       		.byte	99
 946 0396 63       		.byte	99
 947 0397 6B       		.byte	107
 948 0398 6B       		.byte	107
 949 0399 7F       		.byte	127
 950 039a 36       		.byte	54
 951 039b 36       		.byte	54
 952 039c 00       		.byte	0
 953 039d 00       		.byte	0
 954 039e 00       		.byte	0
 955 039f 00       		.byte	0
 956 03a0 00       		.byte	0
 957 03a1 00       		.byte	0
 958 03a2 C3       		.byte	-61
 959 03a3 C3       		.byte	-61
 960 03a4 66       		.byte	102
 961 03a5 3C       		.byte	60
 962 03a6 18       		.byte	24
 963 03a7 18       		.byte	24
 964 03a8 3C       		.byte	60
 965 03a9 66       		.byte	102
ARM GAS  C:\Users\kees\AppData\Local\Temp\ccYaogNB.s 			page 18


 966 03aa C3       		.byte	-61
 967 03ab C3       		.byte	-61
 968 03ac 00       		.byte	0
 969 03ad 00       		.byte	0
 970 03ae 00       		.byte	0
 971 03af 00       		.byte	0
 972 03b0 00       		.byte	0
 973 03b1 00       		.byte	0
 974 03b2 C3       		.byte	-61
 975 03b3 C3       		.byte	-61
 976 03b4 C3       		.byte	-61
 977 03b5 66       		.byte	102
 978 03b6 3C       		.byte	60
 979 03b7 18       		.byte	24
 980 03b8 18       		.byte	24
 981 03b9 18       		.byte	24
 982 03ba 18       		.byte	24
 983 03bb 3C       		.byte	60
 984 03bc 00       		.byte	0
 985 03bd 00       		.byte	0
 986 03be 00       		.byte	0
 987 03bf 00       		.byte	0
 988 03c0 00       		.byte	0
 989 03c1 00       		.byte	0
 990 03c2 7F       		.byte	127
 991 03c3 63       		.byte	99
 992 03c4 43       		.byte	67
 993 03c5 06       		.byte	6
 994 03c6 0C       		.byte	12
 995 03c7 18       		.byte	24
 996 03c8 30       		.byte	48
 997 03c9 61       		.byte	97
 998 03ca 63       		.byte	99
 999 03cb 7F       		.byte	127
 1000 03cc 00       		.byte	0
 1001 03cd 00       		.byte	0
 1002 03ce 00       		.byte	0
 1003 03cf 00       		.byte	0
 1004 03d0 00       		.byte	0
 1005 03d1 00       		.byte	0
 1006 03d2 3C       		.byte	60
 1007 03d3 30       		.byte	48
 1008 03d4 30       		.byte	48
 1009 03d5 30       		.byte	48
 1010 03d6 30       		.byte	48
 1011 03d7 30       		.byte	48
 1012 03d8 30       		.byte	48
 1013 03d9 30       		.byte	48
 1014 03da 30       		.byte	48
 1015 03db 3C       		.byte	60
 1016 03dc 00       		.byte	0
 1017 03dd 00       		.byte	0
 1018 03de 00       		.byte	0
 1019 03df 00       		.byte	0
 1020 03e0 00       		.byte	0
 1021 03e1 00       		.byte	0
 1022 03e2 80       		.byte	-128
ARM GAS  C:\Users\kees\AppData\Local\Temp\ccYaogNB.s 			page 19


 1023 03e3 C0       		.byte	-64
 1024 03e4 E0       		.byte	-32
 1025 03e5 70       		.byte	112
 1026 03e6 38       		.byte	56
 1027 03e7 1C       		.byte	28
 1028 03e8 0E       		.byte	14
 1029 03e9 07       		.byte	7
 1030 03ea 03       		.byte	3
 1031 03eb 01       		.byte	1
 1032 03ec 00       		.byte	0
 1033 03ed 00       		.byte	0
 1034 03ee 00       		.byte	0
 1035 03ef 00       		.byte	0
 1036 03f0 00       		.byte	0
 1037 03f1 00       		.byte	0
 1038 03f2 3C       		.byte	60
 1039 03f3 0C       		.byte	12
 1040 03f4 0C       		.byte	12
 1041 03f5 0C       		.byte	12
 1042 03f6 0C       		.byte	12
 1043 03f7 0C       		.byte	12
 1044 03f8 0C       		.byte	12
 1045 03f9 0C       		.byte	12
 1046 03fa 0C       		.byte	12
 1047 03fb 3C       		.byte	60
 1048 03fc 00       		.byte	0
 1049 03fd 00       		.byte	0
 1050 03fe 00       		.byte	0
 1051 03ff 00       		.byte	0
 1052 0400 08       		.byte	8
 1053 0401 1C       		.byte	28
 1054 0402 36       		.byte	54
 1055 0403 63       		.byte	99
 1056 0404 00       		.byte	0
 1057 0405 00       		.byte	0
 1058 0406 00       		.byte	0
 1059 0407 00       		.byte	0
 1060 0408 00       		.byte	0
 1061 0409 00       		.byte	0
 1062 040a 00       		.byte	0
 1063 040b 00       		.byte	0
 1064 040c 00       		.byte	0
 1065 040d 00       		.byte	0
 1066 040e 00       		.byte	0
 1067 040f 00       		.byte	0
 1068 0410 00       		.byte	0
 1069 0411 00       		.byte	0
 1070 0412 00       		.byte	0
 1071 0413 00       		.byte	0
 1072 0414 00       		.byte	0
 1073 0415 00       		.byte	0
 1074 0416 00       		.byte	0
 1075 0417 00       		.byte	0
 1076 0418 00       		.byte	0
 1077 0419 00       		.byte	0
 1078 041a 00       		.byte	0
 1079 041b 00       		.byte	0
ARM GAS  C:\Users\kees\AppData\Local\Temp\ccYaogNB.s 			page 20


 1080 041c FF       		.byte	-1
 1081 041d 00       		.byte	0
 1082 041e 00       		.byte	0
 1083 041f 00       		.byte	0
 1084 0420 18       		.byte	24
 1085 0421 18       		.byte	24
 1086 0422 0C       		.byte	12
 1087 0423 00       		.byte	0
 1088 0424 00       		.byte	0
 1089 0425 00       		.byte	0
 1090 0426 00       		.byte	0
 1091 0427 00       		.byte	0
 1092 0428 00       		.byte	0
 1093 0429 00       		.byte	0
 1094 042a 00       		.byte	0
 1095 042b 00       		.byte	0
 1096 042c 00       		.byte	0
 1097 042d 00       		.byte	0
 1098 042e 00       		.byte	0
 1099 042f 00       		.byte	0
 1100 0430 00       		.byte	0
 1101 0431 00       		.byte	0
 1102 0432 00       		.byte	0
 1103 0433 00       		.byte	0
 1104 0434 00       		.byte	0
 1105 0435 3C       		.byte	60
 1106 0436 46       		.byte	70
 1107 0437 06       		.byte	6
 1108 0438 3E       		.byte	62
 1109 0439 66       		.byte	102
 1110 043a 66       		.byte	102
 1111 043b 3B       		.byte	59
 1112 043c 00       		.byte	0
 1113 043d 00       		.byte	0
 1114 043e 00       		.byte	0
 1115 043f 00       		.byte	0
 1116 0440 00       		.byte	0
 1117 0441 00       		.byte	0
 1118 0442 70       		.byte	112
 1119 0443 30       		.byte	48
 1120 0444 30       		.byte	48
 1121 0445 3C       		.byte	60
 1122 0446 36       		.byte	54
 1123 0447 33       		.byte	51
 1124 0448 33       		.byte	51
 1125 0449 33       		.byte	51
 1126 044a 33       		.byte	51
 1127 044b 6E       		.byte	110
 1128 044c 00       		.byte	0
 1129 044d 00       		.byte	0
 1130 044e 00       		.byte	0
 1131 044f 00       		.byte	0
 1132 0450 00       		.byte	0
 1133 0451 00       		.byte	0
 1134 0452 00       		.byte	0
 1135 0453 00       		.byte	0
 1136 0454 00       		.byte	0
ARM GAS  C:\Users\kees\AppData\Local\Temp\ccYaogNB.s 			page 21


 1137 0455 3E       		.byte	62
 1138 0456 63       		.byte	99
 1139 0457 60       		.byte	96
 1140 0458 60       		.byte	96
 1141 0459 60       		.byte	96
 1142 045a 63       		.byte	99
 1143 045b 3E       		.byte	62
 1144 045c 00       		.byte	0
 1145 045d 00       		.byte	0
 1146 045e 00       		.byte	0
 1147 045f 00       		.byte	0
 1148 0460 00       		.byte	0
 1149 0461 00       		.byte	0
 1150 0462 0E       		.byte	14
 1151 0463 06       		.byte	6
 1152 0464 06       		.byte	6
 1153 0465 1E       		.byte	30
 1154 0466 36       		.byte	54
 1155 0467 66       		.byte	102
 1156 0468 66       		.byte	102
 1157 0469 66       		.byte	102
 1158 046a 66       		.byte	102
 1159 046b 3B       		.byte	59
 1160 046c 00       		.byte	0
 1161 046d 00       		.byte	0
 1162 046e 00       		.byte	0
 1163 046f 00       		.byte	0
 1164 0470 00       		.byte	0
 1165 0471 00       		.byte	0
 1166 0472 00       		.byte	0
 1167 0473 00       		.byte	0
 1168 0474 00       		.byte	0
 1169 0475 3E       		.byte	62
 1170 0476 63       		.byte	99
 1171 0477 63       		.byte	99
 1172 0478 7E       		.byte	126
 1173 0479 60       		.byte	96
 1174 047a 63       		.byte	99
 1175 047b 3E       		.byte	62
 1176 047c 00       		.byte	0
 1177 047d 00       		.byte	0
 1178 047e 00       		.byte	0
 1179 047f 00       		.byte	0
 1180 0480 00       		.byte	0
 1181 0481 00       		.byte	0
 1182 0482 1C       		.byte	28
 1183 0483 36       		.byte	54
 1184 0484 32       		.byte	50
 1185 0485 30       		.byte	48
 1186 0486 7C       		.byte	124
 1187 0487 30       		.byte	48
 1188 0488 30       		.byte	48
 1189 0489 30       		.byte	48
 1190 048a 30       		.byte	48
 1191 048b 78       		.byte	120
 1192 048c 00       		.byte	0
 1193 048d 00       		.byte	0
ARM GAS  C:\Users\kees\AppData\Local\Temp\ccYaogNB.s 			page 22


 1194 048e 00       		.byte	0
 1195 048f 00       		.byte	0
 1196 0490 00       		.byte	0
 1197 0491 00       		.byte	0
 1198 0492 00       		.byte	0
 1199 0493 00       		.byte	0
 1200 0494 00       		.byte	0
 1201 0495 3B       		.byte	59
 1202 0496 66       		.byte	102
 1203 0497 66       		.byte	102
 1204 0498 66       		.byte	102
 1205 0499 66       		.byte	102
 1206 049a 3E       		.byte	62
 1207 049b 06       		.byte	6
 1208 049c 66       		.byte	102
 1209 049d 3C       		.byte	60
 1210 049e 00       		.byte	0
 1211 049f 00       		.byte	0
 1212 04a0 00       		.byte	0
 1213 04a1 00       		.byte	0
 1214 04a2 70       		.byte	112
 1215 04a3 30       		.byte	48
 1216 04a4 30       		.byte	48
 1217 04a5 36       		.byte	54
 1218 04a6 3B       		.byte	59
 1219 04a7 33       		.byte	51
 1220 04a8 33       		.byte	51
 1221 04a9 33       		.byte	51
 1222 04aa 33       		.byte	51
 1223 04ab 73       		.byte	115
 1224 04ac 00       		.byte	0
 1225 04ad 00       		.byte	0
 1226 04ae 00       		.byte	0
 1227 04af 00       		.byte	0
 1228 04b0 00       		.byte	0
 1229 04b1 00       		.byte	0
 1230 04b2 0C       		.byte	12
 1231 04b3 0C       		.byte	12
 1232 04b4 00       		.byte	0
 1233 04b5 1C       		.byte	28
 1234 04b6 0C       		.byte	12
 1235 04b7 0C       		.byte	12
 1236 04b8 0C       		.byte	12
 1237 04b9 0C       		.byte	12
 1238 04ba 0C       		.byte	12
 1239 04bb 1E       		.byte	30
 1240 04bc 00       		.byte	0
 1241 04bd 00       		.byte	0
 1242 04be 00       		.byte	0
 1243 04bf 00       		.byte	0
 1244 04c0 00       		.byte	0
 1245 04c1 00       		.byte	0
 1246 04c2 06       		.byte	6
 1247 04c3 06       		.byte	6
 1248 04c4 00       		.byte	0
 1249 04c5 0E       		.byte	14
 1250 04c6 06       		.byte	6
ARM GAS  C:\Users\kees\AppData\Local\Temp\ccYaogNB.s 			page 23


 1251 04c7 06       		.byte	6
 1252 04c8 06       		.byte	6
 1253 04c9 06       		.byte	6
 1254 04ca 06       		.byte	6
 1255 04cb 66       		.byte	102
 1256 04cc 66       		.byte	102
 1257 04cd 3C       		.byte	60
 1258 04ce 00       		.byte	0
 1259 04cf 00       		.byte	0
 1260 04d0 00       		.byte	0
 1261 04d1 00       		.byte	0
 1262 04d2 70       		.byte	112
 1263 04d3 30       		.byte	48
 1264 04d4 30       		.byte	48
 1265 04d5 33       		.byte	51
 1266 04d6 33       		.byte	51
 1267 04d7 36       		.byte	54
 1268 04d8 3C       		.byte	60
 1269 04d9 36       		.byte	54
 1270 04da 33       		.byte	51
 1271 04db 73       		.byte	115
 1272 04dc 00       		.byte	0
 1273 04dd 00       		.byte	0
 1274 04de 00       		.byte	0
 1275 04df 00       		.byte	0
 1276 04e0 00       		.byte	0
 1277 04e1 00       		.byte	0
 1278 04e2 1C       		.byte	28
 1279 04e3 0C       		.byte	12
 1280 04e4 0C       		.byte	12
 1281 04e5 0C       		.byte	12
 1282 04e6 0C       		.byte	12
 1283 04e7 0C       		.byte	12
 1284 04e8 0C       		.byte	12
 1285 04e9 0C       		.byte	12
 1286 04ea 0C       		.byte	12
 1287 04eb 1E       		.byte	30
 1288 04ec 00       		.byte	0
 1289 04ed 00       		.byte	0
 1290 04ee 00       		.byte	0
 1291 04ef 00       		.byte	0
 1292 04f0 00       		.byte	0
 1293 04f1 00       		.byte	0
 1294 04f2 00       		.byte	0
 1295 04f3 00       		.byte	0
 1296 04f4 00       		.byte	0
 1297 04f5 6E       		.byte	110
 1298 04f6 7F       		.byte	127
 1299 04f7 6B       		.byte	107
 1300 04f8 6B       		.byte	107
 1301 04f9 6B       		.byte	107
 1302 04fa 6B       		.byte	107
 1303 04fb 6B       		.byte	107
 1304 04fc 00       		.byte	0
 1305 04fd 00       		.byte	0
 1306 04fe 00       		.byte	0
 1307 04ff 00       		.byte	0
ARM GAS  C:\Users\kees\AppData\Local\Temp\ccYaogNB.s 			page 24


 1308 0500 00       		.byte	0
 1309 0501 00       		.byte	0
 1310 0502 00       		.byte	0
 1311 0503 00       		.byte	0
 1312 0504 00       		.byte	0
 1313 0505 6E       		.byte	110
 1314 0506 33       		.byte	51
 1315 0507 33       		.byte	51
 1316 0508 33       		.byte	51
 1317 0509 33       		.byte	51
 1318 050a 33       		.byte	51
 1319 050b 33       		.byte	51
 1320 050c 00       		.byte	0
 1321 050d 00       		.byte	0
 1322 050e 00       		.byte	0
 1323 050f 00       		.byte	0
 1324 0510 00       		.byte	0
 1325 0511 00       		.byte	0
 1326 0512 00       		.byte	0
 1327 0513 00       		.byte	0
 1328 0514 00       		.byte	0
 1329 0515 3E       		.byte	62
 1330 0516 63       		.byte	99
 1331 0517 63       		.byte	99
 1332 0518 63       		.byte	99
 1333 0519 63       		.byte	99
 1334 051a 63       		.byte	99
 1335 051b 3E       		.byte	62
 1336 051c 00       		.byte	0
 1337 051d 00       		.byte	0
 1338 051e 00       		.byte	0
 1339 051f 00       		.byte	0
 1340 0520 00       		.byte	0
 1341 0521 00       		.byte	0
 1342 0522 00       		.byte	0
 1343 0523 00       		.byte	0
 1344 0524 00       		.byte	0
 1345 0525 6E       		.byte	110
 1346 0526 33       		.byte	51
 1347 0527 33       		.byte	51
 1348 0528 33       		.byte	51
 1349 0529 33       		.byte	51
 1350 052a 3E       		.byte	62
 1351 052b 30       		.byte	48
 1352 052c 30       		.byte	48
 1353 052d 78       		.byte	120
 1354 052e 00       		.byte	0
 1355 052f 00       		.byte	0
 1356 0530 00       		.byte	0
 1357 0531 00       		.byte	0
 1358 0532 00       		.byte	0
 1359 0533 00       		.byte	0
 1360 0534 00       		.byte	0
 1361 0535 3B       		.byte	59
 1362 0536 66       		.byte	102
 1363 0537 66       		.byte	102
 1364 0538 66       		.byte	102
ARM GAS  C:\Users\kees\AppData\Local\Temp\ccYaogNB.s 			page 25


 1365 0539 66       		.byte	102
 1366 053a 3E       		.byte	62
 1367 053b 06       		.byte	6
 1368 053c 06       		.byte	6
 1369 053d 0F       		.byte	15
 1370 053e 00       		.byte	0
 1371 053f 00       		.byte	0
 1372 0540 00       		.byte	0
 1373 0541 00       		.byte	0
 1374 0542 00       		.byte	0
 1375 0543 00       		.byte	0
 1376 0544 00       		.byte	0
 1377 0545 6E       		.byte	110
 1378 0546 3B       		.byte	59
 1379 0547 33       		.byte	51
 1380 0548 30       		.byte	48
 1381 0549 30       		.byte	48
 1382 054a 30       		.byte	48
 1383 054b 78       		.byte	120
 1384 054c 00       		.byte	0
 1385 054d 00       		.byte	0
 1386 054e 00       		.byte	0
 1387 054f 00       		.byte	0
 1388 0550 00       		.byte	0
 1389 0551 00       		.byte	0
 1390 0552 00       		.byte	0
 1391 0553 00       		.byte	0
 1392 0554 00       		.byte	0
 1393 0555 3E       		.byte	62
 1394 0556 63       		.byte	99
 1395 0557 38       		.byte	56
 1396 0558 0E       		.byte	14
 1397 0559 03       		.byte	3
 1398 055a 63       		.byte	99
 1399 055b 3E       		.byte	62
 1400 055c 00       		.byte	0
 1401 055d 00       		.byte	0
 1402 055e 00       		.byte	0
 1403 055f 00       		.byte	0
 1404 0560 00       		.byte	0
 1405 0561 00       		.byte	0
 1406 0562 08       		.byte	8
 1407 0563 18       		.byte	24
 1408 0564 18       		.byte	24
 1409 0565 7E       		.byte	126
 1410 0566 18       		.byte	24
 1411 0567 18       		.byte	24
 1412 0568 18       		.byte	24
 1413 0569 18       		.byte	24
 1414 056a 1B       		.byte	27
 1415 056b 0E       		.byte	14
 1416 056c 00       		.byte	0
 1417 056d 00       		.byte	0
 1418 056e 00       		.byte	0
 1419 056f 00       		.byte	0
 1420 0570 00       		.byte	0
 1421 0571 00       		.byte	0
ARM GAS  C:\Users\kees\AppData\Local\Temp\ccYaogNB.s 			page 26


 1422 0572 00       		.byte	0
 1423 0573 00       		.byte	0
 1424 0574 00       		.byte	0
 1425 0575 66       		.byte	102
 1426 0576 66       		.byte	102
 1427 0577 66       		.byte	102
 1428 0578 66       		.byte	102
 1429 0579 66       		.byte	102
 1430 057a 66       		.byte	102
 1431 057b 3B       		.byte	59
 1432 057c 00       		.byte	0
 1433 057d 00       		.byte	0
 1434 057e 00       		.byte	0
 1435 057f 00       		.byte	0
 1436 0580 00       		.byte	0
 1437 0581 00       		.byte	0
 1438 0582 00       		.byte	0
 1439 0583 00       		.byte	0
 1440 0584 00       		.byte	0
 1441 0585 63       		.byte	99
 1442 0586 63       		.byte	99
 1443 0587 36       		.byte	54
 1444 0588 36       		.byte	54
 1445 0589 1C       		.byte	28
 1446 058a 1C       		.byte	28
 1447 058b 08       		.byte	8
 1448 058c 00       		.byte	0
 1449 058d 00       		.byte	0
 1450 058e 00       		.byte	0
 1451 058f 00       		.byte	0
 1452 0590 00       		.byte	0
 1453 0591 00       		.byte	0
 1454 0592 00       		.byte	0
 1455 0593 00       		.byte	0
 1456 0594 00       		.byte	0
 1457 0595 63       		.byte	99
 1458 0596 63       		.byte	99
 1459 0597 63       		.byte	99
 1460 0598 6B       		.byte	107
 1461 0599 6B       		.byte	107
 1462 059a 7F       		.byte	127
 1463 059b 36       		.byte	54
 1464 059c 00       		.byte	0
 1465 059d 00       		.byte	0
 1466 059e 00       		.byte	0
 1467 059f 00       		.byte	0
 1468 05a0 00       		.byte	0
 1469 05a1 00       		.byte	0
 1470 05a2 00       		.byte	0
 1471 05a3 00       		.byte	0
 1472 05a4 00       		.byte	0
 1473 05a5 63       		.byte	99
 1474 05a6 36       		.byte	54
 1475 05a7 1C       		.byte	28
 1476 05a8 1C       		.byte	28
 1477 05a9 1C       		.byte	28
 1478 05aa 36       		.byte	54
ARM GAS  C:\Users\kees\AppData\Local\Temp\ccYaogNB.s 			page 27


 1479 05ab 63       		.byte	99
 1480 05ac 00       		.byte	0
 1481 05ad 00       		.byte	0
 1482 05ae 00       		.byte	0
 1483 05af 00       		.byte	0
 1484 05b0 00       		.byte	0
 1485 05b1 00       		.byte	0
 1486 05b2 00       		.byte	0
 1487 05b3 00       		.byte	0
 1488 05b4 00       		.byte	0
 1489 05b5 63       		.byte	99
 1490 05b6 63       		.byte	99
 1491 05b7 63       		.byte	99
 1492 05b8 63       		.byte	99
 1493 05b9 63       		.byte	99
 1494 05ba 3F       		.byte	63
 1495 05bb 03       		.byte	3
 1496 05bc 06       		.byte	6
 1497 05bd 3C       		.byte	60
 1498 05be 00       		.byte	0
 1499 05bf 00       		.byte	0
 1500 05c0 00       		.byte	0
 1501 05c1 00       		.byte	0
 1502 05c2 00       		.byte	0
 1503 05c3 00       		.byte	0
 1504 05c4 00       		.byte	0
 1505 05c5 7F       		.byte	127
 1506 05c6 66       		.byte	102
 1507 05c7 0C       		.byte	12
 1508 05c8 18       		.byte	24
 1509 05c9 30       		.byte	48
 1510 05ca 63       		.byte	99
 1511 05cb 7F       		.byte	127
 1512 05cc 00       		.byte	0
 1513 05cd 00       		.byte	0
 1514 05ce 00       		.byte	0
 1515 05cf 00       		.byte	0
 1516 05d0 00       		.byte	0
 1517 05d1 00       		.byte	0
 1518 05d2 0E       		.byte	14
 1519 05d3 18       		.byte	24
 1520 05d4 18       		.byte	24
 1521 05d5 18       		.byte	24
 1522 05d6 70       		.byte	112
 1523 05d7 18       		.byte	24
 1524 05d8 18       		.byte	24
 1525 05d9 18       		.byte	24
 1526 05da 18       		.byte	24
 1527 05db 0E       		.byte	14
 1528 05dc 00       		.byte	0
 1529 05dd 00       		.byte	0
 1530 05de 00       		.byte	0
 1531 05df 00       		.byte	0
 1532 05e0 00       		.byte	0
 1533 05e1 00       		.byte	0
 1534 05e2 18       		.byte	24
 1535 05e3 18       		.byte	24
ARM GAS  C:\Users\kees\AppData\Local\Temp\ccYaogNB.s 			page 28


 1536 05e4 18       		.byte	24
 1537 05e5 18       		.byte	24
 1538 05e6 18       		.byte	24
 1539 05e7 00       		.byte	0
 1540 05e8 18       		.byte	24
 1541 05e9 18       		.byte	24
 1542 05ea 18       		.byte	24
 1543 05eb 18       		.byte	24
 1544 05ec 18       		.byte	24
 1545 05ed 00       		.byte	0
 1546 05ee 00       		.byte	0
 1547 05ef 00       		.byte	0
 1548 05f0 00       		.byte	0
 1549 05f1 00       		.byte	0
 1550 05f2 70       		.byte	112
 1551 05f3 18       		.byte	24
 1552 05f4 18       		.byte	24
 1553 05f5 18       		.byte	24
 1554 05f6 0E       		.byte	14
 1555 05f7 18       		.byte	24
 1556 05f8 18       		.byte	24
 1557 05f9 18       		.byte	24
 1558 05fa 18       		.byte	24
 1559 05fb 70       		.byte	112
 1560 05fc 00       		.byte	0
 1561 05fd 00       		.byte	0
 1562 05fe 00       		.byte	0
 1563 05ff 00       		.byte	0
 1564 0600 00       		.byte	0
 1565 0601 00       		.byte	0
 1566 0602 3B       		.byte	59
 1567 0603 6E       		.byte	110
 1568 0604 00       		.byte	0
 1569 0605 00       		.byte	0
 1570 0606 00       		.byte	0
 1571 0607 00       		.byte	0
 1572 0608 00       		.byte	0
 1573 0609 00       		.byte	0
 1574 060a 00       		.byte	0
 1575 060b 00       		.byte	0
 1576 060c 00       		.byte	0
 1577 060d 00       		.byte	0
 1578 060e 00       		.byte	0
 1579 060f 00       		.byte	0
 1580              		.text
 1581              	.Letext0:
 1582              		.file 1 ".\\Generated_Source\\PSoC4\\/cytypes.h"
 1583              		.file 2 ".\\Generated_Source\\PSoC4\\LCD_Font.c"
 1584              		.section	.debug_info
 1585 0000 B8000000 		.4byte	0xb8
 1586 0004 0200     		.2byte	0x2
 1587 0006 00000000 		.4byte	.Ldebug_abbrev0
 1588 000a 04       		.byte	0x4
 1589 000b 01       		.uleb128 0x1
 1590 000c A3000000 		.4byte	.LASF12
 1591 0010 01       		.byte	0x1
 1592 0011 0E000000 		.4byte	.LASF13
ARM GAS  C:\Users\kees\AppData\Local\Temp\ccYaogNB.s 			page 29


 1593 0015 CD000000 		.4byte	.LASF14
 1594 0019 00000000 		.4byte	.Ltext0
 1595 001d 00000000 		.4byte	.Letext0
 1596 0021 00000000 		.4byte	.Ldebug_line0
 1597 0025 02       		.uleb128 0x2
 1598 0026 01       		.byte	0x1
 1599 0027 06       		.byte	0x6
 1600 0028 29010000 		.4byte	.LASF0
 1601 002c 02       		.uleb128 0x2
 1602 002d 01       		.byte	0x1
 1603 002e 08       		.byte	0x8
 1604 002f 38000000 		.4byte	.LASF1
 1605 0033 02       		.uleb128 0x2
 1606 0034 02       		.byte	0x2
 1607 0035 05       		.byte	0x5
 1608 0036 B4000000 		.4byte	.LASF2
 1609 003a 02       		.uleb128 0x2
 1610 003b 02       		.byte	0x2
 1611 003c 07       		.byte	0x7
 1612 003d 58000000 		.4byte	.LASF3
 1613 0041 02       		.uleb128 0x2
 1614 0042 04       		.byte	0x4
 1615 0043 05       		.byte	0x5
 1616 0044 C4000000 		.4byte	.LASF4
 1617 0048 02       		.uleb128 0x2
 1618 0049 04       		.byte	0x4
 1619 004a 07       		.byte	0x7
 1620 004b 46000000 		.4byte	.LASF5
 1621 004f 02       		.uleb128 0x2
 1622 0050 08       		.byte	0x8
 1623 0051 05       		.byte	0x5
 1624 0052 00000000 		.4byte	.LASF6
 1625 0056 02       		.uleb128 0x2
 1626 0057 08       		.byte	0x8
 1627 0058 07       		.byte	0x7
 1628 0059 8C000000 		.4byte	.LASF7
 1629 005d 03       		.uleb128 0x3
 1630 005e 04       		.byte	0x4
 1631 005f 05       		.byte	0x5
 1632 0060 696E7400 		.ascii	"int\000"
 1633 0064 02       		.uleb128 0x2
 1634 0065 04       		.byte	0x4
 1635 0066 07       		.byte	0x7
 1636 0067 7F000000 		.4byte	.LASF8
 1637 006b 04       		.uleb128 0x4
 1638 006c BE000000 		.4byte	.LASF15
 1639 0070 01       		.byte	0x1
 1640 0071 4C       		.byte	0x4c
 1641 0072 2C000000 		.4byte	0x2c
 1642 0076 02       		.uleb128 0x2
 1643 0077 04       		.byte	0x4
 1644 0078 04       		.byte	0x4
 1645 0079 32000000 		.4byte	.LASF9
 1646 007d 02       		.uleb128 0x2
 1647 007e 08       		.byte	0x8
 1648 007f 04       		.byte	0x4
 1649 0080 6B000000 		.4byte	.LASF10
ARM GAS  C:\Users\kees\AppData\Local\Temp\ccYaogNB.s 			page 30


 1650 0084 02       		.uleb128 0x2
 1651 0085 01       		.byte	0x1
 1652 0086 08       		.byte	0x8
 1653 0087 AF000000 		.4byte	.LASF11
 1654 008b 05       		.uleb128 0x5
 1655 008c 6B000000 		.4byte	0x6b
 1656 0090 A1000000 		.4byte	0xa1
 1657 0094 06       		.uleb128 0x6
 1658 0095 A1000000 		.4byte	0xa1
 1659 0099 60       		.byte	0x60
 1660 009a 06       		.uleb128 0x6
 1661 009b A1000000 		.4byte	0xa1
 1662 009f 0F       		.byte	0xf
 1663 00a0 00       		.byte	0x0
 1664 00a1 07       		.uleb128 0x7
 1665 00a2 04       		.byte	0x4
 1666 00a3 07       		.byte	0x7
 1667 00a4 08       		.uleb128 0x8
 1668 00a5 72000000 		.4byte	.LASF16
 1669 00a9 02       		.byte	0x2
 1670 00aa 1B       		.byte	0x1b
 1671 00ab B6000000 		.4byte	0xb6
 1672 00af 01       		.byte	0x1
 1673 00b0 05       		.byte	0x5
 1674 00b1 03       		.byte	0x3
 1675 00b2 00000000 		.4byte	LCD_FONT8x16
 1676 00b6 09       		.uleb128 0x9
 1677 00b7 8B000000 		.4byte	0x8b
 1678 00bb 00       		.byte	0x0
 1679              		.section	.debug_abbrev
 1680 0000 01       		.uleb128 0x1
 1681 0001 11       		.uleb128 0x11
 1682 0002 01       		.byte	0x1
 1683 0003 25       		.uleb128 0x25
 1684 0004 0E       		.uleb128 0xe
 1685 0005 13       		.uleb128 0x13
 1686 0006 0B       		.uleb128 0xb
 1687 0007 03       		.uleb128 0x3
 1688 0008 0E       		.uleb128 0xe
 1689 0009 1B       		.uleb128 0x1b
 1690 000a 0E       		.uleb128 0xe
 1691 000b 11       		.uleb128 0x11
 1692 000c 01       		.uleb128 0x1
 1693 000d 12       		.uleb128 0x12
 1694 000e 01       		.uleb128 0x1
 1695 000f 10       		.uleb128 0x10
 1696 0010 06       		.uleb128 0x6
 1697 0011 00       		.byte	0x0
 1698 0012 00       		.byte	0x0
 1699 0013 02       		.uleb128 0x2
 1700 0014 24       		.uleb128 0x24
 1701 0015 00       		.byte	0x0
 1702 0016 0B       		.uleb128 0xb
 1703 0017 0B       		.uleb128 0xb
 1704 0018 3E       		.uleb128 0x3e
 1705 0019 0B       		.uleb128 0xb
 1706 001a 03       		.uleb128 0x3
ARM GAS  C:\Users\kees\AppData\Local\Temp\ccYaogNB.s 			page 31


 1707 001b 0E       		.uleb128 0xe
 1708 001c 00       		.byte	0x0
 1709 001d 00       		.byte	0x0
 1710 001e 03       		.uleb128 0x3
 1711 001f 24       		.uleb128 0x24
 1712 0020 00       		.byte	0x0
 1713 0021 0B       		.uleb128 0xb
 1714 0022 0B       		.uleb128 0xb
 1715 0023 3E       		.uleb128 0x3e
 1716 0024 0B       		.uleb128 0xb
 1717 0025 03       		.uleb128 0x3
 1718 0026 08       		.uleb128 0x8
 1719 0027 00       		.byte	0x0
 1720 0028 00       		.byte	0x0
 1721 0029 04       		.uleb128 0x4
 1722 002a 16       		.uleb128 0x16
 1723 002b 00       		.byte	0x0
 1724 002c 03       		.uleb128 0x3
 1725 002d 0E       		.uleb128 0xe
 1726 002e 3A       		.uleb128 0x3a
 1727 002f 0B       		.uleb128 0xb
 1728 0030 3B       		.uleb128 0x3b
 1729 0031 0B       		.uleb128 0xb
 1730 0032 49       		.uleb128 0x49
 1731 0033 13       		.uleb128 0x13
 1732 0034 00       		.byte	0x0
 1733 0035 00       		.byte	0x0
 1734 0036 05       		.uleb128 0x5
 1735 0037 01       		.uleb128 0x1
 1736 0038 01       		.byte	0x1
 1737 0039 49       		.uleb128 0x49
 1738 003a 13       		.uleb128 0x13
 1739 003b 01       		.uleb128 0x1
 1740 003c 13       		.uleb128 0x13
 1741 003d 00       		.byte	0x0
 1742 003e 00       		.byte	0x0
 1743 003f 06       		.uleb128 0x6
 1744 0040 21       		.uleb128 0x21
 1745 0041 00       		.byte	0x0
 1746 0042 49       		.uleb128 0x49
 1747 0043 13       		.uleb128 0x13
 1748 0044 2F       		.uleb128 0x2f
 1749 0045 0B       		.uleb128 0xb
 1750 0046 00       		.byte	0x0
 1751 0047 00       		.byte	0x0
 1752 0048 07       		.uleb128 0x7
 1753 0049 24       		.uleb128 0x24
 1754 004a 00       		.byte	0x0
 1755 004b 0B       		.uleb128 0xb
 1756 004c 0B       		.uleb128 0xb
 1757 004d 3E       		.uleb128 0x3e
 1758 004e 0B       		.uleb128 0xb
 1759 004f 00       		.byte	0x0
 1760 0050 00       		.byte	0x0
 1761 0051 08       		.uleb128 0x8
 1762 0052 34       		.uleb128 0x34
 1763 0053 00       		.byte	0x0
ARM GAS  C:\Users\kees\AppData\Local\Temp\ccYaogNB.s 			page 32


 1764 0054 03       		.uleb128 0x3
 1765 0055 0E       		.uleb128 0xe
 1766 0056 3A       		.uleb128 0x3a
 1767 0057 0B       		.uleb128 0xb
 1768 0058 3B       		.uleb128 0x3b
 1769 0059 0B       		.uleb128 0xb
 1770 005a 49       		.uleb128 0x49
 1771 005b 13       		.uleb128 0x13
 1772 005c 3F       		.uleb128 0x3f
 1773 005d 0C       		.uleb128 0xc
 1774 005e 02       		.uleb128 0x2
 1775 005f 0A       		.uleb128 0xa
 1776 0060 00       		.byte	0x0
 1777 0061 00       		.byte	0x0
 1778 0062 09       		.uleb128 0x9
 1779 0063 26       		.uleb128 0x26
 1780 0064 00       		.byte	0x0
 1781 0065 49       		.uleb128 0x49
 1782 0066 13       		.uleb128 0x13
 1783 0067 00       		.byte	0x0
 1784 0068 00       		.byte	0x0
 1785 0069 00       		.byte	0x0
 1786              		.section	.debug_pubnames,"",%progbits
 1787 0000 1F000000 		.4byte	0x1f
 1788 0004 0200     		.2byte	0x2
 1789 0006 00000000 		.4byte	.Ldebug_info0
 1790 000a BC000000 		.4byte	0xbc
 1791 000e A4000000 		.4byte	0xa4
 1792 0012 4C43445F 		.ascii	"LCD_FONT8x16\000"
 1792      464F4E54 
 1792      38783136 
 1792      00
 1793 001f 00000000 		.4byte	0x0
 1794              		.section	.debug_str,"MS",%progbits,1
 1795              	.LASF6:
 1796 0000 6C6F6E67 		.ascii	"long long int\000"
 1796      206C6F6E 
 1796      6720696E 
 1796      7400
 1797              	.LASF13:
 1798 000e 2E5C4765 		.ascii	".\\Generated_Source\\PSoC4\\LCD_Font.c\000"
 1798      6E657261 
 1798      7465645F 
 1798      536F7572 
 1798      63655C50 
 1799              	.LASF9:
 1800 0032 666C6F61 		.ascii	"float\000"
 1800      7400
 1801              	.LASF1:
 1802 0038 756E7369 		.ascii	"unsigned char\000"
 1802      676E6564 
 1802      20636861 
 1802      7200
 1803              	.LASF5:
 1804 0046 6C6F6E67 		.ascii	"long unsigned int\000"
 1804      20756E73 
 1804      69676E65 
ARM GAS  C:\Users\kees\AppData\Local\Temp\ccYaogNB.s 			page 33


 1804      6420696E 
 1804      7400
 1805              	.LASF3:
 1806 0058 73686F72 		.ascii	"short unsigned int\000"
 1806      7420756E 
 1806      7369676E 
 1806      65642069 
 1806      6E7400
 1807              	.LASF10:
 1808 006b 646F7562 		.ascii	"double\000"
 1808      6C6500
 1809              	.LASF16:
 1810 0072 4C43445F 		.ascii	"LCD_FONT8x16\000"
 1810      464F4E54 
 1810      38783136 
 1810      00
 1811              	.LASF8:
 1812 007f 756E7369 		.ascii	"unsigned int\000"
 1812      676E6564 
 1812      20696E74 
 1812      00
 1813              	.LASF7:
 1814 008c 6C6F6E67 		.ascii	"long long unsigned int\000"
 1814      206C6F6E 
 1814      6720756E 
 1814      7369676E 
 1814      65642069 
 1815              	.LASF12:
 1816 00a3 474E5520 		.ascii	"GNU C 4.4.1\000"
 1816      4320342E 
 1816      342E3100 
 1817              	.LASF11:
 1818 00af 63686172 		.ascii	"char\000"
 1818      00
 1819              	.LASF2:
 1820 00b4 73686F72 		.ascii	"short int\000"
 1820      7420696E 
 1820      7400
 1821              	.LASF15:
 1822 00be 75696E74 		.ascii	"uint8\000"
 1822      3800
 1823              	.LASF4:
 1824 00c4 6C6F6E67 		.ascii	"long int\000"
 1824      20696E74 
 1824      00
 1825              	.LASF14:
 1826 00cd 433A5C55 		.ascii	"C:\\Users\\kees\\Documents\\test_projects\\My fun s"
 1826      73657273 
 1826      5C6B6565 
 1826      735C446F 
 1826      63756D65 
 1827 00fb 74756666 		.ascii	"tuff\\3d_cube\\3d_cube.Bundle01\\Design137.cydsn\000"
 1827      5C33645F 
 1827      63756265 
 1827      5C33645F 
 1827      63756265 
 1828              	.LASF0:
ARM GAS  C:\Users\kees\AppData\Local\Temp\ccYaogNB.s 			page 34


 1829 0129 7369676E 		.ascii	"signed char\000"
 1829      65642063 
 1829      68617200 
 1830              		.ident	"GCC: (Sourcery G++ Lite 2010q1-188) 4.4.1"
