ARM GAS  C:\Users\kees\AppData\Local\Temp\ccE3Rv5o.s 			page 1


   1              		.cpu cortex-m0
   2              		.fpu softvfp
   3              		.eabi_attribute 20, 1
   4              		.eabi_attribute 21, 1
   5              		.eabi_attribute 23, 3
   6              		.eabi_attribute 24, 1
   7              		.eabi_attribute 25, 1
   8              		.eabi_attribute 26, 1
   9              		.eabi_attribute 30, 4
  10              		.eabi_attribute 18, 4
  11              		.code	16
  12              		.file	"LCD_SPIM_SCB_SPI_UART.c"
  13              		.section	.debug_abbrev,"",%progbits
  14              	.Ldebug_abbrev0:
  15              		.section	.debug_info,"",%progbits
  16              	.Ldebug_info0:
  17              		.section	.debug_line,"",%progbits
  18              	.Ldebug_line0:
  19 0000 3A010000 		.text
  19      02006E00 
  19      00000201 
  19      FB0E0D00 
  19      01010101 
  20              	.Ltext0:
  21              		.cfi_sections	.debug_frame
  22              		.section	.text.LCD_SPIM_SCB_SpiUartReadRxData,"ax",%progbits
  23              		.align	1
  24              		.global	LCD_SPIM_SCB_SpiUartReadRxData
  25              		.code	16
  26              		.thumb_func
  27              		.type	LCD_SPIM_SCB_SpiUartReadRxData, %function
  28              	LCD_SPIM_SCB_SpiUartReadRxData:
  29              	.LFB0:
  30              		.file 1 ".\\Generated_Source\\PSoC4\\LCD_SPIM_SCB_SPI_UART.c"
   1:.\Generated_Source\PSoC4/LCD_SPIM_SCB_SPI_UART.c **** /*******************************************************************************
   2:.\Generated_Source\PSoC4/LCD_SPIM_SCB_SPI_UART.c **** * File Name: LCD_SPIM_SCB_SPI_UART.c
   3:.\Generated_Source\PSoC4/LCD_SPIM_SCB_SPI_UART.c **** * Version 1.0
   4:.\Generated_Source\PSoC4/LCD_SPIM_SCB_SPI_UART.c **** *
   5:.\Generated_Source\PSoC4/LCD_SPIM_SCB_SPI_UART.c **** * Description:
   6:.\Generated_Source\PSoC4/LCD_SPIM_SCB_SPI_UART.c **** *  This file provides the source code to the API for the SCB Component in
   7:.\Generated_Source\PSoC4/LCD_SPIM_SCB_SPI_UART.c **** *  SPI and UART modes.
   8:.\Generated_Source\PSoC4/LCD_SPIM_SCB_SPI_UART.c **** *
   9:.\Generated_Source\PSoC4/LCD_SPIM_SCB_SPI_UART.c **** * Note:
  10:.\Generated_Source\PSoC4/LCD_SPIM_SCB_SPI_UART.c **** *
  11:.\Generated_Source\PSoC4/LCD_SPIM_SCB_SPI_UART.c **** *******************************************************************************
  12:.\Generated_Source\PSoC4/LCD_SPIM_SCB_SPI_UART.c **** * Copyright 2013, Cypress Semiconductor Corporation.  All rights reserved.
  13:.\Generated_Source\PSoC4/LCD_SPIM_SCB_SPI_UART.c **** * You may use this file only in accordance with the license, terms, conditions,
  14:.\Generated_Source\PSoC4/LCD_SPIM_SCB_SPI_UART.c **** * disclaimers, and limitations in the end user license agreement accompanying
  15:.\Generated_Source\PSoC4/LCD_SPIM_SCB_SPI_UART.c **** * the software package with which this file was provided.
  16:.\Generated_Source\PSoC4/LCD_SPIM_SCB_SPI_UART.c **** *******************************************************************************/
  17:.\Generated_Source\PSoC4/LCD_SPIM_SCB_SPI_UART.c **** 
  18:.\Generated_Source\PSoC4/LCD_SPIM_SCB_SPI_UART.c **** #include "LCD_SPIM_SCB_SPI_UART_PVT.h"
  19:.\Generated_Source\PSoC4/LCD_SPIM_SCB_SPI_UART.c **** 
  20:.\Generated_Source\PSoC4/LCD_SPIM_SCB_SPI_UART.c **** 
  21:.\Generated_Source\PSoC4/LCD_SPIM_SCB_SPI_UART.c **** /***************************************
  22:.\Generated_Source\PSoC4/LCD_SPIM_SCB_SPI_UART.c **** *        SPI/UART Private Vars
  23:.\Generated_Source\PSoC4/LCD_SPIM_SCB_SPI_UART.c **** ***************************************/
ARM GAS  C:\Users\kees\AppData\Local\Temp\ccE3Rv5o.s 			page 2


  24:.\Generated_Source\PSoC4/LCD_SPIM_SCB_SPI_UART.c **** 
  25:.\Generated_Source\PSoC4/LCD_SPIM_SCB_SPI_UART.c **** #if(LCD_SPIM_SCB_INTERNAL_RX_SW_BUFFER_CONST)
  26:.\Generated_Source\PSoC4/LCD_SPIM_SCB_SPI_UART.c ****     volatile uint32 LCD_SPIM_SCB_rxBufferHead;
  27:.\Generated_Source\PSoC4/LCD_SPIM_SCB_SPI_UART.c ****     volatile uint32 LCD_SPIM_SCB_rxBufferTail;
  28:.\Generated_Source\PSoC4/LCD_SPIM_SCB_SPI_UART.c ****     volatile uint8  LCD_SPIM_SCB_rxBufferOverflow;
  29:.\Generated_Source\PSoC4/LCD_SPIM_SCB_SPI_UART.c **** #endif /* (LCD_SPIM_SCB_INTERNAL_RX_SW_BUFFER_CONST) */
  30:.\Generated_Source\PSoC4/LCD_SPIM_SCB_SPI_UART.c **** 
  31:.\Generated_Source\PSoC4/LCD_SPIM_SCB_SPI_UART.c **** #if(LCD_SPIM_SCB_INTERNAL_TX_SW_BUFFER_CONST)
  32:.\Generated_Source\PSoC4/LCD_SPIM_SCB_SPI_UART.c ****     volatile uint32 LCD_SPIM_SCB_txBufferHead;
  33:.\Generated_Source\PSoC4/LCD_SPIM_SCB_SPI_UART.c ****     volatile uint32 LCD_SPIM_SCB_txBufferTail;
  34:.\Generated_Source\PSoC4/LCD_SPIM_SCB_SPI_UART.c **** #endif /* (LCD_SPIM_SCB_INTERNAL_TX_SW_BUFFER_CONST) */
  35:.\Generated_Source\PSoC4/LCD_SPIM_SCB_SPI_UART.c **** 
  36:.\Generated_Source\PSoC4/LCD_SPIM_SCB_SPI_UART.c **** #if(LCD_SPIM_SCB_INTERNAL_RX_SW_BUFFER)
  37:.\Generated_Source\PSoC4/LCD_SPIM_SCB_SPI_UART.c ****     /* Add one element to the buffer to receive full packet. One byte in receive buffer is always e
  38:.\Generated_Source\PSoC4/LCD_SPIM_SCB_SPI_UART.c ****     volatile uint16 LCD_SPIM_SCB_rxBufferInternal[LCD_SPIM_SCB_RX_BUFFER_SIZE];
  39:.\Generated_Source\PSoC4/LCD_SPIM_SCB_SPI_UART.c **** #endif /* (LCD_SPIM_SCB_INTERNAL_RX_SW_BUFFER) */
  40:.\Generated_Source\PSoC4/LCD_SPIM_SCB_SPI_UART.c **** 
  41:.\Generated_Source\PSoC4/LCD_SPIM_SCB_SPI_UART.c **** #if(LCD_SPIM_SCB_INTERNAL_TX_SW_BUFFER)
  42:.\Generated_Source\PSoC4/LCD_SPIM_SCB_SPI_UART.c ****     volatile uint16 LCD_SPIM_SCB_txBufferInternal[LCD_SPIM_SCB_TX_BUFFER_SIZE];
  43:.\Generated_Source\PSoC4/LCD_SPIM_SCB_SPI_UART.c **** #endif /* (LCD_SPIM_SCB_INTERNAL_TX_SW_BUFFER) */
  44:.\Generated_Source\PSoC4/LCD_SPIM_SCB_SPI_UART.c **** 
  45:.\Generated_Source\PSoC4/LCD_SPIM_SCB_SPI_UART.c **** 
  46:.\Generated_Source\PSoC4/LCD_SPIM_SCB_SPI_UART.c **** #if(LCD_SPIM_SCB_RX_DIRECTION)
  47:.\Generated_Source\PSoC4/LCD_SPIM_SCB_SPI_UART.c **** 
  48:.\Generated_Source\PSoC4/LCD_SPIM_SCB_SPI_UART.c ****     /*******************************************************************************
  49:.\Generated_Source\PSoC4/LCD_SPIM_SCB_SPI_UART.c ****     * Function Name: LCD_SPIM_SCB_SpiUartReadRxData
  50:.\Generated_Source\PSoC4/LCD_SPIM_SCB_SPI_UART.c ****     ********************************************************************************
  51:.\Generated_Source\PSoC4/LCD_SPIM_SCB_SPI_UART.c ****     *
  52:.\Generated_Source\PSoC4/LCD_SPIM_SCB_SPI_UART.c ****     * Summary:
  53:.\Generated_Source\PSoC4/LCD_SPIM_SCB_SPI_UART.c ****     *  Retrieves the next data element from the receive buffer. Undefined data will
  54:.\Generated_Source\PSoC4/LCD_SPIM_SCB_SPI_UART.c ****     *  be returned if the RX buffer is empty.
  55:.\Generated_Source\PSoC4/LCD_SPIM_SCB_SPI_UART.c ****     *  Call LCD_SPIM_SCB_SpiUartGetRxBufferSize() to return buffer size.
  56:.\Generated_Source\PSoC4/LCD_SPIM_SCB_SPI_UART.c ****     *   - RX software buffer disabled: Returns data element retrieved from RX FIFO.
  57:.\Generated_Source\PSoC4/LCD_SPIM_SCB_SPI_UART.c ****     *   - RX software buffer enabled: Returns data element from the software
  58:.\Generated_Source\PSoC4/LCD_SPIM_SCB_SPI_UART.c ****     *     receive buffer.
  59:.\Generated_Source\PSoC4/LCD_SPIM_SCB_SPI_UART.c ****     *
  60:.\Generated_Source\PSoC4/LCD_SPIM_SCB_SPI_UART.c ****     * Parameters:
  61:.\Generated_Source\PSoC4/LCD_SPIM_SCB_SPI_UART.c ****     *  None
  62:.\Generated_Source\PSoC4/LCD_SPIM_SCB_SPI_UART.c ****     *
  63:.\Generated_Source\PSoC4/LCD_SPIM_SCB_SPI_UART.c ****     * Return:
  64:.\Generated_Source\PSoC4/LCD_SPIM_SCB_SPI_UART.c ****     *  Next data element from the receive buffer.
  65:.\Generated_Source\PSoC4/LCD_SPIM_SCB_SPI_UART.c ****     *
  66:.\Generated_Source\PSoC4/LCD_SPIM_SCB_SPI_UART.c ****     * Global Variables:
  67:.\Generated_Source\PSoC4/LCD_SPIM_SCB_SPI_UART.c ****     *  Look into LCD_SPIM_SCB_SpiInit for description.
  68:.\Generated_Source\PSoC4/LCD_SPIM_SCB_SPI_UART.c ****     *
  69:.\Generated_Source\PSoC4/LCD_SPIM_SCB_SPI_UART.c ****     *******************************************************************************/
  70:.\Generated_Source\PSoC4/LCD_SPIM_SCB_SPI_UART.c ****     uint32 LCD_SPIM_SCB_SpiUartReadRxData(void)
  71:.\Generated_Source\PSoC4/LCD_SPIM_SCB_SPI_UART.c ****     {
  31              		.loc 1 71 0
  32              		.cfi_startproc
  72:.\Generated_Source\PSoC4/LCD_SPIM_SCB_SPI_UART.c ****         uint32 rxData = 0u;
  73:.\Generated_Source\PSoC4/LCD_SPIM_SCB_SPI_UART.c ****         
  74:.\Generated_Source\PSoC4/LCD_SPIM_SCB_SPI_UART.c ****         #if(LCD_SPIM_SCB_INTERNAL_RX_SW_BUFFER_CONST)
  75:.\Generated_Source\PSoC4/LCD_SPIM_SCB_SPI_UART.c ****             uint32 locTail;
  76:.\Generated_Source\PSoC4/LCD_SPIM_SCB_SPI_UART.c ****         #endif /* (LCD_SPIM_SCB_INTERNAL_RX_SW_BUFFER_CONST) */
  77:.\Generated_Source\PSoC4/LCD_SPIM_SCB_SPI_UART.c **** 
  78:.\Generated_Source\PSoC4/LCD_SPIM_SCB_SPI_UART.c ****         #if(LCD_SPIM_SCB_CHECK_RX_SW_BUFFER)
ARM GAS  C:\Users\kees\AppData\Local\Temp\ccE3Rv5o.s 			page 3


  79:.\Generated_Source\PSoC4/LCD_SPIM_SCB_SPI_UART.c ****         {
  80:.\Generated_Source\PSoC4/LCD_SPIM_SCB_SPI_UART.c ****             if(LCD_SPIM_SCB_rxBufferHead != LCD_SPIM_SCB_rxBufferTail)
  81:.\Generated_Source\PSoC4/LCD_SPIM_SCB_SPI_UART.c ****             {
  82:.\Generated_Source\PSoC4/LCD_SPIM_SCB_SPI_UART.c ****                 /* There is data in RX software buffer */
  83:.\Generated_Source\PSoC4/LCD_SPIM_SCB_SPI_UART.c **** 
  84:.\Generated_Source\PSoC4/LCD_SPIM_SCB_SPI_UART.c ****                 /* Calculate index to read from */
  85:.\Generated_Source\PSoC4/LCD_SPIM_SCB_SPI_UART.c ****                 locTail = (LCD_SPIM_SCB_rxBufferTail + 1u);
  86:.\Generated_Source\PSoC4/LCD_SPIM_SCB_SPI_UART.c **** 
  87:.\Generated_Source\PSoC4/LCD_SPIM_SCB_SPI_UART.c ****                 if(LCD_SPIM_SCB_RX_BUFFER_SIZE == locTail)
  88:.\Generated_Source\PSoC4/LCD_SPIM_SCB_SPI_UART.c ****                 {
  89:.\Generated_Source\PSoC4/LCD_SPIM_SCB_SPI_UART.c ****                     locTail = 0u;
  90:.\Generated_Source\PSoC4/LCD_SPIM_SCB_SPI_UART.c ****                 }
  91:.\Generated_Source\PSoC4/LCD_SPIM_SCB_SPI_UART.c **** 
  92:.\Generated_Source\PSoC4/LCD_SPIM_SCB_SPI_UART.c ****                 /* Get data fron RX software buffer */
  93:.\Generated_Source\PSoC4/LCD_SPIM_SCB_SPI_UART.c ****                 rxData = LCD_SPIM_SCB_GetWordFromRxBuffer(locTail);
  94:.\Generated_Source\PSoC4/LCD_SPIM_SCB_SPI_UART.c **** 
  95:.\Generated_Source\PSoC4/LCD_SPIM_SCB_SPI_UART.c ****                 /* Change index in the buffer */
  96:.\Generated_Source\PSoC4/LCD_SPIM_SCB_SPI_UART.c ****                 LCD_SPIM_SCB_rxBufferTail = locTail;
  97:.\Generated_Source\PSoC4/LCD_SPIM_SCB_SPI_UART.c ****             }
  98:.\Generated_Source\PSoC4/LCD_SPIM_SCB_SPI_UART.c ****         }
  99:.\Generated_Source\PSoC4/LCD_SPIM_SCB_SPI_UART.c ****         #else
 100:.\Generated_Source\PSoC4/LCD_SPIM_SCB_SPI_UART.c ****         {
 101:.\Generated_Source\PSoC4/LCD_SPIM_SCB_SPI_UART.c ****             rxData = LCD_SPIM_SCB_RX_FIFO_RD_REG; /* Read data from RX FIFO */
  33              		.loc 1 101 0
  34 0000 014B     		ldr	r3, .L3
 102:.\Generated_Source\PSoC4/LCD_SPIM_SCB_SPI_UART.c ****         }
 103:.\Generated_Source\PSoC4/LCD_SPIM_SCB_SPI_UART.c ****         #endif
 104:.\Generated_Source\PSoC4/LCD_SPIM_SCB_SPI_UART.c **** 
 105:.\Generated_Source\PSoC4/LCD_SPIM_SCB_SPI_UART.c ****         return(rxData);
 106:.\Generated_Source\PSoC4/LCD_SPIM_SCB_SPI_UART.c ****     }
  35              		.loc 1 106 0
  36              		@ sp needed for prologue
  37              		.loc 1 101 0
  38 0002 1868     		ldr	r0, [r3]
  39              	.LVL0:
  40              	.LVL1:
  41              		.loc 1 106 0
  42 0004 7047     		bx	lr
  43              	.L4:
  44 0006 C046     		.align	2
  45              	.L3:
  46 0008 40030740 		.word	1074201408
  47              		.cfi_endproc
  48              	.LFE0:
  49              		.size	LCD_SPIM_SCB_SpiUartReadRxData, .-LCD_SPIM_SCB_SpiUartReadRxData
  50              		.section	.text.LCD_SPIM_SCB_SpiUartGetRxBufferSize,"ax",%progbits
  51              		.align	1
  52              		.global	LCD_SPIM_SCB_SpiUartGetRxBufferSize
  53              		.code	16
  54              		.thumb_func
  55              		.type	LCD_SPIM_SCB_SpiUartGetRxBufferSize, %function
  56              	LCD_SPIM_SCB_SpiUartGetRxBufferSize:
  57              	.LFB1:
 107:.\Generated_Source\PSoC4/LCD_SPIM_SCB_SPI_UART.c **** 
 108:.\Generated_Source\PSoC4/LCD_SPIM_SCB_SPI_UART.c **** 
 109:.\Generated_Source\PSoC4/LCD_SPIM_SCB_SPI_UART.c ****     /*******************************************************************************
 110:.\Generated_Source\PSoC4/LCD_SPIM_SCB_SPI_UART.c ****     * Function Name: LCD_SPIM_SCB_SpiUartGetRxBufferSize
ARM GAS  C:\Users\kees\AppData\Local\Temp\ccE3Rv5o.s 			page 4


 111:.\Generated_Source\PSoC4/LCD_SPIM_SCB_SPI_UART.c ****     ********************************************************************************
 112:.\Generated_Source\PSoC4/LCD_SPIM_SCB_SPI_UART.c ****     *
 113:.\Generated_Source\PSoC4/LCD_SPIM_SCB_SPI_UART.c ****     * Summary:
 114:.\Generated_Source\PSoC4/LCD_SPIM_SCB_SPI_UART.c ****     *  Returns the number of received data elements in the receive buffer.
 115:.\Generated_Source\PSoC4/LCD_SPIM_SCB_SPI_UART.c ****     *   - RX software buffer disabled: returns the number of used entries in
 116:.\Generated_Source\PSoC4/LCD_SPIM_SCB_SPI_UART.c ****     *     RX FIFO.
 117:.\Generated_Source\PSoC4/LCD_SPIM_SCB_SPI_UART.c ****     *   - RX software buffer enabled: returns the number of elements which were
 118:.\Generated_Source\PSoC4/LCD_SPIM_SCB_SPI_UART.c ****     *     placed in receive buffer.
 119:.\Generated_Source\PSoC4/LCD_SPIM_SCB_SPI_UART.c ****     *
 120:.\Generated_Source\PSoC4/LCD_SPIM_SCB_SPI_UART.c ****     * Parameters:
 121:.\Generated_Source\PSoC4/LCD_SPIM_SCB_SPI_UART.c ****     *  None
 122:.\Generated_Source\PSoC4/LCD_SPIM_SCB_SPI_UART.c ****     *
 123:.\Generated_Source\PSoC4/LCD_SPIM_SCB_SPI_UART.c ****     * Return:
 124:.\Generated_Source\PSoC4/LCD_SPIM_SCB_SPI_UART.c ****     *  Number of received data elements
 125:.\Generated_Source\PSoC4/LCD_SPIM_SCB_SPI_UART.c ****     *
 126:.\Generated_Source\PSoC4/LCD_SPIM_SCB_SPI_UART.c ****     *******************************************************************************/
 127:.\Generated_Source\PSoC4/LCD_SPIM_SCB_SPI_UART.c ****     uint32 LCD_SPIM_SCB_SpiUartGetRxBufferSize(void)
 128:.\Generated_Source\PSoC4/LCD_SPIM_SCB_SPI_UART.c ****     {
  58              		.loc 1 128 0
  59              		.cfi_startproc
 129:.\Generated_Source\PSoC4/LCD_SPIM_SCB_SPI_UART.c ****         uint32 size;
 130:.\Generated_Source\PSoC4/LCD_SPIM_SCB_SPI_UART.c ****         #if(LCD_SPIM_SCB_INTERNAL_RX_SW_BUFFER_CONST)
 131:.\Generated_Source\PSoC4/LCD_SPIM_SCB_SPI_UART.c ****             uint32 locHead;
 132:.\Generated_Source\PSoC4/LCD_SPIM_SCB_SPI_UART.c ****         #endif /* (LCD_SPIM_SCB_INTERNAL_RX_SW_BUFFER_CONST) */
 133:.\Generated_Source\PSoC4/LCD_SPIM_SCB_SPI_UART.c **** 
 134:.\Generated_Source\PSoC4/LCD_SPIM_SCB_SPI_UART.c ****         #if(LCD_SPIM_SCB_CHECK_RX_SW_BUFFER)
 135:.\Generated_Source\PSoC4/LCD_SPIM_SCB_SPI_UART.c ****         {
 136:.\Generated_Source\PSoC4/LCD_SPIM_SCB_SPI_UART.c ****             locHead = LCD_SPIM_SCB_rxBufferHead;
 137:.\Generated_Source\PSoC4/LCD_SPIM_SCB_SPI_UART.c **** 
 138:.\Generated_Source\PSoC4/LCD_SPIM_SCB_SPI_UART.c ****             if(locHead >= LCD_SPIM_SCB_rxBufferTail)
 139:.\Generated_Source\PSoC4/LCD_SPIM_SCB_SPI_UART.c ****             {
 140:.\Generated_Source\PSoC4/LCD_SPIM_SCB_SPI_UART.c ****                 size = (locHead - LCD_SPIM_SCB_rxBufferTail);
 141:.\Generated_Source\PSoC4/LCD_SPIM_SCB_SPI_UART.c ****             }
 142:.\Generated_Source\PSoC4/LCD_SPIM_SCB_SPI_UART.c ****             else
 143:.\Generated_Source\PSoC4/LCD_SPIM_SCB_SPI_UART.c ****             {
 144:.\Generated_Source\PSoC4/LCD_SPIM_SCB_SPI_UART.c ****                 size = (locHead + (LCD_SPIM_SCB_RX_BUFFER_SIZE - LCD_SPIM_SCB_rxBufferTail));
 145:.\Generated_Source\PSoC4/LCD_SPIM_SCB_SPI_UART.c ****             }
 146:.\Generated_Source\PSoC4/LCD_SPIM_SCB_SPI_UART.c ****         }
 147:.\Generated_Source\PSoC4/LCD_SPIM_SCB_SPI_UART.c ****         #else
 148:.\Generated_Source\PSoC4/LCD_SPIM_SCB_SPI_UART.c ****         {
 149:.\Generated_Source\PSoC4/LCD_SPIM_SCB_SPI_UART.c ****             size = LCD_SPIM_SCB_GET_RX_FIFO_ENTRIES;
  60              		.loc 1 149 0
  61 0000 024B     		ldr	r3, .L7
 150:.\Generated_Source\PSoC4/LCD_SPIM_SCB_SPI_UART.c ****         }
 151:.\Generated_Source\PSoC4/LCD_SPIM_SCB_SPI_UART.c ****         #endif
 152:.\Generated_Source\PSoC4/LCD_SPIM_SCB_SPI_UART.c **** 
 153:.\Generated_Source\PSoC4/LCD_SPIM_SCB_SPI_UART.c ****         return(size);
 154:.\Generated_Source\PSoC4/LCD_SPIM_SCB_SPI_UART.c ****     }
  62              		.loc 1 154 0
  63              		@ sp needed for prologue
  64              		.loc 1 149 0
  65 0002 1868     		ldr	r0, [r3]
  66 0004 0F23     		mov	r3, #15
  67 0006 1840     		and	r0, r0, r3
  68              		.loc 1 154 0
  69 0008 7047     		bx	lr
  70              	.L8:
ARM GAS  C:\Users\kees\AppData\Local\Temp\ccE3Rv5o.s 			page 5


  71 000a C046     		.align	2
  72              	.L7:
  73 000c 08030740 		.word	1074201352
  74              		.cfi_endproc
  75              	.LFE1:
  76              		.size	LCD_SPIM_SCB_SpiUartGetRxBufferSize, .-LCD_SPIM_SCB_SpiUartGetRxBufferSize
  77              		.section	.text.LCD_SPIM_SCB_SpiUartClearRxBuffer,"ax",%progbits
  78              		.align	1
  79              		.global	LCD_SPIM_SCB_SpiUartClearRxBuffer
  80              		.code	16
  81              		.thumb_func
  82              		.type	LCD_SPIM_SCB_SpiUartClearRxBuffer, %function
  83              	LCD_SPIM_SCB_SpiUartClearRxBuffer:
  84              	.LFB2:
 155:.\Generated_Source\PSoC4/LCD_SPIM_SCB_SPI_UART.c **** 
 156:.\Generated_Source\PSoC4/LCD_SPIM_SCB_SPI_UART.c **** 
 157:.\Generated_Source\PSoC4/LCD_SPIM_SCB_SPI_UART.c ****     /*******************************************************************************
 158:.\Generated_Source\PSoC4/LCD_SPIM_SCB_SPI_UART.c ****     * Function Name: LCD_SPIM_SCB_SpiUartClearRxBuffer
 159:.\Generated_Source\PSoC4/LCD_SPIM_SCB_SPI_UART.c ****     ********************************************************************************
 160:.\Generated_Source\PSoC4/LCD_SPIM_SCB_SPI_UART.c ****     *
 161:.\Generated_Source\PSoC4/LCD_SPIM_SCB_SPI_UART.c ****     * Summary:
 162:.\Generated_Source\PSoC4/LCD_SPIM_SCB_SPI_UART.c ****     *  Clear the receive buffer and RX FIFO.
 163:.\Generated_Source\PSoC4/LCD_SPIM_SCB_SPI_UART.c ****     *
 164:.\Generated_Source\PSoC4/LCD_SPIM_SCB_SPI_UART.c ****     * Parameters:
 165:.\Generated_Source\PSoC4/LCD_SPIM_SCB_SPI_UART.c ****     *  None
 166:.\Generated_Source\PSoC4/LCD_SPIM_SCB_SPI_UART.c ****     *
 167:.\Generated_Source\PSoC4/LCD_SPIM_SCB_SPI_UART.c ****     * Return:
 168:.\Generated_Source\PSoC4/LCD_SPIM_SCB_SPI_UART.c ****     *  None
 169:.\Generated_Source\PSoC4/LCD_SPIM_SCB_SPI_UART.c ****     *
 170:.\Generated_Source\PSoC4/LCD_SPIM_SCB_SPI_UART.c ****     *******************************************************************************/
 171:.\Generated_Source\PSoC4/LCD_SPIM_SCB_SPI_UART.c ****     void LCD_SPIM_SCB_SpiUartClearRxBuffer(void)
 172:.\Generated_Source\PSoC4/LCD_SPIM_SCB_SPI_UART.c ****     {
  85              		.loc 1 172 0
  86              		.cfi_startproc
 173:.\Generated_Source\PSoC4/LCD_SPIM_SCB_SPI_UART.c ****         #if(LCD_SPIM_SCB_INTERNAL_RX_SW_BUFFER_CONST)
 174:.\Generated_Source\PSoC4/LCD_SPIM_SCB_SPI_UART.c ****             uint32 intSourceMask;
 175:.\Generated_Source\PSoC4/LCD_SPIM_SCB_SPI_UART.c ****         #endif /* (LCD_SPIM_SCB_INTERNAL_RX_SW_BUFFER_CONST) */
 176:.\Generated_Source\PSoC4/LCD_SPIM_SCB_SPI_UART.c **** 
 177:.\Generated_Source\PSoC4/LCD_SPIM_SCB_SPI_UART.c ****         #if(LCD_SPIM_SCB_CHECK_RX_SW_BUFFER)
 178:.\Generated_Source\PSoC4/LCD_SPIM_SCB_SPI_UART.c ****         {
 179:.\Generated_Source\PSoC4/LCD_SPIM_SCB_SPI_UART.c ****             intSourceMask = LCD_SPIM_SCB_SpiUartDisableIntRx();
 180:.\Generated_Source\PSoC4/LCD_SPIM_SCB_SPI_UART.c **** 
 181:.\Generated_Source\PSoC4/LCD_SPIM_SCB_SPI_UART.c ****             LCD_SPIM_SCB_CLEAR_RX_FIFO;
 182:.\Generated_Source\PSoC4/LCD_SPIM_SCB_SPI_UART.c **** 
 183:.\Generated_Source\PSoC4/LCD_SPIM_SCB_SPI_UART.c ****             /* Flush RX software buffer */
 184:.\Generated_Source\PSoC4/LCD_SPIM_SCB_SPI_UART.c ****             LCD_SPIM_SCB_rxBufferHead     = LCD_SPIM_SCB_rxBufferTail;
 185:.\Generated_Source\PSoC4/LCD_SPIM_SCB_SPI_UART.c ****             LCD_SPIM_SCB_rxBufferOverflow = 0u;
 186:.\Generated_Source\PSoC4/LCD_SPIM_SCB_SPI_UART.c **** 
 187:.\Generated_Source\PSoC4/LCD_SPIM_SCB_SPI_UART.c ****             /* End RX transfer */
 188:.\Generated_Source\PSoC4/LCD_SPIM_SCB_SPI_UART.c ****             LCD_SPIM_SCB_ClearRxInterruptSource(LCD_SPIM_SCB_INTR_RX_ALL);
 189:.\Generated_Source\PSoC4/LCD_SPIM_SCB_SPI_UART.c **** 
 190:.\Generated_Source\PSoC4/LCD_SPIM_SCB_SPI_UART.c ****             LCD_SPIM_SCB_SpiUartEnableIntRx(intSourceMask);
 191:.\Generated_Source\PSoC4/LCD_SPIM_SCB_SPI_UART.c ****         }
 192:.\Generated_Source\PSoC4/LCD_SPIM_SCB_SPI_UART.c ****         #else
 193:.\Generated_Source\PSoC4/LCD_SPIM_SCB_SPI_UART.c ****         {
 194:.\Generated_Source\PSoC4/LCD_SPIM_SCB_SPI_UART.c ****             LCD_SPIM_SCB_CLEAR_RX_FIFO;
  87              		.loc 1 194 0
ARM GAS  C:\Users\kees\AppData\Local\Temp\ccE3Rv5o.s 			page 6


  88 0000 054B     		ldr	r3, .L11
  89 0002 8022     		mov	r2, #128
  90 0004 1968     		ldr	r1, [r3]
  91 0006 5202     		lsl	r2, r2, #9
  92 0008 0A43     		orr	r2, r2, r1
  93 000a 1A60     		str	r2, [r3]
  94 000c 1968     		ldr	r1, [r3]
  95 000e 034A     		ldr	r2, .L11+4
 195:.\Generated_Source\PSoC4/LCD_SPIM_SCB_SPI_UART.c ****         }
 196:.\Generated_Source\PSoC4/LCD_SPIM_SCB_SPI_UART.c ****         #endif
 197:.\Generated_Source\PSoC4/LCD_SPIM_SCB_SPI_UART.c ****     }
  96              		.loc 1 197 0
  97              		@ sp needed for prologue
  98              		.loc 1 194 0
  99 0010 0A40     		and	r2, r2, r1
 100 0012 1A60     		str	r2, [r3]
 101              		.loc 1 197 0
 102 0014 7047     		bx	lr
 103              	.L12:
 104 0016 C046     		.align	2
 105              	.L11:
 106 0018 04030740 		.word	1074201348
 107 001c FFFFFEFF 		.word	-65537
 108              		.cfi_endproc
 109              	.LFE2:
 110              		.size	LCD_SPIM_SCB_SpiUartClearRxBuffer, .-LCD_SPIM_SCB_SpiUartClearRxBuffer
 111              		.section	.text.LCD_SPIM_SCB_SpiUartWriteTxData,"ax",%progbits
 112              		.align	1
 113              		.global	LCD_SPIM_SCB_SpiUartWriteTxData
 114              		.code	16
 115              		.thumb_func
 116              		.type	LCD_SPIM_SCB_SpiUartWriteTxData, %function
 117              	LCD_SPIM_SCB_SpiUartWriteTxData:
 118              	.LFB3:
 198:.\Generated_Source\PSoC4/LCD_SPIM_SCB_SPI_UART.c **** 
 199:.\Generated_Source\PSoC4/LCD_SPIM_SCB_SPI_UART.c **** #endif /* (LCD_SPIM_SCB_RX_DIRECTION) */
 200:.\Generated_Source\PSoC4/LCD_SPIM_SCB_SPI_UART.c **** 
 201:.\Generated_Source\PSoC4/LCD_SPIM_SCB_SPI_UART.c **** 
 202:.\Generated_Source\PSoC4/LCD_SPIM_SCB_SPI_UART.c **** #if(LCD_SPIM_SCB_TX_DIRECTION)
 203:.\Generated_Source\PSoC4/LCD_SPIM_SCB_SPI_UART.c **** 
 204:.\Generated_Source\PSoC4/LCD_SPIM_SCB_SPI_UART.c ****     /*******************************************************************************
 205:.\Generated_Source\PSoC4/LCD_SPIM_SCB_SPI_UART.c ****     * Function Name: LCD_SPIM_SCB_SpiUartWriteTxData
 206:.\Generated_Source\PSoC4/LCD_SPIM_SCB_SPI_UART.c ****     ********************************************************************************
 207:.\Generated_Source\PSoC4/LCD_SPIM_SCB_SPI_UART.c ****     *
 208:.\Generated_Source\PSoC4/LCD_SPIM_SCB_SPI_UART.c ****     * Summary:
 209:.\Generated_Source\PSoC4/LCD_SPIM_SCB_SPI_UART.c ****     *  Places a data entry into the transmit buffer to be sent at the next available
 210:.\Generated_Source\PSoC4/LCD_SPIM_SCB_SPI_UART.c ****     *  bus time.
 211:.\Generated_Source\PSoC4/LCD_SPIM_SCB_SPI_UART.c ****     *  This function is blocking and waits until there is space available to put the
 212:.\Generated_Source\PSoC4/LCD_SPIM_SCB_SPI_UART.c ****     *  requested data in the transmit buffer.
 213:.\Generated_Source\PSoC4/LCD_SPIM_SCB_SPI_UART.c ****     *
 214:.\Generated_Source\PSoC4/LCD_SPIM_SCB_SPI_UART.c ****     * Parameters:
 215:.\Generated_Source\PSoC4/LCD_SPIM_SCB_SPI_UART.c ****     *  txDataByte: the data to be transmitted.
 216:.\Generated_Source\PSoC4/LCD_SPIM_SCB_SPI_UART.c ****     *
 217:.\Generated_Source\PSoC4/LCD_SPIM_SCB_SPI_UART.c ****     * Return:
 218:.\Generated_Source\PSoC4/LCD_SPIM_SCB_SPI_UART.c ****     *  None
 219:.\Generated_Source\PSoC4/LCD_SPIM_SCB_SPI_UART.c ****     *
 220:.\Generated_Source\PSoC4/LCD_SPIM_SCB_SPI_UART.c ****     *******************************************************************************/
ARM GAS  C:\Users\kees\AppData\Local\Temp\ccE3Rv5o.s 			page 7


 221:.\Generated_Source\PSoC4/LCD_SPIM_SCB_SPI_UART.c ****     void LCD_SPIM_SCB_SpiUartWriteTxData(uint32 txDataByte)
 222:.\Generated_Source\PSoC4/LCD_SPIM_SCB_SPI_UART.c ****     {
 119              		.loc 1 222 0
 120              		.cfi_startproc
 121 0000 00B5     		push	{lr}
 122              	.LCFI0:
 123              		.cfi_def_cfa_offset 4
 124              		.cfi_offset 14, -4
 125              	.LVL2:
 126              	.L14:
 223:.\Generated_Source\PSoC4/LCD_SPIM_SCB_SPI_UART.c ****         #if(LCD_SPIM_SCB_INTERNAL_TX_SW_BUFFER_CONST)
 224:.\Generated_Source\PSoC4/LCD_SPIM_SCB_SPI_UART.c ****             uint32 locHead;
 225:.\Generated_Source\PSoC4/LCD_SPIM_SCB_SPI_UART.c ****             uint32 intSourceMask;
 226:.\Generated_Source\PSoC4/LCD_SPIM_SCB_SPI_UART.c ****         #endif /* (LCD_SPIM_SCB_INTERNAL_TX_SW_BUFFER_CONST) */
 227:.\Generated_Source\PSoC4/LCD_SPIM_SCB_SPI_UART.c **** 
 228:.\Generated_Source\PSoC4/LCD_SPIM_SCB_SPI_UART.c ****         #if(LCD_SPIM_SCB_CHECK_TX_SW_BUFFER)
 229:.\Generated_Source\PSoC4/LCD_SPIM_SCB_SPI_UART.c ****         {
 230:.\Generated_Source\PSoC4/LCD_SPIM_SCB_SPI_UART.c ****             /* Head index to put data */
 231:.\Generated_Source\PSoC4/LCD_SPIM_SCB_SPI_UART.c ****             locHead = (LCD_SPIM_SCB_txBufferHead + 1u);
 232:.\Generated_Source\PSoC4/LCD_SPIM_SCB_SPI_UART.c **** 
 233:.\Generated_Source\PSoC4/LCD_SPIM_SCB_SPI_UART.c ****             /* Adjust TX software buffer index */
 234:.\Generated_Source\PSoC4/LCD_SPIM_SCB_SPI_UART.c ****             if(LCD_SPIM_SCB_TX_BUFFER_SIZE == locHead)
 235:.\Generated_Source\PSoC4/LCD_SPIM_SCB_SPI_UART.c ****             {
 236:.\Generated_Source\PSoC4/LCD_SPIM_SCB_SPI_UART.c ****                 locHead = 0u;
 237:.\Generated_Source\PSoC4/LCD_SPIM_SCB_SPI_UART.c ****             }
 238:.\Generated_Source\PSoC4/LCD_SPIM_SCB_SPI_UART.c **** 
 239:.\Generated_Source\PSoC4/LCD_SPIM_SCB_SPI_UART.c ****             while(locHead == LCD_SPIM_SCB_txBufferTail)
 240:.\Generated_Source\PSoC4/LCD_SPIM_SCB_SPI_UART.c ****             {
 241:.\Generated_Source\PSoC4/LCD_SPIM_SCB_SPI_UART.c ****                 /* Wait for space in the TX software buffer */
 242:.\Generated_Source\PSoC4/LCD_SPIM_SCB_SPI_UART.c ****             }
 243:.\Generated_Source\PSoC4/LCD_SPIM_SCB_SPI_UART.c **** 
 244:.\Generated_Source\PSoC4/LCD_SPIM_SCB_SPI_UART.c ****             /* The TX software buffer has at least one room */
 245:.\Generated_Source\PSoC4/LCD_SPIM_SCB_SPI_UART.c **** 
 246:.\Generated_Source\PSoC4/LCD_SPIM_SCB_SPI_UART.c ****             if((LCD_SPIM_SCB_txBufferHead == LCD_SPIM_SCB_txBufferTail) &&
 247:.\Generated_Source\PSoC4/LCD_SPIM_SCB_SPI_UART.c ****                (LCD_SPIM_SCB_FIFO_SIZE != LCD_SPIM_SCB_GET_TX_FIFO_ENTRIES))
 248:.\Generated_Source\PSoC4/LCD_SPIM_SCB_SPI_UART.c ****             {
 249:.\Generated_Source\PSoC4/LCD_SPIM_SCB_SPI_UART.c ****                 /* TX software buffer is empty: put data directly in TX FIFO */
 250:.\Generated_Source\PSoC4/LCD_SPIM_SCB_SPI_UART.c ****                 LCD_SPIM_SCB_TX_FIFO_WR_REG = txDataByte;
 251:.\Generated_Source\PSoC4/LCD_SPIM_SCB_SPI_UART.c ****             }
 252:.\Generated_Source\PSoC4/LCD_SPIM_SCB_SPI_UART.c ****             /* Put data in the TX software buffer */
 253:.\Generated_Source\PSoC4/LCD_SPIM_SCB_SPI_UART.c ****             else
 254:.\Generated_Source\PSoC4/LCD_SPIM_SCB_SPI_UART.c ****             {
 255:.\Generated_Source\PSoC4/LCD_SPIM_SCB_SPI_UART.c ****                 /* Clear old status of INTR_TX_EMPTY. It sets at the end of transfer: TX FIFO empty
 256:.\Generated_Source\PSoC4/LCD_SPIM_SCB_SPI_UART.c ****                 LCD_SPIM_SCB_ClearTxInterruptSource(LCD_SPIM_SCB_INTR_TX_EMPTY);
 257:.\Generated_Source\PSoC4/LCD_SPIM_SCB_SPI_UART.c **** 
 258:.\Generated_Source\PSoC4/LCD_SPIM_SCB_SPI_UART.c ****                 LCD_SPIM_SCB_PutWordInTxBuffer(locHead, txDataByte);
 259:.\Generated_Source\PSoC4/LCD_SPIM_SCB_SPI_UART.c **** 
 260:.\Generated_Source\PSoC4/LCD_SPIM_SCB_SPI_UART.c ****                 LCD_SPIM_SCB_txBufferHead = locHead;
 261:.\Generated_Source\PSoC4/LCD_SPIM_SCB_SPI_UART.c **** 
 262:.\Generated_Source\PSoC4/LCD_SPIM_SCB_SPI_UART.c ****                 /* Enable interrupt to transmit */
 263:.\Generated_Source\PSoC4/LCD_SPIM_SCB_SPI_UART.c ****                 intSourceMask  = LCD_SPIM_SCB_INTR_TX_EMPTY;
 264:.\Generated_Source\PSoC4/LCD_SPIM_SCB_SPI_UART.c ****                 intSourceMask |= LCD_SPIM_SCB_GetTxInterruptMode();
 265:.\Generated_Source\PSoC4/LCD_SPIM_SCB_SPI_UART.c ****                 LCD_SPIM_SCB_SpiUartEnableIntTx(intSourceMask);
 266:.\Generated_Source\PSoC4/LCD_SPIM_SCB_SPI_UART.c ****             }
 267:.\Generated_Source\PSoC4/LCD_SPIM_SCB_SPI_UART.c ****         }
 268:.\Generated_Source\PSoC4/LCD_SPIM_SCB_SPI_UART.c ****         #else
 269:.\Generated_Source\PSoC4/LCD_SPIM_SCB_SPI_UART.c ****         {
ARM GAS  C:\Users\kees\AppData\Local\Temp\ccE3Rv5o.s 			page 8


 270:.\Generated_Source\PSoC4/LCD_SPIM_SCB_SPI_UART.c ****             while(LCD_SPIM_SCB_FIFO_SIZE == LCD_SPIM_SCB_GET_TX_FIFO_ENTRIES)
 127              		.loc 1 270 0
 128 0002 044B     		ldr	r3, .L17
 129 0004 1A68     		ldr	r2, [r3]
 130 0006 0F23     		mov	r3, #15
 131 0008 1340     		and	r3, r3, r2
 132 000a 082B     		cmp	r3, #8
 133 000c F9D0     		beq	.L14
 271:.\Generated_Source\PSoC4/LCD_SPIM_SCB_SPI_UART.c ****             {
 272:.\Generated_Source\PSoC4/LCD_SPIM_SCB_SPI_UART.c ****                 /* Block while TX FIFO is FULL */
 273:.\Generated_Source\PSoC4/LCD_SPIM_SCB_SPI_UART.c ****             }
 274:.\Generated_Source\PSoC4/LCD_SPIM_SCB_SPI_UART.c **** 
 275:.\Generated_Source\PSoC4/LCD_SPIM_SCB_SPI_UART.c ****             LCD_SPIM_SCB_TX_FIFO_WR_REG = txDataByte;
 134              		.loc 1 275 0
 135 000e 024B     		ldr	r3, .L17+4
 276:.\Generated_Source\PSoC4/LCD_SPIM_SCB_SPI_UART.c ****         }
 277:.\Generated_Source\PSoC4/LCD_SPIM_SCB_SPI_UART.c ****         #endif
 278:.\Generated_Source\PSoC4/LCD_SPIM_SCB_SPI_UART.c ****     }
 136              		.loc 1 278 0
 137              		@ sp needed for prologue
 138              		.loc 1 275 0
 139 0010 1860     		str	r0, [r3]
 140              		.loc 1 278 0
 141 0012 00BD     		pop	{pc}
 142              	.L18:
 143              		.align	2
 144              	.L17:
 145 0014 08020740 		.word	1074201096
 146 0018 40020740 		.word	1074201152
 147              		.cfi_endproc
 148              	.LFE3:
 149              		.size	LCD_SPIM_SCB_SpiUartWriteTxData, .-LCD_SPIM_SCB_SpiUartWriteTxData
 150              		.section	.text.LCD_SPIM_SCB_SpiUartPutArray,"ax",%progbits
 151              		.align	1
 152              		.global	LCD_SPIM_SCB_SpiUartPutArray
 153              		.code	16
 154              		.thumb_func
 155              		.type	LCD_SPIM_SCB_SpiUartPutArray, %function
 156              	LCD_SPIM_SCB_SpiUartPutArray:
 157              	.LFB4:
 279:.\Generated_Source\PSoC4/LCD_SPIM_SCB_SPI_UART.c **** 
 280:.\Generated_Source\PSoC4/LCD_SPIM_SCB_SPI_UART.c **** 
 281:.\Generated_Source\PSoC4/LCD_SPIM_SCB_SPI_UART.c ****     /*******************************************************************************
 282:.\Generated_Source\PSoC4/LCD_SPIM_SCB_SPI_UART.c ****     * Function Name: LCD_SPIM_SCB_SpiUartPutArray
 283:.\Generated_Source\PSoC4/LCD_SPIM_SCB_SPI_UART.c ****     ********************************************************************************
 284:.\Generated_Source\PSoC4/LCD_SPIM_SCB_SPI_UART.c ****     *
 285:.\Generated_Source\PSoC4/LCD_SPIM_SCB_SPI_UART.c ****     * Summary:
 286:.\Generated_Source\PSoC4/LCD_SPIM_SCB_SPI_UART.c ****     *  Places an array of data into the transmit buffer to be sent.
 287:.\Generated_Source\PSoC4/LCD_SPIM_SCB_SPI_UART.c ****     *  This function is blocking and waits until there is a space available to put
 288:.\Generated_Source\PSoC4/LCD_SPIM_SCB_SPI_UART.c ****     *  all the requested data in the transmit buffer. The array size can be greater
 289:.\Generated_Source\PSoC4/LCD_SPIM_SCB_SPI_UART.c ****     *  than transmit buffer size.
 290:.\Generated_Source\PSoC4/LCD_SPIM_SCB_SPI_UART.c ****     *
 291:.\Generated_Source\PSoC4/LCD_SPIM_SCB_SPI_UART.c ****     * Parameters:
 292:.\Generated_Source\PSoC4/LCD_SPIM_SCB_SPI_UART.c ****     *  wrBuf:  pointer to an array with data to be placed in transmit buffer.
 293:.\Generated_Source\PSoC4/LCD_SPIM_SCB_SPI_UART.c ****     *  count:  number of data elements to be placed in the transmit buffer.
 294:.\Generated_Source\PSoC4/LCD_SPIM_SCB_SPI_UART.c ****     *
 295:.\Generated_Source\PSoC4/LCD_SPIM_SCB_SPI_UART.c ****     * Return:
ARM GAS  C:\Users\kees\AppData\Local\Temp\ccE3Rv5o.s 			page 9


 296:.\Generated_Source\PSoC4/LCD_SPIM_SCB_SPI_UART.c ****     *  None
 297:.\Generated_Source\PSoC4/LCD_SPIM_SCB_SPI_UART.c ****     *
 298:.\Generated_Source\PSoC4/LCD_SPIM_SCB_SPI_UART.c ****     *******************************************************************************/
 299:.\Generated_Source\PSoC4/LCD_SPIM_SCB_SPI_UART.c ****     void LCD_SPIM_SCB_SpiUartPutArray(const uint16 wrBuf[], uint32 count)
 300:.\Generated_Source\PSoC4/LCD_SPIM_SCB_SPI_UART.c ****     {
 158              		.loc 1 300 0
 159              		.cfi_startproc
 160 0000 70B5     		push	{r4, r5, r6, lr}
 161              	.LCFI1:
 162              		.cfi_def_cfa_offset 16
 163              		.cfi_offset 4, -16
 164              		.cfi_offset 5, -12
 165              		.cfi_offset 6, -8
 166              		.cfi_offset 14, -4
 167              	.LVL3:
 168              		.loc 1 300 0
 169 0002 0E1C     		mov	r6, r1
 170 0004 041C     		mov	r4, r0
 171 0006 0025     		mov	r5, #0
 172              	.LVL4:
 301:.\Generated_Source\PSoC4/LCD_SPIM_SCB_SPI_UART.c ****         uint32 i;
 302:.\Generated_Source\PSoC4/LCD_SPIM_SCB_SPI_UART.c **** 
 303:.\Generated_Source\PSoC4/LCD_SPIM_SCB_SPI_UART.c ****         for(i=0u; i < count; i++)
 173              		.loc 1 303 0
 174 0008 04E0     		b	.L20
 175              	.LVL5:
 176              	.L21:
 304:.\Generated_Source\PSoC4/LCD_SPIM_SCB_SPI_UART.c ****         {
 305:.\Generated_Source\PSoC4/LCD_SPIM_SCB_SPI_UART.c ****             LCD_SPIM_SCB_SpiUartWriteTxData((uint32) wrBuf[i]);
 177              		.loc 1 305 0
 178 000a 2088     		ldrh	r0, [r4]
 179              	.LVL6:
 180 000c FFF7FEFF 		bl	LCD_SPIM_SCB_SpiUartWriteTxData
 181              		.loc 1 303 0
 182 0010 0135     		add	r5, r5, #1
 183 0012 0234     		add	r4, r4, #2
 184              	.LVL7:
 185              	.L20:
 186 0014 B542     		cmp	r5, r6
 187 0016 F8D3     		bcc	.L21
 306:.\Generated_Source\PSoC4/LCD_SPIM_SCB_SPI_UART.c ****         }
 307:.\Generated_Source\PSoC4/LCD_SPIM_SCB_SPI_UART.c ****     }
 188              		.loc 1 307 0
 189              		@ sp needed for prologue
 190              	.LVL8:
 191              	.LVL9:
 192 0018 70BD     		pop	{r4, r5, r6, pc}
 193              		.cfi_endproc
 194              	.LFE4:
 195              		.size	LCD_SPIM_SCB_SpiUartPutArray, .-LCD_SPIM_SCB_SpiUartPutArray
 196              		.section	.text.LCD_SPIM_SCB_SpiUartGetTxBufferSize,"ax",%progbits
 197              		.align	1
 198              		.global	LCD_SPIM_SCB_SpiUartGetTxBufferSize
 199              		.code	16
 200              		.thumb_func
 201              		.type	LCD_SPIM_SCB_SpiUartGetTxBufferSize, %function
 202              	LCD_SPIM_SCB_SpiUartGetTxBufferSize:
ARM GAS  C:\Users\kees\AppData\Local\Temp\ccE3Rv5o.s 			page 10


 203              	.LFB5:
 308:.\Generated_Source\PSoC4/LCD_SPIM_SCB_SPI_UART.c **** 
 309:.\Generated_Source\PSoC4/LCD_SPIM_SCB_SPI_UART.c **** 
 310:.\Generated_Source\PSoC4/LCD_SPIM_SCB_SPI_UART.c ****     /*******************************************************************************
 311:.\Generated_Source\PSoC4/LCD_SPIM_SCB_SPI_UART.c ****     * Function Name: LCD_SPIM_SCB_SpiUartGetTxBufferSize
 312:.\Generated_Source\PSoC4/LCD_SPIM_SCB_SPI_UART.c ****     ********************************************************************************
 313:.\Generated_Source\PSoC4/LCD_SPIM_SCB_SPI_UART.c ****     *
 314:.\Generated_Source\PSoC4/LCD_SPIM_SCB_SPI_UART.c ****     * Summary:
 315:.\Generated_Source\PSoC4/LCD_SPIM_SCB_SPI_UART.c ****     *  Returns the number of elements currently in the transmit buffer.
 316:.\Generated_Source\PSoC4/LCD_SPIM_SCB_SPI_UART.c ****     *  TX software buffer disabled: returns the number of used entries in TX FIFO.
 317:.\Generated_Source\PSoC4/LCD_SPIM_SCB_SPI_UART.c ****     *  TX software buffer enabled: returns the number of elements currently used
 318:.\Generated_Source\PSoC4/LCD_SPIM_SCB_SPI_UART.c ****     *  in the transmit buffer. This number does not include used entries in the
 319:.\Generated_Source\PSoC4/LCD_SPIM_SCB_SPI_UART.c ****     *  TX FIFO. The transmit buffer size is zero until the TX FIFO is full.
 320:.\Generated_Source\PSoC4/LCD_SPIM_SCB_SPI_UART.c ****     *
 321:.\Generated_Source\PSoC4/LCD_SPIM_SCB_SPI_UART.c ****     * Parameters:
 322:.\Generated_Source\PSoC4/LCD_SPIM_SCB_SPI_UART.c ****     *  None
 323:.\Generated_Source\PSoC4/LCD_SPIM_SCB_SPI_UART.c ****     *
 324:.\Generated_Source\PSoC4/LCD_SPIM_SCB_SPI_UART.c ****     * Return:
 325:.\Generated_Source\PSoC4/LCD_SPIM_SCB_SPI_UART.c ****     *  Number of data elements ready to transmit.
 326:.\Generated_Source\PSoC4/LCD_SPIM_SCB_SPI_UART.c ****     *
 327:.\Generated_Source\PSoC4/LCD_SPIM_SCB_SPI_UART.c ****     *******************************************************************************/
 328:.\Generated_Source\PSoC4/LCD_SPIM_SCB_SPI_UART.c ****     uint32 LCD_SPIM_SCB_SpiUartGetTxBufferSize(void)
 329:.\Generated_Source\PSoC4/LCD_SPIM_SCB_SPI_UART.c ****     {
 204              		.loc 1 329 0
 205              		.cfi_startproc
 330:.\Generated_Source\PSoC4/LCD_SPIM_SCB_SPI_UART.c ****         uint32 size;
 331:.\Generated_Source\PSoC4/LCD_SPIM_SCB_SPI_UART.c ****         #if(LCD_SPIM_SCB_INTERNAL_TX_SW_BUFFER_CONST)
 332:.\Generated_Source\PSoC4/LCD_SPIM_SCB_SPI_UART.c ****             uint32 locTail;
 333:.\Generated_Source\PSoC4/LCD_SPIM_SCB_SPI_UART.c ****         #endif /* (LCD_SPIM_SCB_INTERNAL_TX_SW_BUFFER_CONST) */
 334:.\Generated_Source\PSoC4/LCD_SPIM_SCB_SPI_UART.c **** 
 335:.\Generated_Source\PSoC4/LCD_SPIM_SCB_SPI_UART.c ****         #if(LCD_SPIM_SCB_CHECK_TX_SW_BUFFER)
 336:.\Generated_Source\PSoC4/LCD_SPIM_SCB_SPI_UART.c ****         {
 337:.\Generated_Source\PSoC4/LCD_SPIM_SCB_SPI_UART.c ****             /* Get current Tail index */
 338:.\Generated_Source\PSoC4/LCD_SPIM_SCB_SPI_UART.c ****             locTail = LCD_SPIM_SCB_txBufferTail;
 339:.\Generated_Source\PSoC4/LCD_SPIM_SCB_SPI_UART.c **** 
 340:.\Generated_Source\PSoC4/LCD_SPIM_SCB_SPI_UART.c ****             if(LCD_SPIM_SCB_txBufferHead >= locTail)
 341:.\Generated_Source\PSoC4/LCD_SPIM_SCB_SPI_UART.c ****             {
 342:.\Generated_Source\PSoC4/LCD_SPIM_SCB_SPI_UART.c ****                 size = (LCD_SPIM_SCB_txBufferHead - locTail);
 343:.\Generated_Source\PSoC4/LCD_SPIM_SCB_SPI_UART.c ****             }
 344:.\Generated_Source\PSoC4/LCD_SPIM_SCB_SPI_UART.c ****             else
 345:.\Generated_Source\PSoC4/LCD_SPIM_SCB_SPI_UART.c ****             {
 346:.\Generated_Source\PSoC4/LCD_SPIM_SCB_SPI_UART.c ****                 size = (LCD_SPIM_SCB_txBufferHead + (LCD_SPIM_SCB_TX_BUFFER_SIZE - locTail));
 347:.\Generated_Source\PSoC4/LCD_SPIM_SCB_SPI_UART.c ****             }
 348:.\Generated_Source\PSoC4/LCD_SPIM_SCB_SPI_UART.c ****         }
 349:.\Generated_Source\PSoC4/LCD_SPIM_SCB_SPI_UART.c ****         #else
 350:.\Generated_Source\PSoC4/LCD_SPIM_SCB_SPI_UART.c ****         {
 351:.\Generated_Source\PSoC4/LCD_SPIM_SCB_SPI_UART.c ****             size = LCD_SPIM_SCB_GET_TX_FIFO_ENTRIES;
 206              		.loc 1 351 0
 207 0000 024B     		ldr	r3, .L25
 352:.\Generated_Source\PSoC4/LCD_SPIM_SCB_SPI_UART.c ****         }
 353:.\Generated_Source\PSoC4/LCD_SPIM_SCB_SPI_UART.c ****         #endif
 354:.\Generated_Source\PSoC4/LCD_SPIM_SCB_SPI_UART.c **** 
 355:.\Generated_Source\PSoC4/LCD_SPIM_SCB_SPI_UART.c ****         return(size);
 356:.\Generated_Source\PSoC4/LCD_SPIM_SCB_SPI_UART.c ****     }
 208              		.loc 1 356 0
 209              		@ sp needed for prologue
 210              		.loc 1 351 0
ARM GAS  C:\Users\kees\AppData\Local\Temp\ccE3Rv5o.s 			page 11


 211 0002 1868     		ldr	r0, [r3]
 212 0004 0F23     		mov	r3, #15
 213 0006 1840     		and	r0, r0, r3
 214              		.loc 1 356 0
 215 0008 7047     		bx	lr
 216              	.L26:
 217 000a C046     		.align	2
 218              	.L25:
 219 000c 08020740 		.word	1074201096
 220              		.cfi_endproc
 221              	.LFE5:
 222              		.size	LCD_SPIM_SCB_SpiUartGetTxBufferSize, .-LCD_SPIM_SCB_SpiUartGetTxBufferSize
 223              		.section	.text.LCD_SPIM_SCB_SpiUartClearTxBuffer,"ax",%progbits
 224              		.align	1
 225              		.global	LCD_SPIM_SCB_SpiUartClearTxBuffer
 226              		.code	16
 227              		.thumb_func
 228              		.type	LCD_SPIM_SCB_SpiUartClearTxBuffer, %function
 229              	LCD_SPIM_SCB_SpiUartClearTxBuffer:
 230              	.LFB6:
 357:.\Generated_Source\PSoC4/LCD_SPIM_SCB_SPI_UART.c **** 
 358:.\Generated_Source\PSoC4/LCD_SPIM_SCB_SPI_UART.c **** 
 359:.\Generated_Source\PSoC4/LCD_SPIM_SCB_SPI_UART.c ****     /*******************************************************************************
 360:.\Generated_Source\PSoC4/LCD_SPIM_SCB_SPI_UART.c ****     * Function Name: LCD_SPIM_SCB_SpiUartClearTxBuffer
 361:.\Generated_Source\PSoC4/LCD_SPIM_SCB_SPI_UART.c ****     ********************************************************************************
 362:.\Generated_Source\PSoC4/LCD_SPIM_SCB_SPI_UART.c ****     *
 363:.\Generated_Source\PSoC4/LCD_SPIM_SCB_SPI_UART.c ****     * Summary:
 364:.\Generated_Source\PSoC4/LCD_SPIM_SCB_SPI_UART.c ****     *  Clears the transmit buffer and TX FIFO.
 365:.\Generated_Source\PSoC4/LCD_SPIM_SCB_SPI_UART.c ****     *
 366:.\Generated_Source\PSoC4/LCD_SPIM_SCB_SPI_UART.c ****     * Parameters:
 367:.\Generated_Source\PSoC4/LCD_SPIM_SCB_SPI_UART.c ****     *  None
 368:.\Generated_Source\PSoC4/LCD_SPIM_SCB_SPI_UART.c ****     *
 369:.\Generated_Source\PSoC4/LCD_SPIM_SCB_SPI_UART.c ****     * Return:
 370:.\Generated_Source\PSoC4/LCD_SPIM_SCB_SPI_UART.c ****     *  None
 371:.\Generated_Source\PSoC4/LCD_SPIM_SCB_SPI_UART.c ****     *
 372:.\Generated_Source\PSoC4/LCD_SPIM_SCB_SPI_UART.c ****     *******************************************************************************/
 373:.\Generated_Source\PSoC4/LCD_SPIM_SCB_SPI_UART.c ****     void LCD_SPIM_SCB_SpiUartClearTxBuffer(void)
 374:.\Generated_Source\PSoC4/LCD_SPIM_SCB_SPI_UART.c ****     {
 231              		.loc 1 374 0
 232              		.cfi_startproc
 375:.\Generated_Source\PSoC4/LCD_SPIM_SCB_SPI_UART.c ****         #if(LCD_SPIM_SCB_INTERNAL_TX_SW_BUFFER_CONST)
 376:.\Generated_Source\PSoC4/LCD_SPIM_SCB_SPI_UART.c ****             uint32 intSourceMask;
 377:.\Generated_Source\PSoC4/LCD_SPIM_SCB_SPI_UART.c ****         #endif /* (LCD_SPIM_SCB_INTERNAL_TX_SW_BUFFER_CONST) */
 378:.\Generated_Source\PSoC4/LCD_SPIM_SCB_SPI_UART.c **** 
 379:.\Generated_Source\PSoC4/LCD_SPIM_SCB_SPI_UART.c ****         #if(LCD_SPIM_SCB_CHECK_TX_SW_BUFFER)
 380:.\Generated_Source\PSoC4/LCD_SPIM_SCB_SPI_UART.c ****         {
 381:.\Generated_Source\PSoC4/LCD_SPIM_SCB_SPI_UART.c ****             intSourceMask = LCD_SPIM_SCB_SpiUartDisableIntTx();
 382:.\Generated_Source\PSoC4/LCD_SPIM_SCB_SPI_UART.c **** 
 383:.\Generated_Source\PSoC4/LCD_SPIM_SCB_SPI_UART.c ****             LCD_SPIM_SCB_CLEAR_TX_FIFO;
 384:.\Generated_Source\PSoC4/LCD_SPIM_SCB_SPI_UART.c **** 
 385:.\Generated_Source\PSoC4/LCD_SPIM_SCB_SPI_UART.c ****             /* Flush TX software buffer */
 386:.\Generated_Source\PSoC4/LCD_SPIM_SCB_SPI_UART.c ****             LCD_SPIM_SCB_txBufferHead = LCD_SPIM_SCB_txBufferTail;
 387:.\Generated_Source\PSoC4/LCD_SPIM_SCB_SPI_UART.c **** 
 388:.\Generated_Source\PSoC4/LCD_SPIM_SCB_SPI_UART.c ****             /* End TX transfer if it is in progress */
 389:.\Generated_Source\PSoC4/LCD_SPIM_SCB_SPI_UART.c ****             intSourceMask &= (uint32) ~LCD_SPIM_SCB_INTR_TX_EMPTY;
 390:.\Generated_Source\PSoC4/LCD_SPIM_SCB_SPI_UART.c **** 
 391:.\Generated_Source\PSoC4/LCD_SPIM_SCB_SPI_UART.c ****             LCD_SPIM_SCB_SpiUartEnableIntTx(intSourceMask);
ARM GAS  C:\Users\kees\AppData\Local\Temp\ccE3Rv5o.s 			page 12


 392:.\Generated_Source\PSoC4/LCD_SPIM_SCB_SPI_UART.c ****         }
 393:.\Generated_Source\PSoC4/LCD_SPIM_SCB_SPI_UART.c ****         #else
 394:.\Generated_Source\PSoC4/LCD_SPIM_SCB_SPI_UART.c ****         {
 395:.\Generated_Source\PSoC4/LCD_SPIM_SCB_SPI_UART.c ****             LCD_SPIM_SCB_CLEAR_TX_FIFO;
 233              		.loc 1 395 0
 234 0000 054B     		ldr	r3, .L29
 235 0002 8022     		mov	r2, #128
 236 0004 1968     		ldr	r1, [r3]
 237 0006 5202     		lsl	r2, r2, #9
 238 0008 0A43     		orr	r2, r2, r1
 239 000a 1A60     		str	r2, [r3]
 240 000c 1968     		ldr	r1, [r3]
 241 000e 034A     		ldr	r2, .L29+4
 396:.\Generated_Source\PSoC4/LCD_SPIM_SCB_SPI_UART.c ****         }
 397:.\Generated_Source\PSoC4/LCD_SPIM_SCB_SPI_UART.c ****         #endif
 398:.\Generated_Source\PSoC4/LCD_SPIM_SCB_SPI_UART.c ****     }
 242              		.loc 1 398 0
 243              		@ sp needed for prologue
 244              		.loc 1 395 0
 245 0010 0A40     		and	r2, r2, r1
 246 0012 1A60     		str	r2, [r3]
 247              		.loc 1 398 0
 248 0014 7047     		bx	lr
 249              	.L30:
 250 0016 C046     		.align	2
 251              	.L29:
 252 0018 04020740 		.word	1074201092
 253 001c FFFFFEFF 		.word	-65537
 254              		.cfi_endproc
 255              	.LFE6:
 256              		.size	LCD_SPIM_SCB_SpiUartClearTxBuffer, .-LCD_SPIM_SCB_SpiUartClearTxBuffer
 257              		.section	.text.LCD_SPIM_SCB_SpiUartDisableIntRx,"ax",%progbits
 258              		.align	1
 259              		.global	LCD_SPIM_SCB_SpiUartDisableIntRx
 260              		.code	16
 261              		.thumb_func
 262              		.type	LCD_SPIM_SCB_SpiUartDisableIntRx, %function
 263              	LCD_SPIM_SCB_SpiUartDisableIntRx:
 264              	.LFB7:
 399:.\Generated_Source\PSoC4/LCD_SPIM_SCB_SPI_UART.c **** 
 400:.\Generated_Source\PSoC4/LCD_SPIM_SCB_SPI_UART.c **** #endif /* (LCD_SPIM_SCB_TX_DIRECTION) */
 401:.\Generated_Source\PSoC4/LCD_SPIM_SCB_SPI_UART.c **** 
 402:.\Generated_Source\PSoC4/LCD_SPIM_SCB_SPI_UART.c **** 
 403:.\Generated_Source\PSoC4/LCD_SPIM_SCB_SPI_UART.c **** /*******************************************************************************
 404:.\Generated_Source\PSoC4/LCD_SPIM_SCB_SPI_UART.c **** * Function Name: LCD_SPIM_SCB_SpiUartDisableIntRx
 405:.\Generated_Source\PSoC4/LCD_SPIM_SCB_SPI_UART.c **** ********************************************************************************
 406:.\Generated_Source\PSoC4/LCD_SPIM_SCB_SPI_UART.c **** *
 407:.\Generated_Source\PSoC4/LCD_SPIM_SCB_SPI_UART.c **** * Summary:
 408:.\Generated_Source\PSoC4/LCD_SPIM_SCB_SPI_UART.c **** *  Disables RX interrupt sources.
 409:.\Generated_Source\PSoC4/LCD_SPIM_SCB_SPI_UART.c **** *
 410:.\Generated_Source\PSoC4/LCD_SPIM_SCB_SPI_UART.c **** * Parameters:
 411:.\Generated_Source\PSoC4/LCD_SPIM_SCB_SPI_UART.c **** *  None
 412:.\Generated_Source\PSoC4/LCD_SPIM_SCB_SPI_UART.c **** *
 413:.\Generated_Source\PSoC4/LCD_SPIM_SCB_SPI_UART.c **** * Return:
 414:.\Generated_Source\PSoC4/LCD_SPIM_SCB_SPI_UART.c **** *  Returns RX interrupt soureces enabled before function call.
 415:.\Generated_Source\PSoC4/LCD_SPIM_SCB_SPI_UART.c **** *
 416:.\Generated_Source\PSoC4/LCD_SPIM_SCB_SPI_UART.c **** *******************************************************************************/
ARM GAS  C:\Users\kees\AppData\Local\Temp\ccE3Rv5o.s 			page 13


 417:.\Generated_Source\PSoC4/LCD_SPIM_SCB_SPI_UART.c **** uint32 LCD_SPIM_SCB_SpiUartDisableIntRx(void)
 418:.\Generated_Source\PSoC4/LCD_SPIM_SCB_SPI_UART.c **** {
 265              		.loc 1 418 0
 266              		.cfi_startproc
 419:.\Generated_Source\PSoC4/LCD_SPIM_SCB_SPI_UART.c ****     uint32 intSource;
 420:.\Generated_Source\PSoC4/LCD_SPIM_SCB_SPI_UART.c **** 
 421:.\Generated_Source\PSoC4/LCD_SPIM_SCB_SPI_UART.c ****     intSource = LCD_SPIM_SCB_GetRxInterruptMode();
 267              		.loc 1 421 0
 268 0000 024B     		ldr	r3, .L33
 422:.\Generated_Source\PSoC4/LCD_SPIM_SCB_SPI_UART.c **** 
 423:.\Generated_Source\PSoC4/LCD_SPIM_SCB_SPI_UART.c ****     LCD_SPIM_SCB_SetRxInterruptMode(LCD_SPIM_SCB_NO_INTR_SOURCES);
 269              		.loc 1 423 0
 270 0002 0022     		mov	r2, #0
 271              		.loc 1 421 0
 272 0004 1868     		ldr	r0, [r3]
 273              	.LVL10:
 424:.\Generated_Source\PSoC4/LCD_SPIM_SCB_SPI_UART.c **** 
 425:.\Generated_Source\PSoC4/LCD_SPIM_SCB_SPI_UART.c ****     return(intSource);
 426:.\Generated_Source\PSoC4/LCD_SPIM_SCB_SPI_UART.c **** }
 274              		.loc 1 426 0
 275              		@ sp needed for prologue
 276              		.loc 1 423 0
 277 0006 1A60     		str	r2, [r3]
 278              	.LVL11:
 279              		.loc 1 426 0
 280 0008 7047     		bx	lr
 281              	.L34:
 282 000a C046     		.align	2
 283              	.L33:
 284 000c C80F0740 		.word	1074204616
 285              		.cfi_endproc
 286              	.LFE7:
 287              		.size	LCD_SPIM_SCB_SpiUartDisableIntRx, .-LCD_SPIM_SCB_SpiUartDisableIntRx
 288              		.section	.text.LCD_SPIM_SCB_SpiUartDisableIntTx,"ax",%progbits
 289              		.align	1
 290              		.global	LCD_SPIM_SCB_SpiUartDisableIntTx
 291              		.code	16
 292              		.thumb_func
 293              		.type	LCD_SPIM_SCB_SpiUartDisableIntTx, %function
 294              	LCD_SPIM_SCB_SpiUartDisableIntTx:
 295              	.LFB8:
 427:.\Generated_Source\PSoC4/LCD_SPIM_SCB_SPI_UART.c **** 
 428:.\Generated_Source\PSoC4/LCD_SPIM_SCB_SPI_UART.c **** 
 429:.\Generated_Source\PSoC4/LCD_SPIM_SCB_SPI_UART.c **** /*******************************************************************************
 430:.\Generated_Source\PSoC4/LCD_SPIM_SCB_SPI_UART.c **** * Function Name: LCD_SPIM_SCB_SpiUartDisableIntTx
 431:.\Generated_Source\PSoC4/LCD_SPIM_SCB_SPI_UART.c **** ********************************************************************************
 432:.\Generated_Source\PSoC4/LCD_SPIM_SCB_SPI_UART.c **** *
 433:.\Generated_Source\PSoC4/LCD_SPIM_SCB_SPI_UART.c **** * Summary:
 434:.\Generated_Source\PSoC4/LCD_SPIM_SCB_SPI_UART.c **** *  Disables TX interrupt sources.
 435:.\Generated_Source\PSoC4/LCD_SPIM_SCB_SPI_UART.c **** *
 436:.\Generated_Source\PSoC4/LCD_SPIM_SCB_SPI_UART.c **** * Parameters:
 437:.\Generated_Source\PSoC4/LCD_SPIM_SCB_SPI_UART.c **** *  None
 438:.\Generated_Source\PSoC4/LCD_SPIM_SCB_SPI_UART.c **** *
 439:.\Generated_Source\PSoC4/LCD_SPIM_SCB_SPI_UART.c **** * Return:
 440:.\Generated_Source\PSoC4/LCD_SPIM_SCB_SPI_UART.c **** *  Returns TX interrupt soureces enabled before function call.
 441:.\Generated_Source\PSoC4/LCD_SPIM_SCB_SPI_UART.c **** *
 442:.\Generated_Source\PSoC4/LCD_SPIM_SCB_SPI_UART.c **** *******************************************************************************/
ARM GAS  C:\Users\kees\AppData\Local\Temp\ccE3Rv5o.s 			page 14


 443:.\Generated_Source\PSoC4/LCD_SPIM_SCB_SPI_UART.c **** uint32 LCD_SPIM_SCB_SpiUartDisableIntTx(void)
 444:.\Generated_Source\PSoC4/LCD_SPIM_SCB_SPI_UART.c **** {
 296              		.loc 1 444 0
 297              		.cfi_startproc
 445:.\Generated_Source\PSoC4/LCD_SPIM_SCB_SPI_UART.c ****     uint32 intSourceMask;
 446:.\Generated_Source\PSoC4/LCD_SPIM_SCB_SPI_UART.c **** 
 447:.\Generated_Source\PSoC4/LCD_SPIM_SCB_SPI_UART.c ****     intSourceMask = LCD_SPIM_SCB_GetTxInterruptMode();
 298              		.loc 1 447 0
 299 0000 024B     		ldr	r3, .L37
 448:.\Generated_Source\PSoC4/LCD_SPIM_SCB_SPI_UART.c **** 
 449:.\Generated_Source\PSoC4/LCD_SPIM_SCB_SPI_UART.c ****     LCD_SPIM_SCB_SetTxInterruptMode(LCD_SPIM_SCB_NO_INTR_SOURCES);
 300              		.loc 1 449 0
 301 0002 0022     		mov	r2, #0
 302              		.loc 1 447 0
 303 0004 1868     		ldr	r0, [r3]
 304              	.LVL12:
 450:.\Generated_Source\PSoC4/LCD_SPIM_SCB_SPI_UART.c **** 
 451:.\Generated_Source\PSoC4/LCD_SPIM_SCB_SPI_UART.c ****     return(intSourceMask);
 452:.\Generated_Source\PSoC4/LCD_SPIM_SCB_SPI_UART.c **** }
 305              		.loc 1 452 0
 306              		@ sp needed for prologue
 307              		.loc 1 449 0
 308 0006 1A60     		str	r2, [r3]
 309              	.LVL13:
 310              		.loc 1 452 0
 311 0008 7047     		bx	lr
 312              	.L38:
 313 000a C046     		.align	2
 314              	.L37:
 315 000c 880F0740 		.word	1074204552
 316              		.cfi_endproc
 317              	.LFE8:
 318              		.size	LCD_SPIM_SCB_SpiUartDisableIntTx, .-LCD_SPIM_SCB_SpiUartDisableIntTx
 319              		.text
 320              	.Letext0:
 321              		.section	.debug_loc,"",%progbits
 322              	.Ldebug_loc0:
 323              	.LLST1:
 324 0000 04000000 		.4byte	.LVL0
 325 0004 04000000 		.4byte	.LVL1
 326 0008 0100     		.2byte	0x1
 327 000a 50       		.byte	0x50
 328 000b 00000000 		.4byte	0x0
 329 000f 00000000 		.4byte	0x0
 330              	.LLST4:
 331 0013 00000000 		.4byte	.LFB3
 332 0017 02000000 		.4byte	.LCFI0
 333 001b 0100     		.2byte	0x1
 334 001d 5D       		.byte	0x5d
 335 001e 02000000 		.4byte	.LCFI0
 336 0022 1C000000 		.4byte	.LFE3
 337 0026 0200     		.2byte	0x2
 338 0028 7D       		.byte	0x7d
 339 0029 04       		.sleb128 4
 340 002a 00000000 		.4byte	0x0
 341 002e 00000000 		.4byte	0x0
 342              	.LLST5:
ARM GAS  C:\Users\kees\AppData\Local\Temp\ccE3Rv5o.s 			page 15


 343 0032 00000000 		.4byte	.LFB4
 344 0036 02000000 		.4byte	.LCFI1
 345 003a 0100     		.2byte	0x1
 346 003c 5D       		.byte	0x5d
 347 003d 02000000 		.4byte	.LCFI1
 348 0041 1A000000 		.4byte	.LFE4
 349 0045 0200     		.2byte	0x2
 350 0047 7D       		.byte	0x7d
 351 0048 10       		.sleb128 16
 352 0049 00000000 		.4byte	0x0
 353 004d 00000000 		.4byte	0x0
 354              	.LLST6:
 355 0051 02000000 		.4byte	.LVL3
 356 0055 0C000000 		.4byte	.LVL6
 357 0059 0100     		.2byte	0x1
 358 005b 50       		.byte	0x50
 359 005c 14000000 		.4byte	.LVL7
 360 0060 1A000000 		.4byte	.LFE4
 361 0064 0100     		.2byte	0x1
 362 0066 50       		.byte	0x50
 363 0067 00000000 		.4byte	0x0
 364 006b 00000000 		.4byte	0x0
 365              	.LLST7:
 366 006f 02000000 		.4byte	.LVL3
 367 0073 0A000000 		.4byte	.LVL5
 368 0077 0100     		.2byte	0x1
 369 0079 51       		.byte	0x51
 370 007a 0A000000 		.4byte	.LVL5
 371 007e 18000000 		.4byte	.LVL9
 372 0082 0100     		.2byte	0x1
 373 0084 56       		.byte	0x56
 374 0085 18000000 		.4byte	.LVL9
 375 0089 1A000000 		.4byte	.LFE4
 376 008d 0100     		.2byte	0x1
 377 008f 51       		.byte	0x51
 378 0090 00000000 		.4byte	0x0
 379 0094 00000000 		.4byte	0x0
 380              	.LLST8:
 381 0098 08000000 		.4byte	.LVL4
 382 009c 18000000 		.4byte	.LVL8
 383 00a0 0100     		.2byte	0x1
 384 00a2 55       		.byte	0x55
 385 00a3 00000000 		.4byte	0x0
 386 00a7 00000000 		.4byte	0x0
 387              	.LLST12:
 388 00ab 06000000 		.4byte	.LVL10
 389 00af 08000000 		.4byte	.LVL11
 390 00b3 0100     		.2byte	0x1
 391 00b5 50       		.byte	0x50
 392 00b6 00000000 		.4byte	0x0
 393 00ba 00000000 		.4byte	0x0
 394              	.LLST14:
 395 00be 06000000 		.4byte	.LVL12
 396 00c2 08000000 		.4byte	.LVL13
 397 00c6 0100     		.2byte	0x1
 398 00c8 50       		.byte	0x50
 399 00c9 00000000 		.4byte	0x0
ARM GAS  C:\Users\kees\AppData\Local\Temp\ccE3Rv5o.s 			page 16


 400 00cd 00000000 		.4byte	0x0
 401              		.file 2 ".\\Generated_Source\\PSoC4\\/cytypes.h"
 402              		.section	.debug_info
 403 0000 0D020000 		.4byte	0x20d
 404 0004 0200     		.2byte	0x2
 405 0006 00000000 		.4byte	.Ldebug_abbrev0
 406 000a 04       		.byte	0x4
 407 000b 01       		.uleb128 0x1
 408 000c 85000000 		.4byte	.LASF30
 409 0010 01       		.byte	0x1
 410 0011 E3000000 		.4byte	.LASF31
 411 0015 1B020000 		.4byte	.LASF32
 412 0019 00000000 		.4byte	0x0
 413 001d 00000000 		.4byte	0x0
 414 0021 00000000 		.4byte	.Ldebug_ranges0+0x0
 415 0025 00000000 		.4byte	.Ldebug_line0
 416 0029 02       		.uleb128 0x2
 417 002a 01       		.byte	0x1
 418 002b 06       		.byte	0x6
 419 002c 77020000 		.4byte	.LASF0
 420 0030 02       		.uleb128 0x2
 421 0031 01       		.byte	0x1
 422 0032 08       		.byte	0x8
 423 0033 21010000 		.4byte	.LASF1
 424 0037 02       		.uleb128 0x2
 425 0038 02       		.byte	0x2
 426 0039 05       		.byte	0x5
 427 003a EB010000 		.4byte	.LASF2
 428 003e 02       		.uleb128 0x2
 429 003f 02       		.byte	0x2
 430 0040 07       		.byte	0x7
 431 0041 AE000000 		.4byte	.LASF3
 432 0045 02       		.uleb128 0x2
 433 0046 04       		.byte	0x4
 434 0047 05       		.byte	0x5
 435 0048 F5010000 		.4byte	.LASF4
 436 004c 02       		.uleb128 0x2
 437 004d 04       		.byte	0x4
 438 004e 07       		.byte	0x7
 439 004f 9C000000 		.4byte	.LASF5
 440 0053 02       		.uleb128 0x2
 441 0054 08       		.byte	0x8
 442 0055 05       		.byte	0x5
 443 0056 00000000 		.4byte	.LASF6
 444 005a 02       		.uleb128 0x2
 445 005b 08       		.byte	0x8
 446 005c 07       		.byte	0x7
 447 005d 7C010000 		.4byte	.LASF7
 448 0061 03       		.uleb128 0x3
 449 0062 04       		.byte	0x4
 450 0063 05       		.byte	0x5
 451 0064 696E7400 		.ascii	"int\000"
 452 0068 02       		.uleb128 0x2
 453 0069 04       		.byte	0x4
 454 006a 07       		.byte	0x7
 455 006b 57000000 		.4byte	.LASF8
 456 006f 04       		.uleb128 0x4
ARM GAS  C:\Users\kees\AppData\Local\Temp\ccE3Rv5o.s 			page 17


 457 0070 36010000 		.4byte	.LASF9
 458 0074 02       		.byte	0x2
 459 0075 4D       		.byte	0x4d
 460 0076 3E000000 		.4byte	0x3e
 461 007a 04       		.uleb128 0x4
 462 007b 3D010000 		.4byte	.LASF10
 463 007f 02       		.byte	0x2
 464 0080 4E       		.byte	0x4e
 465 0081 4C000000 		.4byte	0x4c
 466 0085 02       		.uleb128 0x2
 467 0086 04       		.byte	0x4
 468 0087 04       		.byte	0x4
 469 0088 91000000 		.4byte	.LASF11
 470 008c 02       		.uleb128 0x2
 471 008d 08       		.byte	0x8
 472 008e 04       		.byte	0x4
 473 008f 2F010000 		.4byte	.LASF12
 474 0093 02       		.uleb128 0x2
 475 0094 01       		.byte	0x1
 476 0095 08       		.byte	0x8
 477 0096 C2010000 		.4byte	.LASF13
 478 009a 05       		.uleb128 0x5
 479 009b 04       		.byte	0x4
 480 009c 07       		.byte	0x7
 481 009d 06       		.uleb128 0x6
 482 009e 01       		.byte	0x1
 483 009f 83020000 		.4byte	.LASF14
 484 00a3 01       		.byte	0x1
 485 00a4 46       		.byte	0x46
 486 00a5 01       		.byte	0x1
 487 00a6 7A000000 		.4byte	0x7a
 488 00aa 00000000 		.4byte	.LFB0
 489 00ae 0C000000 		.4byte	.LFE0
 490 00b2 01       		.byte	0x1
 491 00b3 5D       		.byte	0x5d
 492 00b4 C8000000 		.4byte	0xc8
 493 00b8 07       		.uleb128 0x7
 494 00b9 14010000 		.4byte	.LASF21
 495 00bd 01       		.byte	0x1
 496 00be 48       		.byte	0x48
 497 00bf 7A000000 		.4byte	0x7a
 498 00c3 00000000 		.4byte	.LLST1
 499 00c7 00       		.byte	0x0
 500 00c8 06       		.uleb128 0x6
 501 00c9 01       		.byte	0x1
 502 00ca 93010000 		.4byte	.LASF15
 503 00ce 01       		.byte	0x1
 504 00cf 7F       		.byte	0x7f
 505 00d0 01       		.byte	0x1
 506 00d1 7A000000 		.4byte	0x7a
 507 00d5 00000000 		.4byte	.LFB1
 508 00d9 10000000 		.4byte	.LFE1
 509 00dd 01       		.byte	0x1
 510 00de 5D       		.byte	0x5d
 511 00df EF000000 		.4byte	0xef
 512 00e3 08       		.uleb128 0x8
 513 00e4 97000000 		.4byte	.LASF23
ARM GAS  C:\Users\kees\AppData\Local\Temp\ccE3Rv5o.s 			page 18


 514 00e8 01       		.byte	0x1
 515 00e9 81       		.byte	0x81
 516 00ea 7A000000 		.4byte	0x7a
 517 00ee 00       		.byte	0x0
 518 00ef 09       		.uleb128 0x9
 519 00f0 01       		.byte	0x1
 520 00f1 C1000000 		.4byte	.LASF24
 521 00f5 01       		.byte	0x1
 522 00f6 AB       		.byte	0xab
 523 00f7 01       		.byte	0x1
 524 00f8 00000000 		.4byte	.LFB2
 525 00fc 20000000 		.4byte	.LFE2
 526 0100 01       		.byte	0x1
 527 0101 5D       		.byte	0x5d
 528 0102 0A       		.uleb128 0xa
 529 0103 01       		.byte	0x1
 530 0104 44010000 		.4byte	.LASF16
 531 0108 01       		.byte	0x1
 532 0109 DD       		.byte	0xdd
 533 010a 01       		.byte	0x1
 534 010b 00000000 		.4byte	.LFB3
 535 010f 1C000000 		.4byte	.LFE3
 536 0113 13000000 		.4byte	.LLST4
 537 0117 29010000 		.4byte	0x129
 538 011b 0B       		.uleb128 0xb
 539 011c B7010000 		.4byte	.LASF18
 540 0120 01       		.byte	0x1
 541 0121 DD       		.byte	0xdd
 542 0122 7A000000 		.4byte	0x7a
 543 0126 01       		.byte	0x1
 544 0127 50       		.byte	0x50
 545 0128 00       		.byte	0x0
 546 0129 0C       		.uleb128 0xc
 547 012a 01       		.byte	0x1
 548 012b FE010000 		.4byte	.LASF17
 549 012f 01       		.byte	0x1
 550 0130 2B01     		.2byte	0x12b
 551 0132 01       		.byte	0x1
 552 0133 00000000 		.4byte	.LFB4
 553 0137 1A000000 		.4byte	.LFE4
 554 013b 32000000 		.4byte	.LLST5
 555 013f 72010000 		.4byte	0x172
 556 0143 0D       		.uleb128 0xd
 557 0144 1B010000 		.4byte	.LASF19
 558 0148 01       		.byte	0x1
 559 0149 2B01     		.2byte	0x12b
 560 014b 72010000 		.4byte	0x172
 561 014f 51000000 		.4byte	.LLST6
 562 0153 0D       		.uleb128 0xd
 563 0154 30000000 		.4byte	.LASF20
 564 0158 01       		.byte	0x1
 565 0159 2B01     		.2byte	0x12b
 566 015b 7A000000 		.4byte	0x7a
 567 015f 6F000000 		.4byte	.LLST7
 568 0163 0E       		.uleb128 0xe
 569 0164 6900     		.ascii	"i\000"
 570 0166 01       		.byte	0x1
ARM GAS  C:\Users\kees\AppData\Local\Temp\ccE3Rv5o.s 			page 19


 571 0167 2D01     		.2byte	0x12d
 572 0169 7A000000 		.4byte	0x7a
 573 016d 98000000 		.4byte	.LLST8
 574 0171 00       		.byte	0x0
 575 0172 0F       		.uleb128 0xf
 576 0173 04       		.byte	0x4
 577 0174 78010000 		.4byte	0x178
 578 0178 10       		.uleb128 0x10
 579 0179 6F000000 		.4byte	0x6f
 580 017d 11       		.uleb128 0x11
 581 017e 01       		.byte	0x1
 582 017f C7010000 		.4byte	.LASF22
 583 0183 01       		.byte	0x1
 584 0184 4801     		.2byte	0x148
 585 0186 01       		.byte	0x1
 586 0187 7A000000 		.4byte	0x7a
 587 018b 00000000 		.4byte	.LFB5
 588 018f 10000000 		.4byte	.LFE5
 589 0193 01       		.byte	0x1
 590 0194 5D       		.byte	0x5d
 591 0195 A6010000 		.4byte	0x1a6
 592 0199 12       		.uleb128 0x12
 593 019a 97000000 		.4byte	.LASF23
 594 019e 01       		.byte	0x1
 595 019f 4A01     		.2byte	0x14a
 596 01a1 7A000000 		.4byte	0x7a
 597 01a5 00       		.byte	0x0
 598 01a6 13       		.uleb128 0x13
 599 01a7 01       		.byte	0x1
 600 01a8 0E000000 		.4byte	.LASF25
 601 01ac 01       		.byte	0x1
 602 01ad 7501     		.2byte	0x175
 603 01af 01       		.byte	0x1
 604 01b0 00000000 		.4byte	.LFB6
 605 01b4 20000000 		.4byte	.LFE6
 606 01b8 01       		.byte	0x1
 607 01b9 5D       		.byte	0x5d
 608 01ba 11       		.uleb128 0x11
 609 01bb 01       		.byte	0x1
 610 01bc 36000000 		.4byte	.LASF26
 611 01c0 01       		.byte	0x1
 612 01c1 A101     		.2byte	0x1a1
 613 01c3 01       		.byte	0x1
 614 01c4 7A000000 		.4byte	0x7a
 615 01c8 00000000 		.4byte	.LFB7
 616 01cc 10000000 		.4byte	.LFE7
 617 01d0 01       		.byte	0x1
 618 01d1 5D       		.byte	0x5d
 619 01d2 E7010000 		.4byte	0x1e7
 620 01d6 14       		.uleb128 0x14
 621 01d7 72010000 		.4byte	.LASF27
 622 01db 01       		.byte	0x1
 623 01dc A301     		.2byte	0x1a3
 624 01de 7A000000 		.4byte	0x7a
 625 01e2 AB000000 		.4byte	.LLST12
 626 01e6 00       		.byte	0x0
 627 01e7 15       		.uleb128 0x15
ARM GAS  C:\Users\kees\AppData\Local\Temp\ccE3Rv5o.s 			page 20


 628 01e8 01       		.byte	0x1
 629 01e9 64000000 		.4byte	.LASF28
 630 01ed 01       		.byte	0x1
 631 01ee BB01     		.2byte	0x1bb
 632 01f0 01       		.byte	0x1
 633 01f1 7A000000 		.4byte	0x7a
 634 01f5 00000000 		.4byte	.LFB8
 635 01f9 10000000 		.4byte	.LFE8
 636 01fd 01       		.byte	0x1
 637 01fe 5D       		.byte	0x5d
 638 01ff 14       		.uleb128 0x14
 639 0200 64010000 		.4byte	.LASF29
 640 0204 01       		.byte	0x1
 641 0205 BD01     		.2byte	0x1bd
 642 0207 7A000000 		.4byte	0x7a
 643 020b BE000000 		.4byte	.LLST14
 644 020f 00       		.byte	0x0
 645 0210 00       		.byte	0x0
 646              		.section	.debug_abbrev
 647 0000 01       		.uleb128 0x1
 648 0001 11       		.uleb128 0x11
 649 0002 01       		.byte	0x1
 650 0003 25       		.uleb128 0x25
 651 0004 0E       		.uleb128 0xe
 652 0005 13       		.uleb128 0x13
 653 0006 0B       		.uleb128 0xb
 654 0007 03       		.uleb128 0x3
 655 0008 0E       		.uleb128 0xe
 656 0009 1B       		.uleb128 0x1b
 657 000a 0E       		.uleb128 0xe
 658 000b 11       		.uleb128 0x11
 659 000c 01       		.uleb128 0x1
 660 000d 52       		.uleb128 0x52
 661 000e 01       		.uleb128 0x1
 662 000f 55       		.uleb128 0x55
 663 0010 06       		.uleb128 0x6
 664 0011 10       		.uleb128 0x10
 665 0012 06       		.uleb128 0x6
 666 0013 00       		.byte	0x0
 667 0014 00       		.byte	0x0
 668 0015 02       		.uleb128 0x2
 669 0016 24       		.uleb128 0x24
 670 0017 00       		.byte	0x0
 671 0018 0B       		.uleb128 0xb
 672 0019 0B       		.uleb128 0xb
 673 001a 3E       		.uleb128 0x3e
 674 001b 0B       		.uleb128 0xb
 675 001c 03       		.uleb128 0x3
 676 001d 0E       		.uleb128 0xe
 677 001e 00       		.byte	0x0
 678 001f 00       		.byte	0x0
 679 0020 03       		.uleb128 0x3
 680 0021 24       		.uleb128 0x24
 681 0022 00       		.byte	0x0
 682 0023 0B       		.uleb128 0xb
 683 0024 0B       		.uleb128 0xb
 684 0025 3E       		.uleb128 0x3e
ARM GAS  C:\Users\kees\AppData\Local\Temp\ccE3Rv5o.s 			page 21


 685 0026 0B       		.uleb128 0xb
 686 0027 03       		.uleb128 0x3
 687 0028 08       		.uleb128 0x8
 688 0029 00       		.byte	0x0
 689 002a 00       		.byte	0x0
 690 002b 04       		.uleb128 0x4
 691 002c 16       		.uleb128 0x16
 692 002d 00       		.byte	0x0
 693 002e 03       		.uleb128 0x3
 694 002f 0E       		.uleb128 0xe
 695 0030 3A       		.uleb128 0x3a
 696 0031 0B       		.uleb128 0xb
 697 0032 3B       		.uleb128 0x3b
 698 0033 0B       		.uleb128 0xb
 699 0034 49       		.uleb128 0x49
 700 0035 13       		.uleb128 0x13
 701 0036 00       		.byte	0x0
 702 0037 00       		.byte	0x0
 703 0038 05       		.uleb128 0x5
 704 0039 24       		.uleb128 0x24
 705 003a 00       		.byte	0x0
 706 003b 0B       		.uleb128 0xb
 707 003c 0B       		.uleb128 0xb
 708 003d 3E       		.uleb128 0x3e
 709 003e 0B       		.uleb128 0xb
 710 003f 00       		.byte	0x0
 711 0040 00       		.byte	0x0
 712 0041 06       		.uleb128 0x6
 713 0042 2E       		.uleb128 0x2e
 714 0043 01       		.byte	0x1
 715 0044 3F       		.uleb128 0x3f
 716 0045 0C       		.uleb128 0xc
 717 0046 03       		.uleb128 0x3
 718 0047 0E       		.uleb128 0xe
 719 0048 3A       		.uleb128 0x3a
 720 0049 0B       		.uleb128 0xb
 721 004a 3B       		.uleb128 0x3b
 722 004b 0B       		.uleb128 0xb
 723 004c 27       		.uleb128 0x27
 724 004d 0C       		.uleb128 0xc
 725 004e 49       		.uleb128 0x49
 726 004f 13       		.uleb128 0x13
 727 0050 11       		.uleb128 0x11
 728 0051 01       		.uleb128 0x1
 729 0052 12       		.uleb128 0x12
 730 0053 01       		.uleb128 0x1
 731 0054 40       		.uleb128 0x40
 732 0055 0A       		.uleb128 0xa
 733 0056 01       		.uleb128 0x1
 734 0057 13       		.uleb128 0x13
 735 0058 00       		.byte	0x0
 736 0059 00       		.byte	0x0
 737 005a 07       		.uleb128 0x7
 738 005b 34       		.uleb128 0x34
 739 005c 00       		.byte	0x0
 740 005d 03       		.uleb128 0x3
 741 005e 0E       		.uleb128 0xe
ARM GAS  C:\Users\kees\AppData\Local\Temp\ccE3Rv5o.s 			page 22


 742 005f 3A       		.uleb128 0x3a
 743 0060 0B       		.uleb128 0xb
 744 0061 3B       		.uleb128 0x3b
 745 0062 0B       		.uleb128 0xb
 746 0063 49       		.uleb128 0x49
 747 0064 13       		.uleb128 0x13
 748 0065 02       		.uleb128 0x2
 749 0066 06       		.uleb128 0x6
 750 0067 00       		.byte	0x0
 751 0068 00       		.byte	0x0
 752 0069 08       		.uleb128 0x8
 753 006a 34       		.uleb128 0x34
 754 006b 00       		.byte	0x0
 755 006c 03       		.uleb128 0x3
 756 006d 0E       		.uleb128 0xe
 757 006e 3A       		.uleb128 0x3a
 758 006f 0B       		.uleb128 0xb
 759 0070 3B       		.uleb128 0x3b
 760 0071 0B       		.uleb128 0xb
 761 0072 49       		.uleb128 0x49
 762 0073 13       		.uleb128 0x13
 763 0074 00       		.byte	0x0
 764 0075 00       		.byte	0x0
 765 0076 09       		.uleb128 0x9
 766 0077 2E       		.uleb128 0x2e
 767 0078 00       		.byte	0x0
 768 0079 3F       		.uleb128 0x3f
 769 007a 0C       		.uleb128 0xc
 770 007b 03       		.uleb128 0x3
 771 007c 0E       		.uleb128 0xe
 772 007d 3A       		.uleb128 0x3a
 773 007e 0B       		.uleb128 0xb
 774 007f 3B       		.uleb128 0x3b
 775 0080 0B       		.uleb128 0xb
 776 0081 27       		.uleb128 0x27
 777 0082 0C       		.uleb128 0xc
 778 0083 11       		.uleb128 0x11
 779 0084 01       		.uleb128 0x1
 780 0085 12       		.uleb128 0x12
 781 0086 01       		.uleb128 0x1
 782 0087 40       		.uleb128 0x40
 783 0088 0A       		.uleb128 0xa
 784 0089 00       		.byte	0x0
 785 008a 00       		.byte	0x0
 786 008b 0A       		.uleb128 0xa
 787 008c 2E       		.uleb128 0x2e
 788 008d 01       		.byte	0x1
 789 008e 3F       		.uleb128 0x3f
 790 008f 0C       		.uleb128 0xc
 791 0090 03       		.uleb128 0x3
 792 0091 0E       		.uleb128 0xe
 793 0092 3A       		.uleb128 0x3a
 794 0093 0B       		.uleb128 0xb
 795 0094 3B       		.uleb128 0x3b
 796 0095 0B       		.uleb128 0xb
 797 0096 27       		.uleb128 0x27
 798 0097 0C       		.uleb128 0xc
ARM GAS  C:\Users\kees\AppData\Local\Temp\ccE3Rv5o.s 			page 23


 799 0098 11       		.uleb128 0x11
 800 0099 01       		.uleb128 0x1
 801 009a 12       		.uleb128 0x12
 802 009b 01       		.uleb128 0x1
 803 009c 40       		.uleb128 0x40
 804 009d 06       		.uleb128 0x6
 805 009e 01       		.uleb128 0x1
 806 009f 13       		.uleb128 0x13
 807 00a0 00       		.byte	0x0
 808 00a1 00       		.byte	0x0
 809 00a2 0B       		.uleb128 0xb
 810 00a3 05       		.uleb128 0x5
 811 00a4 00       		.byte	0x0
 812 00a5 03       		.uleb128 0x3
 813 00a6 0E       		.uleb128 0xe
 814 00a7 3A       		.uleb128 0x3a
 815 00a8 0B       		.uleb128 0xb
 816 00a9 3B       		.uleb128 0x3b
 817 00aa 0B       		.uleb128 0xb
 818 00ab 49       		.uleb128 0x49
 819 00ac 13       		.uleb128 0x13
 820 00ad 02       		.uleb128 0x2
 821 00ae 0A       		.uleb128 0xa
 822 00af 00       		.byte	0x0
 823 00b0 00       		.byte	0x0
 824 00b1 0C       		.uleb128 0xc
 825 00b2 2E       		.uleb128 0x2e
 826 00b3 01       		.byte	0x1
 827 00b4 3F       		.uleb128 0x3f
 828 00b5 0C       		.uleb128 0xc
 829 00b6 03       		.uleb128 0x3
 830 00b7 0E       		.uleb128 0xe
 831 00b8 3A       		.uleb128 0x3a
 832 00b9 0B       		.uleb128 0xb
 833 00ba 3B       		.uleb128 0x3b
 834 00bb 05       		.uleb128 0x5
 835 00bc 27       		.uleb128 0x27
 836 00bd 0C       		.uleb128 0xc
 837 00be 11       		.uleb128 0x11
 838 00bf 01       		.uleb128 0x1
 839 00c0 12       		.uleb128 0x12
 840 00c1 01       		.uleb128 0x1
 841 00c2 40       		.uleb128 0x40
 842 00c3 06       		.uleb128 0x6
 843 00c4 01       		.uleb128 0x1
 844 00c5 13       		.uleb128 0x13
 845 00c6 00       		.byte	0x0
 846 00c7 00       		.byte	0x0
 847 00c8 0D       		.uleb128 0xd
 848 00c9 05       		.uleb128 0x5
 849 00ca 00       		.byte	0x0
 850 00cb 03       		.uleb128 0x3
 851 00cc 0E       		.uleb128 0xe
 852 00cd 3A       		.uleb128 0x3a
 853 00ce 0B       		.uleb128 0xb
 854 00cf 3B       		.uleb128 0x3b
 855 00d0 05       		.uleb128 0x5
ARM GAS  C:\Users\kees\AppData\Local\Temp\ccE3Rv5o.s 			page 24


 856 00d1 49       		.uleb128 0x49
 857 00d2 13       		.uleb128 0x13
 858 00d3 02       		.uleb128 0x2
 859 00d4 06       		.uleb128 0x6
 860 00d5 00       		.byte	0x0
 861 00d6 00       		.byte	0x0
 862 00d7 0E       		.uleb128 0xe
 863 00d8 34       		.uleb128 0x34
 864 00d9 00       		.byte	0x0
 865 00da 03       		.uleb128 0x3
 866 00db 08       		.uleb128 0x8
 867 00dc 3A       		.uleb128 0x3a
 868 00dd 0B       		.uleb128 0xb
 869 00de 3B       		.uleb128 0x3b
 870 00df 05       		.uleb128 0x5
 871 00e0 49       		.uleb128 0x49
 872 00e1 13       		.uleb128 0x13
 873 00e2 02       		.uleb128 0x2
 874 00e3 06       		.uleb128 0x6
 875 00e4 00       		.byte	0x0
 876 00e5 00       		.byte	0x0
 877 00e6 0F       		.uleb128 0xf
 878 00e7 0F       		.uleb128 0xf
 879 00e8 00       		.byte	0x0
 880 00e9 0B       		.uleb128 0xb
 881 00ea 0B       		.uleb128 0xb
 882 00eb 49       		.uleb128 0x49
 883 00ec 13       		.uleb128 0x13
 884 00ed 00       		.byte	0x0
 885 00ee 00       		.byte	0x0
 886 00ef 10       		.uleb128 0x10
 887 00f0 26       		.uleb128 0x26
 888 00f1 00       		.byte	0x0
 889 00f2 49       		.uleb128 0x49
 890 00f3 13       		.uleb128 0x13
 891 00f4 00       		.byte	0x0
 892 00f5 00       		.byte	0x0
 893 00f6 11       		.uleb128 0x11
 894 00f7 2E       		.uleb128 0x2e
 895 00f8 01       		.byte	0x1
 896 00f9 3F       		.uleb128 0x3f
 897 00fa 0C       		.uleb128 0xc
 898 00fb 03       		.uleb128 0x3
 899 00fc 0E       		.uleb128 0xe
 900 00fd 3A       		.uleb128 0x3a
 901 00fe 0B       		.uleb128 0xb
 902 00ff 3B       		.uleb128 0x3b
 903 0100 05       		.uleb128 0x5
 904 0101 27       		.uleb128 0x27
 905 0102 0C       		.uleb128 0xc
 906 0103 49       		.uleb128 0x49
 907 0104 13       		.uleb128 0x13
 908 0105 11       		.uleb128 0x11
 909 0106 01       		.uleb128 0x1
 910 0107 12       		.uleb128 0x12
 911 0108 01       		.uleb128 0x1
 912 0109 40       		.uleb128 0x40
ARM GAS  C:\Users\kees\AppData\Local\Temp\ccE3Rv5o.s 			page 25


 913 010a 0A       		.uleb128 0xa
 914 010b 01       		.uleb128 0x1
 915 010c 13       		.uleb128 0x13
 916 010d 00       		.byte	0x0
 917 010e 00       		.byte	0x0
 918 010f 12       		.uleb128 0x12
 919 0110 34       		.uleb128 0x34
 920 0111 00       		.byte	0x0
 921 0112 03       		.uleb128 0x3
 922 0113 0E       		.uleb128 0xe
 923 0114 3A       		.uleb128 0x3a
 924 0115 0B       		.uleb128 0xb
 925 0116 3B       		.uleb128 0x3b
 926 0117 05       		.uleb128 0x5
 927 0118 49       		.uleb128 0x49
 928 0119 13       		.uleb128 0x13
 929 011a 00       		.byte	0x0
 930 011b 00       		.byte	0x0
 931 011c 13       		.uleb128 0x13
 932 011d 2E       		.uleb128 0x2e
 933 011e 00       		.byte	0x0
 934 011f 3F       		.uleb128 0x3f
 935 0120 0C       		.uleb128 0xc
 936 0121 03       		.uleb128 0x3
 937 0122 0E       		.uleb128 0xe
 938 0123 3A       		.uleb128 0x3a
 939 0124 0B       		.uleb128 0xb
 940 0125 3B       		.uleb128 0x3b
 941 0126 05       		.uleb128 0x5
 942 0127 27       		.uleb128 0x27
 943 0128 0C       		.uleb128 0xc
 944 0129 11       		.uleb128 0x11
 945 012a 01       		.uleb128 0x1
 946 012b 12       		.uleb128 0x12
 947 012c 01       		.uleb128 0x1
 948 012d 40       		.uleb128 0x40
 949 012e 0A       		.uleb128 0xa
 950 012f 00       		.byte	0x0
 951 0130 00       		.byte	0x0
 952 0131 14       		.uleb128 0x14
 953 0132 34       		.uleb128 0x34
 954 0133 00       		.byte	0x0
 955 0134 03       		.uleb128 0x3
 956 0135 0E       		.uleb128 0xe
 957 0136 3A       		.uleb128 0x3a
 958 0137 0B       		.uleb128 0xb
 959 0138 3B       		.uleb128 0x3b
 960 0139 05       		.uleb128 0x5
 961 013a 49       		.uleb128 0x49
 962 013b 13       		.uleb128 0x13
 963 013c 02       		.uleb128 0x2
 964 013d 06       		.uleb128 0x6
 965 013e 00       		.byte	0x0
 966 013f 00       		.byte	0x0
 967 0140 15       		.uleb128 0x15
 968 0141 2E       		.uleb128 0x2e
 969 0142 01       		.byte	0x1
ARM GAS  C:\Users\kees\AppData\Local\Temp\ccE3Rv5o.s 			page 26


 970 0143 3F       		.uleb128 0x3f
 971 0144 0C       		.uleb128 0xc
 972 0145 03       		.uleb128 0x3
 973 0146 0E       		.uleb128 0xe
 974 0147 3A       		.uleb128 0x3a
 975 0148 0B       		.uleb128 0xb
 976 0149 3B       		.uleb128 0x3b
 977 014a 05       		.uleb128 0x5
 978 014b 27       		.uleb128 0x27
 979 014c 0C       		.uleb128 0xc
 980 014d 49       		.uleb128 0x49
 981 014e 13       		.uleb128 0x13
 982 014f 11       		.uleb128 0x11
 983 0150 01       		.uleb128 0x1
 984 0151 12       		.uleb128 0x12
 985 0152 01       		.uleb128 0x1
 986 0153 40       		.uleb128 0x40
 987 0154 0A       		.uleb128 0xa
 988 0155 00       		.byte	0x0
 989 0156 00       		.byte	0x0
 990 0157 00       		.byte	0x0
 991              		.section	.debug_pubnames,"",%progbits
 992 0000 5C010000 		.4byte	0x15c
 993 0004 0200     		.2byte	0x2
 994 0006 00000000 		.4byte	.Ldebug_info0
 995 000a 11020000 		.4byte	0x211
 996 000e 9D000000 		.4byte	0x9d
 997 0012 4C43445F 		.ascii	"LCD_SPIM_SCB_SpiUartReadRxData\000"
 997      5350494D 
 997      5F534342 
 997      5F537069 
 997      55617274 
 998 0031 C8000000 		.4byte	0xc8
 999 0035 4C43445F 		.ascii	"LCD_SPIM_SCB_SpiUartGetRxBufferSize\000"
 999      5350494D 
 999      5F534342 
 999      5F537069 
 999      55617274 
 1000 0059 EF000000 		.4byte	0xef
 1001 005d 4C43445F 		.ascii	"LCD_SPIM_SCB_SpiUartClearRxBuffer\000"
 1001      5350494D 
 1001      5F534342 
 1001      5F537069 
 1001      55617274 
 1002 007f 02010000 		.4byte	0x102
 1003 0083 4C43445F 		.ascii	"LCD_SPIM_SCB_SpiUartWriteTxData\000"
 1003      5350494D 
 1003      5F534342 
 1003      5F537069 
 1003      55617274 
 1004 00a3 29010000 		.4byte	0x129
 1005 00a7 4C43445F 		.ascii	"LCD_SPIM_SCB_SpiUartPutArray\000"
 1005      5350494D 
 1005      5F534342 
 1005      5F537069 
 1005      55617274 
 1006 00c4 7D010000 		.4byte	0x17d
ARM GAS  C:\Users\kees\AppData\Local\Temp\ccE3Rv5o.s 			page 27


 1007 00c8 4C43445F 		.ascii	"LCD_SPIM_SCB_SpiUartGetTxBufferSize\000"
 1007      5350494D 
 1007      5F534342 
 1007      5F537069 
 1007      55617274 
 1008 00ec A6010000 		.4byte	0x1a6
 1009 00f0 4C43445F 		.ascii	"LCD_SPIM_SCB_SpiUartClearTxBuffer\000"
 1009      5350494D 
 1009      5F534342 
 1009      5F537069 
 1009      55617274 
 1010 0112 BA010000 		.4byte	0x1ba
 1011 0116 4C43445F 		.ascii	"LCD_SPIM_SCB_SpiUartDisableIntRx\000"
 1011      5350494D 
 1011      5F534342 
 1011      5F537069 
 1011      55617274 
 1012 0137 E7010000 		.4byte	0x1e7
 1013 013b 4C43445F 		.ascii	"LCD_SPIM_SCB_SpiUartDisableIntTx\000"
 1013      5350494D 
 1013      5F534342 
 1013      5F537069 
 1013      55617274 
 1014 015c 00000000 		.4byte	0x0
 1015              		.section	.debug_aranges,"",%progbits
 1016 0000 5C000000 		.4byte	0x5c
 1017 0004 0200     		.2byte	0x2
 1018 0006 00000000 		.4byte	.Ldebug_info0
 1019 000a 04       		.byte	0x4
 1020 000b 00       		.byte	0x0
 1021 000c 0000     		.2byte	0x0
 1022 000e 0000     		.2byte	0x0
 1023 0010 00000000 		.4byte	.LFB0
 1024 0014 0C000000 		.4byte	.LFE0-.LFB0
 1025 0018 00000000 		.4byte	.LFB1
 1026 001c 10000000 		.4byte	.LFE1-.LFB1
 1027 0020 00000000 		.4byte	.LFB2
 1028 0024 20000000 		.4byte	.LFE2-.LFB2
 1029 0028 00000000 		.4byte	.LFB3
 1030 002c 1C000000 		.4byte	.LFE3-.LFB3
 1031 0030 00000000 		.4byte	.LFB4
 1032 0034 1A000000 		.4byte	.LFE4-.LFB4
 1033 0038 00000000 		.4byte	.LFB5
 1034 003c 10000000 		.4byte	.LFE5-.LFB5
 1035 0040 00000000 		.4byte	.LFB6
 1036 0044 20000000 		.4byte	.LFE6-.LFB6
 1037 0048 00000000 		.4byte	.LFB7
 1038 004c 10000000 		.4byte	.LFE7-.LFB7
 1039 0050 00000000 		.4byte	.LFB8
 1040 0054 10000000 		.4byte	.LFE8-.LFB8
 1041 0058 00000000 		.4byte	0x0
 1042 005c 00000000 		.4byte	0x0
 1043              		.section	.debug_ranges,"",%progbits
 1044              	.Ldebug_ranges0:
 1045 0000 00000000 		.4byte	.Ltext0
 1046 0004 00000000 		.4byte	.Letext0
 1047 0008 00000000 		.4byte	.LFB0
ARM GAS  C:\Users\kees\AppData\Local\Temp\ccE3Rv5o.s 			page 28


 1048 000c 0C000000 		.4byte	.LFE0
 1049 0010 00000000 		.4byte	.LFB1
 1050 0014 10000000 		.4byte	.LFE1
 1051 0018 00000000 		.4byte	.LFB2
 1052 001c 20000000 		.4byte	.LFE2
 1053 0020 00000000 		.4byte	.LFB3
 1054 0024 1C000000 		.4byte	.LFE3
 1055 0028 00000000 		.4byte	.LFB4
 1056 002c 1A000000 		.4byte	.LFE4
 1057 0030 00000000 		.4byte	.LFB5
 1058 0034 10000000 		.4byte	.LFE5
 1059 0038 00000000 		.4byte	.LFB6
 1060 003c 20000000 		.4byte	.LFE6
 1061 0040 00000000 		.4byte	.LFB7
 1062 0044 10000000 		.4byte	.LFE7
 1063 0048 00000000 		.4byte	.LFB8
 1064 004c 10000000 		.4byte	.LFE8
 1065 0050 00000000 		.4byte	0x0
 1066 0054 00000000 		.4byte	0x0
 1067              		.section	.debug_str,"MS",%progbits,1
 1068              	.LASF6:
 1069 0000 6C6F6E67 		.ascii	"long long int\000"
 1069      206C6F6E 
 1069      6720696E 
 1069      7400
 1070              	.LASF25:
 1071 000e 4C43445F 		.ascii	"LCD_SPIM_SCB_SpiUartClearTxBuffer\000"
 1071      5350494D 
 1071      5F534342 
 1071      5F537069 
 1071      55617274 
 1072              	.LASF20:
 1073 0030 636F756E 		.ascii	"count\000"
 1073      7400
 1074              	.LASF26:
 1075 0036 4C43445F 		.ascii	"LCD_SPIM_SCB_SpiUartDisableIntRx\000"
 1075      5350494D 
 1075      5F534342 
 1075      5F537069 
 1075      55617274 
 1076              	.LASF8:
 1077 0057 756E7369 		.ascii	"unsigned int\000"
 1077      676E6564 
 1077      20696E74 
 1077      00
 1078              	.LASF28:
 1079 0064 4C43445F 		.ascii	"LCD_SPIM_SCB_SpiUartDisableIntTx\000"
 1079      5350494D 
 1079      5F534342 
 1079      5F537069 
 1079      55617274 
 1080              	.LASF30:
 1081 0085 474E5520 		.ascii	"GNU C 4.4.1\000"
 1081      4320342E 
 1081      342E3100 
 1082              	.LASF11:
 1083 0091 666C6F61 		.ascii	"float\000"
ARM GAS  C:\Users\kees\AppData\Local\Temp\ccE3Rv5o.s 			page 29


 1083      7400
 1084              	.LASF23:
 1085 0097 73697A65 		.ascii	"size\000"
 1085      00
 1086              	.LASF5:
 1087 009c 6C6F6E67 		.ascii	"long unsigned int\000"
 1087      20756E73 
 1087      69676E65 
 1087      6420696E 
 1087      7400
 1088              	.LASF3:
 1089 00ae 73686F72 		.ascii	"short unsigned int\000"
 1089      7420756E 
 1089      7369676E 
 1089      65642069 
 1089      6E7400
 1090              	.LASF24:
 1091 00c1 4C43445F 		.ascii	"LCD_SPIM_SCB_SpiUartClearRxBuffer\000"
 1091      5350494D 
 1091      5F534342 
 1091      5F537069 
 1091      55617274 
 1092              	.LASF31:
 1093 00e3 2E5C4765 		.ascii	".\\Generated_Source\\PSoC4\\LCD_SPIM_SCB_SPI_UART.c"
 1093      6E657261 
 1093      7465645F 
 1093      536F7572 
 1093      63655C50 
 1094 0113 00       		.ascii	"\000"
 1095              	.LASF21:
 1096 0114 72784461 		.ascii	"rxData\000"
 1096      746100
 1097              	.LASF19:
 1098 011b 77724275 		.ascii	"wrBuf\000"
 1098      6600
 1099              	.LASF1:
 1100 0121 756E7369 		.ascii	"unsigned char\000"
 1100      676E6564 
 1100      20636861 
 1100      7200
 1101              	.LASF12:
 1102 012f 646F7562 		.ascii	"double\000"
 1102      6C6500
 1103              	.LASF9:
 1104 0136 75696E74 		.ascii	"uint16\000"
 1104      313600
 1105              	.LASF10:
 1106 013d 75696E74 		.ascii	"uint32\000"
 1106      333200
 1107              	.LASF16:
 1108 0144 4C43445F 		.ascii	"LCD_SPIM_SCB_SpiUartWriteTxData\000"
 1108      5350494D 
 1108      5F534342 
 1108      5F537069 
 1108      55617274 
 1109              	.LASF29:
 1110 0164 696E7453 		.ascii	"intSourceMask\000"
ARM GAS  C:\Users\kees\AppData\Local\Temp\ccE3Rv5o.s 			page 30


 1110      6F757263 
 1110      654D6173 
 1110      6B00
 1111              	.LASF27:
 1112 0172 696E7453 		.ascii	"intSource\000"
 1112      6F757263 
 1112      6500
 1113              	.LASF7:
 1114 017c 6C6F6E67 		.ascii	"long long unsigned int\000"
 1114      206C6F6E 
 1114      6720756E 
 1114      7369676E 
 1114      65642069 
 1115              	.LASF15:
 1116 0193 4C43445F 		.ascii	"LCD_SPIM_SCB_SpiUartGetRxBufferSize\000"
 1116      5350494D 
 1116      5F534342 
 1116      5F537069 
 1116      55617274 
 1117              	.LASF18:
 1118 01b7 74784461 		.ascii	"txDataByte\000"
 1118      74614279 
 1118      746500
 1119              	.LASF13:
 1120 01c2 63686172 		.ascii	"char\000"
 1120      00
 1121              	.LASF22:
 1122 01c7 4C43445F 		.ascii	"LCD_SPIM_SCB_SpiUartGetTxBufferSize\000"
 1122      5350494D 
 1122      5F534342 
 1122      5F537069 
 1122      55617274 
 1123              	.LASF2:
 1124 01eb 73686F72 		.ascii	"short int\000"
 1124      7420696E 
 1124      7400
 1125              	.LASF4:
 1126 01f5 6C6F6E67 		.ascii	"long int\000"
 1126      20696E74 
 1126      00
 1127              	.LASF17:
 1128 01fe 4C43445F 		.ascii	"LCD_SPIM_SCB_SpiUartPutArray\000"
 1128      5350494D 
 1128      5F534342 
 1128      5F537069 
 1128      55617274 
 1129              	.LASF32:
 1130 021b 433A5C55 		.ascii	"C:\\Users\\kees\\Documents\\test_projects\\My fun s"
 1130      73657273 
 1130      5C6B6565 
 1130      735C446F 
 1130      63756D65 
 1131 0249 74756666 		.ascii	"tuff\\3d_cube\\3d_cube.Bundle01\\Design137.cydsn\000"
 1131      5C33645F 
 1131      63756265 
 1131      5C33645F 
 1131      63756265 
ARM GAS  C:\Users\kees\AppData\Local\Temp\ccE3Rv5o.s 			page 31


 1132              	.LASF0:
 1133 0277 7369676E 		.ascii	"signed char\000"
 1133      65642063 
 1133      68617200 
 1134              	.LASF14:
 1135 0283 4C43445F 		.ascii	"LCD_SPIM_SCB_SpiUartReadRxData\000"
 1135      5350494D 
 1135      5F534342 
 1135      5F537069 
 1135      55617274 
 1136              		.ident	"GCC: (Sourcery G++ Lite 2010q1-188) 4.4.1"
