ARM GAS  C:\Users\kees\AppData\Local\Temp\ccWSsYJg.s 			page 1


   1              		.cpu cortex-m0
   2              		.fpu softvfp
   3              		.eabi_attribute 20, 1
   4              		.eabi_attribute 21, 1
   5              		.eabi_attribute 23, 3
   6              		.eabi_attribute 24, 1
   7              		.eabi_attribute 25, 1
   8              		.eabi_attribute 26, 1
   9              		.eabi_attribute 30, 4
  10              		.eabi_attribute 18, 4
  11              		.code	16
  12              		.file	"LCD_SPIM_INT.c"
  13              		.section	.debug_abbrev,"",%progbits
  14              	.Ldebug_abbrev0:
  15              		.section	.debug_info,"",%progbits
  16              	.Ldebug_info0:
  17              		.section	.debug_line,"",%progbits
  18              	.Ldebug_line0:
  19 0000 69000000 		.text
  19      02003E00 
  19      00000201 
  19      FB0E0D00 
  19      01010101 
  20              	.Ltext0:
  21              		.cfi_sections	.debug_frame
  22              		.section	.text.LCD_SPIM_TX_ISR,"ax",%progbits
  23              		.align	1
  24              		.global	LCD_SPIM_TX_ISR
  25              		.code	16
  26              		.thumb_func
  27              		.type	LCD_SPIM_TX_ISR, %function
  28              	LCD_SPIM_TX_ISR:
  29              	.LFB0:
  30              		.file 1 ".\\Generated_Source\\PSoC4\\LCD_SPIM_INT.c"
   1:.\Generated_Source\PSoC4/LCD_SPIM_INT.c **** /*******************************************************************************
   2:.\Generated_Source\PSoC4/LCD_SPIM_INT.c **** * File Name: LCD_SPIM_INT.c
   3:.\Generated_Source\PSoC4/LCD_SPIM_INT.c **** * Version 2.40
   4:.\Generated_Source\PSoC4/LCD_SPIM_INT.c **** *
   5:.\Generated_Source\PSoC4/LCD_SPIM_INT.c **** * Description:
   6:.\Generated_Source\PSoC4/LCD_SPIM_INT.c **** *  This file provides all Interrupt Service Routine (ISR) for the SPI Master
   7:.\Generated_Source\PSoC4/LCD_SPIM_INT.c **** *  component.
   8:.\Generated_Source\PSoC4/LCD_SPIM_INT.c **** *
   9:.\Generated_Source\PSoC4/LCD_SPIM_INT.c **** * Note:
  10:.\Generated_Source\PSoC4/LCD_SPIM_INT.c **** *  None.
  11:.\Generated_Source\PSoC4/LCD_SPIM_INT.c **** *
  12:.\Generated_Source\PSoC4/LCD_SPIM_INT.c **** ********************************************************************************
  13:.\Generated_Source\PSoC4/LCD_SPIM_INT.c **** * Copyright 2008-2012, Cypress Semiconductor Corporation.  All rights reserved.
  14:.\Generated_Source\PSoC4/LCD_SPIM_INT.c **** * You may use this file only in accordance with the license, terms, conditions,
  15:.\Generated_Source\PSoC4/LCD_SPIM_INT.c **** * disclaimers, and limitations in the end user license agreement accompanying
  16:.\Generated_Source\PSoC4/LCD_SPIM_INT.c **** * the software package with which this file was provided.
  17:.\Generated_Source\PSoC4/LCD_SPIM_INT.c **** *******************************************************************************/
  18:.\Generated_Source\PSoC4/LCD_SPIM_INT.c **** 
  19:.\Generated_Source\PSoC4/LCD_SPIM_INT.c **** #include "LCD_SPIM_PVT.h"
  20:.\Generated_Source\PSoC4/LCD_SPIM_INT.c **** 
  21:.\Generated_Source\PSoC4/LCD_SPIM_INT.c **** /* User code required at start of ISR */
  22:.\Generated_Source\PSoC4/LCD_SPIM_INT.c **** /* `#START LCD_SPIM_ISR_START_DEF` */
  23:.\Generated_Source\PSoC4/LCD_SPIM_INT.c **** 
ARM GAS  C:\Users\kees\AppData\Local\Temp\ccWSsYJg.s 			page 2


  24:.\Generated_Source\PSoC4/LCD_SPIM_INT.c **** /* `#END` */
  25:.\Generated_Source\PSoC4/LCD_SPIM_INT.c **** 
  26:.\Generated_Source\PSoC4/LCD_SPIM_INT.c **** 
  27:.\Generated_Source\PSoC4/LCD_SPIM_INT.c **** /*******************************************************************************
  28:.\Generated_Source\PSoC4/LCD_SPIM_INT.c **** * Function Name: LCD_SPIM_TX_ISR
  29:.\Generated_Source\PSoC4/LCD_SPIM_INT.c **** ********************************************************************************
  30:.\Generated_Source\PSoC4/LCD_SPIM_INT.c **** *
  31:.\Generated_Source\PSoC4/LCD_SPIM_INT.c **** * Summary:
  32:.\Generated_Source\PSoC4/LCD_SPIM_INT.c **** *  Interrupt Service Routine for TX portion of the SPI Master.
  33:.\Generated_Source\PSoC4/LCD_SPIM_INT.c **** *
  34:.\Generated_Source\PSoC4/LCD_SPIM_INT.c **** * Parameters:
  35:.\Generated_Source\PSoC4/LCD_SPIM_INT.c **** *  None.
  36:.\Generated_Source\PSoC4/LCD_SPIM_INT.c **** *
  37:.\Generated_Source\PSoC4/LCD_SPIM_INT.c **** * Return:
  38:.\Generated_Source\PSoC4/LCD_SPIM_INT.c **** *  None.
  39:.\Generated_Source\PSoC4/LCD_SPIM_INT.c **** *
  40:.\Generated_Source\PSoC4/LCD_SPIM_INT.c **** * Global variables:
  41:.\Generated_Source\PSoC4/LCD_SPIM_INT.c **** *  LCD_SPIM_txBufferWrite - used for the account of the bytes which
  42:.\Generated_Source\PSoC4/LCD_SPIM_INT.c **** *  have been written down in the TX software buffer.
  43:.\Generated_Source\PSoC4/LCD_SPIM_INT.c **** *  LCD_SPIM_txBufferRead - used for the account of the bytes which
  44:.\Generated_Source\PSoC4/LCD_SPIM_INT.c **** *  have been read from the TX software buffer, modified when exist data to
  45:.\Generated_Source\PSoC4/LCD_SPIM_INT.c **** *  sending and FIFO Not Full.
  46:.\Generated_Source\PSoC4/LCD_SPIM_INT.c **** *  LCD_SPIM_txBuffer[LCD_SPIM_TX_BUFFER_SIZE] - used to store
  47:.\Generated_Source\PSoC4/LCD_SPIM_INT.c **** *  data to sending.
  48:.\Generated_Source\PSoC4/LCD_SPIM_INT.c **** *  All described above Global variables are used when Software Buffer is used.
  49:.\Generated_Source\PSoC4/LCD_SPIM_INT.c **** *
  50:.\Generated_Source\PSoC4/LCD_SPIM_INT.c **** *******************************************************************************/
  51:.\Generated_Source\PSoC4/LCD_SPIM_INT.c **** CY_ISR(LCD_SPIM_TX_ISR)
  52:.\Generated_Source\PSoC4/LCD_SPIM_INT.c **** {
  31              		.loc 1 52 0
  32              		.cfi_startproc
  53:.\Generated_Source\PSoC4/LCD_SPIM_INT.c ****     #if(LCD_SPIM_TX_SOFTWARE_BUF_ENABLED)
  54:.\Generated_Source\PSoC4/LCD_SPIM_INT.c ****         uint8 tmpStatus;
  55:.\Generated_Source\PSoC4/LCD_SPIM_INT.c ****     #endif /* (LCD_SPIM_TX_SOFTWARE_BUF_ENABLED) */
  56:.\Generated_Source\PSoC4/LCD_SPIM_INT.c **** 
  57:.\Generated_Source\PSoC4/LCD_SPIM_INT.c ****     /* User code required at start of ISR */
  58:.\Generated_Source\PSoC4/LCD_SPIM_INT.c ****     /* `#START LCD_SPIM_TX_ISR_START` */
  59:.\Generated_Source\PSoC4/LCD_SPIM_INT.c **** 
  60:.\Generated_Source\PSoC4/LCD_SPIM_INT.c ****     /* `#END` */
  61:.\Generated_Source\PSoC4/LCD_SPIM_INT.c **** 
  62:.\Generated_Source\PSoC4/LCD_SPIM_INT.c ****     #if(LCD_SPIM_TX_SOFTWARE_BUF_ENABLED)
  63:.\Generated_Source\PSoC4/LCD_SPIM_INT.c ****         /* Check if TX data buffer is not empty and there is space in TX FIFO */
  64:.\Generated_Source\PSoC4/LCD_SPIM_INT.c ****         while(LCD_SPIM_txBufferRead != LCD_SPIM_txBufferWrite)
  65:.\Generated_Source\PSoC4/LCD_SPIM_INT.c ****         {
  66:.\Generated_Source\PSoC4/LCD_SPIM_INT.c ****             tmpStatus = LCD_SPIM_GET_STATUS_TX(LCD_SPIM_swStatusTx);
  67:.\Generated_Source\PSoC4/LCD_SPIM_INT.c ****             LCD_SPIM_swStatusTx = tmpStatus;
  68:.\Generated_Source\PSoC4/LCD_SPIM_INT.c **** 
  69:.\Generated_Source\PSoC4/LCD_SPIM_INT.c ****             if(0u != (LCD_SPIM_swStatusTx & LCD_SPIM_STS_TX_FIFO_NOT_FULL))
  70:.\Generated_Source\PSoC4/LCD_SPIM_INT.c ****             {
  71:.\Generated_Source\PSoC4/LCD_SPIM_INT.c ****                 if(0u == LCD_SPIM_txBufferFull)
  72:.\Generated_Source\PSoC4/LCD_SPIM_INT.c ****                 {
  73:.\Generated_Source\PSoC4/LCD_SPIM_INT.c ****                    LCD_SPIM_txBufferRead++;
  74:.\Generated_Source\PSoC4/LCD_SPIM_INT.c **** 
  75:.\Generated_Source\PSoC4/LCD_SPIM_INT.c ****                     if(LCD_SPIM_txBufferRead >= LCD_SPIM_TX_BUFFER_SIZE)
  76:.\Generated_Source\PSoC4/LCD_SPIM_INT.c ****                     {
  77:.\Generated_Source\PSoC4/LCD_SPIM_INT.c ****                         LCD_SPIM_txBufferRead = 0u;
  78:.\Generated_Source\PSoC4/LCD_SPIM_INT.c ****                     }
ARM GAS  C:\Users\kees\AppData\Local\Temp\ccWSsYJg.s 			page 3


  79:.\Generated_Source\PSoC4/LCD_SPIM_INT.c ****                 }
  80:.\Generated_Source\PSoC4/LCD_SPIM_INT.c ****                 else
  81:.\Generated_Source\PSoC4/LCD_SPIM_INT.c ****                 {
  82:.\Generated_Source\PSoC4/LCD_SPIM_INT.c ****                     LCD_SPIM_txBufferFull = 0u;
  83:.\Generated_Source\PSoC4/LCD_SPIM_INT.c ****                 }
  84:.\Generated_Source\PSoC4/LCD_SPIM_INT.c **** 
  85:.\Generated_Source\PSoC4/LCD_SPIM_INT.c ****                 /* Move data from the Buffer to the FIFO */
  86:.\Generated_Source\PSoC4/LCD_SPIM_INT.c ****                 CY_SET_REG16(LCD_SPIM_TXDATA_PTR,
  87:.\Generated_Source\PSoC4/LCD_SPIM_INT.c ****                     LCD_SPIM_txBuffer[LCD_SPIM_txBufferRead]);
  88:.\Generated_Source\PSoC4/LCD_SPIM_INT.c ****             }
  89:.\Generated_Source\PSoC4/LCD_SPIM_INT.c ****             else
  90:.\Generated_Source\PSoC4/LCD_SPIM_INT.c ****             {
  91:.\Generated_Source\PSoC4/LCD_SPIM_INT.c ****                 break;
  92:.\Generated_Source\PSoC4/LCD_SPIM_INT.c ****             }
  93:.\Generated_Source\PSoC4/LCD_SPIM_INT.c ****         }
  94:.\Generated_Source\PSoC4/LCD_SPIM_INT.c **** 
  95:.\Generated_Source\PSoC4/LCD_SPIM_INT.c ****         if(LCD_SPIM_txBufferRead == LCD_SPIM_txBufferWrite)
  96:.\Generated_Source\PSoC4/LCD_SPIM_INT.c ****         {
  97:.\Generated_Source\PSoC4/LCD_SPIM_INT.c ****             /* TX Buffer is EMPTY: disable interrupt on TX NOT FULL */
  98:.\Generated_Source\PSoC4/LCD_SPIM_INT.c ****             LCD_SPIM_TX_STATUS_MASK_REG &= ((uint8) ~LCD_SPIM_STS_TX_FIFO_NOT_FULL);
  99:.\Generated_Source\PSoC4/LCD_SPIM_INT.c ****         }
 100:.\Generated_Source\PSoC4/LCD_SPIM_INT.c **** 
 101:.\Generated_Source\PSoC4/LCD_SPIM_INT.c ****     #endif /* (LCD_SPIM_TX_SOFTWARE_BUF_ENABLED) */
 102:.\Generated_Source\PSoC4/LCD_SPIM_INT.c **** 
 103:.\Generated_Source\PSoC4/LCD_SPIM_INT.c ****     /* User code required at end of ISR (Optional) */
 104:.\Generated_Source\PSoC4/LCD_SPIM_INT.c ****     /* `#START LCD_SPIM_TX_ISR_END` */
 105:.\Generated_Source\PSoC4/LCD_SPIM_INT.c **** 
 106:.\Generated_Source\PSoC4/LCD_SPIM_INT.c ****     /* `#END` */
 107:.\Generated_Source\PSoC4/LCD_SPIM_INT.c **** }
  33              		.loc 1 107 0
  34              		@ sp needed for prologue
  35 0000 7047     		bx	lr
  36              		.cfi_endproc
  37              	.LFE0:
  38              		.size	LCD_SPIM_TX_ISR, .-LCD_SPIM_TX_ISR
  39              		.section	.text.LCD_SPIM_RX_ISR,"ax",%progbits
  40              		.align	1
  41              		.global	LCD_SPIM_RX_ISR
  42              		.code	16
  43              		.thumb_func
  44              		.type	LCD_SPIM_RX_ISR, %function
  45              	LCD_SPIM_RX_ISR:
  46              	.LFB1:
 108:.\Generated_Source\PSoC4/LCD_SPIM_INT.c **** 
 109:.\Generated_Source\PSoC4/LCD_SPIM_INT.c **** 
 110:.\Generated_Source\PSoC4/LCD_SPIM_INT.c **** /*******************************************************************************
 111:.\Generated_Source\PSoC4/LCD_SPIM_INT.c **** * Function Name: LCD_SPIM_RX_ISR
 112:.\Generated_Source\PSoC4/LCD_SPIM_INT.c **** ********************************************************************************
 113:.\Generated_Source\PSoC4/LCD_SPIM_INT.c **** *
 114:.\Generated_Source\PSoC4/LCD_SPIM_INT.c **** * Summary:
 115:.\Generated_Source\PSoC4/LCD_SPIM_INT.c **** *  Interrupt Service Routine for RX portion of the SPI Master.
 116:.\Generated_Source\PSoC4/LCD_SPIM_INT.c **** *
 117:.\Generated_Source\PSoC4/LCD_SPIM_INT.c **** * Parameters:
 118:.\Generated_Source\PSoC4/LCD_SPIM_INT.c **** *  None.
 119:.\Generated_Source\PSoC4/LCD_SPIM_INT.c **** *
 120:.\Generated_Source\PSoC4/LCD_SPIM_INT.c **** * Return:
 121:.\Generated_Source\PSoC4/LCD_SPIM_INT.c **** *  None.
ARM GAS  C:\Users\kees\AppData\Local\Temp\ccWSsYJg.s 			page 4


 122:.\Generated_Source\PSoC4/LCD_SPIM_INT.c **** *
 123:.\Generated_Source\PSoC4/LCD_SPIM_INT.c **** * Global variables:
 124:.\Generated_Source\PSoC4/LCD_SPIM_INT.c **** *  LCD_SPIM_rxBufferWrite - used for the account of the bytes which
 125:.\Generated_Source\PSoC4/LCD_SPIM_INT.c **** *  have been written down in the RX software buffer modified when FIFO contains
 126:.\Generated_Source\PSoC4/LCD_SPIM_INT.c **** *  new data.
 127:.\Generated_Source\PSoC4/LCD_SPIM_INT.c **** *  LCD_SPIM_rxBufferRead - used for the account of the bytes which
 128:.\Generated_Source\PSoC4/LCD_SPIM_INT.c **** *  have been read from the RX software buffer, modified when overflow occurred.
 129:.\Generated_Source\PSoC4/LCD_SPIM_INT.c **** *  LCD_SPIM_rxBuffer[LCD_SPIM_RX_BUFFER_SIZE] - used to store
 130:.\Generated_Source\PSoC4/LCD_SPIM_INT.c **** *  received data, modified when FIFO contains new data.
 131:.\Generated_Source\PSoC4/LCD_SPIM_INT.c **** *  All described above Global variables are used when Software Buffer is used.
 132:.\Generated_Source\PSoC4/LCD_SPIM_INT.c **** *
 133:.\Generated_Source\PSoC4/LCD_SPIM_INT.c **** *******************************************************************************/
 134:.\Generated_Source\PSoC4/LCD_SPIM_INT.c **** CY_ISR(LCD_SPIM_RX_ISR)
 135:.\Generated_Source\PSoC4/LCD_SPIM_INT.c **** {
  47              		.loc 1 135 0
  48              		.cfi_startproc
 136:.\Generated_Source\PSoC4/LCD_SPIM_INT.c ****     #if(LCD_SPIM_RX_SOFTWARE_BUF_ENABLED)
 137:.\Generated_Source\PSoC4/LCD_SPIM_INT.c ****         uint8 tmpStatus;
 138:.\Generated_Source\PSoC4/LCD_SPIM_INT.c ****         uint16 rxData;
 139:.\Generated_Source\PSoC4/LCD_SPIM_INT.c ****     #endif /* (LCD_SPIM_RX_SOFTWARE_BUF_ENABLED) */
 140:.\Generated_Source\PSoC4/LCD_SPIM_INT.c **** 
 141:.\Generated_Source\PSoC4/LCD_SPIM_INT.c ****     /* User code required at start of ISR */
 142:.\Generated_Source\PSoC4/LCD_SPIM_INT.c ****     /* `#START LCD_SPIM_RX_ISR_START` */
 143:.\Generated_Source\PSoC4/LCD_SPIM_INT.c **** 
 144:.\Generated_Source\PSoC4/LCD_SPIM_INT.c ****     /* `#END` */
 145:.\Generated_Source\PSoC4/LCD_SPIM_INT.c **** 
 146:.\Generated_Source\PSoC4/LCD_SPIM_INT.c ****     #if(LCD_SPIM_RX_SOFTWARE_BUF_ENABLED)
 147:.\Generated_Source\PSoC4/LCD_SPIM_INT.c **** 
 148:.\Generated_Source\PSoC4/LCD_SPIM_INT.c ****         tmpStatus = LCD_SPIM_GET_STATUS_RX(LCD_SPIM_swStatusRx);
 149:.\Generated_Source\PSoC4/LCD_SPIM_INT.c ****         LCD_SPIM_swStatusRx = tmpStatus;
 150:.\Generated_Source\PSoC4/LCD_SPIM_INT.c **** 
 151:.\Generated_Source\PSoC4/LCD_SPIM_INT.c ****         /* Check if RX data FIFO has some data to be moved into the RX Buffer */
 152:.\Generated_Source\PSoC4/LCD_SPIM_INT.c ****         while(0u != (LCD_SPIM_swStatusRx & LCD_SPIM_STS_RX_FIFO_NOT_EMPTY))
 153:.\Generated_Source\PSoC4/LCD_SPIM_INT.c ****         {
 154:.\Generated_Source\PSoC4/LCD_SPIM_INT.c ****             rxData = CY_GET_REG16(LCD_SPIM_RXDATA_PTR);
 155:.\Generated_Source\PSoC4/LCD_SPIM_INT.c **** 
 156:.\Generated_Source\PSoC4/LCD_SPIM_INT.c ****             /* Set next pointer. */
 157:.\Generated_Source\PSoC4/LCD_SPIM_INT.c ****             LCD_SPIM_rxBufferWrite++;
 158:.\Generated_Source\PSoC4/LCD_SPIM_INT.c ****             if(LCD_SPIM_rxBufferWrite >= LCD_SPIM_RX_BUFFER_SIZE)
 159:.\Generated_Source\PSoC4/LCD_SPIM_INT.c ****             {
 160:.\Generated_Source\PSoC4/LCD_SPIM_INT.c ****                 LCD_SPIM_rxBufferWrite = 0u;
 161:.\Generated_Source\PSoC4/LCD_SPIM_INT.c ****             }
 162:.\Generated_Source\PSoC4/LCD_SPIM_INT.c **** 
 163:.\Generated_Source\PSoC4/LCD_SPIM_INT.c ****             if(LCD_SPIM_rxBufferWrite == LCD_SPIM_rxBufferRead)
 164:.\Generated_Source\PSoC4/LCD_SPIM_INT.c ****             {
 165:.\Generated_Source\PSoC4/LCD_SPIM_INT.c ****                 LCD_SPIM_rxBufferRead++;
 166:.\Generated_Source\PSoC4/LCD_SPIM_INT.c ****                 if(LCD_SPIM_rxBufferRead >= LCD_SPIM_RX_BUFFER_SIZE)
 167:.\Generated_Source\PSoC4/LCD_SPIM_INT.c ****                 {
 168:.\Generated_Source\PSoC4/LCD_SPIM_INT.c ****                     LCD_SPIM_rxBufferRead = 0u;
 169:.\Generated_Source\PSoC4/LCD_SPIM_INT.c ****                 }
 170:.\Generated_Source\PSoC4/LCD_SPIM_INT.c **** 
 171:.\Generated_Source\PSoC4/LCD_SPIM_INT.c ****                 LCD_SPIM_rxBufferFull = 1u;
 172:.\Generated_Source\PSoC4/LCD_SPIM_INT.c ****             }
 173:.\Generated_Source\PSoC4/LCD_SPIM_INT.c **** 
 174:.\Generated_Source\PSoC4/LCD_SPIM_INT.c ****             /* Move data from the FIFO to the Buffer */
 175:.\Generated_Source\PSoC4/LCD_SPIM_INT.c ****             LCD_SPIM_rxBuffer[LCD_SPIM_rxBufferWrite] = rxData;
 176:.\Generated_Source\PSoC4/LCD_SPIM_INT.c **** 
ARM GAS  C:\Users\kees\AppData\Local\Temp\ccWSsYJg.s 			page 5


 177:.\Generated_Source\PSoC4/LCD_SPIM_INT.c ****             tmpStatus = LCD_SPIM_GET_STATUS_RX(LCD_SPIM_swStatusRx);
 178:.\Generated_Source\PSoC4/LCD_SPIM_INT.c ****             LCD_SPIM_swStatusRx = tmpStatus;
 179:.\Generated_Source\PSoC4/LCD_SPIM_INT.c ****         }
 180:.\Generated_Source\PSoC4/LCD_SPIM_INT.c **** 
 181:.\Generated_Source\PSoC4/LCD_SPIM_INT.c ****     #endif /* (LCD_SPIM_RX_SOFTWARE_BUF_ENABLED) */
 182:.\Generated_Source\PSoC4/LCD_SPIM_INT.c **** 
 183:.\Generated_Source\PSoC4/LCD_SPIM_INT.c ****     /* User code required at end of ISR (Optional) */
 184:.\Generated_Source\PSoC4/LCD_SPIM_INT.c ****     /* `#START LCD_SPIM_RX_ISR_END` */
 185:.\Generated_Source\PSoC4/LCD_SPIM_INT.c **** 
 186:.\Generated_Source\PSoC4/LCD_SPIM_INT.c ****     /* `#END` */
 187:.\Generated_Source\PSoC4/LCD_SPIM_INT.c **** }
  49              		.loc 1 187 0
  50              		@ sp needed for prologue
  51 0000 7047     		bx	lr
  52              		.cfi_endproc
  53              	.LFE1:
  54              		.size	LCD_SPIM_RX_ISR, .-LCD_SPIM_RX_ISR
  55              		.text
  56              	.Letext0:
  57              		.section	.debug_info
  58 0000 AA000000 		.4byte	0xaa
  59 0004 0200     		.2byte	0x2
  60 0006 00000000 		.4byte	.Ldebug_abbrev0
  61 000a 04       		.byte	0x4
  62 000b 01       		.uleb128 0x1
  63 000c 8C000000 		.4byte	.LASF14
  64 0010 01       		.byte	0x1
  65 0011 3B000000 		.4byte	.LASF15
  66 0015 98000000 		.4byte	.LASF16
  67 0019 00000000 		.4byte	0x0
  68 001d 00000000 		.4byte	0x0
  69 0021 00000000 		.4byte	.Ldebug_ranges0+0x0
  70 0025 00000000 		.4byte	.Ldebug_line0
  71 0029 02       		.uleb128 0x2
  72 002a 01       		.byte	0x1
  73 002b 06       		.byte	0x6
  74 002c 2A010000 		.4byte	.LASF0
  75 0030 02       		.uleb128 0x2
  76 0031 01       		.byte	0x1
  77 0032 08       		.byte	0x8
  78 0033 F4000000 		.4byte	.LASF1
  79 0037 02       		.uleb128 0x2
  80 0038 02       		.byte	0x2
  81 0039 05       		.byte	0x5
  82 003a 3C010000 		.4byte	.LASF2
  83 003e 02       		.uleb128 0x2
  84 003f 02       		.byte	0x2
  85 0040 07       		.byte	0x7
  86 0041 17010000 		.4byte	.LASF3
  87 0045 02       		.uleb128 0x2
  88 0046 04       		.byte	0x4
  89 0047 05       		.byte	0x5
  90 0048 07010000 		.4byte	.LASF4
  91 004c 02       		.uleb128 0x2
  92 004d 04       		.byte	0x4
  93 004e 07       		.byte	0x7
  94 004f 63000000 		.4byte	.LASF5
ARM GAS  C:\Users\kees\AppData\Local\Temp\ccWSsYJg.s 			page 6


  95 0053 02       		.uleb128 0x2
  96 0054 08       		.byte	0x8
  97 0055 05       		.byte	0x5
  98 0056 00000000 		.4byte	.LASF6
  99 005a 02       		.uleb128 0x2
 100 005b 08       		.byte	0x8
 101 005c 07       		.byte	0x7
 102 005d 75000000 		.4byte	.LASF7
 103 0061 03       		.uleb128 0x3
 104 0062 04       		.byte	0x4
 105 0063 05       		.byte	0x5
 106 0064 696E7400 		.ascii	"int\000"
 107 0068 02       		.uleb128 0x2
 108 0069 04       		.byte	0x4
 109 006a 07       		.byte	0x7
 110 006b 0E000000 		.4byte	.LASF8
 111 006f 02       		.uleb128 0x2
 112 0070 04       		.byte	0x4
 113 0071 04       		.byte	0x4
 114 0072 36010000 		.4byte	.LASF9
 115 0076 02       		.uleb128 0x2
 116 0077 08       		.byte	0x8
 117 0078 04       		.byte	0x4
 118 0079 10010000 		.4byte	.LASF10
 119 007d 02       		.uleb128 0x2
 120 007e 01       		.byte	0x1
 121 007f 08       		.byte	0x8
 122 0080 02010000 		.4byte	.LASF11
 123 0084 04       		.uleb128 0x4
 124 0085 04       		.byte	0x4
 125 0086 07       		.byte	0x7
 126 0087 05       		.uleb128 0x5
 127 0088 01       		.byte	0x1
 128 0089 1B000000 		.4byte	.LASF12
 129 008d 01       		.byte	0x1
 130 008e 33       		.byte	0x33
 131 008f 01       		.byte	0x1
 132 0090 00000000 		.4byte	.LFB0
 133 0094 02000000 		.4byte	.LFE0
 134 0098 01       		.byte	0x1
 135 0099 5D       		.byte	0x5d
 136 009a 05       		.uleb128 0x5
 137 009b 01       		.byte	0x1
 138 009c 2B000000 		.4byte	.LASF13
 139 00a0 01       		.byte	0x1
 140 00a1 86       		.byte	0x86
 141 00a2 01       		.byte	0x1
 142 00a3 00000000 		.4byte	.LFB1
 143 00a7 02000000 		.4byte	.LFE1
 144 00ab 01       		.byte	0x1
 145 00ac 5D       		.byte	0x5d
 146 00ad 00       		.byte	0x0
 147              		.section	.debug_abbrev
 148 0000 01       		.uleb128 0x1
 149 0001 11       		.uleb128 0x11
 150 0002 01       		.byte	0x1
 151 0003 25       		.uleb128 0x25
ARM GAS  C:\Users\kees\AppData\Local\Temp\ccWSsYJg.s 			page 7


 152 0004 0E       		.uleb128 0xe
 153 0005 13       		.uleb128 0x13
 154 0006 0B       		.uleb128 0xb
 155 0007 03       		.uleb128 0x3
 156 0008 0E       		.uleb128 0xe
 157 0009 1B       		.uleb128 0x1b
 158 000a 0E       		.uleb128 0xe
 159 000b 11       		.uleb128 0x11
 160 000c 01       		.uleb128 0x1
 161 000d 52       		.uleb128 0x52
 162 000e 01       		.uleb128 0x1
 163 000f 55       		.uleb128 0x55
 164 0010 06       		.uleb128 0x6
 165 0011 10       		.uleb128 0x10
 166 0012 06       		.uleb128 0x6
 167 0013 00       		.byte	0x0
 168 0014 00       		.byte	0x0
 169 0015 02       		.uleb128 0x2
 170 0016 24       		.uleb128 0x24
 171 0017 00       		.byte	0x0
 172 0018 0B       		.uleb128 0xb
 173 0019 0B       		.uleb128 0xb
 174 001a 3E       		.uleb128 0x3e
 175 001b 0B       		.uleb128 0xb
 176 001c 03       		.uleb128 0x3
 177 001d 0E       		.uleb128 0xe
 178 001e 00       		.byte	0x0
 179 001f 00       		.byte	0x0
 180 0020 03       		.uleb128 0x3
 181 0021 24       		.uleb128 0x24
 182 0022 00       		.byte	0x0
 183 0023 0B       		.uleb128 0xb
 184 0024 0B       		.uleb128 0xb
 185 0025 3E       		.uleb128 0x3e
 186 0026 0B       		.uleb128 0xb
 187 0027 03       		.uleb128 0x3
 188 0028 08       		.uleb128 0x8
 189 0029 00       		.byte	0x0
 190 002a 00       		.byte	0x0
 191 002b 04       		.uleb128 0x4
 192 002c 24       		.uleb128 0x24
 193 002d 00       		.byte	0x0
 194 002e 0B       		.uleb128 0xb
 195 002f 0B       		.uleb128 0xb
 196 0030 3E       		.uleb128 0x3e
 197 0031 0B       		.uleb128 0xb
 198 0032 00       		.byte	0x0
 199 0033 00       		.byte	0x0
 200 0034 05       		.uleb128 0x5
 201 0035 2E       		.uleb128 0x2e
 202 0036 00       		.byte	0x0
 203 0037 3F       		.uleb128 0x3f
 204 0038 0C       		.uleb128 0xc
 205 0039 03       		.uleb128 0x3
 206 003a 0E       		.uleb128 0xe
 207 003b 3A       		.uleb128 0x3a
 208 003c 0B       		.uleb128 0xb
ARM GAS  C:\Users\kees\AppData\Local\Temp\ccWSsYJg.s 			page 8


 209 003d 3B       		.uleb128 0x3b
 210 003e 0B       		.uleb128 0xb
 211 003f 27       		.uleb128 0x27
 212 0040 0C       		.uleb128 0xc
 213 0041 11       		.uleb128 0x11
 214 0042 01       		.uleb128 0x1
 215 0043 12       		.uleb128 0x12
 216 0044 01       		.uleb128 0x1
 217 0045 40       		.uleb128 0x40
 218 0046 0A       		.uleb128 0xa
 219 0047 00       		.byte	0x0
 220 0048 00       		.byte	0x0
 221 0049 00       		.byte	0x0
 222              		.section	.debug_pubnames,"",%progbits
 223 0000 36000000 		.4byte	0x36
 224 0004 0200     		.2byte	0x2
 225 0006 00000000 		.4byte	.Ldebug_info0
 226 000a AE000000 		.4byte	0xae
 227 000e 87000000 		.4byte	0x87
 228 0012 4C43445F 		.ascii	"LCD_SPIM_TX_ISR\000"
 228      5350494D 
 228      5F54585F 
 228      49535200 
 229 0022 9A000000 		.4byte	0x9a
 230 0026 4C43445F 		.ascii	"LCD_SPIM_RX_ISR\000"
 230      5350494D 
 230      5F52585F 
 230      49535200 
 231 0036 00000000 		.4byte	0x0
 232              		.section	.debug_aranges,"",%progbits
 233 0000 24000000 		.4byte	0x24
 234 0004 0200     		.2byte	0x2
 235 0006 00000000 		.4byte	.Ldebug_info0
 236 000a 04       		.byte	0x4
 237 000b 00       		.byte	0x0
 238 000c 0000     		.2byte	0x0
 239 000e 0000     		.2byte	0x0
 240 0010 00000000 		.4byte	.LFB0
 241 0014 02000000 		.4byte	.LFE0-.LFB0
 242 0018 00000000 		.4byte	.LFB1
 243 001c 02000000 		.4byte	.LFE1-.LFB1
 244 0020 00000000 		.4byte	0x0
 245 0024 00000000 		.4byte	0x0
 246              		.section	.debug_ranges,"",%progbits
 247              	.Ldebug_ranges0:
 248 0000 00000000 		.4byte	.Ltext0
 249 0004 00000000 		.4byte	.Letext0
 250 0008 00000000 		.4byte	.LFB0
 251 000c 02000000 		.4byte	.LFE0
 252 0010 00000000 		.4byte	.LFB1
 253 0014 02000000 		.4byte	.LFE1
 254 0018 00000000 		.4byte	0x0
 255 001c 00000000 		.4byte	0x0
 256              		.section	.debug_str,"MS",%progbits,1
 257              	.LASF6:
 258 0000 6C6F6E67 		.ascii	"long long int\000"
 258      206C6F6E 
ARM GAS  C:\Users\kees\AppData\Local\Temp\ccWSsYJg.s 			page 9


 258      6720696E 
 258      7400
 259              	.LASF8:
 260 000e 756E7369 		.ascii	"unsigned int\000"
 260      676E6564 
 260      20696E74 
 260      00
 261              	.LASF12:
 262 001b 4C43445F 		.ascii	"LCD_SPIM_TX_ISR\000"
 262      5350494D 
 262      5F54585F 
 262      49535200 
 263              	.LASF13:
 264 002b 4C43445F 		.ascii	"LCD_SPIM_RX_ISR\000"
 264      5350494D 
 264      5F52585F 
 264      49535200 
 265              	.LASF15:
 266 003b 2E5C4765 		.ascii	".\\Generated_Source\\PSoC4\\LCD_SPIM_INT.c\000"
 266      6E657261 
 266      7465645F 
 266      536F7572 
 266      63655C50 
 267              	.LASF5:
 268 0063 6C6F6E67 		.ascii	"long unsigned int\000"
 268      20756E73 
 268      69676E65 
 268      6420696E 
 268      7400
 269              	.LASF7:
 270 0075 6C6F6E67 		.ascii	"long long unsigned int\000"
 270      206C6F6E 
 270      6720756E 
 270      7369676E 
 270      65642069 
 271              	.LASF14:
 272 008c 474E5520 		.ascii	"GNU C 4.4.1\000"
 272      4320342E 
 272      342E3100 
 273              	.LASF16:
 274 0098 433A5C55 		.ascii	"C:\\Users\\kees\\Documents\\test_projects\\My fun s"
 274      73657273 
 274      5C6B6565 
 274      735C446F 
 274      63756D65 
 275 00c6 74756666 		.ascii	"tuff\\3d_cube\\3d_cube.Bundle01\\Design137.cydsn\000"
 275      5C33645F 
 275      63756265 
 275      5C33645F 
 275      63756265 
 276              	.LASF1:
 277 00f4 756E7369 		.ascii	"unsigned char\000"
 277      676E6564 
 277      20636861 
 277      7200
 278              	.LASF11:
 279 0102 63686172 		.ascii	"char\000"
ARM GAS  C:\Users\kees\AppData\Local\Temp\ccWSsYJg.s 			page 10


 279      00
 280              	.LASF4:
 281 0107 6C6F6E67 		.ascii	"long int\000"
 281      20696E74 
 281      00
 282              	.LASF10:
 283 0110 646F7562 		.ascii	"double\000"
 283      6C6500
 284              	.LASF3:
 285 0117 73686F72 		.ascii	"short unsigned int\000"
 285      7420756E 
 285      7369676E 
 285      65642069 
 285      6E7400
 286              	.LASF0:
 287 012a 7369676E 		.ascii	"signed char\000"
 287      65642063 
 287      68617200 
 288              	.LASF9:
 289 0136 666C6F61 		.ascii	"float\000"
 289      7400
 290              	.LASF2:
 291 013c 73686F72 		.ascii	"short int\000"
 291      7420696E 
 291      7400
 292              		.ident	"GCC: (Sourcery G++ Lite 2010q1-188) 4.4.1"
