ARM GAS  C:\Users\kees\AppData\Local\Temp\cc65pnkR.s 			page 1


   1              		.cpu cortex-m0
   2              		.fpu softvfp
   3              		.eabi_attribute 20, 1
   4              		.eabi_attribute 21, 1
   5              		.eabi_attribute 23, 3
   6              		.eabi_attribute 24, 1
   7              		.eabi_attribute 25, 1
   8              		.eabi_attribute 26, 1
   9              		.eabi_attribute 30, 4
  10              		.eabi_attribute 18, 4
  11              		.code	16
  12              		.file	"Menu.c"
  13              		.section	.debug_abbrev,"",%progbits
  14              	.Ldebug_abbrev0:
  15              		.section	.debug_info,"",%progbits
  16              	.Ldebug_info0:
  17              		.section	.debug_line,"",%progbits
  18              	.Ldebug_line0:
  19 0000 F1000000 		.text
  19      02006100 
  19      00000201 
  19      FB0E0D00 
  19      01010101 
  20              	.Ltext0:
  21              		.cfi_sections	.debug_frame
  22              		.global	__aeabi_fadd
  23              		.section	.text.IncreaseMenuOption,"ax",%progbits
  24              		.align	1
  25              		.global	IncreaseMenuOption
  26              		.code	16
  27              		.thumb_func
  28              		.type	IncreaseMenuOption, %function
  29              	IncreaseMenuOption:
  30              	.LFB23:
  31              		.file 1 ".\\Menu.c"
   1:.\Menu.c      **** /* ========================================
   2:.\Menu.c      ****  *
   3:.\Menu.c      ****  * Copyright YOUR COMPANY, THE YEAR
   4:.\Menu.c      ****  * All Rights Reserved
   5:.\Menu.c      ****  * UNPUBLISHED, LICENSED SOFTWARE.
   6:.\Menu.c      ****  *
   7:.\Menu.c      ****  * CONFIDENTIAL AND PROPRIETARY INFORMATION
   8:.\Menu.c      ****  * WHICH IS THE PROPERTY OF your company.
   9:.\Menu.c      ****  *
  10:.\Menu.c      ****  * ========================================
  11:.\Menu.c      **** */
  12:.\Menu.c      **** 
  13:.\Menu.c      **** #include "Menu.h"
  14:.\Menu.c      **** 
  15:.\Menu.c      **** int32 menu_level = 0;
  16:.\Menu.c      **** int32 menu_option = 0;
  17:.\Menu.c      **** 
  18:.\Menu.c      **** float foo;
  19:.\Menu.c      **** 
  20:.\Menu.c      **** extern float x_rot, y_rot, z_rot;
  21:.\Menu.c      **** 
  22:.\Menu.c      **** char * CYCODE menu[] = {"", "X rotation", "Y rotation", "Z rotation", "X perspective", "Y perspecti
ARM GAS  C:\Users\kees\AppData\Local\Temp\cc65pnkR.s 			page 2


  23:.\Menu.c      **** float * param[] = {&foo, &x_rot, &y_rot, &z_rot, &p, &q, &r, &X_SCALE, &Y_SCALE};
  24:.\Menu.c      **** float param_step[] = {0, 0.005, 0.005, 0.005, 0.02, 0.02, 0.02, 3, 3};
  25:.\Menu.c      **** #define MENU_SIZE 9
  26:.\Menu.c      **** 
  27:.\Menu.c      **** void IncreaseMenuLevel(int32 val)
  28:.\Menu.c      **** {
  29:.\Menu.c      **** 	static int32 val_old = 0;
  30:.\Menu.c      **** 	
  31:.\Menu.c      **** 	if(val_old == 0 && val > 0)
  32:.\Menu.c      **** 	{
  33:.\Menu.c      **** 		ShowMenuLevel(1);
  34:.\Menu.c      **** 		menu_level++;
  35:.\Menu.c      **** 		menu_level %= MENU_SIZE;
  36:.\Menu.c      **** 	}
  37:.\Menu.c      **** 	
  38:.\Menu.c      **** 	ShowMenuLevel(0);
  39:.\Menu.c      **** 	
  40:.\Menu.c      **** 	val_old = val;
  41:.\Menu.c      **** 	
  42:.\Menu.c      **** 	return;
  43:.\Menu.c      **** }
  44:.\Menu.c      **** 
  45:.\Menu.c      **** void DecreaseMenuLevel(int32 val)
  46:.\Menu.c      **** {
  47:.\Menu.c      **** 	static int32 val_old = 0;
  48:.\Menu.c      **** 	
  49:.\Menu.c      **** 	if(val_old == 0 && val > 0)
  50:.\Menu.c      **** 	{
  51:.\Menu.c      **** 		ShowMenuLevel(1);
  52:.\Menu.c      **** 		menu_level--;
  53:.\Menu.c      **** 		menu_level %= MENU_SIZE;
  54:.\Menu.c      **** 	}
  55:.\Menu.c      **** 	
  56:.\Menu.c      **** 	ShowMenuLevel(0);
  57:.\Menu.c      **** 	
  58:.\Menu.c      **** 	val_old = val;
  59:.\Menu.c      **** 	
  60:.\Menu.c      **** 	return;
  61:.\Menu.c      **** }
  62:.\Menu.c      **** 
  63:.\Menu.c      **** void ShowMenuLevel(int32 del)
  64:.\Menu.c      **** {
  65:.\Menu.c      **** 	if(del > 0)
  66:.\Menu.c      **** 	{
  67:.\Menu.c      **** 		LCD_PrintString(menu[menu_level], 115, 0, BACKGROUND, BACKGROUND);
  68:.\Menu.c      **** 	}
  69:.\Menu.c      **** 	else
  70:.\Menu.c      **** 	{
  71:.\Menu.c      **** 		LCD_PrintString(menu[menu_level], 115, 0, FOREGROUND, BACKGROUND);
  72:.\Menu.c      **** 	}
  73:.\Menu.c      **** 	
  74:.\Menu.c      **** 	return;
  75:.\Menu.c      **** }
  76:.\Menu.c      **** 
  77:.\Menu.c      **** void IncreaseMenuOption(int32 val)
  78:.\Menu.c      **** {
  32              		.loc 1 78 0
ARM GAS  C:\Users\kees\AppData\Local\Temp\cc65pnkR.s 			page 3


  33              		.cfi_startproc
  34 0000 38B5     		push	{r3, r4, r5, lr}
  35              	.LCFI0:
  36              		.cfi_def_cfa_offset 16
  37              		.cfi_offset 3, -16
  38              		.cfi_offset 4, -12
  39              		.cfi_offset 5, -8
  40              		.cfi_offset 14, -4
  41              	.LVL0:
  42              		.loc 1 78 0
  43 0002 051C     		mov	r5, r0
  79:.\Menu.c      **** 	static int32 val_old = 0;
  80:.\Menu.c      **** 	
  81:.\Menu.c      **** 	if(val_old == 0 && val > 0)
  44              		.loc 1 81 0
  45 0004 0028     		cmp	r0, #0
  46 0006 0DDD     		ble	.L2
  47 0008 084B     		ldr	r3, .L5
  48 000a 1A68     		ldr	r2, [r3]
  49 000c 002A     		cmp	r2, #0
  50 000e 09D1     		bne	.L2
  82:.\Menu.c      **** 	{
  83:.\Menu.c      **** 		(*param[menu_level]) += param_step[menu_level];
  51              		.loc 1 83 0
  52 0010 5B68     		ldr	r3, [r3, #4]
  53 0012 074A     		ldr	r2, .L5+4
  54 0014 9B00     		lsl	r3, r3, #2
  55 0016 9C58     		ldr	r4, [r3, r2]
  56 0018 9B18     		add	r3, r3, r2
  57 001a 2068     		ldr	r0, [r4]
  58              	.LVL1:
  59 001c 596A     		ldr	r1, [r3, #36]
  60 001e FFF7FEFF 		bl	__aeabi_fadd
  61 0022 2060     		str	r0, [r4]
  62              	.LVL2:
  63              	.L2:
  84:.\Menu.c      **** 	}
  85:.\Menu.c      **** 	
  86:.\Menu.c      **** 	val_old = val;
  64              		.loc 1 86 0
  65 0024 014B     		ldr	r3, .L5
  87:.\Menu.c      **** 	
  88:.\Menu.c      **** 	return;
  89:.\Menu.c      **** }
  66              		.loc 1 89 0
  67              		@ sp needed for prologue
  68              		.loc 1 86 0
  69 0026 1D60     		str	r5, [r3]
  70              	.LVL3:
  71              		.loc 1 89 0
  72 0028 38BD     		pop	{r3, r4, r5, pc}
  73              	.L6:
  74 002a C046     		.align	2
  75              	.L5:
  76 002c 00000000 		.word	.LANCHOR0
  77 0030 00000000 		.word	.LANCHOR1
  78              		.cfi_endproc
ARM GAS  C:\Users\kees\AppData\Local\Temp\cc65pnkR.s 			page 4


  79              	.LFE23:
  80              		.size	IncreaseMenuOption, .-IncreaseMenuOption
  81              		.global	__aeabi_fsub
  82              		.section	.text.DecreaseMenuOption,"ax",%progbits
  83              		.align	1
  84              		.global	DecreaseMenuOption
  85              		.code	16
  86              		.thumb_func
  87              		.type	DecreaseMenuOption, %function
  88              	DecreaseMenuOption:
  89              	.LFB24:
  90:.\Menu.c      **** 
  91:.\Menu.c      **** void DecreaseMenuOption(int32 val)
  92:.\Menu.c      **** {
  90              		.loc 1 92 0
  91              		.cfi_startproc
  92 0000 38B5     		push	{r3, r4, r5, lr}
  93              	.LCFI1:
  94              		.cfi_def_cfa_offset 16
  95              		.cfi_offset 3, -16
  96              		.cfi_offset 4, -12
  97              		.cfi_offset 5, -8
  98              		.cfi_offset 14, -4
  99              	.LVL4:
 100              		.loc 1 92 0
 101 0002 051C     		mov	r5, r0
  93:.\Menu.c      **** 	static int32 val_old = 0;
  94:.\Menu.c      **** 	
  95:.\Menu.c      **** 	if(val_old == 0 && val > 0)
 102              		.loc 1 95 0
 103 0004 0028     		cmp	r0, #0
 104 0006 0DDD     		ble	.L8
 105 0008 084B     		ldr	r3, .L10
 106 000a 9A68     		ldr	r2, [r3, #8]
 107 000c 002A     		cmp	r2, #0
 108 000e 09D1     		bne	.L8
  96:.\Menu.c      **** 	{
  97:.\Menu.c      **** 		(*param[menu_level]) -= param_step[menu_level];
 109              		.loc 1 97 0
 110 0010 5B68     		ldr	r3, [r3, #4]
 111 0012 074A     		ldr	r2, .L10+4
 112 0014 9B00     		lsl	r3, r3, #2
 113 0016 9C58     		ldr	r4, [r3, r2]
 114 0018 9B18     		add	r3, r3, r2
 115 001a 2068     		ldr	r0, [r4]
 116              	.LVL5:
 117 001c 596A     		ldr	r1, [r3, #36]
 118 001e FFF7FEFF 		bl	__aeabi_fsub
 119 0022 2060     		str	r0, [r4]
 120              	.LVL6:
 121              	.L8:
  98:.\Menu.c      **** 	}
  99:.\Menu.c      **** 	
 100:.\Menu.c      **** 	val_old = val;
 122              		.loc 1 100 0
 123 0024 014B     		ldr	r3, .L10
 101:.\Menu.c      **** 	
ARM GAS  C:\Users\kees\AppData\Local\Temp\cc65pnkR.s 			page 5


 102:.\Menu.c      **** 	return;
 103:.\Menu.c      **** }
 124              		.loc 1 103 0
 125              		@ sp needed for prologue
 126              		.loc 1 100 0
 127 0026 9D60     		str	r5, [r3, #8]
 128              	.LVL7:
 129              		.loc 1 103 0
 130 0028 38BD     		pop	{r3, r4, r5, pc}
 131              	.L11:
 132 002a C046     		.align	2
 133              	.L10:
 134 002c 00000000 		.word	.LANCHOR0
 135 0030 00000000 		.word	.LANCHOR1
 136              		.cfi_endproc
 137              	.LFE24:
 138              		.size	DecreaseMenuOption, .-DecreaseMenuOption
 139              		.section	.text.ResetMenuOption,"ax",%progbits
 140              		.align	1
 141              		.global	ResetMenuOption
 142              		.code	16
 143              		.thumb_func
 144              		.type	ResetMenuOption, %function
 145              	ResetMenuOption:
 146              	.LFB25:
 104:.\Menu.c      **** 
 105:.\Menu.c      **** void ResetMenuOption(int32 val)
 106:.\Menu.c      **** {
 147              		.loc 1 106 0
 148              		.cfi_startproc
 149 0000 00B5     		push	{lr}
 150              	.LCFI2:
 151              		.cfi_def_cfa_offset 4
 152              		.cfi_offset 14, -4
 153              	.LVL8:
 107:.\Menu.c      **** 	static int32 val_old = 0;
 108:.\Menu.c      **** 	
 109:.\Menu.c      **** 	if(val_old == 0 && val > 0)
 154              		.loc 1 109 0
 155 0002 0028     		cmp	r0, #0
 156 0004 09DD     		ble	.L13
 157 0006 064B     		ldr	r3, .L15
 158 0008 DA68     		ldr	r2, [r3, #12]
 159 000a 002A     		cmp	r2, #0
 160 000c 05D1     		bne	.L13
 110:.\Menu.c      **** 	{
 111:.\Menu.c      **** 		(*param[menu_level]) = 0;
 161              		.loc 1 111 0
 162 000e 5A68     		ldr	r2, [r3, #4]
 163 0010 044B     		ldr	r3, .L15+4
 164 0012 9200     		lsl	r2, r2, #2
 165 0014 D358     		ldr	r3, [r2, r3]
 166 0016 044A     		ldr	r2, .L15+8
 167 0018 1A60     		str	r2, [r3]
 168              	.L13:
 112:.\Menu.c      **** 	}
 113:.\Menu.c      **** 	
ARM GAS  C:\Users\kees\AppData\Local\Temp\cc65pnkR.s 			page 6


 114:.\Menu.c      **** 	val_old = val;
 169              		.loc 1 114 0
 170 001a 014B     		ldr	r3, .L15
 115:.\Menu.c      **** 	
 116:.\Menu.c      **** 	return;
 117:.\Menu.c      **** }
 171              		.loc 1 117 0
 172              		@ sp needed for prologue
 173              		.loc 1 114 0
 174 001c D860     		str	r0, [r3, #12]
 175              		.loc 1 117 0
 176 001e 00BD     		pop	{pc}
 177              	.L16:
 178              		.align	2
 179              	.L15:
 180 0020 00000000 		.word	.LANCHOR0
 181 0024 00000000 		.word	.LANCHOR1
 182 0028 00000000 		.word	0
 183              		.cfi_endproc
 184              	.LFE25:
 185              		.size	ResetMenuOption, .-ResetMenuOption
 186              		.section	.text.ShowMenuLevel,"ax",%progbits
 187              		.align	1
 188              		.global	ShowMenuLevel
 189              		.code	16
 190              		.thumb_func
 191              		.type	ShowMenuLevel, %function
 192              	ShowMenuLevel:
 193              	.LFB22:
 194              		.loc 1 64 0
 195              		.cfi_startproc
 196 0000 00B5     		push	{lr}
 197              	.LCFI3:
 198              		.cfi_def_cfa_offset 4
 199              		.cfi_offset 14, -4
 200              	.LVL9:
 201 0002 0A4A     		ldr	r2, .L22
 202 0004 0A4B     		ldr	r3, .L22+4
 203              		.loc 1 67 0
 204 0006 5268     		ldr	r2, [r2, #4]
 205              		.loc 1 64 0
 206 0008 83B0     		sub	sp, sp, #12
 207              	.LCFI4:
 208              		.cfi_def_cfa_offset 16
 209              		.loc 1 67 0
 210 000a 9200     		lsl	r2, r2, #2
 211 000c D318     		add	r3, r2, r3
 212 000e 0022     		mov	r2, #0
 213 0010 0092     		str	r2, [sp]
 214              		.loc 1 65 0
 215 0012 0028     		cmp	r0, #0
 216 0014 03DD     		ble	.L18
 217              		.loc 1 67 0
 218 0016 986C     		ldr	r0, [r3, #72]
 219              	.LVL10:
 220 0018 7321     		mov	r1, #115
 221 001a 0023     		mov	r3, #0
ARM GAS  C:\Users\kees\AppData\Local\Temp\cc65pnkR.s 			page 7


 222 001c 02E0     		b	.L21
 223              	.LVL11:
 224              	.L18:
 225              		.loc 1 71 0
 226 001e 986C     		ldr	r0, [r3, #72]
 227              	.LVL12:
 228 0020 044B     		ldr	r3, .L22+8
 229 0022 7321     		mov	r1, #115
 230              	.L21:
 231 0024 FFF7FEFF 		bl	LCD_PrintString
 232              		.loc 1 75 0
 233 0028 03B0     		add	sp, sp, #12
 234              		@ sp needed for prologue
 235 002a 00BD     		pop	{pc}
 236              	.L23:
 237              		.align	2
 238              	.L22:
 239 002c 00000000 		.word	.LANCHOR0
 240 0030 00000000 		.word	.LANCHOR1
 241 0034 FF0F0000 		.word	4095
 242              		.cfi_endproc
 243              	.LFE22:
 244              		.size	ShowMenuLevel, .-ShowMenuLevel
 245              		.global	__aeabi_idivmod
 246              		.section	.text.DecreaseMenuLevel,"ax",%progbits
 247              		.align	1
 248              		.global	DecreaseMenuLevel
 249              		.code	16
 250              		.thumb_func
 251              		.type	DecreaseMenuLevel, %function
 252              	DecreaseMenuLevel:
 253              	.LFB21:
 254              		.loc 1 46 0
 255              		.cfi_startproc
 256 0000 38B5     		push	{r3, r4, r5, lr}
 257              	.LCFI5:
 258              		.cfi_def_cfa_offset 16
 259              		.cfi_offset 3, -16
 260              		.cfi_offset 4, -12
 261              		.cfi_offset 5, -8
 262              		.cfi_offset 14, -4
 263              	.LVL13:
 264              		.loc 1 46 0
 265 0002 051C     		mov	r5, r0
 266              		.loc 1 49 0
 267 0004 0028     		cmp	r0, #0
 268 0006 0CDD     		ble	.L25
 269 0008 094C     		ldr	r4, .L27
 270 000a 2369     		ldr	r3, [r4, #16]
 271 000c 002B     		cmp	r3, #0
 272 000e 08D1     		bne	.L25
 273              		.loc 1 51 0
 274 0010 0120     		mov	r0, #1
 275              	.LVL14:
 276 0012 FFF7FEFF 		bl	ShowMenuLevel
 277              		.loc 1 53 0
 278 0016 6068     		ldr	r0, [r4, #4]
ARM GAS  C:\Users\kees\AppData\Local\Temp\cc65pnkR.s 			page 8


 279 0018 0921     		mov	r1, #9
 280 001a 0138     		sub	r0, r0, #1
 281 001c FFF7FEFF 		bl	__aeabi_idivmod
 282 0020 6160     		str	r1, [r4, #4]
 283              	.LVL15:
 284              	.L25:
 285              		.loc 1 56 0
 286 0022 0020     		mov	r0, #0
 287 0024 FFF7FEFF 		bl	ShowMenuLevel
 288              		.loc 1 58 0
 289 0028 014B     		ldr	r3, .L27
 290              		.loc 1 61 0
 291              		@ sp needed for prologue
 292              		.loc 1 58 0
 293 002a 1D61     		str	r5, [r3, #16]
 294              	.LVL16:
 295              		.loc 1 61 0
 296 002c 38BD     		pop	{r3, r4, r5, pc}
 297              	.L28:
 298 002e C046     		.align	2
 299              	.L27:
 300 0030 00000000 		.word	.LANCHOR0
 301              		.cfi_endproc
 302              	.LFE21:
 303              		.size	DecreaseMenuLevel, .-DecreaseMenuLevel
 304              		.section	.text.IncreaseMenuLevel,"ax",%progbits
 305              		.align	1
 306              		.global	IncreaseMenuLevel
 307              		.code	16
 308              		.thumb_func
 309              		.type	IncreaseMenuLevel, %function
 310              	IncreaseMenuLevel:
 311              	.LFB20:
 312              		.loc 1 28 0
 313              		.cfi_startproc
 314 0000 38B5     		push	{r3, r4, r5, lr}
 315              	.LCFI6:
 316              		.cfi_def_cfa_offset 16
 317              		.cfi_offset 3, -16
 318              		.cfi_offset 4, -12
 319              		.cfi_offset 5, -8
 320              		.cfi_offset 14, -4
 321              	.LVL17:
 322              		.loc 1 28 0
 323 0002 051C     		mov	r5, r0
 324              		.loc 1 31 0
 325 0004 0028     		cmp	r0, #0
 326 0006 0CDD     		ble	.L30
 327 0008 094C     		ldr	r4, .L32
 328 000a 6369     		ldr	r3, [r4, #20]
 329 000c 002B     		cmp	r3, #0
 330 000e 08D1     		bne	.L30
 331              		.loc 1 33 0
 332 0010 0120     		mov	r0, #1
 333              	.LVL18:
 334 0012 FFF7FEFF 		bl	ShowMenuLevel
 335              		.loc 1 35 0
ARM GAS  C:\Users\kees\AppData\Local\Temp\cc65pnkR.s 			page 9


 336 0016 6068     		ldr	r0, [r4, #4]
 337 0018 0921     		mov	r1, #9
 338 001a 0130     		add	r0, r0, #1
 339 001c FFF7FEFF 		bl	__aeabi_idivmod
 340 0020 6160     		str	r1, [r4, #4]
 341              	.LVL19:
 342              	.L30:
 343              		.loc 1 38 0
 344 0022 0020     		mov	r0, #0
 345 0024 FFF7FEFF 		bl	ShowMenuLevel
 346              		.loc 1 40 0
 347 0028 014B     		ldr	r3, .L32
 348              		.loc 1 43 0
 349              		@ sp needed for prologue
 350              		.loc 1 40 0
 351 002a 5D61     		str	r5, [r3, #20]
 352              	.LVL20:
 353              		.loc 1 43 0
 354 002c 38BD     		pop	{r3, r4, r5, pc}
 355              	.L33:
 356 002e C046     		.align	2
 357              	.L32:
 358 0030 00000000 		.word	.LANCHOR0
 359              		.cfi_endproc
 360              	.LFE20:
 361              		.size	IncreaseMenuLevel, .-IncreaseMenuLevel
 362              		.global	menu_level
 363              		.global	menu_option
 364              		.global	menu
 365              		.global	param
 366              		.global	param_step
 367              		.comm	LCD_FONT8x16,1552,4
 368              		.comm	foo,4,4
 369              		.section	.rodata.str1.1,"aMS",%progbits,1
 370              	.LC11:
 371 0000 00       		.ascii	"\000"
 372              	.LC12:
 373 0001 5820726F 		.ascii	"X rotation\000"
 373      74617469 
 373      6F6E00
 374              	.LC13:
 375 000c 5920726F 		.ascii	"Y rotation\000"
 375      74617469 
 375      6F6E00
 376              	.LC14:
 377 0017 5A20726F 		.ascii	"Z rotation\000"
 377      74617469 
 377      6F6E00
 378              	.LC15:
 379 0022 58207065 		.ascii	"X perspective\000"
 379      72737065 
 379      63746976 
 379      6500
 380              	.LC16:
 381 0030 59207065 		.ascii	"Y perspective\000"
 381      72737065 
 381      63746976 
ARM GAS  C:\Users\kees\AppData\Local\Temp\cc65pnkR.s 			page 10


 381      6500
 382              	.LC17:
 383 003e 5A207065 		.ascii	"Z perspective\000"
 383      72737065 
 383      63746976 
 383      6500
 384              	.LC18:
 385 004c 58207363 		.ascii	"X scale\000"
 385      616C6500 
 386              	.LC19:
 387 0054 59207363 		.ascii	"Y scale\000"
 387      616C6500 
 388              		.data
 389              		.align	2
 390              		.set	.LANCHOR1,. + 0
 391              		.type	param, %object
 392              		.size	param, 36
 393              	param:
 394 0000 00000000 		.word	foo
 395 0004 00000000 		.word	x_rot
 396 0008 00000000 		.word	y_rot
 397 000c 00000000 		.word	z_rot
 398 0010 00000000 		.word	p
 399 0014 00000000 		.word	q
 400 0018 00000000 		.word	r
 401 001c 00000000 		.word	X_SCALE
 402 0020 00000000 		.word	Y_SCALE
 403              		.type	param_step, %object
 404              		.size	param_step, 36
 405              	param_step:
 406 0024 00000000 		.word	0
 407 0028 0AD7A33B 		.word	1000593162
 408 002c 0AD7A33B 		.word	1000593162
 409 0030 0AD7A33B 		.word	1000593162
 410 0034 0AD7A33C 		.word	1017370378
 411 0038 0AD7A33C 		.word	1017370378
 412 003c 0AD7A33C 		.word	1017370378
 413 0040 00004040 		.word	1077936128
 414 0044 00004040 		.word	1077936128
 415              		.type	menu, %object
 416              		.size	menu, 36
 417              	menu:
 418 0048 00000000 		.word	.LC11
 419 004c 01000000 		.word	.LC12
 420 0050 0C000000 		.word	.LC13
 421 0054 17000000 		.word	.LC14
 422 0058 22000000 		.word	.LC15
 423 005c 30000000 		.word	.LC16
 424 0060 3E000000 		.word	.LC17
 425 0064 4C000000 		.word	.LC18
 426 0068 54000000 		.word	.LC19
 427              		.bss
 428              		.align	2
 429              		.set	.LANCHOR0,. + 0
 430              		.type	val_old.2719, %object
 431              		.size	val_old.2719, 4
 432              	val_old.2719:
ARM GAS  C:\Users\kees\AppData\Local\Temp\cc65pnkR.s 			page 11


 433 0000 00000000 		.space	4
 434              		.type	menu_level, %object
 435              		.size	menu_level, 4
 436              	menu_level:
 437 0004 00000000 		.space	4
 438              		.type	val_old.2734, %object
 439              		.size	val_old.2734, 4
 440              	val_old.2734:
 441 0008 00000000 		.space	4
 442              		.type	val_old.2749, %object
 443              		.size	val_old.2749, 4
 444              	val_old.2749:
 445 000c 00000000 		.space	4
 446              		.type	val_old.2698, %object
 447              		.size	val_old.2698, 4
 448              	val_old.2698:
 449 0010 00000000 		.space	4
 450              		.type	val_old.2685, %object
 451              		.size	val_old.2685, 4
 452              	val_old.2685:
 453 0014 00000000 		.space	4
 454              		.type	menu_option, %object
 455              		.size	menu_option, 4
 456              	menu_option:
 457 0018 00000000 		.space	4
 458              		.text
 459              	.Letext0:
 460              		.section	.debug_loc,"",%progbits
 461              	.Ldebug_loc0:
 462              	.LLST0:
 463 0000 00000000 		.4byte	.LFB23
 464 0004 02000000 		.4byte	.LCFI0
 465 0008 0100     		.2byte	0x1
 466 000a 5D       		.byte	0x5d
 467 000b 02000000 		.4byte	.LCFI0
 468 000f 34000000 		.4byte	.LFE23
 469 0013 0200     		.2byte	0x2
 470 0015 7D       		.byte	0x7d
 471 0016 10       		.sleb128 16
 472 0017 00000000 		.4byte	0x0
 473 001b 00000000 		.4byte	0x0
 474              	.LLST1:
 475 001f 02000000 		.4byte	.LVL0
 476 0023 1C000000 		.4byte	.LVL1
 477 0027 0100     		.2byte	0x1
 478 0029 50       		.byte	0x50
 479 002a 1C000000 		.4byte	.LVL1
 480 002e 28000000 		.4byte	.LVL3
 481 0032 0100     		.2byte	0x1
 482 0034 55       		.byte	0x55
 483 0035 28000000 		.4byte	.LVL3
 484 0039 34000000 		.4byte	.LFE23
 485 003d 0100     		.2byte	0x1
 486 003f 50       		.byte	0x50
 487 0040 00000000 		.4byte	0x0
 488 0044 00000000 		.4byte	0x0
 489              	.LLST2:
ARM GAS  C:\Users\kees\AppData\Local\Temp\cc65pnkR.s 			page 12


 490 0048 00000000 		.4byte	.LFB24
 491 004c 02000000 		.4byte	.LCFI1
 492 0050 0100     		.2byte	0x1
 493 0052 5D       		.byte	0x5d
 494 0053 02000000 		.4byte	.LCFI1
 495 0057 34000000 		.4byte	.LFE24
 496 005b 0200     		.2byte	0x2
 497 005d 7D       		.byte	0x7d
 498 005e 10       		.sleb128 16
 499 005f 00000000 		.4byte	0x0
 500 0063 00000000 		.4byte	0x0
 501              	.LLST3:
 502 0067 02000000 		.4byte	.LVL4
 503 006b 1C000000 		.4byte	.LVL5
 504 006f 0100     		.2byte	0x1
 505 0071 50       		.byte	0x50
 506 0072 1C000000 		.4byte	.LVL5
 507 0076 28000000 		.4byte	.LVL7
 508 007a 0100     		.2byte	0x1
 509 007c 55       		.byte	0x55
 510 007d 28000000 		.4byte	.LVL7
 511 0081 34000000 		.4byte	.LFE24
 512 0085 0100     		.2byte	0x1
 513 0087 50       		.byte	0x50
 514 0088 00000000 		.4byte	0x0
 515 008c 00000000 		.4byte	0x0
 516              	.LLST4:
 517 0090 00000000 		.4byte	.LFB25
 518 0094 02000000 		.4byte	.LCFI2
 519 0098 0100     		.2byte	0x1
 520 009a 5D       		.byte	0x5d
 521 009b 02000000 		.4byte	.LCFI2
 522 009f 2C000000 		.4byte	.LFE25
 523 00a3 0200     		.2byte	0x2
 524 00a5 7D       		.byte	0x7d
 525 00a6 04       		.sleb128 4
 526 00a7 00000000 		.4byte	0x0
 527 00ab 00000000 		.4byte	0x0
 528              	.LLST5:
 529 00af 00000000 		.4byte	.LFB22
 530 00b3 02000000 		.4byte	.LCFI3
 531 00b7 0100     		.2byte	0x1
 532 00b9 5D       		.byte	0x5d
 533 00ba 02000000 		.4byte	.LCFI3
 534 00be 0A000000 		.4byte	.LCFI4
 535 00c2 0200     		.2byte	0x2
 536 00c4 7D       		.byte	0x7d
 537 00c5 04       		.sleb128 4
 538 00c6 0A000000 		.4byte	.LCFI4
 539 00ca 38000000 		.4byte	.LFE22
 540 00ce 0200     		.2byte	0x2
 541 00d0 7D       		.byte	0x7d
 542 00d1 10       		.sleb128 16
 543 00d2 00000000 		.4byte	0x0
 544 00d6 00000000 		.4byte	0x0
 545              	.LLST6:
 546 00da 02000000 		.4byte	.LVL9
ARM GAS  C:\Users\kees\AppData\Local\Temp\cc65pnkR.s 			page 13


 547 00de 18000000 		.4byte	.LVL10
 548 00e2 0100     		.2byte	0x1
 549 00e4 50       		.byte	0x50
 550 00e5 1E000000 		.4byte	.LVL11
 551 00e9 20000000 		.4byte	.LVL12
 552 00ed 0100     		.2byte	0x1
 553 00ef 50       		.byte	0x50
 554 00f0 00000000 		.4byte	0x0
 555 00f4 00000000 		.4byte	0x0
 556              	.LLST7:
 557 00f8 00000000 		.4byte	.LFB21
 558 00fc 02000000 		.4byte	.LCFI5
 559 0100 0100     		.2byte	0x1
 560 0102 5D       		.byte	0x5d
 561 0103 02000000 		.4byte	.LCFI5
 562 0107 34000000 		.4byte	.LFE21
 563 010b 0200     		.2byte	0x2
 564 010d 7D       		.byte	0x7d
 565 010e 10       		.sleb128 16
 566 010f 00000000 		.4byte	0x0
 567 0113 00000000 		.4byte	0x0
 568              	.LLST8:
 569 0117 02000000 		.4byte	.LVL13
 570 011b 12000000 		.4byte	.LVL14
 571 011f 0100     		.2byte	0x1
 572 0121 50       		.byte	0x50
 573 0122 12000000 		.4byte	.LVL14
 574 0126 2C000000 		.4byte	.LVL16
 575 012a 0100     		.2byte	0x1
 576 012c 55       		.byte	0x55
 577 012d 00000000 		.4byte	0x0
 578 0131 00000000 		.4byte	0x0
 579              	.LLST9:
 580 0135 00000000 		.4byte	.LFB20
 581 0139 02000000 		.4byte	.LCFI6
 582 013d 0100     		.2byte	0x1
 583 013f 5D       		.byte	0x5d
 584 0140 02000000 		.4byte	.LCFI6
 585 0144 34000000 		.4byte	.LFE20
 586 0148 0200     		.2byte	0x2
 587 014a 7D       		.byte	0x7d
 588 014b 10       		.sleb128 16
 589 014c 00000000 		.4byte	0x0
 590 0150 00000000 		.4byte	0x0
 591              	.LLST10:
 592 0154 02000000 		.4byte	.LVL17
 593 0158 12000000 		.4byte	.LVL18
 594 015c 0100     		.2byte	0x1
 595 015e 50       		.byte	0x50
 596 015f 12000000 		.4byte	.LVL18
 597 0163 2C000000 		.4byte	.LVL20
 598 0167 0100     		.2byte	0x1
 599 0169 55       		.byte	0x55
 600 016a 00000000 		.4byte	0x0
 601 016e 00000000 		.4byte	0x0
 602              		.file 2 "./Generated_Source/PSoC4/cytypes.h"
 603              		.file 3 "./Generated_Source/PSoC4/LCD.h"
ARM GAS  C:\Users\kees\AppData\Local\Temp\cc65pnkR.s 			page 14


 604              		.file 4 ".\\/Transforms.h"
 605              		.section	.debug_info
 606 0000 21030000 		.4byte	0x321
 607 0004 0200     		.2byte	0x2
 608 0006 00000000 		.4byte	.Ldebug_abbrev0
 609 000a 04       		.byte	0x4
 610 000b 01       		.uleb128 0x1
 611 000c E6000000 		.4byte	.LASF33
 612 0010 01       		.byte	0x1
 613 0011 2D010000 		.4byte	.LASF34
 614 0015 4B010000 		.4byte	.LASF35
 615 0019 00000000 		.4byte	0x0
 616 001d 00000000 		.4byte	0x0
 617 0021 00000000 		.4byte	.Ldebug_ranges0+0x0
 618 0025 00000000 		.4byte	.Ldebug_line0
 619 0029 02       		.uleb128 0x2
 620 002a 01       		.byte	0x1
 621 002b 06       		.byte	0x6
 622 002c A7010000 		.4byte	.LASF0
 623 0030 02       		.uleb128 0x2
 624 0031 01       		.byte	0x1
 625 0032 08       		.byte	0x8
 626 0033 4B000000 		.4byte	.LASF1
 627 0037 02       		.uleb128 0x2
 628 0038 02       		.byte	0x2
 629 0039 05       		.byte	0x5
 630 003a 12010000 		.4byte	.LASF2
 631 003e 02       		.uleb128 0x2
 632 003f 02       		.byte	0x2
 633 0040 07       		.byte	0x7
 634 0041 1E000000 		.4byte	.LASF3
 635 0045 02       		.uleb128 0x2
 636 0046 04       		.byte	0x4
 637 0047 05       		.byte	0x5
 638 0048 36010000 		.4byte	.LASF4
 639 004c 02       		.uleb128 0x2
 640 004d 04       		.byte	0x4
 641 004e 07       		.byte	0x7
 642 004f 59000000 		.4byte	.LASF5
 643 0053 02       		.uleb128 0x2
 644 0054 08       		.byte	0x8
 645 0055 05       		.byte	0x5
 646 0056 3D000000 		.4byte	.LASF6
 647 005a 02       		.uleb128 0x2
 648 005b 08       		.byte	0x8
 649 005c 07       		.byte	0x7
 650 005d A3000000 		.4byte	.LASF7
 651 0061 03       		.uleb128 0x3
 652 0062 04       		.byte	0x4
 653 0063 05       		.byte	0x5
 654 0064 696E7400 		.ascii	"int\000"
 655 0068 02       		.uleb128 0x2
 656 0069 04       		.byte	0x4
 657 006a 07       		.byte	0x7
 658 006b 96000000 		.4byte	.LASF8
 659 006f 04       		.uleb128 0x4
 660 0070 1C010000 		.4byte	.LASF9
ARM GAS  C:\Users\kees\AppData\Local\Temp\cc65pnkR.s 			page 15


 661 0074 02       		.byte	0x2
 662 0075 4C       		.byte	0x4c
 663 0076 30000000 		.4byte	0x30
 664 007a 04       		.uleb128 0x4
 665 007b 6B000000 		.4byte	.LASF10
 666 007f 02       		.byte	0x2
 667 0080 51       		.byte	0x51
 668 0081 45000000 		.4byte	0x45
 669 0085 02       		.uleb128 0x2
 670 0086 04       		.byte	0x4
 671 0087 04       		.byte	0x4
 672 0088 37000000 		.4byte	.LASF11
 673 008c 02       		.uleb128 0x2
 674 008d 08       		.byte	0x8
 675 008e 04       		.byte	0x4
 676 008f 82000000 		.4byte	.LASF12
 677 0093 02       		.uleb128 0x2
 678 0094 01       		.byte	0x1
 679 0095 08       		.byte	0x8
 680 0096 F2000000 		.4byte	.LASF13
 681 009a 05       		.uleb128 0x5
 682 009b 04       		.byte	0x4
 683 009c 07       		.byte	0x7
 684 009d 06       		.uleb128 0x6
 685 009e 04       		.byte	0x4
 686 009f 93000000 		.4byte	0x93
 687 00a3 02       		.uleb128 0x2
 688 00a4 08       		.byte	0x8
 689 00a5 04       		.byte	0x4
 690 00a6 3F010000 		.4byte	.LASF14
 691 00aa 07       		.uleb128 0x7
 692 00ab 01       		.byte	0x1
 693 00ac F7000000 		.4byte	.LASF15
 694 00b0 01       		.byte	0x1
 695 00b1 4D       		.byte	0x4d
 696 00b2 01       		.byte	0x1
 697 00b3 00000000 		.4byte	.LFB23
 698 00b7 34000000 		.4byte	.LFE23
 699 00bb 00000000 		.4byte	.LLST0
 700 00bf E4000000 		.4byte	0xe4
 701 00c3 08       		.uleb128 0x8
 702 00c4 76616C00 		.ascii	"val\000"
 703 00c8 01       		.byte	0x1
 704 00c9 4D       		.byte	0x4d
 705 00ca 7A000000 		.4byte	0x7a
 706 00ce 1F000000 		.4byte	.LLST1
 707 00d2 09       		.uleb128 0x9
 708 00d3 B3010000 		.4byte	.LASF17
 709 00d7 01       		.byte	0x1
 710 00d8 4F       		.byte	0x4f
 711 00d9 7A000000 		.4byte	0x7a
 712 00dd 05       		.byte	0x5
 713 00de 03       		.byte	0x3
 714 00df 00000000 		.4byte	val_old.2719
 715 00e3 00       		.byte	0x0
 716 00e4 07       		.uleb128 0x7
 717 00e5 01       		.byte	0x1
ARM GAS  C:\Users\kees\AppData\Local\Temp\cc65pnkR.s 			page 16


 718 00e6 CD010000 		.4byte	.LASF16
 719 00ea 01       		.byte	0x1
 720 00eb 5B       		.byte	0x5b
 721 00ec 01       		.byte	0x1
 722 00ed 00000000 		.4byte	.LFB24
 723 00f1 34000000 		.4byte	.LFE24
 724 00f5 48000000 		.4byte	.LLST2
 725 00f9 1E010000 		.4byte	0x11e
 726 00fd 08       		.uleb128 0x8
 727 00fe 76616C00 		.ascii	"val\000"
 728 0102 01       		.byte	0x1
 729 0103 5B       		.byte	0x5b
 730 0104 7A000000 		.4byte	0x7a
 731 0108 67000000 		.4byte	.LLST3
 732 010c 09       		.uleb128 0x9
 733 010d B3010000 		.4byte	.LASF17
 734 0111 01       		.byte	0x1
 735 0112 5D       		.byte	0x5d
 736 0113 7A000000 		.4byte	0x7a
 737 0117 05       		.byte	0x5
 738 0118 03       		.byte	0x3
 739 0119 08000000 		.4byte	val_old.2734
 740 011d 00       		.byte	0x0
 741 011e 07       		.uleb128 0x7
 742 011f 01       		.byte	0x1
 743 0120 D6000000 		.4byte	.LASF18
 744 0124 01       		.byte	0x1
 745 0125 69       		.byte	0x69
 746 0126 01       		.byte	0x1
 747 0127 00000000 		.4byte	.LFB25
 748 012b 2C000000 		.4byte	.LFE25
 749 012f 90000000 		.4byte	.LLST4
 750 0133 56010000 		.4byte	0x156
 751 0137 0A       		.uleb128 0xa
 752 0138 76616C00 		.ascii	"val\000"
 753 013c 01       		.byte	0x1
 754 013d 69       		.byte	0x69
 755 013e 7A000000 		.4byte	0x7a
 756 0142 01       		.byte	0x1
 757 0143 50       		.byte	0x50
 758 0144 09       		.uleb128 0x9
 759 0145 B3010000 		.4byte	.LASF17
 760 0149 01       		.byte	0x1
 761 014a 6B       		.byte	0x6b
 762 014b 7A000000 		.4byte	0x7a
 763 014f 05       		.byte	0x5
 764 0150 03       		.byte	0x3
 765 0151 0C000000 		.4byte	val_old.2749
 766 0155 00       		.byte	0x0
 767 0156 07       		.uleb128 0x7
 768 0157 01       		.byte	0x1
 769 0158 BA000000 		.4byte	.LASF19
 770 015c 01       		.byte	0x1
 771 015d 3F       		.byte	0x3f
 772 015e 01       		.byte	0x1
 773 015f 00000000 		.4byte	.LFB22
 774 0163 38000000 		.4byte	.LFE22
ARM GAS  C:\Users\kees\AppData\Local\Temp\cc65pnkR.s 			page 17


 775 0167 AF000000 		.4byte	.LLST5
 776 016b 7F010000 		.4byte	0x17f
 777 016f 08       		.uleb128 0x8
 778 0170 64656C00 		.ascii	"del\000"
 779 0174 01       		.byte	0x1
 780 0175 3F       		.byte	0x3f
 781 0176 7A000000 		.4byte	0x7a
 782 017a DA000000 		.4byte	.LLST6
 783 017e 00       		.byte	0x0
 784 017f 07       		.uleb128 0x7
 785 0180 01       		.byte	0x1
 786 0181 BB010000 		.4byte	.LASF20
 787 0185 01       		.byte	0x1
 788 0186 2D       		.byte	0x2d
 789 0187 01       		.byte	0x1
 790 0188 00000000 		.4byte	.LFB21
 791 018c 34000000 		.4byte	.LFE21
 792 0190 F8000000 		.4byte	.LLST7
 793 0194 B9010000 		.4byte	0x1b9
 794 0198 08       		.uleb128 0x8
 795 0199 76616C00 		.ascii	"val\000"
 796 019d 01       		.byte	0x1
 797 019e 2D       		.byte	0x2d
 798 019f 7A000000 		.4byte	0x7a
 799 01a3 17010000 		.4byte	.LLST8
 800 01a7 09       		.uleb128 0x9
 801 01a8 B3010000 		.4byte	.LASF17
 802 01ac 01       		.byte	0x1
 803 01ad 2F       		.byte	0x2f
 804 01ae 7A000000 		.4byte	0x7a
 805 01b2 05       		.byte	0x5
 806 01b3 03       		.byte	0x3
 807 01b4 10000000 		.4byte	val_old.2698
 808 01b8 00       		.byte	0x0
 809 01b9 07       		.uleb128 0x7
 810 01ba 01       		.byte	0x1
 811 01bb 00000000 		.4byte	.LASF21
 812 01bf 01       		.byte	0x1
 813 01c0 1B       		.byte	0x1b
 814 01c1 01       		.byte	0x1
 815 01c2 00000000 		.4byte	.LFB20
 816 01c6 34000000 		.4byte	.LFE20
 817 01ca 35010000 		.4byte	.LLST9
 818 01ce F3010000 		.4byte	0x1f3
 819 01d2 08       		.uleb128 0x8
 820 01d3 76616C00 		.ascii	"val\000"
 821 01d7 01       		.byte	0x1
 822 01d8 1B       		.byte	0x1b
 823 01d9 7A000000 		.4byte	0x7a
 824 01dd 54010000 		.4byte	.LLST10
 825 01e1 09       		.uleb128 0x9
 826 01e2 B3010000 		.4byte	.LASF17
 827 01e6 01       		.byte	0x1
 828 01e7 1D       		.byte	0x1d
 829 01e8 7A000000 		.4byte	0x7a
 830 01ec 05       		.byte	0x5
 831 01ed 03       		.byte	0x3
ARM GAS  C:\Users\kees\AppData\Local\Temp\cc65pnkR.s 			page 18


 832 01ee 14000000 		.4byte	val_old.2685
 833 01f2 00       		.byte	0x0
 834 01f3 0B       		.uleb128 0xb
 835 01f4 6F000000 		.4byte	0x6f
 836 01f8 09020000 		.4byte	0x209
 837 01fc 0C       		.uleb128 0xc
 838 01fd 9A000000 		.4byte	0x9a
 839 0201 60       		.byte	0x60
 840 0202 0C       		.uleb128 0xc
 841 0203 9A000000 		.4byte	0x9a
 842 0207 0F       		.byte	0xf
 843 0208 00       		.byte	0x0
 844 0209 0D       		.uleb128 0xd
 845 020a 89000000 		.4byte	.LASF22
 846 020e 03       		.byte	0x3
 847 020f 42       		.byte	0x42
 848 0210 1B020000 		.4byte	0x21b
 849 0214 01       		.byte	0x1
 850 0215 05       		.byte	0x5
 851 0216 03       		.byte	0x3
 852 0217 00000000 		.4byte	LCD_FONT8x16
 853 021b 0E       		.uleb128 0xe
 854 021c F3010000 		.4byte	0x1f3
 855 0220 0F       		.uleb128 0xf
 856 0221 C8000000 		.4byte	.LASF23
 857 0225 04       		.byte	0x4
 858 0226 1D       		.byte	0x1d
 859 0227 85000000 		.4byte	0x85
 860 022b 01       		.byte	0x1
 861 022c 01       		.byte	0x1
 862 022d 0F       		.uleb128 0xf
 863 022e 0A010000 		.4byte	.LASF24
 864 0232 04       		.byte	0x4
 865 0233 1E       		.byte	0x1e
 866 0234 85000000 		.4byte	0x85
 867 0238 01       		.byte	0x1
 868 0239 01       		.byte	0x1
 869 023a 10       		.uleb128 0x10
 870 023b 7200     		.ascii	"r\000"
 871 023d 04       		.byte	0x4
 872 023e 20       		.byte	0x20
 873 023f 85000000 		.4byte	0x85
 874 0243 01       		.byte	0x1
 875 0244 01       		.byte	0x1
 876 0245 10       		.uleb128 0x10
 877 0246 7000     		.ascii	"p\000"
 878 0248 04       		.byte	0x4
 879 0249 21       		.byte	0x21
 880 024a 85000000 		.4byte	0x85
 881 024e 01       		.byte	0x1
 882 024f 01       		.byte	0x1
 883 0250 10       		.uleb128 0x10
 884 0251 7100     		.ascii	"q\000"
 885 0253 04       		.byte	0x4
 886 0254 22       		.byte	0x22
 887 0255 85000000 		.4byte	0x85
 888 0259 01       		.byte	0x1
ARM GAS  C:\Users\kees\AppData\Local\Temp\cc65pnkR.s 			page 19


 889 025a 01       		.byte	0x1
 890 025b 0D       		.uleb128 0xd
 891 025c 22010000 		.4byte	.LASF25
 892 0260 01       		.byte	0x1
 893 0261 0F       		.byte	0xf
 894 0262 7A000000 		.4byte	0x7a
 895 0266 01       		.byte	0x1
 896 0267 05       		.byte	0x5
 897 0268 03       		.byte	0x3
 898 0269 00000000 		.4byte	menu_level
 899 026d 0D       		.uleb128 0xd
 900 026e 12000000 		.4byte	.LASF26
 901 0272 01       		.byte	0x1
 902 0273 10       		.byte	0x10
 903 0274 7A000000 		.4byte	0x7a
 904 0278 01       		.byte	0x1
 905 0279 05       		.byte	0x5
 906 027a 03       		.byte	0x3
 907 027b 00000000 		.4byte	menu_option
 908 027f 11       		.uleb128 0x11
 909 0280 666F6F00 		.ascii	"foo\000"
 910 0284 01       		.byte	0x1
 911 0285 12       		.byte	0x12
 912 0286 85000000 		.4byte	0x85
 913 028a 01       		.byte	0x1
 914 028b 05       		.byte	0x5
 915 028c 03       		.byte	0x3
 916 028d 00000000 		.4byte	foo
 917 0291 0F       		.uleb128 0xf
 918 0292 31000000 		.4byte	.LASF27
 919 0296 01       		.byte	0x1
 920 0297 14       		.byte	0x14
 921 0298 85000000 		.4byte	0x85
 922 029c 01       		.byte	0x1
 923 029d 01       		.byte	0x1
 924 029e 0F       		.uleb128 0xf
 925 029f 7C000000 		.4byte	.LASF28
 926 02a3 01       		.byte	0x1
 927 02a4 14       		.byte	0x14
 928 02a5 85000000 		.4byte	0x85
 929 02a9 01       		.byte	0x1
 930 02aa 01       		.byte	0x1
 931 02ab 0F       		.uleb128 0xf
 932 02ac D0000000 		.4byte	.LASF29
 933 02b0 01       		.byte	0x1
 934 02b1 14       		.byte	0x14
 935 02b2 85000000 		.4byte	0x85
 936 02b6 01       		.byte	0x1
 937 02b7 01       		.byte	0x1
 938 02b8 0B       		.uleb128 0xb
 939 02b9 9D000000 		.4byte	0x9d
 940 02bd C8020000 		.4byte	0x2c8
 941 02c1 0C       		.uleb128 0xc
 942 02c2 9A000000 		.4byte	0x9a
 943 02c6 08       		.byte	0x8
 944 02c7 00       		.byte	0x0
 945 02c8 0D       		.uleb128 0xd
ARM GAS  C:\Users\kees\AppData\Local\Temp\cc65pnkR.s 			page 20


 946 02c9 77000000 		.4byte	.LASF30
 947 02cd 01       		.byte	0x1
 948 02ce 16       		.byte	0x16
 949 02cf B8020000 		.4byte	0x2b8
 950 02d3 01       		.byte	0x1
 951 02d4 05       		.byte	0x5
 952 02d5 03       		.byte	0x3
 953 02d6 00000000 		.4byte	menu
 954 02da 0B       		.uleb128 0xb
 955 02db EA020000 		.4byte	0x2ea
 956 02df EA020000 		.4byte	0x2ea
 957 02e3 0C       		.uleb128 0xc
 958 02e4 9A000000 		.4byte	0x9a
 959 02e8 08       		.byte	0x8
 960 02e9 00       		.byte	0x0
 961 02ea 06       		.uleb128 0x6
 962 02eb 04       		.byte	0x4
 963 02ec 85000000 		.4byte	0x85
 964 02f0 0D       		.uleb128 0xd
 965 02f1 71000000 		.4byte	.LASF31
 966 02f5 01       		.byte	0x1
 967 02f6 17       		.byte	0x17
 968 02f7 DA020000 		.4byte	0x2da
 969 02fb 01       		.byte	0x1
 970 02fc 05       		.byte	0x5
 971 02fd 03       		.byte	0x3
 972 02fe 00000000 		.4byte	param
 973 0302 0B       		.uleb128 0xb
 974 0303 85000000 		.4byte	0x85
 975 0307 12030000 		.4byte	0x312
 976 030b 0C       		.uleb128 0xc
 977 030c 9A000000 		.4byte	0x9a
 978 0310 08       		.byte	0x8
 979 0311 00       		.byte	0x0
 980 0312 0D       		.uleb128 0xd
 981 0313 E0010000 		.4byte	.LASF32
 982 0317 01       		.byte	0x1
 983 0318 18       		.byte	0x18
 984 0319 02030000 		.4byte	0x302
 985 031d 01       		.byte	0x1
 986 031e 05       		.byte	0x5
 987 031f 03       		.byte	0x3
 988 0320 00000000 		.4byte	param_step
 989 0324 00       		.byte	0x0
 990              		.section	.debug_abbrev
 991 0000 01       		.uleb128 0x1
 992 0001 11       		.uleb128 0x11
 993 0002 01       		.byte	0x1
 994 0003 25       		.uleb128 0x25
 995 0004 0E       		.uleb128 0xe
 996 0005 13       		.uleb128 0x13
 997 0006 0B       		.uleb128 0xb
 998 0007 03       		.uleb128 0x3
 999 0008 0E       		.uleb128 0xe
 1000 0009 1B       		.uleb128 0x1b
 1001 000a 0E       		.uleb128 0xe
 1002 000b 11       		.uleb128 0x11
ARM GAS  C:\Users\kees\AppData\Local\Temp\cc65pnkR.s 			page 21


 1003 000c 01       		.uleb128 0x1
 1004 000d 52       		.uleb128 0x52
 1005 000e 01       		.uleb128 0x1
 1006 000f 55       		.uleb128 0x55
 1007 0010 06       		.uleb128 0x6
 1008 0011 10       		.uleb128 0x10
 1009 0012 06       		.uleb128 0x6
 1010 0013 00       		.byte	0x0
 1011 0014 00       		.byte	0x0
 1012 0015 02       		.uleb128 0x2
 1013 0016 24       		.uleb128 0x24
 1014 0017 00       		.byte	0x0
 1015 0018 0B       		.uleb128 0xb
 1016 0019 0B       		.uleb128 0xb
 1017 001a 3E       		.uleb128 0x3e
 1018 001b 0B       		.uleb128 0xb
 1019 001c 03       		.uleb128 0x3
 1020 001d 0E       		.uleb128 0xe
 1021 001e 00       		.byte	0x0
 1022 001f 00       		.byte	0x0
 1023 0020 03       		.uleb128 0x3
 1024 0021 24       		.uleb128 0x24
 1025 0022 00       		.byte	0x0
 1026 0023 0B       		.uleb128 0xb
 1027 0024 0B       		.uleb128 0xb
 1028 0025 3E       		.uleb128 0x3e
 1029 0026 0B       		.uleb128 0xb
 1030 0027 03       		.uleb128 0x3
 1031 0028 08       		.uleb128 0x8
 1032 0029 00       		.byte	0x0
 1033 002a 00       		.byte	0x0
 1034 002b 04       		.uleb128 0x4
 1035 002c 16       		.uleb128 0x16
 1036 002d 00       		.byte	0x0
 1037 002e 03       		.uleb128 0x3
 1038 002f 0E       		.uleb128 0xe
 1039 0030 3A       		.uleb128 0x3a
 1040 0031 0B       		.uleb128 0xb
 1041 0032 3B       		.uleb128 0x3b
 1042 0033 0B       		.uleb128 0xb
 1043 0034 49       		.uleb128 0x49
 1044 0035 13       		.uleb128 0x13
 1045 0036 00       		.byte	0x0
 1046 0037 00       		.byte	0x0
 1047 0038 05       		.uleb128 0x5
 1048 0039 24       		.uleb128 0x24
 1049 003a 00       		.byte	0x0
 1050 003b 0B       		.uleb128 0xb
 1051 003c 0B       		.uleb128 0xb
 1052 003d 3E       		.uleb128 0x3e
 1053 003e 0B       		.uleb128 0xb
 1054 003f 00       		.byte	0x0
 1055 0040 00       		.byte	0x0
 1056 0041 06       		.uleb128 0x6
 1057 0042 0F       		.uleb128 0xf
 1058 0043 00       		.byte	0x0
 1059 0044 0B       		.uleb128 0xb
ARM GAS  C:\Users\kees\AppData\Local\Temp\cc65pnkR.s 			page 22


 1060 0045 0B       		.uleb128 0xb
 1061 0046 49       		.uleb128 0x49
 1062 0047 13       		.uleb128 0x13
 1063 0048 00       		.byte	0x0
 1064 0049 00       		.byte	0x0
 1065 004a 07       		.uleb128 0x7
 1066 004b 2E       		.uleb128 0x2e
 1067 004c 01       		.byte	0x1
 1068 004d 3F       		.uleb128 0x3f
 1069 004e 0C       		.uleb128 0xc
 1070 004f 03       		.uleb128 0x3
 1071 0050 0E       		.uleb128 0xe
 1072 0051 3A       		.uleb128 0x3a
 1073 0052 0B       		.uleb128 0xb
 1074 0053 3B       		.uleb128 0x3b
 1075 0054 0B       		.uleb128 0xb
 1076 0055 27       		.uleb128 0x27
 1077 0056 0C       		.uleb128 0xc
 1078 0057 11       		.uleb128 0x11
 1079 0058 01       		.uleb128 0x1
 1080 0059 12       		.uleb128 0x12
 1081 005a 01       		.uleb128 0x1
 1082 005b 40       		.uleb128 0x40
 1083 005c 06       		.uleb128 0x6
 1084 005d 01       		.uleb128 0x1
 1085 005e 13       		.uleb128 0x13
 1086 005f 00       		.byte	0x0
 1087 0060 00       		.byte	0x0
 1088 0061 08       		.uleb128 0x8
 1089 0062 05       		.uleb128 0x5
 1090 0063 00       		.byte	0x0
 1091 0064 03       		.uleb128 0x3
 1092 0065 08       		.uleb128 0x8
 1093 0066 3A       		.uleb128 0x3a
 1094 0067 0B       		.uleb128 0xb
 1095 0068 3B       		.uleb128 0x3b
 1096 0069 0B       		.uleb128 0xb
 1097 006a 49       		.uleb128 0x49
 1098 006b 13       		.uleb128 0x13
 1099 006c 02       		.uleb128 0x2
 1100 006d 06       		.uleb128 0x6
 1101 006e 00       		.byte	0x0
 1102 006f 00       		.byte	0x0
 1103 0070 09       		.uleb128 0x9
 1104 0071 34       		.uleb128 0x34
 1105 0072 00       		.byte	0x0
 1106 0073 03       		.uleb128 0x3
 1107 0074 0E       		.uleb128 0xe
 1108 0075 3A       		.uleb128 0x3a
 1109 0076 0B       		.uleb128 0xb
 1110 0077 3B       		.uleb128 0x3b
 1111 0078 0B       		.uleb128 0xb
 1112 0079 49       		.uleb128 0x49
 1113 007a 13       		.uleb128 0x13
 1114 007b 02       		.uleb128 0x2
 1115 007c 0A       		.uleb128 0xa
 1116 007d 00       		.byte	0x0
ARM GAS  C:\Users\kees\AppData\Local\Temp\cc65pnkR.s 			page 23


 1117 007e 00       		.byte	0x0
 1118 007f 0A       		.uleb128 0xa
 1119 0080 05       		.uleb128 0x5
 1120 0081 00       		.byte	0x0
 1121 0082 03       		.uleb128 0x3
 1122 0083 08       		.uleb128 0x8
 1123 0084 3A       		.uleb128 0x3a
 1124 0085 0B       		.uleb128 0xb
 1125 0086 3B       		.uleb128 0x3b
 1126 0087 0B       		.uleb128 0xb
 1127 0088 49       		.uleb128 0x49
 1128 0089 13       		.uleb128 0x13
 1129 008a 02       		.uleb128 0x2
 1130 008b 0A       		.uleb128 0xa
 1131 008c 00       		.byte	0x0
 1132 008d 00       		.byte	0x0
 1133 008e 0B       		.uleb128 0xb
 1134 008f 01       		.uleb128 0x1
 1135 0090 01       		.byte	0x1
 1136 0091 49       		.uleb128 0x49
 1137 0092 13       		.uleb128 0x13
 1138 0093 01       		.uleb128 0x1
 1139 0094 13       		.uleb128 0x13
 1140 0095 00       		.byte	0x0
 1141 0096 00       		.byte	0x0
 1142 0097 0C       		.uleb128 0xc
 1143 0098 21       		.uleb128 0x21
 1144 0099 00       		.byte	0x0
 1145 009a 49       		.uleb128 0x49
 1146 009b 13       		.uleb128 0x13
 1147 009c 2F       		.uleb128 0x2f
 1148 009d 0B       		.uleb128 0xb
 1149 009e 00       		.byte	0x0
 1150 009f 00       		.byte	0x0
 1151 00a0 0D       		.uleb128 0xd
 1152 00a1 34       		.uleb128 0x34
 1153 00a2 00       		.byte	0x0
 1154 00a3 03       		.uleb128 0x3
 1155 00a4 0E       		.uleb128 0xe
 1156 00a5 3A       		.uleb128 0x3a
 1157 00a6 0B       		.uleb128 0xb
 1158 00a7 3B       		.uleb128 0x3b
 1159 00a8 0B       		.uleb128 0xb
 1160 00a9 49       		.uleb128 0x49
 1161 00aa 13       		.uleb128 0x13
 1162 00ab 3F       		.uleb128 0x3f
 1163 00ac 0C       		.uleb128 0xc
 1164 00ad 02       		.uleb128 0x2
 1165 00ae 0A       		.uleb128 0xa
 1166 00af 00       		.byte	0x0
 1167 00b0 00       		.byte	0x0
 1168 00b1 0E       		.uleb128 0xe
 1169 00b2 26       		.uleb128 0x26
 1170 00b3 00       		.byte	0x0
 1171 00b4 49       		.uleb128 0x49
 1172 00b5 13       		.uleb128 0x13
 1173 00b6 00       		.byte	0x0
ARM GAS  C:\Users\kees\AppData\Local\Temp\cc65pnkR.s 			page 24


 1174 00b7 00       		.byte	0x0
 1175 00b8 0F       		.uleb128 0xf
 1176 00b9 34       		.uleb128 0x34
 1177 00ba 00       		.byte	0x0
 1178 00bb 03       		.uleb128 0x3
 1179 00bc 0E       		.uleb128 0xe
 1180 00bd 3A       		.uleb128 0x3a
 1181 00be 0B       		.uleb128 0xb
 1182 00bf 3B       		.uleb128 0x3b
 1183 00c0 0B       		.uleb128 0xb
 1184 00c1 49       		.uleb128 0x49
 1185 00c2 13       		.uleb128 0x13
 1186 00c3 3F       		.uleb128 0x3f
 1187 00c4 0C       		.uleb128 0xc
 1188 00c5 3C       		.uleb128 0x3c
 1189 00c6 0C       		.uleb128 0xc
 1190 00c7 00       		.byte	0x0
 1191 00c8 00       		.byte	0x0
 1192 00c9 10       		.uleb128 0x10
 1193 00ca 34       		.uleb128 0x34
 1194 00cb 00       		.byte	0x0
 1195 00cc 03       		.uleb128 0x3
 1196 00cd 08       		.uleb128 0x8
 1197 00ce 3A       		.uleb128 0x3a
 1198 00cf 0B       		.uleb128 0xb
 1199 00d0 3B       		.uleb128 0x3b
 1200 00d1 0B       		.uleb128 0xb
 1201 00d2 49       		.uleb128 0x49
 1202 00d3 13       		.uleb128 0x13
 1203 00d4 3F       		.uleb128 0x3f
 1204 00d5 0C       		.uleb128 0xc
 1205 00d6 3C       		.uleb128 0x3c
 1206 00d7 0C       		.uleb128 0xc
 1207 00d8 00       		.byte	0x0
 1208 00d9 00       		.byte	0x0
 1209 00da 11       		.uleb128 0x11
 1210 00db 34       		.uleb128 0x34
 1211 00dc 00       		.byte	0x0
 1212 00dd 03       		.uleb128 0x3
 1213 00de 08       		.uleb128 0x8
 1214 00df 3A       		.uleb128 0x3a
 1215 00e0 0B       		.uleb128 0xb
 1216 00e1 3B       		.uleb128 0x3b
 1217 00e2 0B       		.uleb128 0xb
 1218 00e3 49       		.uleb128 0x49
 1219 00e4 13       		.uleb128 0x13
 1220 00e5 3F       		.uleb128 0x3f
 1221 00e6 0C       		.uleb128 0xc
 1222 00e7 02       		.uleb128 0x2
 1223 00e8 0A       		.uleb128 0xa
 1224 00e9 00       		.byte	0x0
 1225 00ea 00       		.byte	0x0
 1226 00eb 00       		.byte	0x0
 1227              		.section	.debug_pubnames,"",%progbits
 1228 0000 E8000000 		.4byte	0xe8
 1229 0004 0200     		.2byte	0x2
 1230 0006 00000000 		.4byte	.Ldebug_info0
ARM GAS  C:\Users\kees\AppData\Local\Temp\cc65pnkR.s 			page 25


 1231 000a 25030000 		.4byte	0x325
 1232 000e AA000000 		.4byte	0xaa
 1233 0012 496E6372 		.ascii	"IncreaseMenuOption\000"
 1233      65617365 
 1233      4D656E75 
 1233      4F707469 
 1233      6F6E00
 1234 0025 E4000000 		.4byte	0xe4
 1235 0029 44656372 		.ascii	"DecreaseMenuOption\000"
 1235      65617365 
 1235      4D656E75 
 1235      4F707469 
 1235      6F6E00
 1236 003c 1E010000 		.4byte	0x11e
 1237 0040 52657365 		.ascii	"ResetMenuOption\000"
 1237      744D656E 
 1237      754F7074 
 1237      696F6E00 
 1238 0050 56010000 		.4byte	0x156
 1239 0054 53686F77 		.ascii	"ShowMenuLevel\000"
 1239      4D656E75 
 1239      4C657665 
 1239      6C00
 1240 0062 7F010000 		.4byte	0x17f
 1241 0066 44656372 		.ascii	"DecreaseMenuLevel\000"
 1241      65617365 
 1241      4D656E75 
 1241      4C657665 
 1241      6C00
 1242 0078 B9010000 		.4byte	0x1b9
 1243 007c 496E6372 		.ascii	"IncreaseMenuLevel\000"
 1243      65617365 
 1243      4D656E75 
 1243      4C657665 
 1243      6C00
 1244 008e 09020000 		.4byte	0x209
 1245 0092 4C43445F 		.ascii	"LCD_FONT8x16\000"
 1245      464F4E54 
 1245      38783136 
 1245      00
 1246 009f 5B020000 		.4byte	0x25b
 1247 00a3 6D656E75 		.ascii	"menu_level\000"
 1247      5F6C6576 
 1247      656C00
 1248 00ae 6D020000 		.4byte	0x26d
 1249 00b2 6D656E75 		.ascii	"menu_option\000"
 1249      5F6F7074 
 1249      696F6E00 
 1250 00be 7F020000 		.4byte	0x27f
 1251 00c2 666F6F00 		.ascii	"foo\000"
 1252 00c6 C8020000 		.4byte	0x2c8
 1253 00ca 6D656E75 		.ascii	"menu\000"
 1253      00
 1254 00cf F0020000 		.4byte	0x2f0
 1255 00d3 70617261 		.ascii	"param\000"
 1255      6D00
 1256 00d9 12030000 		.4byte	0x312
ARM GAS  C:\Users\kees\AppData\Local\Temp\cc65pnkR.s 			page 26


 1257 00dd 70617261 		.ascii	"param_step\000"
 1257      6D5F7374 
 1257      657000
 1258 00e8 00000000 		.4byte	0x0
 1259              		.section	.debug_aranges,"",%progbits
 1260 0000 44000000 		.4byte	0x44
 1261 0004 0200     		.2byte	0x2
 1262 0006 00000000 		.4byte	.Ldebug_info0
 1263 000a 04       		.byte	0x4
 1264 000b 00       		.byte	0x0
 1265 000c 0000     		.2byte	0x0
 1266 000e 0000     		.2byte	0x0
 1267 0010 00000000 		.4byte	.LFB23
 1268 0014 34000000 		.4byte	.LFE23-.LFB23
 1269 0018 00000000 		.4byte	.LFB24
 1270 001c 34000000 		.4byte	.LFE24-.LFB24
 1271 0020 00000000 		.4byte	.LFB25
 1272 0024 2C000000 		.4byte	.LFE25-.LFB25
 1273 0028 00000000 		.4byte	.LFB22
 1274 002c 38000000 		.4byte	.LFE22-.LFB22
 1275 0030 00000000 		.4byte	.LFB21
 1276 0034 34000000 		.4byte	.LFE21-.LFB21
 1277 0038 00000000 		.4byte	.LFB20
 1278 003c 34000000 		.4byte	.LFE20-.LFB20
 1279 0040 00000000 		.4byte	0x0
 1280 0044 00000000 		.4byte	0x0
 1281              		.section	.debug_ranges,"",%progbits
 1282              	.Ldebug_ranges0:
 1283 0000 00000000 		.4byte	.Ltext0
 1284 0004 00000000 		.4byte	.Letext0
 1285 0008 00000000 		.4byte	.LFB23
 1286 000c 34000000 		.4byte	.LFE23
 1287 0010 00000000 		.4byte	.LFB24
 1288 0014 34000000 		.4byte	.LFE24
 1289 0018 00000000 		.4byte	.LFB25
 1290 001c 2C000000 		.4byte	.LFE25
 1291 0020 00000000 		.4byte	.LFB22
 1292 0024 38000000 		.4byte	.LFE22
 1293 0028 00000000 		.4byte	.LFB21
 1294 002c 34000000 		.4byte	.LFE21
 1295 0030 00000000 		.4byte	.LFB20
 1296 0034 34000000 		.4byte	.LFE20
 1297 0038 00000000 		.4byte	0x0
 1298 003c 00000000 		.4byte	0x0
 1299              		.section	.debug_str,"MS",%progbits,1
 1300              	.LASF21:
 1301 0000 496E6372 		.ascii	"IncreaseMenuLevel\000"
 1301      65617365 
 1301      4D656E75 
 1301      4C657665 
 1301      6C00
 1302              	.LASF26:
 1303 0012 6D656E75 		.ascii	"menu_option\000"
 1303      5F6F7074 
 1303      696F6E00 
 1304              	.LASF3:
 1305 001e 73686F72 		.ascii	"short unsigned int\000"
ARM GAS  C:\Users\kees\AppData\Local\Temp\cc65pnkR.s 			page 27


 1305      7420756E 
 1305      7369676E 
 1305      65642069 
 1305      6E7400
 1306              	.LASF27:
 1307 0031 785F726F 		.ascii	"x_rot\000"
 1307      7400
 1308              	.LASF11:
 1309 0037 666C6F61 		.ascii	"float\000"
 1309      7400
 1310              	.LASF6:
 1311 003d 6C6F6E67 		.ascii	"long long int\000"
 1311      206C6F6E 
 1311      6720696E 
 1311      7400
 1312              	.LASF1:
 1313 004b 756E7369 		.ascii	"unsigned char\000"
 1313      676E6564 
 1313      20636861 
 1313      7200
 1314              	.LASF5:
 1315 0059 6C6F6E67 		.ascii	"long unsigned int\000"
 1315      20756E73 
 1315      69676E65 
 1315      6420696E 
 1315      7400
 1316              	.LASF10:
 1317 006b 696E7433 		.ascii	"int32\000"
 1317      3200
 1318              	.LASF31:
 1319 0071 70617261 		.ascii	"param\000"
 1319      6D00
 1320              	.LASF30:
 1321 0077 6D656E75 		.ascii	"menu\000"
 1321      00
 1322              	.LASF28:
 1323 007c 795F726F 		.ascii	"y_rot\000"
 1323      7400
 1324              	.LASF12:
 1325 0082 646F7562 		.ascii	"double\000"
 1325      6C6500
 1326              	.LASF22:
 1327 0089 4C43445F 		.ascii	"LCD_FONT8x16\000"
 1327      464F4E54 
 1327      38783136 
 1327      00
 1328              	.LASF8:
 1329 0096 756E7369 		.ascii	"unsigned int\000"
 1329      676E6564 
 1329      20696E74 
 1329      00
 1330              	.LASF7:
 1331 00a3 6C6F6E67 		.ascii	"long long unsigned int\000"
 1331      206C6F6E 
 1331      6720756E 
 1331      7369676E 
 1331      65642069 
ARM GAS  C:\Users\kees\AppData\Local\Temp\cc65pnkR.s 			page 28


 1332              	.LASF19:
 1333 00ba 53686F77 		.ascii	"ShowMenuLevel\000"
 1333      4D656E75 
 1333      4C657665 
 1333      6C00
 1334              	.LASF23:
 1335 00c8 585F5343 		.ascii	"X_SCALE\000"
 1335      414C4500 
 1336              	.LASF29:
 1337 00d0 7A5F726F 		.ascii	"z_rot\000"
 1337      7400
 1338              	.LASF18:
 1339 00d6 52657365 		.ascii	"ResetMenuOption\000"
 1339      744D656E 
 1339      754F7074 
 1339      696F6E00 
 1340              	.LASF33:
 1341 00e6 474E5520 		.ascii	"GNU C 4.4.1\000"
 1341      4320342E 
 1341      342E3100 
 1342              	.LASF13:
 1343 00f2 63686172 		.ascii	"char\000"
 1343      00
 1344              	.LASF15:
 1345 00f7 496E6372 		.ascii	"IncreaseMenuOption\000"
 1345      65617365 
 1345      4D656E75 
 1345      4F707469 
 1345      6F6E00
 1346              	.LASF24:
 1347 010a 595F5343 		.ascii	"Y_SCALE\000"
 1347      414C4500 
 1348              	.LASF2:
 1349 0112 73686F72 		.ascii	"short int\000"
 1349      7420696E 
 1349      7400
 1350              	.LASF9:
 1351 011c 75696E74 		.ascii	"uint8\000"
 1351      3800
 1352              	.LASF25:
 1353 0122 6D656E75 		.ascii	"menu_level\000"
 1353      5F6C6576 
 1353      656C00
 1354              	.LASF34:
 1355 012d 2E5C4D65 		.ascii	".\\Menu.c\000"
 1355      6E752E63 
 1355      00
 1356              	.LASF4:
 1357 0136 6C6F6E67 		.ascii	"long int\000"
 1357      20696E74 
 1357      00
 1358              	.LASF14:
 1359 013f 6C6F6E67 		.ascii	"long double\000"
 1359      20646F75 
 1359      626C6500 
 1360              	.LASF35:
 1361 014b 433A5C55 		.ascii	"C:\\Users\\kees\\Documents\\test_projects\\My fun s"
ARM GAS  C:\Users\kees\AppData\Local\Temp\cc65pnkR.s 			page 29


 1361      73657273 
 1361      5C6B6565 
 1361      735C446F 
 1361      63756D65 
 1362 0179 74756666 		.ascii	"tuff\\3d_cube\\3d_cube.Bundle01\\Design137.cydsn\000"
 1362      5C33645F 
 1362      63756265 
 1362      5C33645F 
 1362      63756265 
 1363              	.LASF0:
 1364 01a7 7369676E 		.ascii	"signed char\000"
 1364      65642063 
 1364      68617200 
 1365              	.LASF17:
 1366 01b3 76616C5F 		.ascii	"val_old\000"
 1366      6F6C6400 
 1367              	.LASF20:
 1368 01bb 44656372 		.ascii	"DecreaseMenuLevel\000"
 1368      65617365 
 1368      4D656E75 
 1368      4C657665 
 1368      6C00
 1369              	.LASF16:
 1370 01cd 44656372 		.ascii	"DecreaseMenuOption\000"
 1370      65617365 
 1370      4D656E75 
 1370      4F707469 
 1370      6F6E00
 1371              	.LASF32:
 1372 01e0 70617261 		.ascii	"param_step\000"
 1372      6D5F7374 
 1372      657000
 1373              		.ident	"GCC: (Sourcery G++ Lite 2010q1-188) 4.4.1"
