ARM GAS  C:\Users\kees\AppData\Local\Temp\ccox8AL7.s 			page 1


   1              		.cpu cortex-m0
   2              		.fpu softvfp
   3              		.eabi_attribute 20, 1
   4              		.eabi_attribute 21, 1
   5              		.eabi_attribute 23, 3
   6              		.eabi_attribute 24, 1
   7              		.eabi_attribute 25, 1
   8              		.eabi_attribute 26, 1
   9              		.eabi_attribute 30, 4
  10              		.eabi_attribute 18, 4
  11              		.code	16
  12              		.file	"Transforms.c"
  13              		.section	.debug_abbrev,"",%progbits
  14              	.Ldebug_abbrev0:
  15              		.section	.debug_info,"",%progbits
  16              	.Ldebug_info0:
  17              		.section	.debug_line,"",%progbits
  18              	.Ldebug_line0:
  19 0000 06010000 		.text
  19      02005400 
  19      00000201 
  19      FB0E0D00 
  19      01010101 
  20              	.Ltext0:
  21              		.cfi_sections	.debug_frame
  22              		.global	__aeabi_fmul
  23              		.global	__aeabi_fadd
  24              		.global	__aeabi_fdiv
  25              		.global	__aeabi_fcmplt
  26              		.section	.text.project,"ax",%progbits
  27              		.align	1
  28              		.global	project
  29              		.code	16
  30              		.thumb_func
  31              		.type	project, %function
  32              	project:
  33              	.LFB26:
  34              		.file 1 ".\\Transforms.c"
   1:.\Transforms.c **** /* ========================================
   2:.\Transforms.c ****  *
   3:.\Transforms.c ****  * Copyright YOUR COMPANY, THE YEAR
   4:.\Transforms.c ****  * All Rights Reserved
   5:.\Transforms.c ****  * UNPUBLISHED, LICENSED SOFTWARE.
   6:.\Transforms.c ****  *
   7:.\Transforms.c ****  * CONFIDENTIAL AND PROPRIETARY INFORMATION
   8:.\Transforms.c ****  * WHICH IS THE PROPERTY OF your company.
   9:.\Transforms.c ****  *
  10:.\Transforms.c ****  * ========================================
  11:.\Transforms.c **** */
  12:.\Transforms.c **** 
  13:.\Transforms.c **** #include "Transforms.h"
  14:.\Transforms.c **** 
  15:.\Transforms.c **** float r = 0.2; // z
  16:.\Transforms.c **** float p = 0; // x
  17:.\Transforms.c **** float q = 0; // y
  18:.\Transforms.c **** 
  19:.\Transforms.c **** float X_OFFSET;
ARM GAS  C:\Users\kees\AppData\Local\Temp\ccox8AL7.s 			page 2


  20:.\Transforms.c **** float Y_OFFSET;
  21:.\Transforms.c **** float X_SCALE; 
  22:.\Transforms.c **** float Y_SCALE;
  23:.\Transforms.c **** 
  24:.\Transforms.c **** void topolar(float a, float b, float * r, float * theta)
  25:.\Transforms.c **** {
  26:.\Transforms.c **** 	*theta = atan2(b, a);
  27:.\Transforms.c **** 	*r = sqrt(pow(a,2) + pow(b,2));
  28:.\Transforms.c **** 	
  29:.\Transforms.c **** 	return;
  30:.\Transforms.c **** }
  31:.\Transforms.c **** 
  32:.\Transforms.c **** void torect(float r, float theta, float * a, float * b)
  33:.\Transforms.c **** {
  34:.\Transforms.c **** 	*a = r*cos(theta);
  35:.\Transforms.c **** 	*b = r*sin(theta);
  36:.\Transforms.c **** 	
  37:.\Transforms.c **** 	return;
  38:.\Transforms.c **** }
  39:.\Transforms.c **** 
  40:.\Transforms.c **** void rotate(float * a, float * b, float theta)
  41:.\Transforms.c **** {
  42:.\Transforms.c **** 	float r, theta_new;
  43:.\Transforms.c **** 	
  44:.\Transforms.c **** 	topolar(*a, *b, &r, &theta_new);
  45:.\Transforms.c **** 	theta_new = theta_new + theta;
  46:.\Transforms.c **** 	torect(r, theta_new, a, b);
  47:.\Transforms.c **** 	
  48:.\Transforms.c **** 	return;
  49:.\Transforms.c **** }
  50:.\Transforms.c **** 
  51:.\Transforms.c **** void rotatex(float * ax, float * ay, float * az, float theta)
  52:.\Transforms.c **** {
  53:.\Transforms.c **** 	rotate(ay, az, theta);
  54:.\Transforms.c **** 	
  55:.\Transforms.c **** 	return;
  56:.\Transforms.c **** }
  57:.\Transforms.c **** 
  58:.\Transforms.c **** void rotatey(float * ax, float * ay, float * az, float theta)
  59:.\Transforms.c **** {
  60:.\Transforms.c **** 	rotate(az, ax, theta);
  61:.\Transforms.c **** 	
  62:.\Transforms.c **** 	return;
  63:.\Transforms.c **** }
  64:.\Transforms.c **** 
  65:.\Transforms.c **** void rotatez(float * ax, float * ay, float * az, float theta)
  66:.\Transforms.c **** {
  67:.\Transforms.c **** 	rotate(ax, ay, theta);
  68:.\Transforms.c **** 	
  69:.\Transforms.c **** 	return;
  70:.\Transforms.c **** }
  71:.\Transforms.c **** 
  72:.\Transforms.c **** void project(float ax, float ay, float az, float * bx, float * by)
  73:.\Transforms.c **** {	
  35              		.loc 1 73 0
  36              		.cfi_startproc
  37 0000 F0B5     		push	{r4, r5, r6, r7, lr}
ARM GAS  C:\Users\kees\AppData\Local\Temp\ccox8AL7.s 			page 3


  38              	.LCFI0:
  39              		.cfi_def_cfa_offset 20
  40              		.cfi_offset 4, -20
  41              		.cfi_offset 5, -16
  42              		.cfi_offset 6, -12
  43              		.cfi_offset 7, -8
  44              		.cfi_offset 14, -4
  45              	.LVL0:
  74:.\Transforms.c **** 	
  75:.\Transforms.c **** 	// three point persepctive
  76:.\Transforms.c **** 	*bx = ax/(p*ax+q*ay+r*az+1)*X_SCALE + X_OFFSET;
  46              		.loc 1 76 0
  47 0002 354C     		ldr	r4, .L10
  48              		.loc 1 73 0
  49 0004 83B0     		sub	sp, sp, #12
  50              	.LCFI1:
  51              		.cfi_def_cfa_offset 32
  52              		.loc 1 73 0
  53 0006 0E1C     		add	r6, r1, #0
  54              		.loc 1 76 0
  55 0008 2168     		ldr	r1, [r4]
  56              	.LVL1:
  57              		.loc 1 73 0
  58 000a 0192     		str	r2, [sp, #4]
  59 000c 1F1C     		mov	r7, r3
  60 000e 051C     		add	r5, r0, #0
  61              		.loc 1 76 0
  62 0010 FFF7FEFF 		bl	__aeabi_fmul
  63              	.LVL2:
  64 0014 6168     		ldr	r1, [r4, #4]
  65 0016 0090     		str	r0, [sp]
  66 0018 301C     		add	r0, r6, #0
  67 001a FFF7FEFF 		bl	__aeabi_fmul
  68 001e 011C     		add	r1, r0, #0
  69 0020 0098     		ldr	r0, [sp]
  70 0022 FFF7FEFF 		bl	__aeabi_fadd
  71 0026 2D4B     		ldr	r3, .L10+4
  72 0028 0090     		str	r0, [sp]
  73 002a 1968     		ldr	r1, [r3]
  74 002c 0198     		ldr	r0, [sp, #4]
  75 002e FFF7FEFF 		bl	__aeabi_fmul
  76 0032 011C     		add	r1, r0, #0
  77 0034 0098     		ldr	r0, [sp]
  78 0036 FFF7FEFF 		bl	__aeabi_fadd
  79 003a 2949     		ldr	r1, .L10+8
  80 003c FFF7FEFF 		bl	__aeabi_fadd
  81 0040 011C     		add	r1, r0, #0
  82 0042 281C     		add	r0, r5, #0
  83 0044 FFF7FEFF 		bl	__aeabi_fdiv
  84 0048 264B     		ldr	r3, .L10+12
  85 004a 1968     		ldr	r1, [r3]
  86 004c FFF7FEFF 		bl	__aeabi_fmul
  87 0050 254B     		ldr	r3, .L10+16
  88 0052 1968     		ldr	r1, [r3]
  89 0054 FFF7FEFF 		bl	__aeabi_fadd
  90 0058 3860     		str	r0, [r7]
  77:.\Transforms.c **** 	*by = ay/(p*ax+q*ay+r*az+1)*Y_SCALE + Y_OFFSET;
ARM GAS  C:\Users\kees\AppData\Local\Temp\ccox8AL7.s 			page 4


  91              		.loc 1 77 0
  92 005a 2168     		ldr	r1, [r4]
  93 005c 281C     		add	r0, r5, #0
  94 005e FFF7FEFF 		bl	__aeabi_fmul
  95 0062 6168     		ldr	r1, [r4, #4]
  96 0064 051C     		add	r5, r0, #0
  97              	.LVL3:
  98 0066 301C     		add	r0, r6, #0
  99 0068 FFF7FEFF 		bl	__aeabi_fmul
 100 006c 011C     		add	r1, r0, #0
 101 006e 281C     		add	r0, r5, #0
 102 0070 FFF7FEFF 		bl	__aeabi_fadd
 103 0074 194B     		ldr	r3, .L10+4
 104 0076 041C     		add	r4, r0, #0
 105 0078 1968     		ldr	r1, [r3]
 106 007a 0198     		ldr	r0, [sp, #4]
 107 007c FFF7FEFF 		bl	__aeabi_fmul
 108 0080 011C     		add	r1, r0, #0
 109 0082 201C     		add	r0, r4, #0
 110 0084 FFF7FEFF 		bl	__aeabi_fadd
 111 0088 1549     		ldr	r1, .L10+8
 112 008a FFF7FEFF 		bl	__aeabi_fadd
 113 008e 011C     		add	r1, r0, #0
 114 0090 301C     		add	r0, r6, #0
 115 0092 FFF7FEFF 		bl	__aeabi_fdiv
 116 0096 154B     		ldr	r3, .L10+20
 117 0098 1968     		ldr	r1, [r3]
 118 009a FFF7FEFF 		bl	__aeabi_fmul
 119 009e 144B     		ldr	r3, .L10+24
 120 00a0 1968     		ldr	r1, [r3]
 121 00a2 FFF7FEFF 		bl	__aeabi_fadd
 122 00a6 089B     		ldr	r3, [sp, #32]
  78:.\Transforms.c **** 	
  79:.\Transforms.c **** 	// two point persepctive
  80:.\Transforms.c **** //	*bx = ax/(p*ax+q*ay+1)*X_SCALE + X_OFFSET;
  81:.\Transforms.c **** //	*by = ay/(p*ax+q*ay+1)*Y_SCALE + Y_OFFSET;
  82:.\Transforms.c **** 	
  83:.\Transforms.c **** 	// single point persepctive
  84:.\Transforms.c **** //	*bx = ax/(r*az+1)*X_SCALE + X_OFFSET;
  85:.\Transforms.c **** //	*by = ay/(r*az+1)*Y_SCALE + Y_OFFSET;
  86:.\Transforms.c **** 	
  87:.\Transforms.c **** 	// no perspective
  88:.\Transforms.c **** //	*bx = ax*X_SCALE + X_OFFSET;
  89:.\Transforms.c **** //	*by = ay*Y_SCALE + Y_OFFSET;
  90:.\Transforms.c **** 	
  91:.\Transforms.c **** 	// simple protection to prevent display freakout
  92:.\Transforms.c **** 	
  93:.\Transforms.c **** 	if(*bx < 0)
 123              		.loc 1 93 0
 124 00a8 1249     		ldr	r1, .L10+28
 125              		.loc 1 77 0
 126 00aa 1860     		str	r0, [r3]
 127              		.loc 1 93 0
 128 00ac 3C68     		ldr	r4, [r7]
 129 00ae 201C     		add	r0, r4, #0
 130 00b0 FFF7FEFF 		bl	__aeabi_fcmplt
 131 00b4 0028     		cmp	r0, #0
ARM GAS  C:\Users\kees\AppData\Local\Temp\ccox8AL7.s 			page 5


 132 00b6 00D0     		beq	.L2
 133              	.LVL4:
 134 00b8 0E4C     		ldr	r4, .L10+28
 135              	.L2:
  94:.\Transforms.c **** 	{
  95:.\Transforms.c **** 		*bx = 0;
  96:.\Transforms.c **** 	}
  97:.\Transforms.c **** 	
  98:.\Transforms.c **** 	if(*by < 0)
 136              		.loc 1 98 0
 137 00ba 089B     		ldr	r3, [sp, #32]
 138              		.loc 1 93 0
 139 00bc 3C60     		str	r4, [r7]
 140              		.loc 1 98 0
 141 00be 1C68     		ldr	r4, [r3]
 142 00c0 0C49     		ldr	r1, .L10+28
 143 00c2 201C     		add	r0, r4, #0
 144 00c4 FFF7FEFF 		bl	__aeabi_fcmplt
 145 00c8 0028     		cmp	r0, #0
 146 00ca 00D0     		beq	.L4
 147 00cc 094C     		ldr	r4, .L10+28
 148              	.L4:
 149 00ce 089B     		ldr	r3, [sp, #32]
  99:.\Transforms.c **** 	{
 100:.\Transforms.c **** 		*by = 0;
 101:.\Transforms.c **** 	}
 102:.\Transforms.c **** 	
 103:.\Transforms.c **** 	return;
 104:.\Transforms.c **** }
 150              		.loc 1 104 0
 151 00d0 03B0     		add	sp, sp, #12
 152              		.loc 1 98 0
 153 00d2 1C60     		str	r4, [r3]
 154              		.loc 1 104 0
 155              		@ sp needed for prologue
 156              	.LVL5:
 157              	.LVL6:
 158 00d4 F0BD     		pop	{r4, r5, r6, r7, pc}
 159              	.L11:
 160 00d6 C046     		.align	2
 161              	.L10:
 162 00d8 00000000 		.word	.LANCHOR0
 163 00dc 00000000 		.word	.LANCHOR1
 164 00e0 0000803F 		.word	1065353216
 165 00e4 00000000 		.word	X_SCALE
 166 00e8 00000000 		.word	X_OFFSET
 167 00ec 00000000 		.word	Y_SCALE
 168 00f0 00000000 		.word	Y_OFFSET
 169 00f4 00000000 		.word	0
 170              		.cfi_endproc
 171              	.LFE26:
 172              		.size	project, .-project
 173              		.global	__aeabi_f2d
 174              		.global	__aeabi_dmul
 175              		.global	__aeabi_d2f
 176              		.section	.text.torect,"ax",%progbits
 177              		.align	1
ARM GAS  C:\Users\kees\AppData\Local\Temp\ccox8AL7.s 			page 6


 178              		.global	torect
 179              		.code	16
 180              		.thumb_func
 181              		.type	torect, %function
 182              	torect:
 183              	.LFB21:
 184              		.loc 1 33 0
 185              		.cfi_startproc
 186 0000 F0B5     		push	{r4, r5, r6, r7, lr}
 187              	.LCFI2:
 188              		.cfi_def_cfa_offset 20
 189              		.cfi_offset 4, -20
 190              		.cfi_offset 5, -16
 191              		.cfi_offset 6, -12
 192              		.cfi_offset 7, -8
 193              		.cfi_offset 14, -4
 194              	.LVL7:
 195 0002 83B0     		sub	sp, sp, #12
 196              	.LCFI3:
 197              		.cfi_def_cfa_offset 32
 198              		.loc 1 33 0
 199 0004 0092     		str	r2, [sp]
 200 0006 0193     		str	r3, [sp, #4]
 201 0008 0C1C     		add	r4, r1, #0
 202              		.loc 1 34 0
 203 000a FFF7FEFF 		bl	__aeabi_f2d
 204              	.LVL8:
 205 000e 061C     		mov	r6, r0
 206 0010 201C     		add	r0, r4, #0
 207 0012 0F1C     		mov	r7, r1
 208 0014 FFF7FEFF 		bl	__aeabi_f2d
 209 0018 0D1C     		mov	r5, r1
 210 001a 041C     		mov	r4, r0
 211              	.LVL9:
 212 001c FFF7FEFF 		bl	cos
 213 0020 021C     		mov	r2, r0
 214 0022 0B1C     		mov	r3, r1
 215 0024 301C     		mov	r0, r6
 216 0026 391C     		mov	r1, r7
 217 0028 FFF7FEFF 		bl	__aeabi_dmul
 218 002c FFF7FEFF 		bl	__aeabi_d2f
 219 0030 009B     		ldr	r3, [sp]
 220              		.loc 1 35 0
 221 0032 291C     		mov	r1, r5
 222              		.loc 1 34 0
 223 0034 1860     		str	r0, [r3]
 224              		.loc 1 35 0
 225 0036 201C     		mov	r0, r4
 226 0038 FFF7FEFF 		bl	sin
 227 003c 021C     		mov	r2, r0
 228 003e 0B1C     		mov	r3, r1
 229 0040 301C     		mov	r0, r6
 230 0042 391C     		mov	r1, r7
 231 0044 FFF7FEFF 		bl	__aeabi_dmul
 232 0048 FFF7FEFF 		bl	__aeabi_d2f
 233 004c 019B     		ldr	r3, [sp, #4]
 234              		.loc 1 38 0
ARM GAS  C:\Users\kees\AppData\Local\Temp\ccox8AL7.s 			page 7


 235 004e 03B0     		add	sp, sp, #12
 236              		.loc 1 35 0
 237 0050 1860     		str	r0, [r3]
 238              		.loc 1 38 0
 239              		@ sp needed for prologue
 240 0052 F0BD     		pop	{r4, r5, r6, r7, pc}
 241              		.cfi_endproc
 242              	.LFE21:
 243              		.size	torect, .-torect
 244              		.global	__aeabi_dadd
 245              		.section	.text.topolar,"ax",%progbits
 246              		.align	1
 247              		.global	topolar
 248              		.code	16
 249              		.thumb_func
 250              		.type	topolar, %function
 251              	topolar:
 252              	.LFB20:
 253              		.loc 1 25 0
 254              		.cfi_startproc
 255 0000 F0B5     		push	{r4, r5, r6, r7, lr}
 256              	.LCFI4:
 257              		.cfi_def_cfa_offset 20
 258              		.cfi_offset 4, -20
 259              		.cfi_offset 5, -16
 260              		.cfi_offset 6, -12
 261              		.cfi_offset 7, -8
 262              		.cfi_offset 14, -4
 263              	.LVL10:
 264 0002 83B0     		sub	sp, sp, #12
 265              	.LCFI5:
 266              		.cfi_def_cfa_offset 32
 267              		.loc 1 25 0
 268 0004 041C     		add	r4, r0, #0
 269              		.loc 1 26 0
 270 0006 081C     		add	r0, r1, #0
 271              	.LVL11:
 272              		.loc 1 25 0
 273 0008 0092     		str	r2, [sp]
 274 000a 0193     		str	r3, [sp, #4]
 275              		.loc 1 26 0
 276 000c FFF7FEFF 		bl	__aeabi_f2d
 277              	.LVL12:
 278 0010 061C     		mov	r6, r0
 279 0012 201C     		add	r0, r4, #0
 280 0014 0F1C     		mov	r7, r1
 281 0016 FFF7FEFF 		bl	__aeabi_f2d
 282 001a 041C     		mov	r4, r0
 283              	.LVL13:
 284 001c 0D1C     		mov	r5, r1
 285 001e 221C     		mov	r2, r4
 286 0020 2B1C     		mov	r3, r5
 287 0022 301C     		mov	r0, r6
 288 0024 391C     		mov	r1, r7
 289 0026 FFF7FEFF 		bl	atan2
 290 002a FFF7FEFF 		bl	__aeabi_d2f
 291 002e 019B     		ldr	r3, [sp, #4]
ARM GAS  C:\Users\kees\AppData\Local\Temp\ccox8AL7.s 			page 8


 292              		.loc 1 27 0
 293 0030 221C     		mov	r2, r4
 294              		.loc 1 26 0
 295 0032 1860     		str	r0, [r3]
 296              		.loc 1 27 0
 297 0034 291C     		mov	r1, r5
 298 0036 2B1C     		mov	r3, r5
 299 0038 201C     		mov	r0, r4
 300 003a FFF7FEFF 		bl	__aeabi_dmul
 301 003e 321C     		mov	r2, r6
 302 0040 0D1C     		mov	r5, r1
 303 0042 3B1C     		mov	r3, r7
 304 0044 041C     		mov	r4, r0
 305 0046 391C     		mov	r1, r7
 306 0048 301C     		mov	r0, r6
 307 004a FFF7FEFF 		bl	__aeabi_dmul
 308 004e 021C     		mov	r2, r0
 309 0050 0B1C     		mov	r3, r1
 310 0052 201C     		mov	r0, r4
 311 0054 291C     		mov	r1, r5
 312 0056 FFF7FEFF 		bl	__aeabi_dadd
 313 005a FFF7FEFF 		bl	sqrt
 314 005e FFF7FEFF 		bl	__aeabi_d2f
 315 0062 009B     		ldr	r3, [sp]
 316              		.loc 1 30 0
 317 0064 03B0     		add	sp, sp, #12
 318              		.loc 1 27 0
 319 0066 1860     		str	r0, [r3]
 320              		.loc 1 30 0
 321              		@ sp needed for prologue
 322 0068 F0BD     		pop	{r4, r5, r6, r7, pc}
 323              		.cfi_endproc
 324              	.LFE20:
 325              		.size	topolar, .-topolar
 326              		.section	.text.rotate,"ax",%progbits
 327              		.align	1
 328              		.global	rotate
 329              		.code	16
 330              		.thumb_func
 331              		.type	rotate, %function
 332              	rotate:
 333              	.LFB22:
 334              		.loc 1 41 0
 335              		.cfi_startproc
 336 0000 70B5     		push	{r4, r5, r6, lr}
 337              	.LCFI6:
 338              		.cfi_def_cfa_offset 16
 339              		.cfi_offset 4, -16
 340              		.cfi_offset 5, -12
 341              		.cfi_offset 6, -8
 342              		.cfi_offset 14, -4
 343              	.LVL14:
 344 0002 82B0     		sub	sp, sp, #8
 345              	.LCFI7:
 346              		.cfi_def_cfa_offset 24
 347              		.loc 1 41 0
 348 0004 0D1C     		mov	r5, r1
ARM GAS  C:\Users\kees\AppData\Local\Temp\ccox8AL7.s 			page 9


 349 0006 161C     		add	r6, r2, #0
 350              		.loc 1 44 0
 351 0008 6B46     		mov	r3, sp
 352 000a 01AA     		add	r2, sp, #4
 353              	.LVL15:
 354              		.loc 1 41 0
 355 000c 041C     		mov	r4, r0
 356              		.loc 1 44 0
 357 000e 0968     		ldr	r1, [r1]
 358              	.LVL16:
 359 0010 0068     		ldr	r0, [r0]
 360              	.LVL17:
 361 0012 FFF7FEFF 		bl	topolar
 362              		.loc 1 45 0
 363 0016 0099     		ldr	r1, [sp]
 364              	.LVL18:
 365 0018 301C     		add	r0, r6, #0
 366 001a FFF7FEFF 		bl	__aeabi_fadd
 367              		.loc 1 46 0
 368 001e 2B1C     		mov	r3, r5
 369              		.loc 1 45 0
 370 0020 011C     		add	r1, r0, #0
 371 0022 0090     		str	r0, [sp]
 372              	.LVL19:
 373              		.loc 1 46 0
 374 0024 221C     		mov	r2, r4
 375 0026 0198     		ldr	r0, [sp, #4]
 376              	.LVL20:
 377 0028 FFF7FEFF 		bl	torect
 378              		.loc 1 49 0
 379 002c 02B0     		add	sp, sp, #8
 380              		@ sp needed for prologue
 381              	.LVL21:
 382              	.LVL22:
 383              	.LVL23:
 384 002e 70BD     		pop	{r4, r5, r6, pc}
 385              		.cfi_endproc
 386              	.LFE22:
 387              		.size	rotate, .-rotate
 388              		.section	.text.rotatez,"ax",%progbits
 389              		.align	1
 390              		.global	rotatez
 391              		.code	16
 392              		.thumb_func
 393              		.type	rotatez, %function
 394              	rotatez:
 395              	.LFB25:
 396              		.loc 1 66 0
 397              		.cfi_startproc
 398 0000 08B5     		push	{r3, lr}
 399              	.LCFI8:
 400              		.cfi_def_cfa_offset 8
 401              		.cfi_offset 3, -8
 402              		.cfi_offset 14, -4
 403              	.LVL24:
 404              		.loc 1 67 0
 405 0002 1A1C     		add	r2, r3, #0
ARM GAS  C:\Users\kees\AppData\Local\Temp\ccox8AL7.s 			page 10


 406              	.LVL25:
 407 0004 FFF7FEFF 		bl	rotate
 408              	.LVL26:
 409              		.loc 1 70 0
 410              		@ sp needed for prologue
 411 0008 08BD     		pop	{r3, pc}
 412              		.cfi_endproc
 413              	.LFE25:
 414              		.size	rotatez, .-rotatez
 415              		.section	.text.rotatey,"ax",%progbits
 416              		.align	1
 417              		.global	rotatey
 418              		.code	16
 419              		.thumb_func
 420              		.type	rotatey, %function
 421              	rotatey:
 422              	.LFB24:
 423              		.loc 1 59 0
 424              		.cfi_startproc
 425 0000 08B5     		push	{r3, lr}
 426              	.LCFI9:
 427              		.cfi_def_cfa_offset 8
 428              		.cfi_offset 3, -8
 429              		.cfi_offset 14, -4
 430              	.LVL27:
 431              		.loc 1 59 0
 432 0002 011C     		mov	r1, r0
 433              	.LVL28:
 434              		.loc 1 60 0
 435 0004 101C     		mov	r0, r2
 436              	.LVL29:
 437 0006 1A1C     		add	r2, r3, #0
 438              	.LVL30:
 439 0008 FFF7FEFF 		bl	rotate
 440              	.LVL31:
 441              		.loc 1 63 0
 442              		@ sp needed for prologue
 443 000c 08BD     		pop	{r3, pc}
 444              		.cfi_endproc
 445              	.LFE24:
 446              		.size	rotatey, .-rotatey
 447              		.section	.text.rotatex,"ax",%progbits
 448              		.align	1
 449              		.global	rotatex
 450              		.code	16
 451              		.thumb_func
 452              		.type	rotatex, %function
 453              	rotatex:
 454              	.LFB23:
 455              		.loc 1 52 0
 456              		.cfi_startproc
 457 0000 08B5     		push	{r3, lr}
 458              	.LCFI10:
 459              		.cfi_def_cfa_offset 8
 460              		.cfi_offset 3, -8
 461              		.cfi_offset 14, -4
 462              	.LVL32:
ARM GAS  C:\Users\kees\AppData\Local\Temp\ccox8AL7.s 			page 11


 463              		.loc 1 53 0
 464 0002 081C     		mov	r0, r1
 465              	.LVL33:
 466 0004 111C     		mov	r1, r2
 467              	.LVL34:
 468 0006 1A1C     		add	r2, r3, #0
 469              	.LVL35:
 470 0008 FFF7FEFF 		bl	rotate
 471              	.LVL36:
 472              		.loc 1 56 0
 473              		@ sp needed for prologue
 474 000c 08BD     		pop	{r3, pc}
 475              		.cfi_endproc
 476              	.LFE23:
 477              		.size	rotatex, .-rotatex
 478              		.global	r
 479              		.global	p
 480              		.global	q
 481              		.comm	LCD_FONT8x16,1552,4
 482              		.comm	X_OFFSET,4,4
 483              		.comm	Y_OFFSET,4,4
 484              		.comm	X_SCALE,4,4
 485              		.comm	Y_SCALE,4,4
 486              		.data
 487              		.align	2
 488              		.set	.LANCHOR1,. + 0
 489              		.type	r, %object
 490              		.size	r, 4
 491              	r:
 492 0000 CDCC4C3E 		.word	1045220557
 493              		.bss
 494              		.align	2
 495              		.set	.LANCHOR0,. + 0
 496              		.type	p, %object
 497              		.size	p, 4
 498              	p:
 499 0000 00000000 		.space	4
 500              		.type	q, %object
 501              		.size	q, 4
 502              	q:
 503 0004 00000000 		.space	4
 504              		.text
 505              	.Letext0:
 506              		.section	.debug_loc,"",%progbits
 507              	.Ldebug_loc0:
 508              	.LLST0:
 509 0000 00000000 		.4byte	.LFB26
 510 0004 02000000 		.4byte	.LCFI0
 511 0008 0100     		.2byte	0x1
 512 000a 5D       		.byte	0x5d
 513 000b 02000000 		.4byte	.LCFI0
 514 000f 06000000 		.4byte	.LCFI1
 515 0013 0200     		.2byte	0x2
 516 0015 7D       		.byte	0x7d
 517 0016 14       		.sleb128 20
 518 0017 06000000 		.4byte	.LCFI1
 519 001b F8000000 		.4byte	.LFE26
ARM GAS  C:\Users\kees\AppData\Local\Temp\ccox8AL7.s 			page 12


 520 001f 0200     		.2byte	0x2
 521 0021 7D       		.byte	0x7d
 522 0022 20       		.sleb128 32
 523 0023 00000000 		.4byte	0x0
 524 0027 00000000 		.4byte	0x0
 525              	.LLST1:
 526 002b 02000000 		.4byte	.LVL0
 527 002f 14000000 		.4byte	.LVL2
 528 0033 0100     		.2byte	0x1
 529 0035 50       		.byte	0x50
 530 0036 14000000 		.4byte	.LVL2
 531 003a 66000000 		.4byte	.LVL3
 532 003e 0100     		.2byte	0x1
 533 0040 55       		.byte	0x55
 534 0041 00000000 		.4byte	0x0
 535 0045 00000000 		.4byte	0x0
 536              	.LLST2:
 537 0049 02000000 		.4byte	.LVL0
 538 004d 0A000000 		.4byte	.LVL1
 539 0051 0100     		.2byte	0x1
 540 0053 51       		.byte	0x51
 541 0054 0A000000 		.4byte	.LVL1
 542 0058 D4000000 		.4byte	.LVL5
 543 005c 0100     		.2byte	0x1
 544 005e 56       		.byte	0x56
 545 005f 00000000 		.4byte	0x0
 546 0063 00000000 		.4byte	0x0
 547              	.LLST3:
 548 0067 02000000 		.4byte	.LVL0
 549 006b 14000000 		.4byte	.LVL2
 550 006f 0100     		.2byte	0x1
 551 0071 52       		.byte	0x52
 552 0072 00000000 		.4byte	0x0
 553 0076 00000000 		.4byte	0x0
 554              	.LLST4:
 555 007a 02000000 		.4byte	.LVL0
 556 007e 14000000 		.4byte	.LVL2
 557 0082 0100     		.2byte	0x1
 558 0084 53       		.byte	0x53
 559 0085 14000000 		.4byte	.LVL2
 560 0089 D4000000 		.4byte	.LVL6
 561 008d 0100     		.2byte	0x1
 562 008f 57       		.byte	0x57
 563 0090 00000000 		.4byte	0x0
 564 0094 00000000 		.4byte	0x0
 565              	.LLST5:
 566 0098 02000000 		.4byte	.LVL0
 567 009c B8000000 		.4byte	.LVL4
 568 00a0 0200     		.2byte	0x2
 569 00a2 91       		.byte	0x91
 570 00a3 00       		.sleb128 0
 571 00a4 B8000000 		.4byte	.LVL4
 572 00a8 F8000000 		.4byte	.LFE26
 573 00ac 0200     		.2byte	0x2
 574 00ae 91       		.byte	0x91
 575 00af 14       		.sleb128 20
 576 00b0 00000000 		.4byte	0x0
ARM GAS  C:\Users\kees\AppData\Local\Temp\ccox8AL7.s 			page 13


 577 00b4 00000000 		.4byte	0x0
 578              	.LLST6:
 579 00b8 00000000 		.4byte	.LFB21
 580 00bc 02000000 		.4byte	.LCFI2
 581 00c0 0100     		.2byte	0x1
 582 00c2 5D       		.byte	0x5d
 583 00c3 02000000 		.4byte	.LCFI2
 584 00c7 04000000 		.4byte	.LCFI3
 585 00cb 0200     		.2byte	0x2
 586 00cd 7D       		.byte	0x7d
 587 00ce 14       		.sleb128 20
 588 00cf 04000000 		.4byte	.LCFI3
 589 00d3 54000000 		.4byte	.LFE21
 590 00d7 0200     		.2byte	0x2
 591 00d9 7D       		.byte	0x7d
 592 00da 20       		.sleb128 32
 593 00db 00000000 		.4byte	0x0
 594 00df 00000000 		.4byte	0x0
 595              	.LLST7:
 596 00e3 02000000 		.4byte	.LVL7
 597 00e7 0E000000 		.4byte	.LVL8
 598 00eb 0100     		.2byte	0x1
 599 00ed 50       		.byte	0x50
 600 00ee 00000000 		.4byte	0x0
 601 00f2 00000000 		.4byte	0x0
 602              	.LLST8:
 603 00f6 02000000 		.4byte	.LVL7
 604 00fa 0E000000 		.4byte	.LVL8
 605 00fe 0100     		.2byte	0x1
 606 0100 51       		.byte	0x51
 607 0101 0E000000 		.4byte	.LVL8
 608 0105 1C000000 		.4byte	.LVL9
 609 0109 0100     		.2byte	0x1
 610 010b 54       		.byte	0x54
 611 010c 00000000 		.4byte	0x0
 612 0110 00000000 		.4byte	0x0
 613              	.LLST9:
 614 0114 02000000 		.4byte	.LVL7
 615 0118 0E000000 		.4byte	.LVL8
 616 011c 0100     		.2byte	0x1
 617 011e 52       		.byte	0x52
 618 011f 00000000 		.4byte	0x0
 619 0123 00000000 		.4byte	0x0
 620              	.LLST10:
 621 0127 02000000 		.4byte	.LVL7
 622 012b 0E000000 		.4byte	.LVL8
 623 012f 0100     		.2byte	0x1
 624 0131 53       		.byte	0x53
 625 0132 00000000 		.4byte	0x0
 626 0136 00000000 		.4byte	0x0
 627              	.LLST11:
 628 013a 00000000 		.4byte	.LFB20
 629 013e 02000000 		.4byte	.LCFI4
 630 0142 0100     		.2byte	0x1
 631 0144 5D       		.byte	0x5d
 632 0145 02000000 		.4byte	.LCFI4
 633 0149 04000000 		.4byte	.LCFI5
ARM GAS  C:\Users\kees\AppData\Local\Temp\ccox8AL7.s 			page 14


 634 014d 0200     		.2byte	0x2
 635 014f 7D       		.byte	0x7d
 636 0150 14       		.sleb128 20
 637 0151 04000000 		.4byte	.LCFI5
 638 0155 6A000000 		.4byte	.LFE20
 639 0159 0200     		.2byte	0x2
 640 015b 7D       		.byte	0x7d
 641 015c 20       		.sleb128 32
 642 015d 00000000 		.4byte	0x0
 643 0161 00000000 		.4byte	0x0
 644              	.LLST12:
 645 0165 02000000 		.4byte	.LVL10
 646 0169 08000000 		.4byte	.LVL11
 647 016d 0100     		.2byte	0x1
 648 016f 50       		.byte	0x50
 649 0170 08000000 		.4byte	.LVL11
 650 0174 1C000000 		.4byte	.LVL13
 651 0178 0100     		.2byte	0x1
 652 017a 54       		.byte	0x54
 653 017b 00000000 		.4byte	0x0
 654 017f 00000000 		.4byte	0x0
 655              	.LLST13:
 656 0183 02000000 		.4byte	.LVL10
 657 0187 10000000 		.4byte	.LVL12
 658 018b 0100     		.2byte	0x1
 659 018d 51       		.byte	0x51
 660 018e 00000000 		.4byte	0x0
 661 0192 00000000 		.4byte	0x0
 662              	.LLST14:
 663 0196 02000000 		.4byte	.LVL10
 664 019a 10000000 		.4byte	.LVL12
 665 019e 0100     		.2byte	0x1
 666 01a0 52       		.byte	0x52
 667 01a1 00000000 		.4byte	0x0
 668 01a5 00000000 		.4byte	0x0
 669              	.LLST15:
 670 01a9 02000000 		.4byte	.LVL10
 671 01ad 10000000 		.4byte	.LVL12
 672 01b1 0100     		.2byte	0x1
 673 01b3 53       		.byte	0x53
 674 01b4 00000000 		.4byte	0x0
 675 01b8 00000000 		.4byte	0x0
 676              	.LLST16:
 677 01bc 00000000 		.4byte	.LFB22
 678 01c0 02000000 		.4byte	.LCFI6
 679 01c4 0100     		.2byte	0x1
 680 01c6 5D       		.byte	0x5d
 681 01c7 02000000 		.4byte	.LCFI6
 682 01cb 04000000 		.4byte	.LCFI7
 683 01cf 0200     		.2byte	0x2
 684 01d1 7D       		.byte	0x7d
 685 01d2 10       		.sleb128 16
 686 01d3 04000000 		.4byte	.LCFI7
 687 01d7 30000000 		.4byte	.LFE22
 688 01db 0200     		.2byte	0x2
 689 01dd 7D       		.byte	0x7d
 690 01de 18       		.sleb128 24
ARM GAS  C:\Users\kees\AppData\Local\Temp\ccox8AL7.s 			page 15


 691 01df 00000000 		.4byte	0x0
 692 01e3 00000000 		.4byte	0x0
 693              	.LLST17:
 694 01e7 02000000 		.4byte	.LVL14
 695 01eb 12000000 		.4byte	.LVL17
 696 01ef 0100     		.2byte	0x1
 697 01f1 50       		.byte	0x50
 698 01f2 12000000 		.4byte	.LVL17
 699 01f6 2E000000 		.4byte	.LVL21
 700 01fa 0100     		.2byte	0x1
 701 01fc 54       		.byte	0x54
 702 01fd 00000000 		.4byte	0x0
 703 0201 00000000 		.4byte	0x0
 704              	.LLST18:
 705 0205 02000000 		.4byte	.LVL14
 706 0209 10000000 		.4byte	.LVL16
 707 020d 0100     		.2byte	0x1
 708 020f 51       		.byte	0x51
 709 0210 10000000 		.4byte	.LVL16
 710 0214 2E000000 		.4byte	.LVL22
 711 0218 0100     		.2byte	0x1
 712 021a 55       		.byte	0x55
 713 021b 00000000 		.4byte	0x0
 714 021f 00000000 		.4byte	0x0
 715              	.LLST19:
 716 0223 02000000 		.4byte	.LVL14
 717 0227 0C000000 		.4byte	.LVL15
 718 022b 0100     		.2byte	0x1
 719 022d 52       		.byte	0x52
 720 022e 0C000000 		.4byte	.LVL15
 721 0232 2E000000 		.4byte	.LVL23
 722 0236 0100     		.2byte	0x1
 723 0238 56       		.byte	0x56
 724 0239 00000000 		.4byte	0x0
 725 023d 00000000 		.4byte	0x0
 726              	.LLST20:
 727 0241 18000000 		.4byte	.LVL18
 728 0245 24000000 		.4byte	.LVL19
 729 0249 0200     		.2byte	0x2
 730 024b 91       		.byte	0x91
 731 024c 78       		.sleb128 -8
 732 024d 24000000 		.4byte	.LVL19
 733 0251 30000000 		.4byte	.LFE22
 734 0255 0200     		.2byte	0x2
 735 0257 7D       		.byte	0x7d
 736 0258 00       		.sleb128 0
 737 0259 00000000 		.4byte	0x0
 738 025d 00000000 		.4byte	0x0
 739              	.LLST21:
 740 0261 00000000 		.4byte	.LFB25
 741 0265 02000000 		.4byte	.LCFI8
 742 0269 0100     		.2byte	0x1
 743 026b 5D       		.byte	0x5d
 744 026c 02000000 		.4byte	.LCFI8
 745 0270 0A000000 		.4byte	.LFE25
 746 0274 0200     		.2byte	0x2
 747 0276 7D       		.byte	0x7d
ARM GAS  C:\Users\kees\AppData\Local\Temp\ccox8AL7.s 			page 16


 748 0277 08       		.sleb128 8
 749 0278 00000000 		.4byte	0x0
 750 027c 00000000 		.4byte	0x0
 751              	.LLST22:
 752 0280 02000000 		.4byte	.LVL24
 753 0284 08000000 		.4byte	.LVL26
 754 0288 0100     		.2byte	0x1
 755 028a 50       		.byte	0x50
 756 028b 00000000 		.4byte	0x0
 757 028f 00000000 		.4byte	0x0
 758              	.LLST23:
 759 0293 02000000 		.4byte	.LVL24
 760 0297 08000000 		.4byte	.LVL26
 761 029b 0100     		.2byte	0x1
 762 029d 51       		.byte	0x51
 763 029e 00000000 		.4byte	0x0
 764 02a2 00000000 		.4byte	0x0
 765              	.LLST24:
 766 02a6 02000000 		.4byte	.LVL24
 767 02aa 04000000 		.4byte	.LVL25
 768 02ae 0100     		.2byte	0x1
 769 02b0 52       		.byte	0x52
 770 02b1 00000000 		.4byte	0x0
 771 02b5 00000000 		.4byte	0x0
 772              	.LLST25:
 773 02b9 02000000 		.4byte	.LVL24
 774 02bd 08000000 		.4byte	.LVL26
 775 02c1 0100     		.2byte	0x1
 776 02c3 53       		.byte	0x53
 777 02c4 00000000 		.4byte	0x0
 778 02c8 00000000 		.4byte	0x0
 779              	.LLST26:
 780 02cc 00000000 		.4byte	.LFB24
 781 02d0 02000000 		.4byte	.LCFI9
 782 02d4 0100     		.2byte	0x1
 783 02d6 5D       		.byte	0x5d
 784 02d7 02000000 		.4byte	.LCFI9
 785 02db 0E000000 		.4byte	.LFE24
 786 02df 0200     		.2byte	0x2
 787 02e1 7D       		.byte	0x7d
 788 02e2 08       		.sleb128 8
 789 02e3 00000000 		.4byte	0x0
 790 02e7 00000000 		.4byte	0x0
 791              	.LLST27:
 792 02eb 02000000 		.4byte	.LVL27
 793 02ef 06000000 		.4byte	.LVL29
 794 02f3 0100     		.2byte	0x1
 795 02f5 50       		.byte	0x50
 796 02f6 06000000 		.4byte	.LVL29
 797 02fa 0C000000 		.4byte	.LVL31
 798 02fe 0100     		.2byte	0x1
 799 0300 51       		.byte	0x51
 800 0301 00000000 		.4byte	0x0
 801 0305 00000000 		.4byte	0x0
 802              	.LLST28:
 803 0309 02000000 		.4byte	.LVL27
 804 030d 04000000 		.4byte	.LVL28
ARM GAS  C:\Users\kees\AppData\Local\Temp\ccox8AL7.s 			page 17


 805 0311 0100     		.2byte	0x1
 806 0313 51       		.byte	0x51
 807 0314 00000000 		.4byte	0x0
 808 0318 00000000 		.4byte	0x0
 809              	.LLST29:
 810 031c 02000000 		.4byte	.LVL27
 811 0320 08000000 		.4byte	.LVL30
 812 0324 0100     		.2byte	0x1
 813 0326 52       		.byte	0x52
 814 0327 00000000 		.4byte	0x0
 815 032b 00000000 		.4byte	0x0
 816              	.LLST30:
 817 032f 02000000 		.4byte	.LVL27
 818 0333 0C000000 		.4byte	.LVL31
 819 0337 0100     		.2byte	0x1
 820 0339 53       		.byte	0x53
 821 033a 00000000 		.4byte	0x0
 822 033e 00000000 		.4byte	0x0
 823              	.LLST31:
 824 0342 00000000 		.4byte	.LFB23
 825 0346 02000000 		.4byte	.LCFI10
 826 034a 0100     		.2byte	0x1
 827 034c 5D       		.byte	0x5d
 828 034d 02000000 		.4byte	.LCFI10
 829 0351 0E000000 		.4byte	.LFE23
 830 0355 0200     		.2byte	0x2
 831 0357 7D       		.byte	0x7d
 832 0358 08       		.sleb128 8
 833 0359 00000000 		.4byte	0x0
 834 035d 00000000 		.4byte	0x0
 835              	.LLST32:
 836 0361 02000000 		.4byte	.LVL32
 837 0365 04000000 		.4byte	.LVL33
 838 0369 0100     		.2byte	0x1
 839 036b 50       		.byte	0x50
 840 036c 00000000 		.4byte	0x0
 841 0370 00000000 		.4byte	0x0
 842              	.LLST33:
 843 0374 02000000 		.4byte	.LVL32
 844 0378 06000000 		.4byte	.LVL34
 845 037c 0100     		.2byte	0x1
 846 037e 51       		.byte	0x51
 847 037f 00000000 		.4byte	0x0
 848 0383 00000000 		.4byte	0x0
 849              	.LLST34:
 850 0387 02000000 		.4byte	.LVL32
 851 038b 08000000 		.4byte	.LVL35
 852 038f 0100     		.2byte	0x1
 853 0391 52       		.byte	0x52
 854 0392 00000000 		.4byte	0x0
 855 0396 00000000 		.4byte	0x0
 856              	.LLST35:
 857 039a 02000000 		.4byte	.LVL32
 858 039e 0C000000 		.4byte	.LVL36
 859 03a2 0100     		.2byte	0x1
 860 03a4 53       		.byte	0x53
 861 03a5 00000000 		.4byte	0x0
ARM GAS  C:\Users\kees\AppData\Local\Temp\ccox8AL7.s 			page 18


 862 03a9 00000000 		.4byte	0x0
 863              		.file 2 "./Generated_Source/PSoC4/LCD.h"
 864              		.file 3 "./Generated_Source/PSoC4/cytypes.h"
 865              		.section	.debug_info
 866 0000 98030000 		.4byte	0x398
 867 0004 0200     		.2byte	0x2
 868 0006 00000000 		.4byte	.Ldebug_abbrev0
 869 000a 04       		.byte	0x4
 870 000b 01       		.uleb128 0x1
 871 000c E3000000 		.4byte	.LASF27
 872 0010 01       		.byte	0x1
 873 0011 64000000 		.4byte	.LASF28
 874 0015 2C010000 		.4byte	.LASF29
 875 0019 00000000 		.4byte	0x0
 876 001d 00000000 		.4byte	0x0
 877 0021 00000000 		.4byte	.Ldebug_ranges0+0x0
 878 0025 00000000 		.4byte	.Ldebug_line0
 879 0029 02       		.uleb128 0x2
 880 002a 01       		.byte	0x1
 881 002b 06       		.byte	0x6
 882 002c 88010000 		.4byte	.LASF0
 883 0030 02       		.uleb128 0x2
 884 0031 01       		.byte	0x1
 885 0032 08       		.byte	0x8
 886 0033 34000000 		.4byte	.LASF1
 887 0037 02       		.uleb128 0x2
 888 0038 02       		.byte	0x2
 889 0039 05       		.byte	0x5
 890 003a F7000000 		.4byte	.LASF2
 891 003e 02       		.uleb128 0x2
 892 003f 02       		.byte	0x2
 893 0040 07       		.byte	0x7
 894 0041 0C000000 		.4byte	.LASF3
 895 0045 02       		.uleb128 0x2
 896 0046 04       		.byte	0x4
 897 0047 05       		.byte	0x5
 898 0048 12010000 		.4byte	.LASF4
 899 004c 02       		.uleb128 0x2
 900 004d 04       		.byte	0x4
 901 004e 07       		.byte	0x7
 902 004f 42000000 		.4byte	.LASF5
 903 0053 02       		.uleb128 0x2
 904 0054 08       		.byte	0x8
 905 0055 05       		.byte	0x5
 906 0056 26000000 		.4byte	.LASF6
 907 005a 02       		.uleb128 0x2
 908 005b 08       		.byte	0x8
 909 005c 07       		.byte	0x7
 910 005d AC000000 		.4byte	.LASF7
 911 0061 03       		.uleb128 0x3
 912 0062 04       		.byte	0x4
 913 0063 05       		.byte	0x5
 914 0064 696E7400 		.ascii	"int\000"
 915 0068 02       		.uleb128 0x2
 916 0069 04       		.byte	0x4
 917 006a 07       		.byte	0x7
 918 006b 9F000000 		.4byte	.LASF8
ARM GAS  C:\Users\kees\AppData\Local\Temp\ccox8AL7.s 			page 19


 919 006f 04       		.uleb128 0x4
 920 0070 5E000000 		.4byte	.LASF30
 921 0074 03       		.byte	0x3
 922 0075 4C       		.byte	0x4c
 923 0076 30000000 		.4byte	0x30
 924 007a 02       		.uleb128 0x2
 925 007b 04       		.byte	0x4
 926 007c 04       		.byte	0x4
 927 007d 00000000 		.4byte	.LASF9
 928 0081 02       		.uleb128 0x2
 929 0082 08       		.byte	0x8
 930 0083 04       		.byte	0x4
 931 0084 7A000000 		.4byte	.LASF10
 932 0088 02       		.uleb128 0x2
 933 0089 01       		.byte	0x1
 934 008a 08       		.byte	0x8
 935 008b 1B010000 		.4byte	.LASF11
 936 008f 05       		.uleb128 0x5
 937 0090 04       		.byte	0x4
 938 0091 07       		.byte	0x7
 939 0092 02       		.uleb128 0x2
 940 0093 08       		.byte	0x8
 941 0094 04       		.byte	0x4
 942 0095 20010000 		.4byte	.LASF12
 943 0099 06       		.uleb128 0x6
 944 009a 01       		.byte	0x1
 945 009b EF000000 		.4byte	.LASF13
 946 009f 01       		.byte	0x1
 947 00a0 48       		.byte	0x48
 948 00a1 01       		.byte	0x1
 949 00a2 00000000 		.4byte	.LFB26
 950 00a6 F8000000 		.4byte	.LFE26
 951 00aa 00000000 		.4byte	.LLST0
 952 00ae F9000000 		.4byte	0xf9
 953 00b2 07       		.uleb128 0x7
 954 00b3 617800   		.ascii	"ax\000"
 955 00b6 01       		.byte	0x1
 956 00b7 48       		.byte	0x48
 957 00b8 7A000000 		.4byte	0x7a
 958 00bc 2B000000 		.4byte	.LLST1
 959 00c0 07       		.uleb128 0x7
 960 00c1 617900   		.ascii	"ay\000"
 961 00c4 01       		.byte	0x1
 962 00c5 48       		.byte	0x48
 963 00c6 7A000000 		.4byte	0x7a
 964 00ca 49000000 		.4byte	.LLST2
 965 00ce 07       		.uleb128 0x7
 966 00cf 617A00   		.ascii	"az\000"
 967 00d2 01       		.byte	0x1
 968 00d3 48       		.byte	0x48
 969 00d4 7A000000 		.4byte	0x7a
 970 00d8 67000000 		.4byte	.LLST3
 971 00dc 07       		.uleb128 0x7
 972 00dd 627800   		.ascii	"bx\000"
 973 00e0 01       		.byte	0x1
 974 00e1 48       		.byte	0x48
 975 00e2 F9000000 		.4byte	0xf9
ARM GAS  C:\Users\kees\AppData\Local\Temp\ccox8AL7.s 			page 20


 976 00e6 7A000000 		.4byte	.LLST4
 977 00ea 07       		.uleb128 0x7
 978 00eb 627900   		.ascii	"by\000"
 979 00ee 01       		.byte	0x1
 980 00ef 48       		.byte	0x48
 981 00f0 F9000000 		.4byte	0xf9
 982 00f4 98000000 		.4byte	.LLST5
 983 00f8 00       		.byte	0x0
 984 00f9 08       		.uleb128 0x8
 985 00fa 04       		.byte	0x4
 986 00fb 7A000000 		.4byte	0x7a
 987 00ff 06       		.uleb128 0x6
 988 0100 01       		.byte	0x1
 989 0101 1F000000 		.4byte	.LASF14
 990 0105 01       		.byte	0x1
 991 0106 20       		.byte	0x20
 992 0107 01       		.byte	0x1
 993 0108 00000000 		.4byte	.LFB21
 994 010c 54000000 		.4byte	.LFE21
 995 0110 B8000000 		.4byte	.LLST6
 996 0114 4F010000 		.4byte	0x14f
 997 0118 07       		.uleb128 0x7
 998 0119 7200     		.ascii	"r\000"
 999 011b 01       		.byte	0x1
 1000 011c 20       		.byte	0x20
 1001 011d 7A000000 		.4byte	0x7a
 1002 0121 E3000000 		.4byte	.LLST7
 1003 0125 09       		.uleb128 0x9
 1004 0126 06000000 		.4byte	.LASF15
 1005 012a 01       		.byte	0x1
 1006 012b 20       		.byte	0x20
 1007 012c 7A000000 		.4byte	0x7a
 1008 0130 F6000000 		.4byte	.LLST8
 1009 0134 07       		.uleb128 0x7
 1010 0135 6100     		.ascii	"a\000"
 1011 0137 01       		.byte	0x1
 1012 0138 20       		.byte	0x20
 1013 0139 F9000000 		.4byte	0xf9
 1014 013d 14010000 		.4byte	.LLST9
 1015 0141 07       		.uleb128 0x7
 1016 0142 6200     		.ascii	"b\000"
 1017 0144 01       		.byte	0x1
 1018 0145 20       		.byte	0x20
 1019 0146 F9000000 		.4byte	0xf9
 1020 014a 27010000 		.4byte	.LLST10
 1021 014e 00       		.byte	0x0
 1022 014f 06       		.uleb128 0x6
 1023 0150 01       		.byte	0x1
 1024 0151 0A010000 		.4byte	.LASF16
 1025 0155 01       		.byte	0x1
 1026 0156 18       		.byte	0x18
 1027 0157 01       		.byte	0x1
 1028 0158 00000000 		.4byte	.LFB20
 1029 015c 6A000000 		.4byte	.LFE20
 1030 0160 3A010000 		.4byte	.LLST11
 1031 0164 9F010000 		.4byte	0x19f
 1032 0168 07       		.uleb128 0x7
ARM GAS  C:\Users\kees\AppData\Local\Temp\ccox8AL7.s 			page 21


 1033 0169 6100     		.ascii	"a\000"
 1034 016b 01       		.byte	0x1
 1035 016c 18       		.byte	0x18
 1036 016d 7A000000 		.4byte	0x7a
 1037 0171 65010000 		.4byte	.LLST12
 1038 0175 07       		.uleb128 0x7
 1039 0176 6200     		.ascii	"b\000"
 1040 0178 01       		.byte	0x1
 1041 0179 18       		.byte	0x18
 1042 017a 7A000000 		.4byte	0x7a
 1043 017e 83010000 		.4byte	.LLST13
 1044 0182 07       		.uleb128 0x7
 1045 0183 7200     		.ascii	"r\000"
 1046 0185 01       		.byte	0x1
 1047 0186 18       		.byte	0x18
 1048 0187 F9000000 		.4byte	0xf9
 1049 018b 96010000 		.4byte	.LLST14
 1050 018f 09       		.uleb128 0x9
 1051 0190 06000000 		.4byte	.LASF15
 1052 0194 01       		.byte	0x1
 1053 0195 18       		.byte	0x18
 1054 0196 F9000000 		.4byte	0xf9
 1055 019a A9010000 		.4byte	.LLST15
 1056 019e 00       		.byte	0x0
 1057 019f 06       		.uleb128 0x6
 1058 01a0 01       		.byte	0x1
 1059 01a1 73000000 		.4byte	.LASF17
 1060 01a5 01       		.byte	0x1
 1061 01a6 28       		.byte	0x28
 1062 01a7 01       		.byte	0x1
 1063 01a8 00000000 		.4byte	.LFB22
 1064 01ac 30000000 		.4byte	.LFE22
 1065 01b0 BC010000 		.4byte	.LLST16
 1066 01b4 FD010000 		.4byte	0x1fd
 1067 01b8 07       		.uleb128 0x7
 1068 01b9 6100     		.ascii	"a\000"
 1069 01bb 01       		.byte	0x1
 1070 01bc 28       		.byte	0x28
 1071 01bd F9000000 		.4byte	0xf9
 1072 01c1 E7010000 		.4byte	.LLST17
 1073 01c5 07       		.uleb128 0x7
 1074 01c6 6200     		.ascii	"b\000"
 1075 01c8 01       		.byte	0x1
 1076 01c9 28       		.byte	0x28
 1077 01ca F9000000 		.4byte	0xf9
 1078 01ce 05020000 		.4byte	.LLST18
 1079 01d2 09       		.uleb128 0x9
 1080 01d3 06000000 		.4byte	.LASF15
 1081 01d7 01       		.byte	0x1
 1082 01d8 28       		.byte	0x28
 1083 01d9 7A000000 		.4byte	0x7a
 1084 01dd 23020000 		.4byte	.LLST19
 1085 01e1 0A       		.uleb128 0xa
 1086 01e2 7200     		.ascii	"r\000"
 1087 01e4 01       		.byte	0x1
 1088 01e5 2A       		.byte	0x2a
 1089 01e6 7A000000 		.4byte	0x7a
ARM GAS  C:\Users\kees\AppData\Local\Temp\ccox8AL7.s 			page 22


 1090 01ea 02       		.byte	0x2
 1091 01eb 91       		.byte	0x91
 1092 01ec 7C       		.sleb128 -4
 1093 01ed 0B       		.uleb128 0xb
 1094 01ee 54000000 		.4byte	.LASF18
 1095 01f2 01       		.byte	0x1
 1096 01f3 2A       		.byte	0x2a
 1097 01f4 7A000000 		.4byte	0x7a
 1098 01f8 41020000 		.4byte	.LLST20
 1099 01fc 00       		.byte	0x0
 1100 01fd 06       		.uleb128 0x6
 1101 01fe 01       		.byte	0x1
 1102 01ff D3000000 		.4byte	.LASF19
 1103 0203 01       		.byte	0x1
 1104 0204 41       		.byte	0x41
 1105 0205 01       		.byte	0x1
 1106 0206 00000000 		.4byte	.LFB25
 1107 020a 0A000000 		.4byte	.LFE25
 1108 020e 61020000 		.4byte	.LLST21
 1109 0212 50020000 		.4byte	0x250
 1110 0216 07       		.uleb128 0x7
 1111 0217 617800   		.ascii	"ax\000"
 1112 021a 01       		.byte	0x1
 1113 021b 41       		.byte	0x41
 1114 021c F9000000 		.4byte	0xf9
 1115 0220 80020000 		.4byte	.LLST22
 1116 0224 07       		.uleb128 0x7
 1117 0225 617900   		.ascii	"ay\000"
 1118 0228 01       		.byte	0x1
 1119 0229 41       		.byte	0x41
 1120 022a F9000000 		.4byte	0xf9
 1121 022e 93020000 		.4byte	.LLST23
 1122 0232 07       		.uleb128 0x7
 1123 0233 617A00   		.ascii	"az\000"
 1124 0236 01       		.byte	0x1
 1125 0237 41       		.byte	0x41
 1126 0238 F9000000 		.4byte	0xf9
 1127 023c A6020000 		.4byte	.LLST24
 1128 0240 09       		.uleb128 0x9
 1129 0241 06000000 		.4byte	.LASF15
 1130 0245 01       		.byte	0x1
 1131 0246 41       		.byte	0x41
 1132 0247 7A000000 		.4byte	0x7a
 1133 024b B9020000 		.4byte	.LLST25
 1134 024f 00       		.byte	0x0
 1135 0250 06       		.uleb128 0x6
 1136 0251 01       		.byte	0x1
 1137 0252 CB000000 		.4byte	.LASF20
 1138 0256 01       		.byte	0x1
 1139 0257 3A       		.byte	0x3a
 1140 0258 01       		.byte	0x1
 1141 0259 00000000 		.4byte	.LFB24
 1142 025d 0E000000 		.4byte	.LFE24
 1143 0261 CC020000 		.4byte	.LLST26
 1144 0265 A3020000 		.4byte	0x2a3
 1145 0269 07       		.uleb128 0x7
 1146 026a 617800   		.ascii	"ax\000"
ARM GAS  C:\Users\kees\AppData\Local\Temp\ccox8AL7.s 			page 23


 1147 026d 01       		.byte	0x1
 1148 026e 3A       		.byte	0x3a
 1149 026f F9000000 		.4byte	0xf9
 1150 0273 EB020000 		.4byte	.LLST27
 1151 0277 07       		.uleb128 0x7
 1152 0278 617900   		.ascii	"ay\000"
 1153 027b 01       		.byte	0x1
 1154 027c 3A       		.byte	0x3a
 1155 027d F9000000 		.4byte	0xf9
 1156 0281 09030000 		.4byte	.LLST28
 1157 0285 07       		.uleb128 0x7
 1158 0286 617A00   		.ascii	"az\000"
 1159 0289 01       		.byte	0x1
 1160 028a 3A       		.byte	0x3a
 1161 028b F9000000 		.4byte	0xf9
 1162 028f 1C030000 		.4byte	.LLST29
 1163 0293 09       		.uleb128 0x9
 1164 0294 06000000 		.4byte	.LASF15
 1165 0298 01       		.byte	0x1
 1166 0299 3A       		.byte	0x3a
 1167 029a 7A000000 		.4byte	0x7a
 1168 029e 2F030000 		.4byte	.LLST30
 1169 02a2 00       		.byte	0x0
 1170 02a3 06       		.uleb128 0x6
 1171 02a4 01       		.byte	0x1
 1172 02a5 C3000000 		.4byte	.LASF21
 1173 02a9 01       		.byte	0x1
 1174 02aa 33       		.byte	0x33
 1175 02ab 01       		.byte	0x1
 1176 02ac 00000000 		.4byte	.LFB23
 1177 02b0 0E000000 		.4byte	.LFE23
 1178 02b4 42030000 		.4byte	.LLST31
 1179 02b8 F6020000 		.4byte	0x2f6
 1180 02bc 07       		.uleb128 0x7
 1181 02bd 617800   		.ascii	"ax\000"
 1182 02c0 01       		.byte	0x1
 1183 02c1 33       		.byte	0x33
 1184 02c2 F9000000 		.4byte	0xf9
 1185 02c6 61030000 		.4byte	.LLST32
 1186 02ca 07       		.uleb128 0x7
 1187 02cb 617900   		.ascii	"ay\000"
 1188 02ce 01       		.byte	0x1
 1189 02cf 33       		.byte	0x33
 1190 02d0 F9000000 		.4byte	0xf9
 1191 02d4 74030000 		.4byte	.LLST33
 1192 02d8 07       		.uleb128 0x7
 1193 02d9 617A00   		.ascii	"az\000"
 1194 02dc 01       		.byte	0x1
 1195 02dd 33       		.byte	0x33
 1196 02de F9000000 		.4byte	0xf9
 1197 02e2 87030000 		.4byte	.LLST34
 1198 02e6 09       		.uleb128 0x9
 1199 02e7 06000000 		.4byte	.LASF15
 1200 02eb 01       		.byte	0x1
 1201 02ec 33       		.byte	0x33
 1202 02ed 7A000000 		.4byte	0x7a
 1203 02f1 9A030000 		.4byte	.LLST35
ARM GAS  C:\Users\kees\AppData\Local\Temp\ccox8AL7.s 			page 24


 1204 02f5 00       		.byte	0x0
 1205 02f6 0C       		.uleb128 0xc
 1206 02f7 6F000000 		.4byte	0x6f
 1207 02fb 0C030000 		.4byte	0x30c
 1208 02ff 0D       		.uleb128 0xd
 1209 0300 8F000000 		.4byte	0x8f
 1210 0304 60       		.byte	0x60
 1211 0305 0D       		.uleb128 0xd
 1212 0306 8F000000 		.4byte	0x8f
 1213 030a 0F       		.byte	0xf
 1214 030b 00       		.byte	0x0
 1215 030c 0E       		.uleb128 0xe
 1216 030d 92000000 		.4byte	.LASF22
 1217 0311 02       		.byte	0x2
 1218 0312 42       		.byte	0x42
 1219 0313 1E030000 		.4byte	0x31e
 1220 0317 01       		.byte	0x1
 1221 0318 05       		.byte	0x5
 1222 0319 03       		.byte	0x3
 1223 031a 00000000 		.4byte	LCD_FONT8x16
 1224 031e 0F       		.uleb128 0xf
 1225 031f F6020000 		.4byte	0x2f6
 1226 0323 0E       		.uleb128 0xe
 1227 0324 81000000 		.4byte	.LASF23
 1228 0328 01       		.byte	0x1
 1229 0329 13       		.byte	0x13
 1230 032a 7A000000 		.4byte	0x7a
 1231 032e 01       		.byte	0x1
 1232 032f 05       		.byte	0x5
 1233 0330 03       		.byte	0x3
 1234 0331 00000000 		.4byte	X_OFFSET
 1235 0335 0E       		.uleb128 0xe
 1236 0336 01010000 		.4byte	.LASF24
 1237 033a 01       		.byte	0x1
 1238 033b 14       		.byte	0x14
 1239 033c 7A000000 		.4byte	0x7a
 1240 0340 01       		.byte	0x1
 1241 0341 05       		.byte	0x5
 1242 0342 03       		.byte	0x3
 1243 0343 00000000 		.4byte	Y_OFFSET
 1244 0347 0E       		.uleb128 0xe
 1245 0348 DB000000 		.4byte	.LASF25
 1246 034c 01       		.byte	0x1
 1247 034d 15       		.byte	0x15
 1248 034e 7A000000 		.4byte	0x7a
 1249 0352 01       		.byte	0x1
 1250 0353 05       		.byte	0x5
 1251 0354 03       		.byte	0x3
 1252 0355 00000000 		.4byte	X_SCALE
 1253 0359 0E       		.uleb128 0xe
 1254 035a 8A000000 		.4byte	.LASF26
 1255 035e 01       		.byte	0x1
 1256 035f 16       		.byte	0x16
 1257 0360 7A000000 		.4byte	0x7a
 1258 0364 01       		.byte	0x1
 1259 0365 05       		.byte	0x5
 1260 0366 03       		.byte	0x3
ARM GAS  C:\Users\kees\AppData\Local\Temp\ccox8AL7.s 			page 25


 1261 0367 00000000 		.4byte	Y_SCALE
 1262 036b 10       		.uleb128 0x10
 1263 036c 7200     		.ascii	"r\000"
 1264 036e 01       		.byte	0x1
 1265 036f 0F       		.byte	0xf
 1266 0370 7A000000 		.4byte	0x7a
 1267 0374 01       		.byte	0x1
 1268 0375 05       		.byte	0x5
 1269 0376 03       		.byte	0x3
 1270 0377 00000000 		.4byte	r
 1271 037b 10       		.uleb128 0x10
 1272 037c 7000     		.ascii	"p\000"
 1273 037e 01       		.byte	0x1
 1274 037f 10       		.byte	0x10
 1275 0380 7A000000 		.4byte	0x7a
 1276 0384 01       		.byte	0x1
 1277 0385 05       		.byte	0x5
 1278 0386 03       		.byte	0x3
 1279 0387 00000000 		.4byte	p
 1280 038b 10       		.uleb128 0x10
 1281 038c 7100     		.ascii	"q\000"
 1282 038e 01       		.byte	0x1
 1283 038f 11       		.byte	0x11
 1284 0390 7A000000 		.4byte	0x7a
 1285 0394 01       		.byte	0x1
 1286 0395 05       		.byte	0x5
 1287 0396 03       		.byte	0x3
 1288 0397 00000000 		.4byte	q
 1289 039b 00       		.byte	0x0
 1290              		.section	.debug_abbrev
 1291 0000 01       		.uleb128 0x1
 1292 0001 11       		.uleb128 0x11
 1293 0002 01       		.byte	0x1
 1294 0003 25       		.uleb128 0x25
 1295 0004 0E       		.uleb128 0xe
 1296 0005 13       		.uleb128 0x13
 1297 0006 0B       		.uleb128 0xb
 1298 0007 03       		.uleb128 0x3
 1299 0008 0E       		.uleb128 0xe
 1300 0009 1B       		.uleb128 0x1b
 1301 000a 0E       		.uleb128 0xe
 1302 000b 11       		.uleb128 0x11
 1303 000c 01       		.uleb128 0x1
 1304 000d 52       		.uleb128 0x52
 1305 000e 01       		.uleb128 0x1
 1306 000f 55       		.uleb128 0x55
 1307 0010 06       		.uleb128 0x6
 1308 0011 10       		.uleb128 0x10
 1309 0012 06       		.uleb128 0x6
 1310 0013 00       		.byte	0x0
 1311 0014 00       		.byte	0x0
 1312 0015 02       		.uleb128 0x2
 1313 0016 24       		.uleb128 0x24
 1314 0017 00       		.byte	0x0
 1315 0018 0B       		.uleb128 0xb
 1316 0019 0B       		.uleb128 0xb
 1317 001a 3E       		.uleb128 0x3e
ARM GAS  C:\Users\kees\AppData\Local\Temp\ccox8AL7.s 			page 26


 1318 001b 0B       		.uleb128 0xb
 1319 001c 03       		.uleb128 0x3
 1320 001d 0E       		.uleb128 0xe
 1321 001e 00       		.byte	0x0
 1322 001f 00       		.byte	0x0
 1323 0020 03       		.uleb128 0x3
 1324 0021 24       		.uleb128 0x24
 1325 0022 00       		.byte	0x0
 1326 0023 0B       		.uleb128 0xb
 1327 0024 0B       		.uleb128 0xb
 1328 0025 3E       		.uleb128 0x3e
 1329 0026 0B       		.uleb128 0xb
 1330 0027 03       		.uleb128 0x3
 1331 0028 08       		.uleb128 0x8
 1332 0029 00       		.byte	0x0
 1333 002a 00       		.byte	0x0
 1334 002b 04       		.uleb128 0x4
 1335 002c 16       		.uleb128 0x16
 1336 002d 00       		.byte	0x0
 1337 002e 03       		.uleb128 0x3
 1338 002f 0E       		.uleb128 0xe
 1339 0030 3A       		.uleb128 0x3a
 1340 0031 0B       		.uleb128 0xb
 1341 0032 3B       		.uleb128 0x3b
 1342 0033 0B       		.uleb128 0xb
 1343 0034 49       		.uleb128 0x49
 1344 0035 13       		.uleb128 0x13
 1345 0036 00       		.byte	0x0
 1346 0037 00       		.byte	0x0
 1347 0038 05       		.uleb128 0x5
 1348 0039 24       		.uleb128 0x24
 1349 003a 00       		.byte	0x0
 1350 003b 0B       		.uleb128 0xb
 1351 003c 0B       		.uleb128 0xb
 1352 003d 3E       		.uleb128 0x3e
 1353 003e 0B       		.uleb128 0xb
 1354 003f 00       		.byte	0x0
 1355 0040 00       		.byte	0x0
 1356 0041 06       		.uleb128 0x6
 1357 0042 2E       		.uleb128 0x2e
 1358 0043 01       		.byte	0x1
 1359 0044 3F       		.uleb128 0x3f
 1360 0045 0C       		.uleb128 0xc
 1361 0046 03       		.uleb128 0x3
 1362 0047 0E       		.uleb128 0xe
 1363 0048 3A       		.uleb128 0x3a
 1364 0049 0B       		.uleb128 0xb
 1365 004a 3B       		.uleb128 0x3b
 1366 004b 0B       		.uleb128 0xb
 1367 004c 27       		.uleb128 0x27
 1368 004d 0C       		.uleb128 0xc
 1369 004e 11       		.uleb128 0x11
 1370 004f 01       		.uleb128 0x1
 1371 0050 12       		.uleb128 0x12
 1372 0051 01       		.uleb128 0x1
 1373 0052 40       		.uleb128 0x40
 1374 0053 06       		.uleb128 0x6
ARM GAS  C:\Users\kees\AppData\Local\Temp\ccox8AL7.s 			page 27


 1375 0054 01       		.uleb128 0x1
 1376 0055 13       		.uleb128 0x13
 1377 0056 00       		.byte	0x0
 1378 0057 00       		.byte	0x0
 1379 0058 07       		.uleb128 0x7
 1380 0059 05       		.uleb128 0x5
 1381 005a 00       		.byte	0x0
 1382 005b 03       		.uleb128 0x3
 1383 005c 08       		.uleb128 0x8
 1384 005d 3A       		.uleb128 0x3a
 1385 005e 0B       		.uleb128 0xb
 1386 005f 3B       		.uleb128 0x3b
 1387 0060 0B       		.uleb128 0xb
 1388 0061 49       		.uleb128 0x49
 1389 0062 13       		.uleb128 0x13
 1390 0063 02       		.uleb128 0x2
 1391 0064 06       		.uleb128 0x6
 1392 0065 00       		.byte	0x0
 1393 0066 00       		.byte	0x0
 1394 0067 08       		.uleb128 0x8
 1395 0068 0F       		.uleb128 0xf
 1396 0069 00       		.byte	0x0
 1397 006a 0B       		.uleb128 0xb
 1398 006b 0B       		.uleb128 0xb
 1399 006c 49       		.uleb128 0x49
 1400 006d 13       		.uleb128 0x13
 1401 006e 00       		.byte	0x0
 1402 006f 00       		.byte	0x0
 1403 0070 09       		.uleb128 0x9
 1404 0071 05       		.uleb128 0x5
 1405 0072 00       		.byte	0x0
 1406 0073 03       		.uleb128 0x3
 1407 0074 0E       		.uleb128 0xe
 1408 0075 3A       		.uleb128 0x3a
 1409 0076 0B       		.uleb128 0xb
 1410 0077 3B       		.uleb128 0x3b
 1411 0078 0B       		.uleb128 0xb
 1412 0079 49       		.uleb128 0x49
 1413 007a 13       		.uleb128 0x13
 1414 007b 02       		.uleb128 0x2
 1415 007c 06       		.uleb128 0x6
 1416 007d 00       		.byte	0x0
 1417 007e 00       		.byte	0x0
 1418 007f 0A       		.uleb128 0xa
 1419 0080 34       		.uleb128 0x34
 1420 0081 00       		.byte	0x0
 1421 0082 03       		.uleb128 0x3
 1422 0083 08       		.uleb128 0x8
 1423 0084 3A       		.uleb128 0x3a
 1424 0085 0B       		.uleb128 0xb
 1425 0086 3B       		.uleb128 0x3b
 1426 0087 0B       		.uleb128 0xb
 1427 0088 49       		.uleb128 0x49
 1428 0089 13       		.uleb128 0x13
 1429 008a 02       		.uleb128 0x2
 1430 008b 0A       		.uleb128 0xa
 1431 008c 00       		.byte	0x0
ARM GAS  C:\Users\kees\AppData\Local\Temp\ccox8AL7.s 			page 28


 1432 008d 00       		.byte	0x0
 1433 008e 0B       		.uleb128 0xb
 1434 008f 34       		.uleb128 0x34
 1435 0090 00       		.byte	0x0
 1436 0091 03       		.uleb128 0x3
 1437 0092 0E       		.uleb128 0xe
 1438 0093 3A       		.uleb128 0x3a
 1439 0094 0B       		.uleb128 0xb
 1440 0095 3B       		.uleb128 0x3b
 1441 0096 0B       		.uleb128 0xb
 1442 0097 49       		.uleb128 0x49
 1443 0098 13       		.uleb128 0x13
 1444 0099 02       		.uleb128 0x2
 1445 009a 06       		.uleb128 0x6
 1446 009b 00       		.byte	0x0
 1447 009c 00       		.byte	0x0
 1448 009d 0C       		.uleb128 0xc
 1449 009e 01       		.uleb128 0x1
 1450 009f 01       		.byte	0x1
 1451 00a0 49       		.uleb128 0x49
 1452 00a1 13       		.uleb128 0x13
 1453 00a2 01       		.uleb128 0x1
 1454 00a3 13       		.uleb128 0x13
 1455 00a4 00       		.byte	0x0
 1456 00a5 00       		.byte	0x0
 1457 00a6 0D       		.uleb128 0xd
 1458 00a7 21       		.uleb128 0x21
 1459 00a8 00       		.byte	0x0
 1460 00a9 49       		.uleb128 0x49
 1461 00aa 13       		.uleb128 0x13
 1462 00ab 2F       		.uleb128 0x2f
 1463 00ac 0B       		.uleb128 0xb
 1464 00ad 00       		.byte	0x0
 1465 00ae 00       		.byte	0x0
 1466 00af 0E       		.uleb128 0xe
 1467 00b0 34       		.uleb128 0x34
 1468 00b1 00       		.byte	0x0
 1469 00b2 03       		.uleb128 0x3
 1470 00b3 0E       		.uleb128 0xe
 1471 00b4 3A       		.uleb128 0x3a
 1472 00b5 0B       		.uleb128 0xb
 1473 00b6 3B       		.uleb128 0x3b
 1474 00b7 0B       		.uleb128 0xb
 1475 00b8 49       		.uleb128 0x49
 1476 00b9 13       		.uleb128 0x13
 1477 00ba 3F       		.uleb128 0x3f
 1478 00bb 0C       		.uleb128 0xc
 1479 00bc 02       		.uleb128 0x2
 1480 00bd 0A       		.uleb128 0xa
 1481 00be 00       		.byte	0x0
 1482 00bf 00       		.byte	0x0
 1483 00c0 0F       		.uleb128 0xf
 1484 00c1 26       		.uleb128 0x26
 1485 00c2 00       		.byte	0x0
 1486 00c3 49       		.uleb128 0x49
 1487 00c4 13       		.uleb128 0x13
 1488 00c5 00       		.byte	0x0
ARM GAS  C:\Users\kees\AppData\Local\Temp\ccox8AL7.s 			page 29


 1489 00c6 00       		.byte	0x0
 1490 00c7 10       		.uleb128 0x10
 1491 00c8 34       		.uleb128 0x34
 1492 00c9 00       		.byte	0x0
 1493 00ca 03       		.uleb128 0x3
 1494 00cb 08       		.uleb128 0x8
 1495 00cc 3A       		.uleb128 0x3a
 1496 00cd 0B       		.uleb128 0xb
 1497 00ce 3B       		.uleb128 0x3b
 1498 00cf 0B       		.uleb128 0xb
 1499 00d0 49       		.uleb128 0x49
 1500 00d1 13       		.uleb128 0x13
 1501 00d2 3F       		.uleb128 0x3f
 1502 00d3 0C       		.uleb128 0xc
 1503 00d4 02       		.uleb128 0x2
 1504 00d5 0A       		.uleb128 0xa
 1505 00d6 00       		.byte	0x0
 1506 00d7 00       		.byte	0x0
 1507 00d8 00       		.byte	0x0
 1508              		.section	.debug_pubnames,"",%progbits
 1509 0000 B5000000 		.4byte	0xb5
 1510 0004 0200     		.2byte	0x2
 1511 0006 00000000 		.4byte	.Ldebug_info0
 1512 000a 9C030000 		.4byte	0x39c
 1513 000e 99000000 		.4byte	0x99
 1514 0012 70726F6A 		.ascii	"project\000"
 1514      65637400 
 1515 001a FF000000 		.4byte	0xff
 1516 001e 746F7265 		.ascii	"torect\000"
 1516      637400
 1517 0025 4F010000 		.4byte	0x14f
 1518 0029 746F706F 		.ascii	"topolar\000"
 1518      6C617200 
 1519 0031 9F010000 		.4byte	0x19f
 1520 0035 726F7461 		.ascii	"rotate\000"
 1520      746500
 1521 003c FD010000 		.4byte	0x1fd
 1522 0040 726F7461 		.ascii	"rotatez\000"
 1522      74657A00 
 1523 0048 50020000 		.4byte	0x250
 1524 004c 726F7461 		.ascii	"rotatey\000"
 1524      74657900 
 1525 0054 A3020000 		.4byte	0x2a3
 1526 0058 726F7461 		.ascii	"rotatex\000"
 1526      74657800 
 1527 0060 0C030000 		.4byte	0x30c
 1528 0064 4C43445F 		.ascii	"LCD_FONT8x16\000"
 1528      464F4E54 
 1528      38783136 
 1528      00
 1529 0071 23030000 		.4byte	0x323
 1530 0075 585F4F46 		.ascii	"X_OFFSET\000"
 1530      46534554 
 1530      00
 1531 007e 35030000 		.4byte	0x335
 1532 0082 595F4F46 		.ascii	"Y_OFFSET\000"
 1532      46534554 
ARM GAS  C:\Users\kees\AppData\Local\Temp\ccox8AL7.s 			page 30


 1532      00
 1533 008b 47030000 		.4byte	0x347
 1534 008f 585F5343 		.ascii	"X_SCALE\000"
 1534      414C4500 
 1535 0097 59030000 		.4byte	0x359
 1536 009b 595F5343 		.ascii	"Y_SCALE\000"
 1536      414C4500 
 1537 00a3 6B030000 		.4byte	0x36b
 1538 00a7 7200     		.ascii	"r\000"
 1539 00a9 7B030000 		.4byte	0x37b
 1540 00ad 7000     		.ascii	"p\000"
 1541 00af 8B030000 		.4byte	0x38b
 1542 00b3 7100     		.ascii	"q\000"
 1543 00b5 00000000 		.4byte	0x0
 1544              		.section	.debug_aranges,"",%progbits
 1545 0000 4C000000 		.4byte	0x4c
 1546 0004 0200     		.2byte	0x2
 1547 0006 00000000 		.4byte	.Ldebug_info0
 1548 000a 04       		.byte	0x4
 1549 000b 00       		.byte	0x0
 1550 000c 0000     		.2byte	0x0
 1551 000e 0000     		.2byte	0x0
 1552 0010 00000000 		.4byte	.LFB26
 1553 0014 F8000000 		.4byte	.LFE26-.LFB26
 1554 0018 00000000 		.4byte	.LFB21
 1555 001c 54000000 		.4byte	.LFE21-.LFB21
 1556 0020 00000000 		.4byte	.LFB20
 1557 0024 6A000000 		.4byte	.LFE20-.LFB20
 1558 0028 00000000 		.4byte	.LFB22
 1559 002c 30000000 		.4byte	.LFE22-.LFB22
 1560 0030 00000000 		.4byte	.LFB25
 1561 0034 0A000000 		.4byte	.LFE25-.LFB25
 1562 0038 00000000 		.4byte	.LFB24
 1563 003c 0E000000 		.4byte	.LFE24-.LFB24
 1564 0040 00000000 		.4byte	.LFB23
 1565 0044 0E000000 		.4byte	.LFE23-.LFB23
 1566 0048 00000000 		.4byte	0x0
 1567 004c 00000000 		.4byte	0x0
 1568              		.section	.debug_ranges,"",%progbits
 1569              	.Ldebug_ranges0:
 1570 0000 00000000 		.4byte	.Ltext0
 1571 0004 00000000 		.4byte	.Letext0
 1572 0008 00000000 		.4byte	.LFB26
 1573 000c F8000000 		.4byte	.LFE26
 1574 0010 00000000 		.4byte	.LFB21
 1575 0014 54000000 		.4byte	.LFE21
 1576 0018 00000000 		.4byte	.LFB20
 1577 001c 6A000000 		.4byte	.LFE20
 1578 0020 00000000 		.4byte	.LFB22
 1579 0024 30000000 		.4byte	.LFE22
 1580 0028 00000000 		.4byte	.LFB25
 1581 002c 0A000000 		.4byte	.LFE25
 1582 0030 00000000 		.4byte	.LFB24
 1583 0034 0E000000 		.4byte	.LFE24
 1584 0038 00000000 		.4byte	.LFB23
 1585 003c 0E000000 		.4byte	.LFE23
 1586 0040 00000000 		.4byte	0x0
ARM GAS  C:\Users\kees\AppData\Local\Temp\ccox8AL7.s 			page 31


 1587 0044 00000000 		.4byte	0x0
 1588              		.section	.debug_str,"MS",%progbits,1
 1589              	.LASF9:
 1590 0000 666C6F61 		.ascii	"float\000"
 1590      7400
 1591              	.LASF15:
 1592 0006 74686574 		.ascii	"theta\000"
 1592      6100
 1593              	.LASF3:
 1594 000c 73686F72 		.ascii	"short unsigned int\000"
 1594      7420756E 
 1594      7369676E 
 1594      65642069 
 1594      6E7400
 1595              	.LASF14:
 1596 001f 746F7265 		.ascii	"torect\000"
 1596      637400
 1597              	.LASF6:
 1598 0026 6C6F6E67 		.ascii	"long long int\000"
 1598      206C6F6E 
 1598      6720696E 
 1598      7400
 1599              	.LASF1:
 1600 0034 756E7369 		.ascii	"unsigned char\000"
 1600      676E6564 
 1600      20636861 
 1600      7200
 1601              	.LASF5:
 1602 0042 6C6F6E67 		.ascii	"long unsigned int\000"
 1602      20756E73 
 1602      69676E65 
 1602      6420696E 
 1602      7400
 1603              	.LASF18:
 1604 0054 74686574 		.ascii	"theta_new\000"
 1604      615F6E65 
 1604      7700
 1605              	.LASF30:
 1606 005e 75696E74 		.ascii	"uint8\000"
 1606      3800
 1607              	.LASF28:
 1608 0064 2E5C5472 		.ascii	".\\Transforms.c\000"
 1608      616E7366 
 1608      6F726D73 
 1608      2E6300
 1609              	.LASF17:
 1610 0073 726F7461 		.ascii	"rotate\000"
 1610      746500
 1611              	.LASF10:
 1612 007a 646F7562 		.ascii	"double\000"
 1612      6C6500
 1613              	.LASF23:
 1614 0081 585F4F46 		.ascii	"X_OFFSET\000"
 1614      46534554 
 1614      00
 1615              	.LASF26:
 1616 008a 595F5343 		.ascii	"Y_SCALE\000"
ARM GAS  C:\Users\kees\AppData\Local\Temp\ccox8AL7.s 			page 32


 1616      414C4500 
 1617              	.LASF22:
 1618 0092 4C43445F 		.ascii	"LCD_FONT8x16\000"
 1618      464F4E54 
 1618      38783136 
 1618      00
 1619              	.LASF8:
 1620 009f 756E7369 		.ascii	"unsigned int\000"
 1620      676E6564 
 1620      20696E74 
 1620      00
 1621              	.LASF7:
 1622 00ac 6C6F6E67 		.ascii	"long long unsigned int\000"
 1622      206C6F6E 
 1622      6720756E 
 1622      7369676E 
 1622      65642069 
 1623              	.LASF21:
 1624 00c3 726F7461 		.ascii	"rotatex\000"
 1624      74657800 
 1625              	.LASF20:
 1626 00cb 726F7461 		.ascii	"rotatey\000"
 1626      74657900 
 1627              	.LASF19:
 1628 00d3 726F7461 		.ascii	"rotatez\000"
 1628      74657A00 
 1629              	.LASF25:
 1630 00db 585F5343 		.ascii	"X_SCALE\000"
 1630      414C4500 
 1631              	.LASF27:
 1632 00e3 474E5520 		.ascii	"GNU C 4.4.1\000"
 1632      4320342E 
 1632      342E3100 
 1633              	.LASF13:
 1634 00ef 70726F6A 		.ascii	"project\000"
 1634      65637400 
 1635              	.LASF2:
 1636 00f7 73686F72 		.ascii	"short int\000"
 1636      7420696E 
 1636      7400
 1637              	.LASF24:
 1638 0101 595F4F46 		.ascii	"Y_OFFSET\000"
 1638      46534554 
 1638      00
 1639              	.LASF16:
 1640 010a 746F706F 		.ascii	"topolar\000"
 1640      6C617200 
 1641              	.LASF4:
 1642 0112 6C6F6E67 		.ascii	"long int\000"
 1642      20696E74 
 1642      00
 1643              	.LASF11:
 1644 011b 63686172 		.ascii	"char\000"
 1644      00
 1645              	.LASF12:
 1646 0120 6C6F6E67 		.ascii	"long double\000"
 1646      20646F75 
ARM GAS  C:\Users\kees\AppData\Local\Temp\ccox8AL7.s 			page 33


 1646      626C6500 
 1647              	.LASF29:
 1648 012c 433A5C55 		.ascii	"C:\\Users\\kees\\Documents\\test_projects\\My fun s"
 1648      73657273 
 1648      5C6B6565 
 1648      735C446F 
 1648      63756D65 
 1649 015a 74756666 		.ascii	"tuff\\3d_cube\\3d_cube.Bundle01\\Design137.cydsn\000"
 1649      5C33645F 
 1649      63756265 
 1649      5C33645F 
 1649      63756265 
 1650              	.LASF0:
 1651 0188 7369676E 		.ascii	"signed char\000"
 1651      65642063 
 1651      68617200 
 1652              		.ident	"GCC: (Sourcery G++ Lite 2010q1-188) 4.4.1"
