ARM GAS  F:\msys64\tmp\cciHRSLj.s 			page 1


   1              		.cpu cortex-m4
   2              		.arch armv7e-m
   3              		.fpu fpv4-sp-d16
   4              		.eabi_attribute 27, 1
   5              		.eabi_attribute 28, 1
   6              		.eabi_attribute 20, 1
   7              		.eabi_attribute 21, 1
   8              		.eabi_attribute 23, 3
   9              		.eabi_attribute 24, 1
  10              		.eabi_attribute 25, 1
  11              		.eabi_attribute 26, 1
  12              		.eabi_attribute 30, 1
  13              		.eabi_attribute 34, 1
  14              		.eabi_attribute 18, 4
  15              		.file	"hdu.c"
  16              		.text
  17              	.Ltext0:
  18              		.cfi_sections	.debug_frame
  19              		.global	bmhdu
  20              		.section	.rodata._Palhdu,"a"
  21              		.align	2
  24              	_Palhdu:
  25 0000 02000000 		.word	2
  26 0004 00       		.byte	0
  27 0005 000000   		.space	3
  28 0008 00000000 		.word	0
  29              		.section	.rodata._achdu,"a"
  30              		.align	2
  33              	_achdu:
  34 0000 00000000 		.ascii	"\000\000\000\000\000\000\000\000\000\000\000\000\000"
  34      00000000 
  34      00000000 
  34      00
  35 000d 00000000 		.ascii	"\000\000\000\000\000\000\000\000\000\000\000\000\000"
  35      00000000 
  35      00000000 
  35      00
  36 001a 00001800 		.ascii	"\000\000\030\000\000\000\000\000\000\000\034\000\000"
  36      00000000 
  36      00001C00 
  36      00
  37 0027 00000000 		.ascii	"\000\000\000\000\000>\000\000\000\000\000\000\000?\000"
  37      003E0000 
  37      00000000 
  37      003F00
  38 0036 0C000000 		.ascii	"\014\000\000\000\000\000\177\200\034\000\000\000\000"
  38      00007F80 
  38      1C000000 
  38      00
  39 0043 007FC03E 		.ascii	"\000\177\300>\000\000\000\017\000\177\300~\000\000\000"
  39      0000000F 
  39      007FC07E 
  39      000000
  40 0052 0FC0FFE1 		.ascii	"\017\300\377\341\376\000\000\000\017\360\377\363\376"
  40      FE000000 
  40      0FF0FFF3 
  40      FE
ARM GAS  F:\msys64\tmp\cciHRSLj.s 			page 2


  41 005f 0000000F 		.ascii	"\000\000\000\017\374\377\367\376\000\000\000\037\376"
  41      FCFFF7FE 
  41      0000001F 
  41      FE
  42 006c FFF7FF00 		.ascii	"\377\367\377\000\000\000\037\377\177\373\377\000\000"
  42      00001FFF 
  42      7FFBFF00 
  42      00
  43 0079 001FFFBF 		.ascii	"\000\037\377\277\373\377\000\000\000\037\377\237\373"
  43      FBFF0000 
  43      001FFF9F 
  43      FB
  44 0086 FF000000 		.ascii	"\377\000\000\000?\377\337\373\377\000\000\000?\377\357"
  44      3FFFDFFB 
  44      FF000000 
  44      3FFFEF
  45 0095 FBFF0000 		.ascii	"\373\377\000\000\000?\377\347\373\376\000\000\000\001"
  45      003FFFE7 
  45      FBFE0000 
  45      0001
  46 00a3 FFF7FFFE 		.ascii	"\377\367\377\376\000\000\000\000\177\367\377\376\000"
  46      00000000 
  46      7FF7FFFE 
  46      00
  47 00b0 0000001F 		.ascii	"\000\000\000\037\373\373\376\000\000\000\000\017\373"
  47      FBFBFE00 
  47      0000000F 
  47      FB
  48 00bd FBFE0000 		.ascii	"\373\376\000\000\000\007\207\373\373\374\000\000\000"
  48      000787FB 
  48      FBFC0000 
  48      00
  49 00ca FFC3FBFB 		.ascii	"\377\303\373\373\374\000\000\007\374\003\377\373\370"
  49      FC000007 
  49      FC03FFFB 
  49      F8
  50 00d7 00001FC0 		.ascii	"\000\000\037\300\001\377\367\370\000\000\177\000\001"
  50      01FFF7F8 
  50      00007F00 
  50      01
  51 00e4 FFF7F800 		.ascii	"\377\367\370\000\000\376\000\001\377\377\360\000\001"
  51      00FE0001 
  51      FFFFF000 
  51      01
  52 00f1 F80000FB 		.ascii	"\370\000\000\373\377\340\000\003\360\000\000\373\357"
  52      FFE00003 
  52      F00000FB 
  52      EF
  53 00fe C00007F0 		.ascii	"\300\000\007\360\000\000\373\337\300\000\017\360\000"
  53      0000FBDF 
  53      C0000FF0 
  53      00
  54 010b 00FBDF80 		.ascii	"\000\373\337\200\000\017\340\000\000\367\277\000\000"
  54      000FE000 
  54      00F7BF00 
  54      00
  55 0118 1FE00001 		.ascii	"\037\340\000\001\357~\000\000\037\340\000\001\357\374"
ARM GAS  F:\msys64\tmp\cciHRSLj.s 			page 3


  55      EF7E0000 
  55      1FE00001 
  55      EFFC
  56 0126 00001FE0 		.ascii	"\000\000\037\340\000\001\336\370\000\000\037\340\000"
  56      0001DEF8 
  56      00001FE0 
  56      00
  57 0133 03BFE000 		.ascii	"\003\277\340\000\030\037\360\000\003\377\300\0000\037"
  57      181FF000 
  57      03FFC000 
  57      301F
  58 0141 F0000FFF 		.ascii	"\360\000\017\377\000\000p\037\370\000\035\374\000\000"
  58      0000701F 
  58      F8001DFC 
  58      0000
  59 014f E00FFC00 		.ascii	"\340\017\374\000?\360\000\003\300\017\376\000\377\300"
  59      3FF00003 
  59      C00FFE00 
  59      FFC0
  60 015d 00078007 		.ascii	"\000\007\200\007\377\203\371\000\000\037\000\007\377"
  60      FF83F900 
  60      001F0007 
  60      FF
  61 016a C3E00000 		.ascii	"\303\340\000\000\376\000\003\377\374\000\000\017\370"
  61      FE0003FF 
  61      FC00000F 
  61      F8
  62 0177 0001FFFF 		.ascii	"\000\001\377\377\340\001\377\340\000\000\377\377\377"
  62      E001FFE0 
  62      0000FFFF 
  62      FF
  63 0184 FFFFC000 		.ascii	"\377\377\300\000\000\177\377\377\377\377\000\000\000"
  63      007FFFFF 
  63      FFFF0000 
  63      00
  64 0191 1FFFFFFF 		.ascii	"\037\377\377\377\374\000\000\000\007\377\377\377\340"
  64      FC000000 
  64      07FFFFFF 
  64      E0
  65 019e 00000000 		.ascii	"\000\000\000\000\377\377\376\000\000\000\000\000\007"
  65      FFFFFE00 
  65      00000000 
  65      07
  66 01ab FFC00000 		.ascii	"\377\300\000\000\000\000\000\000\000\000\000\000\000"
  66      00000000 
  66      00000000 
  66      00
  67 01b8 00000000 		.ascii	"\000\000\000\000\000\000\000\000\000\000\000o{\300\000"
  67      00000000 
  67      0000006F 
  67      7BC000
  68 01c7 00000000 		.ascii	"\000\000\000\000iB\000\000\000\000\000\000o{\300\000"
  68      69420000 
  68      00000000 
  68      6F7BC000 
  69 01d7 00000000 		.ascii	"\000\000\000\000a\012@\000\000\000\000\000o{\300\000"
  69      610A4000 
ARM GAS  F:\msys64\tmp\cciHRSLj.s 			page 4


  69      00000000 
  69      6F7BC000 
  70 01e7 00000000 		.ascii	"\000\000\000\000\000\000\000\000\000\000\000\000\000"
  70      00000000 
  70      00000000 
  70      00
  71 01f4 00000000 		.ascii	"\000\000\000\000\000\000\000\000\000\000\000\000"
  71      00000000 
  71      00000000 
  72              		.section	.rodata.bmhdu,"a"
  73              		.align	2
  76              	bmhdu:
  77 0000 4000     		.short	64
  78 0002 4000     		.short	64
  79 0004 0800     		.short	8
  80 0006 0100     		.short	1
  81 0008 00000000 		.word	_achdu
  82 000c 00000000 		.word	_Palhdu
  83 0010 00000000 		.space	4
  84              		.text
  85              	.Letext0:
  86              		.file 1 "Drivers/STemWin/inc/LCD.h"
  87              		.file 2 "Drivers/STemWin/inc/GUI_Type.h"
  88              		.file 3 "Core/Src/hdu.c"
ARM GAS  F:\msys64\tmp\cciHRSLj.s 			page 5


DEFINED SYMBOLS
                            *ABS*:00000000 hdu.c
F:\msys64\tmp\cciHRSLj.s:76     .rodata.bmhdu:00000000 bmhdu
F:\msys64\tmp\cciHRSLj.s:21     .rodata._Palhdu:00000000 $d
F:\msys64\tmp\cciHRSLj.s:24     .rodata._Palhdu:00000000 _Palhdu
F:\msys64\tmp\cciHRSLj.s:30     .rodata._achdu:00000000 $d
F:\msys64\tmp\cciHRSLj.s:33     .rodata._achdu:00000000 _achdu
F:\msys64\tmp\cciHRSLj.s:73     .rodata.bmhdu:00000000 $d

NO UNDEFINED SYMBOLS
