ARM GAS  F:\msys64\tmp\ccQ5YJJg.s 			page 1


   1              		.cpu cortex-m4
   2              		.arch armv7e-m
   3              		.fpu fpv4-sp-d16
   4              		.eabi_attribute 27, 1
   5              		.eabi_attribute 28, 1
   6              		.eabi_attribute 20, 1
   7              		.eabi_attribute 21, 1
   8              		.eabi_attribute 23, 3
   9              		.eabi_attribute 24, 1
  10              		.eabi_attribute 25, 1
  11              		.eabi_attribute 26, 1
  12              		.eabi_attribute 30, 1
  13              		.eabi_attribute 34, 1
  14              		.eabi_attribute 18, 4
  15              		.file	"MPU6050.c"
  16              		.text
  17              	.Ltext0:
  18              		.cfi_sections	.debug_frame
  19              		.section	.text.inv_row_2_scale,"ax",%progbits
  20              		.align	1
  21              		.syntax unified
  22              		.thumb
  23              		.thumb_func
  25              	inv_row_2_scale:
  26              	.LVL0:
  27              	.LFB558:
  28              		.file 1 "Drivers/MPU6050/MPU6050.c"
   1:Drivers/MPU6050/MPU6050.c **** #include <stdio.h>
   2:Drivers/MPU6050/MPU6050.c **** #include <math.h>
   3:Drivers/MPU6050/MPU6050.c **** #include "MPU6050.h"
   4:Drivers/MPU6050/MPU6050.c **** 
   5:Drivers/MPU6050/MPU6050.c **** /* Starting sampling rate. */
   6:Drivers/MPU6050/MPU6050.c **** #define DEFAULT_MPU_HZ  (50)
   7:Drivers/MPU6050/MPU6050.c **** #define q30  1073741824.0f
   8:Drivers/MPU6050/MPU6050.c **** float q0=1.0f,q1=0.0f,q2=0.0f,q3=0.0f;
   9:Drivers/MPU6050/MPU6050.c **** __IO float fAX = 0.0f, fAY = 0.0f, fAZ = 0.0f;
  10:Drivers/MPU6050/MPU6050.c **** __IO short ax, ay, az, gx, gy, gz;
  11:Drivers/MPU6050/MPU6050.c **** 
  12:Drivers/MPU6050/MPU6050.c **** /* The sensors can be mounted onto the board in any orientation. The mounting
  13:Drivers/MPU6050/MPU6050.c ****  * matrix seen below tells the MPL how to rotate the raw data from thei
  14:Drivers/MPU6050/MPU6050.c ****  * driver(s).
  15:Drivers/MPU6050/MPU6050.c ****  * TODO: The following matrices refer to the configuration on an internal test
  16:Drivers/MPU6050/MPU6050.c ****  * board at Invensense. If needed, please modify the matrices to match the
  17:Drivers/MPU6050/MPU6050.c ****  * chip-to-body matrix for your particular set up.
  18:Drivers/MPU6050/MPU6050.c ****  */
  19:Drivers/MPU6050/MPU6050.c **** static signed char gyro_orientation[9] = {-1, 0, 0,
  20:Drivers/MPU6050/MPU6050.c ****                                            0,-1, 0,
  21:Drivers/MPU6050/MPU6050.c ****                                            0, 0, 1};
  22:Drivers/MPU6050/MPU6050.c **** 
  23:Drivers/MPU6050/MPU6050.c **** enum packet_type_e {
  24:Drivers/MPU6050/MPU6050.c ****     PACKET_TYPE_ACCEL,
  25:Drivers/MPU6050/MPU6050.c ****     PACKET_TYPE_GYRO,
  26:Drivers/MPU6050/MPU6050.c ****     PACKET_TYPE_QUAT,
  27:Drivers/MPU6050/MPU6050.c ****     PACKET_TYPE_TAP,
  28:Drivers/MPU6050/MPU6050.c ****     PACKET_TYPE_ANDROID_ORIENT,
  29:Drivers/MPU6050/MPU6050.c ****     PACKET_TYPE_PEDO,
  30:Drivers/MPU6050/MPU6050.c ****     PACKET_TYPE_MISC
ARM GAS  F:\msys64\tmp\ccQ5YJJg.s 			page 2


  31:Drivers/MPU6050/MPU6050.c **** };
  32:Drivers/MPU6050/MPU6050.c **** 
  33:Drivers/MPU6050/MPU6050.c **** /* These next two functions converts the orientation matrix (see
  34:Drivers/MPU6050/MPU6050.c ****  * gyro_orientation) to a scalar representation for use by the DMP.
  35:Drivers/MPU6050/MPU6050.c ****  * NOTE: These functions are borrowed from Invensense's MPL.
  36:Drivers/MPU6050/MPU6050.c ****  */
  37:Drivers/MPU6050/MPU6050.c **** static  unsigned short inv_row_2_scale(const signed char *row)
  38:Drivers/MPU6050/MPU6050.c **** {
  29              		.loc 1 38 1 view -0
  30              		.cfi_startproc
  31              		@ args = 0, pretend = 0, frame = 0
  32              		@ frame_needed = 0, uses_anonymous_args = 0
  33              		@ link register save eliminated.
  39:Drivers/MPU6050/MPU6050.c ****     unsigned short b;
  34              		.loc 1 39 5 view .LVU1
  40:Drivers/MPU6050/MPU6050.c **** 
  41:Drivers/MPU6050/MPU6050.c ****     if (row[0] > 0)
  35              		.loc 1 41 5 view .LVU2
  36              		.loc 1 41 12 is_stmt 0 view .LVU3
  37 0000 90F90030 		ldrsb	r3, [r0]
  38              		.loc 1 41 8 view .LVU4
  39 0004 002B     		cmp	r3, #0
  40 0006 01DD     		ble	.L9
  42:Drivers/MPU6050/MPU6050.c ****         b = 0;
  41              		.loc 1 42 11 view .LVU5
  42 0008 0020     		movs	r0, #0
  43              	.LVL1:
  44              		.loc 1 42 11 view .LVU6
  45 000a 7047     		bx	lr
  46              	.LVL2:
  47              	.L9:
  43:Drivers/MPU6050/MPU6050.c ****     else if (row[0] < 0)
  48              		.loc 1 43 10 is_stmt 1 view .LVU7
  49              		.loc 1 43 13 is_stmt 0 view .LVU8
  50 000c 0FDB     		blt	.L4
  44:Drivers/MPU6050/MPU6050.c ****         b = 4;
  45:Drivers/MPU6050/MPU6050.c ****     else if (row[1] > 0)
  51              		.loc 1 45 10 is_stmt 1 view .LVU9
  52              		.loc 1 45 17 is_stmt 0 view .LVU10
  53 000e 90F90130 		ldrsb	r3, [r0, #1]
  54              		.loc 1 45 13 view .LVU11
  55 0012 002B     		cmp	r3, #0
  56 0014 01DD     		ble	.L10
  46:Drivers/MPU6050/MPU6050.c ****         b = 1;
  57              		.loc 1 46 11 view .LVU12
  58 0016 0120     		movs	r0, #1
  59              	.LVL3:
  60              		.loc 1 46 11 view .LVU13
  61 0018 7047     		bx	lr
  62              	.LVL4:
  63              	.L10:
  47:Drivers/MPU6050/MPU6050.c ****     else if (row[1] < 0)
  64              		.loc 1 47 10 is_stmt 1 view .LVU14
  65              		.loc 1 47 13 is_stmt 0 view .LVU15
  66 001a 0ADB     		blt	.L6
  48:Drivers/MPU6050/MPU6050.c ****         b = 5;
  49:Drivers/MPU6050/MPU6050.c ****     else if (row[2] > 0)
ARM GAS  F:\msys64\tmp\ccQ5YJJg.s 			page 3


  67              		.loc 1 49 10 is_stmt 1 view .LVU16
  68              		.loc 1 49 17 is_stmt 0 view .LVU17
  69 001c 90F90230 		ldrsb	r3, [r0, #2]
  70              		.loc 1 49 13 view .LVU18
  71 0020 002B     		cmp	r3, #0
  72 0022 08DC     		bgt	.L7
  50:Drivers/MPU6050/MPU6050.c ****         b = 2;
  51:Drivers/MPU6050/MPU6050.c ****     else if (row[2] < 0)
  73              		.loc 1 51 10 is_stmt 1 view .LVU19
  74              		.loc 1 51 13 is_stmt 0 view .LVU20
  75 0024 01DB     		blt	.L11
  52:Drivers/MPU6050/MPU6050.c ****         b = 6;
  53:Drivers/MPU6050/MPU6050.c ****     else
  54:Drivers/MPU6050/MPU6050.c ****         b = 7;      // error
  76              		.loc 1 54 11 view .LVU21
  77 0026 0720     		movs	r0, #7
  78              	.LVL5:
  55:Drivers/MPU6050/MPU6050.c ****     return b;
  79              		.loc 1 55 5 is_stmt 1 view .LVU22
  56:Drivers/MPU6050/MPU6050.c **** }
  80              		.loc 1 56 1 is_stmt 0 view .LVU23
  81 0028 7047     		bx	lr
  82              	.LVL6:
  83              	.L11:
  52:Drivers/MPU6050/MPU6050.c ****         b = 6;
  84              		.loc 1 52 11 view .LVU24
  85 002a 0620     		movs	r0, #6
  86              	.LVL7:
  52:Drivers/MPU6050/MPU6050.c ****         b = 6;
  87              		.loc 1 52 11 view .LVU25
  88 002c 7047     		bx	lr
  89              	.LVL8:
  90              	.L4:
  44:Drivers/MPU6050/MPU6050.c ****     else if (row[1] > 0)
  91              		.loc 1 44 11 view .LVU26
  92 002e 0420     		movs	r0, #4
  93              	.LVL9:
  44:Drivers/MPU6050/MPU6050.c ****     else if (row[1] > 0)
  94              		.loc 1 44 11 view .LVU27
  95 0030 7047     		bx	lr
  96              	.LVL10:
  97              	.L6:
  48:Drivers/MPU6050/MPU6050.c ****     else if (row[2] > 0)
  98              		.loc 1 48 11 view .LVU28
  99 0032 0520     		movs	r0, #5
 100              	.LVL11:
  48:Drivers/MPU6050/MPU6050.c ****     else if (row[2] > 0)
 101              		.loc 1 48 11 view .LVU29
 102 0034 7047     		bx	lr
 103              	.LVL12:
 104              	.L7:
  50:Drivers/MPU6050/MPU6050.c ****     else if (row[2] < 0)
 105              		.loc 1 50 11 view .LVU30
 106 0036 0220     		movs	r0, #2
 107              	.LVL13:
  50:Drivers/MPU6050/MPU6050.c ****     else if (row[2] < 0)
 108              		.loc 1 50 11 view .LVU31
ARM GAS  F:\msys64\tmp\ccQ5YJJg.s 			page 4


 109 0038 7047     		bx	lr
 110              		.cfi_endproc
 111              	.LFE558:
 113              		.section	.text.inv_orientation_matrix_to_scalar,"ax",%progbits
 114              		.align	1
 115              		.syntax unified
 116              		.thumb
 117              		.thumb_func
 119              	inv_orientation_matrix_to_scalar:
 120              	.LVL14:
 121              	.LFB559:
  57:Drivers/MPU6050/MPU6050.c **** 
  58:Drivers/MPU6050/MPU6050.c **** static  unsigned short inv_orientation_matrix_to_scalar(
  59:Drivers/MPU6050/MPU6050.c ****     const signed char *mtx)
  60:Drivers/MPU6050/MPU6050.c **** {
 122              		.loc 1 60 1 is_stmt 1 view -0
 123              		.cfi_startproc
 124              		@ args = 0, pretend = 0, frame = 0
 125              		@ frame_needed = 0, uses_anonymous_args = 0
 126              		.loc 1 60 1 is_stmt 0 view .LVU33
 127 0000 38B5     		push	{r3, r4, r5, lr}
 128              	.LCFI0:
 129              		.cfi_def_cfa_offset 16
 130              		.cfi_offset 3, -16
 131              		.cfi_offset 4, -12
 132              		.cfi_offset 5, -8
 133              		.cfi_offset 14, -4
 134 0002 0546     		mov	r5, r0
  61:Drivers/MPU6050/MPU6050.c ****     unsigned short scalar;
 135              		.loc 1 61 5 is_stmt 1 view .LVU34
  62:Drivers/MPU6050/MPU6050.c **** 
  63:Drivers/MPU6050/MPU6050.c ****     /*
  64:Drivers/MPU6050/MPU6050.c ****        XYZ  010_001_000 Identity Matrix
  65:Drivers/MPU6050/MPU6050.c ****        XZY  001_010_000
  66:Drivers/MPU6050/MPU6050.c ****        YXZ  010_000_001
  67:Drivers/MPU6050/MPU6050.c ****        YZX  000_010_001
  68:Drivers/MPU6050/MPU6050.c ****        ZXY  001_000_010
  69:Drivers/MPU6050/MPU6050.c ****        ZYX  000_001_010
  70:Drivers/MPU6050/MPU6050.c ****      */
  71:Drivers/MPU6050/MPU6050.c **** 
  72:Drivers/MPU6050/MPU6050.c ****     scalar = inv_row_2_scale(mtx);
 136              		.loc 1 72 5 view .LVU35
 137              		.loc 1 72 14 is_stmt 0 view .LVU36
 138 0004 FFF7FEFF 		bl	inv_row_2_scale
 139              	.LVL15:
 140              		.loc 1 72 14 view .LVU37
 141 0008 0446     		mov	r4, r0
 142              	.LVL16:
  73:Drivers/MPU6050/MPU6050.c ****     scalar |= inv_row_2_scale(mtx + 3) << 3;
 143              		.loc 1 73 5 is_stmt 1 view .LVU38
 144              		.loc 1 73 15 is_stmt 0 view .LVU39
 145 000a E81C     		adds	r0, r5, #3
 146 000c FFF7FEFF 		bl	inv_row_2_scale
 147              	.LVL17:
 148              		.loc 1 73 12 view .LVU40
 149 0010 44EAC004 		orr	r4, r4, r0, lsl #3
 150              	.LVL18:
ARM GAS  F:\msys64\tmp\ccQ5YJJg.s 			page 5


 151              		.loc 1 73 12 view .LVU41
 152 0014 24B2     		sxth	r4, r4
 153              	.LVL19:
  74:Drivers/MPU6050/MPU6050.c ****     scalar |= inv_row_2_scale(mtx + 6) << 6;
 154              		.loc 1 74 5 is_stmt 1 view .LVU42
 155              		.loc 1 74 15 is_stmt 0 view .LVU43
 156 0016 A81D     		adds	r0, r5, #6
 157 0018 FFF7FEFF 		bl	inv_row_2_scale
 158              	.LVL20:
 159              		.loc 1 74 12 view .LVU44
 160 001c 44EA8010 		orr	r0, r4, r0, lsl #6
 161              	.LVL21:
  75:Drivers/MPU6050/MPU6050.c **** 
  76:Drivers/MPU6050/MPU6050.c **** 
  77:Drivers/MPU6050/MPU6050.c ****     return scalar;
 162              		.loc 1 77 5 is_stmt 1 view .LVU45
  78:Drivers/MPU6050/MPU6050.c **** }
 163              		.loc 1 78 1 is_stmt 0 view .LVU46
 164 0020 80B2     		uxth	r0, r0
 165              		.loc 1 78 1 view .LVU47
 166 0022 38BD     		pop	{r3, r4, r5, pc}
 167              		.loc 1 78 1 view .LVU48
 168              		.cfi_endproc
 169              	.LFE559:
 171              		.section	.rodata.run_self_test.str1.4,"aMS",%progbits,1
 172              		.align	2
 173              	.LC0:
 174 0000 73657474 		.ascii	"setting bias succesfully ......\000"
 174      696E6720 
 174      62696173 
 174      20737563 
 174      63657366 
 175              		.align	2
 176              	.LC1:
 177 0020 62696173 		.ascii	"bias has not been modified ......\000"
 177      20686173 
 177      206E6F74 
 177      20626565 
 177      6E206D6F 
 178              		.section	.text.run_self_test,"ax",%progbits
 179              		.align	1
 180              		.syntax unified
 181              		.thumb
 182              		.thumb_func
 184              	run_self_test:
 185              	.LFB560:
  79:Drivers/MPU6050/MPU6050.c **** 
  80:Drivers/MPU6050/MPU6050.c **** /* Handle sensor on/off combinations. */
  81:Drivers/MPU6050/MPU6050.c **** 
  82:Drivers/MPU6050/MPU6050.c **** static void run_self_test(void)
  83:Drivers/MPU6050/MPU6050.c **** {
 186              		.loc 1 83 1 is_stmt 1 view -0
 187              		.cfi_startproc
 188              		@ args = 0, pretend = 0, frame = 32
 189              		@ frame_needed = 0, uses_anonymous_args = 0
 190 0000 00B5     		push	{lr}
 191              	.LCFI1:
ARM GAS  F:\msys64\tmp\ccQ5YJJg.s 			page 6


 192              		.cfi_def_cfa_offset 4
 193              		.cfi_offset 14, -4
 194 0002 89B0     		sub	sp, sp, #36
 195              	.LCFI2:
 196              		.cfi_def_cfa_offset 40
  84:Drivers/MPU6050/MPU6050.c ****     int result;
 197              		.loc 1 84 5 view .LVU50
  85:Drivers/MPU6050/MPU6050.c **** //    char test_packet[4] = {0};
  86:Drivers/MPU6050/MPU6050.c ****     long gyro[3], accel[3];
 198              		.loc 1 86 5 view .LVU51
  87:Drivers/MPU6050/MPU6050.c **** 
  88:Drivers/MPU6050/MPU6050.c ****     result = mpu_run_self_test(gyro, accel);
 199              		.loc 1 88 5 view .LVU52
 200              		.loc 1 88 14 is_stmt 0 view .LVU53
 201 0004 02A9     		add	r1, sp, #8
 202 0006 05A8     		add	r0, sp, #20
 203 0008 FFF7FEFF 		bl	mpu_run_self_test
 204              	.LVL22:
  89:Drivers/MPU6050/MPU6050.c ****     if (result == 0x7) {
 205              		.loc 1 89 5 is_stmt 1 view .LVU54
 206              		.loc 1 89 8 is_stmt 0 view .LVU55
 207 000c 0728     		cmp	r0, #7
 208 000e 05D0     		beq	.L18
  90:Drivers/MPU6050/MPU6050.c ****         /* Test passed. We can trust the gyro data here, so let's push it down
  91:Drivers/MPU6050/MPU6050.c ****          * to the DMP.
  92:Drivers/MPU6050/MPU6050.c ****          */
  93:Drivers/MPU6050/MPU6050.c ****         float sens;
  94:Drivers/MPU6050/MPU6050.c ****         unsigned short accel_sens;
  95:Drivers/MPU6050/MPU6050.c ****         mpu_get_gyro_sens(&sens);
  96:Drivers/MPU6050/MPU6050.c ****         gyro[0] = (long)(gyro[0] * sens);
  97:Drivers/MPU6050/MPU6050.c ****         gyro[1] = (long)(gyro[1] * sens);
  98:Drivers/MPU6050/MPU6050.c ****         gyro[2] = (long)(gyro[2] * sens);
  99:Drivers/MPU6050/MPU6050.c ****         dmp_set_gyro_bias(gyro);
 100:Drivers/MPU6050/MPU6050.c ****         mpu_get_accel_sens(&accel_sens);
 101:Drivers/MPU6050/MPU6050.c ****         accel[0] *= accel_sens;
 102:Drivers/MPU6050/MPU6050.c ****         accel[1] *= accel_sens;
 103:Drivers/MPU6050/MPU6050.c ****         accel[2] *= accel_sens;
 104:Drivers/MPU6050/MPU6050.c ****         dmp_set_accel_bias(accel);
 105:Drivers/MPU6050/MPU6050.c **** 		printf("setting bias succesfully ......\n");
 106:Drivers/MPU6050/MPU6050.c ****     }
 107:Drivers/MPU6050/MPU6050.c **** 	else
 108:Drivers/MPU6050/MPU6050.c **** 	{
 109:Drivers/MPU6050/MPU6050.c **** 		printf("bias has not been modified ......\n");
 209              		.loc 1 109 3 is_stmt 1 view .LVU56
 210 0010 2248     		ldr	r0, .L19
 211              	.LVL23:
 212              		.loc 1 109 3 is_stmt 0 view .LVU57
 213 0012 FFF7FEFF 		bl	puts
 214              	.LVL24:
 215              	.L14:
 110:Drivers/MPU6050/MPU6050.c **** 	}
 111:Drivers/MPU6050/MPU6050.c **** 
 112:Drivers/MPU6050/MPU6050.c ****     /* Report results. */
 113:Drivers/MPU6050/MPU6050.c **** }
 216              		.loc 1 113 1 view .LVU58
 217 0016 09B0     		add	sp, sp, #36
 218              	.LCFI3:
ARM GAS  F:\msys64\tmp\ccQ5YJJg.s 			page 7


 219              		.cfi_remember_state
 220              		.cfi_def_cfa_offset 4
 221              		@ sp needed
 222 0018 5DF804FB 		ldr	pc, [sp], #4
 223              	.LVL25:
 224              	.L18:
 225              	.LCFI4:
 226              		.cfi_restore_state
 227              	.LBB2:
  93:Drivers/MPU6050/MPU6050.c ****         unsigned short accel_sens;
 228              		.loc 1 93 9 is_stmt 1 view .LVU59
  94:Drivers/MPU6050/MPU6050.c ****         mpu_get_gyro_sens(&sens);
 229              		.loc 1 94 9 view .LVU60
  95:Drivers/MPU6050/MPU6050.c ****         gyro[0] = (long)(gyro[0] * sens);
 230              		.loc 1 95 9 view .LVU61
 231 001c 01A8     		add	r0, sp, #4
 232              	.LVL26:
  95:Drivers/MPU6050/MPU6050.c ****         gyro[0] = (long)(gyro[0] * sens);
 233              		.loc 1 95 9 is_stmt 0 view .LVU62
 234 001e FFF7FEFF 		bl	mpu_get_gyro_sens
 235              	.LVL27:
  96:Drivers/MPU6050/MPU6050.c ****         gyro[1] = (long)(gyro[1] * sens);
 236              		.loc 1 96 9 is_stmt 1 view .LVU63
  96:Drivers/MPU6050/MPU6050.c ****         gyro[1] = (long)(gyro[1] * sens);
 237              		.loc 1 96 34 is_stmt 0 view .LVU64
 238 0022 DDED016A 		vldr.32	s13, [sp, #4]
 239 0026 DDED057A 		vldr.32	s15, [sp, #20]	@ int
 240 002a B8EEE77A 		vcvt.f32.s32	s14, s15
 241 002e 27EE267A 		vmul.f32	s14, s14, s13
  96:Drivers/MPU6050/MPU6050.c ****         gyro[1] = (long)(gyro[1] * sens);
 242              		.loc 1 96 19 view .LVU65
 243 0032 BDEEC77A 		vcvt.s32.f32	s14, s14
  96:Drivers/MPU6050/MPU6050.c ****         gyro[1] = (long)(gyro[1] * sens);
 244              		.loc 1 96 17 view .LVU66
 245 0036 8DED057A 		vstr.32	s14, [sp, #20]	@ int
  97:Drivers/MPU6050/MPU6050.c ****         gyro[2] = (long)(gyro[2] * sens);
 246              		.loc 1 97 9 is_stmt 1 view .LVU67
  97:Drivers/MPU6050/MPU6050.c ****         gyro[2] = (long)(gyro[2] * sens);
 247              		.loc 1 97 34 is_stmt 0 view .LVU68
 248 003a DDED067A 		vldr.32	s15, [sp, #24]	@ int
 249 003e B8EEE77A 		vcvt.f32.s32	s14, s15
 250 0042 27EE267A 		vmul.f32	s14, s14, s13
  97:Drivers/MPU6050/MPU6050.c ****         gyro[2] = (long)(gyro[2] * sens);
 251              		.loc 1 97 19 view .LVU69
 252 0046 BDEEC77A 		vcvt.s32.f32	s14, s14
  97:Drivers/MPU6050/MPU6050.c ****         gyro[2] = (long)(gyro[2] * sens);
 253              		.loc 1 97 17 view .LVU70
 254 004a 8DED067A 		vstr.32	s14, [sp, #24]	@ int
  98:Drivers/MPU6050/MPU6050.c ****         dmp_set_gyro_bias(gyro);
 255              		.loc 1 98 9 is_stmt 1 view .LVU71
  98:Drivers/MPU6050/MPU6050.c ****         dmp_set_gyro_bias(gyro);
 256              		.loc 1 98 34 is_stmt 0 view .LVU72
 257 004e DDED077A 		vldr.32	s15, [sp, #28]	@ int
 258 0052 F8EEE77A 		vcvt.f32.s32	s15, s15
 259 0056 67EEA67A 		vmul.f32	s15, s15, s13
  98:Drivers/MPU6050/MPU6050.c ****         dmp_set_gyro_bias(gyro);
 260              		.loc 1 98 19 view .LVU73
ARM GAS  F:\msys64\tmp\ccQ5YJJg.s 			page 8


 261 005a FDEEE77A 		vcvt.s32.f32	s15, s15
  98:Drivers/MPU6050/MPU6050.c ****         dmp_set_gyro_bias(gyro);
 262              		.loc 1 98 17 view .LVU74
 263 005e CDED077A 		vstr.32	s15, [sp, #28]	@ int
  99:Drivers/MPU6050/MPU6050.c ****         mpu_get_accel_sens(&accel_sens);
 264              		.loc 1 99 9 is_stmt 1 view .LVU75
 265 0062 05A8     		add	r0, sp, #20
 266 0064 FFF7FEFF 		bl	dmp_set_gyro_bias
 267              	.LVL28:
 100:Drivers/MPU6050/MPU6050.c ****         accel[0] *= accel_sens;
 268              		.loc 1 100 9 view .LVU76
 269 0068 0DF10200 		add	r0, sp, #2
 270 006c FFF7FEFF 		bl	mpu_get_accel_sens
 271              	.LVL29:
 101:Drivers/MPU6050/MPU6050.c ****         accel[1] *= accel_sens;
 272              		.loc 1 101 9 view .LVU77
 101:Drivers/MPU6050/MPU6050.c ****         accel[1] *= accel_sens;
 273              		.loc 1 101 18 is_stmt 0 view .LVU78
 274 0070 BDF80220 		ldrh	r2, [sp, #2]
 275 0074 029B     		ldr	r3, [sp, #8]
 276 0076 02FB03F3 		mul	r3, r2, r3
 277 007a 0293     		str	r3, [sp, #8]
 102:Drivers/MPU6050/MPU6050.c ****         accel[2] *= accel_sens;
 278              		.loc 1 102 9 is_stmt 1 view .LVU79
 102:Drivers/MPU6050/MPU6050.c ****         accel[2] *= accel_sens;
 279              		.loc 1 102 18 is_stmt 0 view .LVU80
 280 007c 039B     		ldr	r3, [sp, #12]
 281 007e 02FB03F3 		mul	r3, r2, r3
 282 0082 0393     		str	r3, [sp, #12]
 103:Drivers/MPU6050/MPU6050.c ****         dmp_set_accel_bias(accel);
 283              		.loc 1 103 9 is_stmt 1 view .LVU81
 103:Drivers/MPU6050/MPU6050.c ****         dmp_set_accel_bias(accel);
 284              		.loc 1 103 18 is_stmt 0 view .LVU82
 285 0084 049B     		ldr	r3, [sp, #16]
 286 0086 02FB03F3 		mul	r3, r2, r3
 287 008a 0493     		str	r3, [sp, #16]
 104:Drivers/MPU6050/MPU6050.c **** 		printf("setting bias succesfully ......\n");
 288              		.loc 1 104 9 is_stmt 1 view .LVU83
 289 008c 02A8     		add	r0, sp, #8
 290 008e FFF7FEFF 		bl	dmp_set_accel_bias
 291              	.LVL30:
 105:Drivers/MPU6050/MPU6050.c ****     }
 292              		.loc 1 105 3 view .LVU84
 293 0092 0348     		ldr	r0, .L19+4
 294 0094 FFF7FEFF 		bl	puts
 295              	.LVL31:
 296              	.LBE2:
 297 0098 BDE7     		b	.L14
 298              	.L20:
 299 009a 00BF     		.align	2
 300              	.L19:
 301 009c 20000000 		.word	.LC1
 302 00a0 00000000 		.word	.LC0
 303              		.cfi_endproc
 304              	.LFE560:
 306              		.section	.rodata.MPU_init.str1.4,"aMS",%progbits,1
 307              		.align	2
ARM GAS  F:\msys64\tmp\ccQ5YJJg.s 			page 9


 308              	.LC2:
 309 0000 6D707520 		.ascii	"mpu initialization complete......\000"
 309      696E6974 
 309      69616C69 
 309      7A617469 
 309      6F6E2063 
 310 0022 0000     		.align	2
 311              	.LC3:
 312 0024 6D70755F 		.ascii	"mpu_set_sensor complete ......\000"
 312      7365745F 
 312      73656E73 
 312      6F722063 
 312      6F6D706C 
 313 0043 00       		.align	2
 314              	.LC4:
 315 0044 6D70755F 		.ascii	"mpu_set_sensor come across error ......\000"
 315      7365745F 
 315      73656E73 
 315      6F722063 
 315      6F6D6520 
 316              		.align	2
 317              	.LC5:
 318 006c 6D70755F 		.ascii	"mpu_configure_fifo complete ......\000"
 318      636F6E66 
 318      69677572 
 318      655F6669 
 318      666F2063 
 319 008f 00       		.align	2
 320              	.LC6:
 321 0090 6D70755F 		.ascii	"mpu_configure_fifo come across error ......\000"
 321      636F6E66 
 321      69677572 
 321      655F6669 
 321      666F2063 
 322              		.align	2
 323              	.LC7:
 324 00bc 6D70755F 		.ascii	"mpu_set_sample_rate complete ......\000"
 324      7365745F 
 324      73616D70 
 324      6C655F72 
 324      61746520 
 325              		.align	2
 326              	.LC8:
 327 00e0 6D70755F 		.ascii	"mpu_set_sample_rate error ......\000"
 327      7365745F 
 327      73616D70 
 327      6C655F72 
 327      61746520 
 328 0101 000000   		.align	2
 329              	.LC9:
 330 0104 646D705F 		.ascii	"dmp_load_motion_driver_firmware complete ......\000"
 330      6C6F6164 
 330      5F6D6F74 
 330      696F6E5F 
 330      64726976 
 331              		.align	2
 332              	.LC10:
ARM GAS  F:\msys64\tmp\ccQ5YJJg.s 			page 10


 333 0134 646D705F 		.ascii	"dmp_load_motion_driver_firmware come across error ."
 333      6C6F6164 
 333      5F6D6F74 
 333      696F6E5F 
 333      64726976 
 334 0167 2E2E2E2E 		.ascii	".....\000"
 334      2E00
 335 016d 000000   		.align	2
 336              	.LC11:
 337 0170 646D705F 		.ascii	"dmp_set_orientation complete ......\000"
 337      7365745F 
 337      6F726965 
 337      6E746174 
 337      696F6E20 
 338              		.align	2
 339              	.LC12:
 340 0194 646D705F 		.ascii	"dmp_set_orientation come across error ......\000"
 340      7365745F 
 340      6F726965 
 340      6E746174 
 340      696F6E20 
 341 01c1 000000   		.align	2
 342              	.LC13:
 343 01c4 646D705F 		.ascii	"dmp_enable_feature complete ......\000"
 343      656E6162 
 343      6C655F66 
 343      65617475 
 343      72652063 
 344 01e7 00       		.align	2
 345              	.LC14:
 346 01e8 646D705F 		.ascii	"dmp_enable_feature come across error ......\000"
 346      656E6162 
 346      6C655F66 
 346      65617475 
 346      72652063 
 347              		.align	2
 348              	.LC15:
 349 0214 646D705F 		.ascii	"dmp_set_fifo_rate complete ......\000"
 349      7365745F 
 349      6669666F 
 349      5F726174 
 349      6520636F 
 350 0236 0000     		.align	2
 351              	.LC16:
 352 0238 646D705F 		.ascii	"dmp_set_fifo_rate come across error ......\000"
 352      7365745F 
 352      6669666F 
 352      5F726174 
 352      6520636F 
 353 0263 00       		.align	2
 354              	.LC17:
 355 0264 6D70755F 		.ascii	"mpu_set_dmp_state complete ......\000"
 355      7365745F 
 355      646D705F 
 355      73746174 
 355      6520636F 
 356 0286 0000     		.align	2
ARM GAS  F:\msys64\tmp\ccQ5YJJg.s 			page 11


 357              	.LC18:
 358 0288 6D70755F 		.ascii	"mpu_set_dmp_state come across error ......\000"
 358      7365745F 
 358      646D705F 
 358      73746174 
 358      6520636F 
 359              		.section	.text.MPU_init,"ax",%progbits
 360              		.align	1
 361              		.global	MPU_init
 362              		.syntax unified
 363              		.thumb
 364              		.thumb_func
 366              	MPU_init:
 367              	.LFB561:
 114:Drivers/MPU6050/MPU6050.c **** 
 115:Drivers/MPU6050/MPU6050.c **** int MPU_init(void)
 116:Drivers/MPU6050/MPU6050.c **** {
 368              		.loc 1 116 1 view -0
 369              		.cfi_startproc
 370              		@ args = 0, pretend = 0, frame = 0
 371              		@ frame_needed = 0, uses_anonymous_args = 0
 372 0000 38B5     		push	{r3, r4, r5, lr}
 373              	.LCFI5:
 374              		.cfi_def_cfa_offset 16
 375              		.cfi_offset 3, -16
 376              		.cfi_offset 4, -12
 377              		.cfi_offset 5, -8
 378              		.cfi_offset 14, -4
 117:Drivers/MPU6050/MPU6050.c **** 	if (mpu_init() != 0)
 379              		.loc 1 117 2 view .LVU86
 380              		.loc 1 117 6 is_stmt 0 view .LVU87
 381 0002 FFF7FEFF 		bl	mpu_init
 382              	.LVL32:
 383              		.loc 1 117 5 view .LVU88
 384 0006 10B1     		cbz	r0, .L47
 118:Drivers/MPU6050/MPU6050.c **** 		return 0;
 385              		.loc 1 118 10 view .LVU89
 386 0008 0024     		movs	r4, #0
 387              	.L21:
 119:Drivers/MPU6050/MPU6050.c **** 	printf("mpu initialization complete......\n");
 120:Drivers/MPU6050/MPU6050.c **** 	//mpu_set_sensor
 121:Drivers/MPU6050/MPU6050.c **** 	if(!mpu_set_sensors(INV_XYZ_GYRO | INV_XYZ_ACCEL))
 122:Drivers/MPU6050/MPU6050.c **** 		printf("mpu_set_sensor complete ......\n");
 123:Drivers/MPU6050/MPU6050.c **** 	else
 124:Drivers/MPU6050/MPU6050.c **** 	{
 125:Drivers/MPU6050/MPU6050.c **** 		printf("mpu_set_sensor come across error ......\n");
 126:Drivers/MPU6050/MPU6050.c **** 		return 0;
 127:Drivers/MPU6050/MPU6050.c **** 	}
 128:Drivers/MPU6050/MPU6050.c **** 	//mpu_configure_fifo
 129:Drivers/MPU6050/MPU6050.c **** 	if(!mpu_configure_fifo(INV_XYZ_GYRO | INV_XYZ_ACCEL))
 130:Drivers/MPU6050/MPU6050.c **** 	{
 131:Drivers/MPU6050/MPU6050.c **** 		printf("mpu_configure_fifo complete ......\n");
 132:Drivers/MPU6050/MPU6050.c **** 	}
 133:Drivers/MPU6050/MPU6050.c **** 	else
 134:Drivers/MPU6050/MPU6050.c **** 	{
 135:Drivers/MPU6050/MPU6050.c **** 		printf("mpu_configure_fifo come across error ......\n");
 136:Drivers/MPU6050/MPU6050.c **** 		return 0;
ARM GAS  F:\msys64\tmp\ccQ5YJJg.s 			page 12


 137:Drivers/MPU6050/MPU6050.c **** 	}
 138:Drivers/MPU6050/MPU6050.c **** 	//mpu_set_sample_rate
 139:Drivers/MPU6050/MPU6050.c **** 	if(!mpu_set_sample_rate(DEFAULT_MPU_HZ))
 140:Drivers/MPU6050/MPU6050.c **** 	{
 141:Drivers/MPU6050/MPU6050.c **** 		printf("mpu_set_sample_rate complete ......\n");
 142:Drivers/MPU6050/MPU6050.c **** 	}
 143:Drivers/MPU6050/MPU6050.c **** 	else
 144:Drivers/MPU6050/MPU6050.c **** 	{
 145:Drivers/MPU6050/MPU6050.c **** 		printf("mpu_set_sample_rate error ......\n");
 146:Drivers/MPU6050/MPU6050.c **** 		return 0;
 147:Drivers/MPU6050/MPU6050.c **** 	}
 148:Drivers/MPU6050/MPU6050.c **** 	//dmp_load_motion_driver_firmvare
 149:Drivers/MPU6050/MPU6050.c **** 	if(!dmp_load_motion_driver_firmware())
 150:Drivers/MPU6050/MPU6050.c **** 	{
 151:Drivers/MPU6050/MPU6050.c **** 		printf("dmp_load_motion_driver_firmware complete ......\n");
 152:Drivers/MPU6050/MPU6050.c **** 	}
 153:Drivers/MPU6050/MPU6050.c **** 	else
 154:Drivers/MPU6050/MPU6050.c **** 	{
 155:Drivers/MPU6050/MPU6050.c **** 		printf("dmp_load_motion_driver_firmware come across error ......\n");
 156:Drivers/MPU6050/MPU6050.c **** 		return 0;
 157:Drivers/MPU6050/MPU6050.c **** 	}
 158:Drivers/MPU6050/MPU6050.c **** 	//dmp_set_orientation
 159:Drivers/MPU6050/MPU6050.c **** 	if(!dmp_set_orientation(inv_orientation_matrix_to_scalar(gyro_orientation)))
 160:Drivers/MPU6050/MPU6050.c **** 	{
 161:Drivers/MPU6050/MPU6050.c **** 		printf("dmp_set_orientation complete ......\n");
 162:Drivers/MPU6050/MPU6050.c **** 	}
 163:Drivers/MPU6050/MPU6050.c **** 	else
 164:Drivers/MPU6050/MPU6050.c **** 	{
 165:Drivers/MPU6050/MPU6050.c **** 		printf("dmp_set_orientation come across error ......\n");
 166:Drivers/MPU6050/MPU6050.c **** 		return 0;
 167:Drivers/MPU6050/MPU6050.c **** 	}
 168:Drivers/MPU6050/MPU6050.c **** 	//dmp_enable_feature
 169:Drivers/MPU6050/MPU6050.c **** 	if(!dmp_enable_feature(DMP_FEATURE_6X_LP_QUAT | DMP_FEATURE_TAP |
 170:Drivers/MPU6050/MPU6050.c **** 				DMP_FEATURE_ANDROID_ORIENT | DMP_FEATURE_SEND_RAW_ACCEL | DMP_FEATURE_SEND_CAL_GYRO |
 171:Drivers/MPU6050/MPU6050.c **** 				DMP_FEATURE_GYRO_CAL))
 172:Drivers/MPU6050/MPU6050.c **** 	{
 173:Drivers/MPU6050/MPU6050.c **** 		printf("dmp_enable_feature complete ......\n");
 174:Drivers/MPU6050/MPU6050.c **** 	}
 175:Drivers/MPU6050/MPU6050.c **** 	else
 176:Drivers/MPU6050/MPU6050.c **** 	{
 177:Drivers/MPU6050/MPU6050.c **** 		printf("dmp_enable_feature come across error ......\n");
 178:Drivers/MPU6050/MPU6050.c **** 		return 0;
 179:Drivers/MPU6050/MPU6050.c **** 	}
 180:Drivers/MPU6050/MPU6050.c **** 	//dmp_set_fifo_rate
 181:Drivers/MPU6050/MPU6050.c **** 	if(!dmp_set_fifo_rate(DEFAULT_MPU_HZ))
 182:Drivers/MPU6050/MPU6050.c **** 	{
 183:Drivers/MPU6050/MPU6050.c **** 		printf("dmp_set_fifo_rate complete ......\n");
 184:Drivers/MPU6050/MPU6050.c **** 	}
 185:Drivers/MPU6050/MPU6050.c **** 	else
 186:Drivers/MPU6050/MPU6050.c **** 	{
 187:Drivers/MPU6050/MPU6050.c **** 		printf("dmp_set_fifo_rate come across error ......\n");
 188:Drivers/MPU6050/MPU6050.c **** 		return 0;
 189:Drivers/MPU6050/MPU6050.c **** 	}
 190:Drivers/MPU6050/MPU6050.c **** 	run_self_test();
 191:Drivers/MPU6050/MPU6050.c **** 	if(!mpu_set_dmp_state(1))
 192:Drivers/MPU6050/MPU6050.c **** 	{
 193:Drivers/MPU6050/MPU6050.c **** 		printf("mpu_set_dmp_state complete ......\n");
ARM GAS  F:\msys64\tmp\ccQ5YJJg.s 			page 13


 194:Drivers/MPU6050/MPU6050.c **** 	}
 195:Drivers/MPU6050/MPU6050.c **** 	else
 196:Drivers/MPU6050/MPU6050.c **** 	{
 197:Drivers/MPU6050/MPU6050.c **** 		printf("mpu_set_dmp_state come across error ......\n");
 198:Drivers/MPU6050/MPU6050.c **** 		return 0;
 199:Drivers/MPU6050/MPU6050.c **** 	}
 200:Drivers/MPU6050/MPU6050.c **** 	
 201:Drivers/MPU6050/MPU6050.c **** 	return 1;
 202:Drivers/MPU6050/MPU6050.c **** }
 388              		.loc 1 202 1 view .LVU90
 389 000a 2046     		mov	r0, r4
 390 000c 38BD     		pop	{r3, r4, r5, pc}
 391              	.L47:
 392 000e 0446     		mov	r4, r0
 119:Drivers/MPU6050/MPU6050.c **** 	printf("mpu initialization complete......\n");
 393              		.loc 1 119 2 is_stmt 1 view .LVU91
 394 0010 3748     		ldr	r0, .L55
 395 0012 FFF7FEFF 		bl	puts
 396              	.LVL33:
 121:Drivers/MPU6050/MPU6050.c **** 		printf("mpu_set_sensor complete ......\n");
 397              		.loc 1 121 2 view .LVU92
 121:Drivers/MPU6050/MPU6050.c **** 		printf("mpu_set_sensor complete ......\n");
 398              		.loc 1 121 6 is_stmt 0 view .LVU93
 399 0016 7820     		movs	r0, #120
 400 0018 FFF7FEFF 		bl	mpu_set_sensors
 401              	.LVL34:
 121:Drivers/MPU6050/MPU6050.c **** 		printf("mpu_set_sensor complete ......\n");
 402              		.loc 1 121 4 view .LVU94
 403 001c 0546     		mov	r5, r0
 404 001e 0028     		cmp	r0, #0
 405 0020 41D1     		bne	.L23
 122:Drivers/MPU6050/MPU6050.c **** 	else
 406              		.loc 1 122 3 is_stmt 1 view .LVU95
 407 0022 3448     		ldr	r0, .L55+4
 408 0024 FFF7FEFF 		bl	puts
 409              	.LVL35:
 129:Drivers/MPU6050/MPU6050.c **** 	{
 410              		.loc 1 129 2 view .LVU96
 129:Drivers/MPU6050/MPU6050.c **** 	{
 411              		.loc 1 129 6 is_stmt 0 view .LVU97
 412 0028 7820     		movs	r0, #120
 413 002a FFF7FEFF 		bl	mpu_configure_fifo
 414              	.LVL36:
 129:Drivers/MPU6050/MPU6050.c **** 	{
 415              		.loc 1 129 4 view .LVU98
 416 002e 0446     		mov	r4, r0
 417 0030 0028     		cmp	r0, #0
 418 0032 3CD1     		bne	.L48
 131:Drivers/MPU6050/MPU6050.c **** 	}
 419              		.loc 1 131 3 is_stmt 1 view .LVU99
 420 0034 3048     		ldr	r0, .L55+8
 421 0036 FFF7FEFF 		bl	puts
 422              	.LVL37:
 139:Drivers/MPU6050/MPU6050.c **** 	{
 423              		.loc 1 139 2 view .LVU100
 139:Drivers/MPU6050/MPU6050.c **** 	{
 424              		.loc 1 139 6 is_stmt 0 view .LVU101
ARM GAS  F:\msys64\tmp\ccQ5YJJg.s 			page 14


 425 003a 3220     		movs	r0, #50
 426 003c FFF7FEFF 		bl	mpu_set_sample_rate
 427              	.LVL38:
 139:Drivers/MPU6050/MPU6050.c **** 	{
 428              		.loc 1 139 4 view .LVU102
 429 0040 0546     		mov	r5, r0
 430 0042 0028     		cmp	r0, #0
 431 0044 38D1     		bne	.L49
 141:Drivers/MPU6050/MPU6050.c **** 	}
 432              		.loc 1 141 3 is_stmt 1 view .LVU103
 433 0046 2D48     		ldr	r0, .L55+12
 434 0048 FFF7FEFF 		bl	puts
 435              	.LVL39:
 149:Drivers/MPU6050/MPU6050.c **** 	{
 436              		.loc 1 149 2 view .LVU104
 149:Drivers/MPU6050/MPU6050.c **** 	{
 437              		.loc 1 149 6 is_stmt 0 view .LVU105
 438 004c FFF7FEFF 		bl	dmp_load_motion_driver_firmware
 439              	.LVL40:
 149:Drivers/MPU6050/MPU6050.c **** 	{
 440              		.loc 1 149 4 view .LVU106
 441 0050 0446     		mov	r4, r0
 442 0052 A8BB     		cbnz	r0, .L50
 151:Drivers/MPU6050/MPU6050.c **** 	}
 443              		.loc 1 151 3 is_stmt 1 view .LVU107
 444 0054 2A48     		ldr	r0, .L55+16
 445 0056 FFF7FEFF 		bl	puts
 446              	.LVL41:
 159:Drivers/MPU6050/MPU6050.c **** 	{
 447              		.loc 1 159 2 view .LVU108
 159:Drivers/MPU6050/MPU6050.c **** 	{
 448              		.loc 1 159 6 is_stmt 0 view .LVU109
 449 005a 2A48     		ldr	r0, .L55+20
 450 005c FFF7FEFF 		bl	inv_orientation_matrix_to_scalar
 451              	.LVL42:
 452 0060 FFF7FEFF 		bl	dmp_set_orientation
 453              	.LVL43:
 159:Drivers/MPU6050/MPU6050.c **** 	{
 454              		.loc 1 159 4 view .LVU110
 455 0064 0546     		mov	r5, r0
 456 0066 80BB     		cbnz	r0, .L51
 161:Drivers/MPU6050/MPU6050.c **** 	}
 457              		.loc 1 161 3 is_stmt 1 view .LVU111
 458 0068 2748     		ldr	r0, .L55+24
 459 006a FFF7FEFF 		bl	puts
 460              	.LVL44:
 169:Drivers/MPU6050/MPU6050.c **** 				DMP_FEATURE_ANDROID_ORIENT | DMP_FEATURE_SEND_RAW_ACCEL | DMP_FEATURE_SEND_CAL_GYRO |
 461              		.loc 1 169 2 view .LVU112
 169:Drivers/MPU6050/MPU6050.c **** 				DMP_FEATURE_ANDROID_ORIENT | DMP_FEATURE_SEND_RAW_ACCEL | DMP_FEATURE_SEND_CAL_GYRO |
 462              		.loc 1 169 6 is_stmt 0 view .LVU113
 463 006e 40F27310 		movw	r0, #371
 464 0072 FFF7FEFF 		bl	dmp_enable_feature
 465              	.LVL45:
 169:Drivers/MPU6050/MPU6050.c **** 				DMP_FEATURE_ANDROID_ORIENT | DMP_FEATURE_SEND_RAW_ACCEL | DMP_FEATURE_SEND_CAL_GYRO |
 466              		.loc 1 169 4 view .LVU114
 467 0076 0446     		mov	r4, r0
 468 0078 58BB     		cbnz	r0, .L52
ARM GAS  F:\msys64\tmp\ccQ5YJJg.s 			page 15


 173:Drivers/MPU6050/MPU6050.c **** 	}
 469              		.loc 1 173 3 is_stmt 1 view .LVU115
 470 007a 2448     		ldr	r0, .L55+28
 471 007c FFF7FEFF 		bl	puts
 472              	.LVL46:
 181:Drivers/MPU6050/MPU6050.c **** 	{
 473              		.loc 1 181 2 view .LVU116
 181:Drivers/MPU6050/MPU6050.c **** 	{
 474              		.loc 1 181 6 is_stmt 0 view .LVU117
 475 0080 3220     		movs	r0, #50
 476 0082 FFF7FEFF 		bl	dmp_set_fifo_rate
 477              	.LVL47:
 181:Drivers/MPU6050/MPU6050.c **** 	{
 478              		.loc 1 181 4 view .LVU118
 479 0086 0546     		mov	r5, r0
 480 0088 40BB     		cbnz	r0, .L53
 183:Drivers/MPU6050/MPU6050.c **** 	}
 481              		.loc 1 183 3 is_stmt 1 view .LVU119
 482 008a 2148     		ldr	r0, .L55+32
 483 008c FFF7FEFF 		bl	puts
 484              	.LVL48:
 190:Drivers/MPU6050/MPU6050.c **** 	if(!mpu_set_dmp_state(1))
 485              		.loc 1 190 2 view .LVU120
 486 0090 FFF7FEFF 		bl	run_self_test
 487              	.LVL49:
 191:Drivers/MPU6050/MPU6050.c **** 	{
 488              		.loc 1 191 2 view .LVU121
 191:Drivers/MPU6050/MPU6050.c **** 	{
 489              		.loc 1 191 6 is_stmt 0 view .LVU122
 490 0094 0120     		movs	r0, #1
 491 0096 FFF7FEFF 		bl	mpu_set_dmp_state
 492              	.LVL50:
 191:Drivers/MPU6050/MPU6050.c **** 	{
 493              		.loc 1 191 4 view .LVU123
 494 009a 18BB     		cbnz	r0, .L54
 193:Drivers/MPU6050/MPU6050.c **** 	}
 495              		.loc 1 193 3 is_stmt 1 view .LVU124
 496 009c 1D48     		ldr	r0, .L55+36
 497 009e FFF7FEFF 		bl	puts
 498              	.LVL51:
 201:Drivers/MPU6050/MPU6050.c **** }
 499              		.loc 1 201 2 view .LVU125
 201:Drivers/MPU6050/MPU6050.c **** }
 500              		.loc 1 201 9 is_stmt 0 view .LVU126
 501 00a2 0124     		movs	r4, #1
 502 00a4 B1E7     		b	.L21
 503              	.L23:
 125:Drivers/MPU6050/MPU6050.c **** 		return 0;
 504              		.loc 1 125 3 is_stmt 1 view .LVU127
 505 00a6 1C48     		ldr	r0, .L55+40
 506 00a8 FFF7FEFF 		bl	puts
 507              	.LVL52:
 126:Drivers/MPU6050/MPU6050.c **** 	}
 508              		.loc 1 126 3 view .LVU128
 126:Drivers/MPU6050/MPU6050.c **** 	}
 509              		.loc 1 126 10 is_stmt 0 view .LVU129
 510 00ac ADE7     		b	.L21
ARM GAS  F:\msys64\tmp\ccQ5YJJg.s 			page 16


 511              	.L48:
 135:Drivers/MPU6050/MPU6050.c **** 		return 0;
 512              		.loc 1 135 3 is_stmt 1 view .LVU130
 513 00ae 1B48     		ldr	r0, .L55+44
 514 00b0 FFF7FEFF 		bl	puts
 515              	.LVL53:
 136:Drivers/MPU6050/MPU6050.c **** 	}
 516              		.loc 1 136 3 view .LVU131
 136:Drivers/MPU6050/MPU6050.c **** 	}
 517              		.loc 1 136 10 is_stmt 0 view .LVU132
 518 00b4 2C46     		mov	r4, r5
 519 00b6 A8E7     		b	.L21
 520              	.L49:
 145:Drivers/MPU6050/MPU6050.c **** 		return 0;
 521              		.loc 1 145 3 is_stmt 1 view .LVU133
 522 00b8 1948     		ldr	r0, .L55+48
 523 00ba FFF7FEFF 		bl	puts
 524              	.LVL54:
 146:Drivers/MPU6050/MPU6050.c **** 	}
 525              		.loc 1 146 3 view .LVU134
 146:Drivers/MPU6050/MPU6050.c **** 	}
 526              		.loc 1 146 10 is_stmt 0 view .LVU135
 527 00be A4E7     		b	.L21
 528              	.L50:
 155:Drivers/MPU6050/MPU6050.c **** 		return 0;
 529              		.loc 1 155 3 is_stmt 1 view .LVU136
 530 00c0 1848     		ldr	r0, .L55+52
 531 00c2 FFF7FEFF 		bl	puts
 532              	.LVL55:
 156:Drivers/MPU6050/MPU6050.c **** 	}
 533              		.loc 1 156 3 view .LVU137
 156:Drivers/MPU6050/MPU6050.c **** 	}
 534              		.loc 1 156 10 is_stmt 0 view .LVU138
 535 00c6 2C46     		mov	r4, r5
 536 00c8 9FE7     		b	.L21
 537              	.L51:
 165:Drivers/MPU6050/MPU6050.c **** 		return 0;
 538              		.loc 1 165 3 is_stmt 1 view .LVU139
 539 00ca 1748     		ldr	r0, .L55+56
 540 00cc FFF7FEFF 		bl	puts
 541              	.LVL56:
 166:Drivers/MPU6050/MPU6050.c **** 	}
 542              		.loc 1 166 3 view .LVU140
 166:Drivers/MPU6050/MPU6050.c **** 	}
 543              		.loc 1 166 10 is_stmt 0 view .LVU141
 544 00d0 9BE7     		b	.L21
 545              	.L52:
 177:Drivers/MPU6050/MPU6050.c **** 		return 0;
 546              		.loc 1 177 3 is_stmt 1 view .LVU142
 547 00d2 1648     		ldr	r0, .L55+60
 548 00d4 FFF7FEFF 		bl	puts
 549              	.LVL57:
 178:Drivers/MPU6050/MPU6050.c **** 	}
 550              		.loc 1 178 3 view .LVU143
 178:Drivers/MPU6050/MPU6050.c **** 	}
 551              		.loc 1 178 10 is_stmt 0 view .LVU144
 552 00d8 2C46     		mov	r4, r5
ARM GAS  F:\msys64\tmp\ccQ5YJJg.s 			page 17


 553 00da 96E7     		b	.L21
 554              	.L53:
 187:Drivers/MPU6050/MPU6050.c **** 		return 0;
 555              		.loc 1 187 3 is_stmt 1 view .LVU145
 556 00dc 1448     		ldr	r0, .L55+64
 557 00de FFF7FEFF 		bl	puts
 558              	.LVL58:
 188:Drivers/MPU6050/MPU6050.c **** 	}
 559              		.loc 1 188 3 view .LVU146
 188:Drivers/MPU6050/MPU6050.c **** 	}
 560              		.loc 1 188 10 is_stmt 0 view .LVU147
 561 00e2 92E7     		b	.L21
 562              	.L54:
 197:Drivers/MPU6050/MPU6050.c **** 		return 0;
 563              		.loc 1 197 3 is_stmt 1 view .LVU148
 564 00e4 1348     		ldr	r0, .L55+68
 565 00e6 FFF7FEFF 		bl	puts
 566              	.LVL59:
 198:Drivers/MPU6050/MPU6050.c **** 	}
 567              		.loc 1 198 3 view .LVU149
 198:Drivers/MPU6050/MPU6050.c **** 	}
 568              		.loc 1 198 10 is_stmt 0 view .LVU150
 569 00ea 2C46     		mov	r4, r5
 570 00ec 8DE7     		b	.L21
 571              	.L56:
 572 00ee 00BF     		.align	2
 573              	.L55:
 574 00f0 00000000 		.word	.LC2
 575 00f4 24000000 		.word	.LC3
 576 00f8 6C000000 		.word	.LC5
 577 00fc BC000000 		.word	.LC7
 578 0100 04010000 		.word	.LC9
 579 0104 00000000 		.word	.LANCHOR0
 580 0108 70010000 		.word	.LC11
 581 010c C4010000 		.word	.LC13
 582 0110 14020000 		.word	.LC15
 583 0114 64020000 		.word	.LC17
 584 0118 44000000 		.word	.LC4
 585 011c 90000000 		.word	.LC6
 586 0120 E0000000 		.word	.LC8
 587 0124 34010000 		.word	.LC10
 588 0128 94010000 		.word	.LC12
 589 012c E8010000 		.word	.LC14
 590 0130 38020000 		.word	.LC16
 591 0134 88020000 		.word	.LC18
 592              		.cfi_endproc
 593              	.LFE561:
 595              		.global	__aeabi_f2d
 596              		.global	__aeabi_dmul
 597              		.global	__aeabi_d2f
 598              		.section	.text.MPU_getdata,"ax",%progbits
 599              		.align	1
 600              		.global	MPU_getdata
 601              		.syntax unified
 602              		.thumb
 603              		.thumb_func
 605              	MPU_getdata:
ARM GAS  F:\msys64\tmp\ccQ5YJJg.s 			page 18


 606              	.LFB562:
 203:Drivers/MPU6050/MPU6050.c **** 
 204:Drivers/MPU6050/MPU6050.c **** void MPU_getdata(void)
 205:Drivers/MPU6050/MPU6050.c **** {
 607              		.loc 1 205 1 is_stmt 1 view -0
 608              		.cfi_startproc
 609              		@ args = 0, pretend = 0, frame = 40
 610              		@ frame_needed = 0, uses_anonymous_args = 0
 611 0000 F0B5     		push	{r4, r5, r6, r7, lr}
 612              	.LCFI6:
 613              		.cfi_def_cfa_offset 20
 614              		.cfi_offset 4, -20
 615              		.cfi_offset 5, -16
 616              		.cfi_offset 6, -12
 617              		.cfi_offset 7, -8
 618              		.cfi_offset 14, -4
 619 0002 2DED048B 		vpush.64	{d8, d9}
 620              	.LCFI7:
 621              		.cfi_def_cfa_offset 36
 622              		.cfi_offset 80, -36
 623              		.cfi_offset 81, -32
 624              		.cfi_offset 82, -28
 625              		.cfi_offset 83, -24
 626 0006 8DB0     		sub	sp, sp, #52
 627              	.LCFI8:
 628              		.cfi_def_cfa_offset 88
 206:Drivers/MPU6050/MPU6050.c **** 	unsigned long sensor_timestamp;
 629              		.loc 1 206 2 view .LVU152
 207:Drivers/MPU6050/MPU6050.c **** 	short gyro[3], accel[3], sensors;
 630              		.loc 1 207 2 view .LVU153
 208:Drivers/MPU6050/MPU6050.c **** 	unsigned char more;
 631              		.loc 1 208 2 view .LVU154
 209:Drivers/MPU6050/MPU6050.c **** 	long quat[4];
 632              		.loc 1 209 2 view .LVU155
 210:Drivers/MPU6050/MPU6050.c **** 
 211:Drivers/MPU6050/MPU6050.c **** 	dmp_read_fifo(gyro, accel, quat, &sensor_timestamp, &sensors, &more);	 
 633              		.loc 1 211 2 view .LVU156
 634 0008 0DF11903 		add	r3, sp, #25
 635 000c 0193     		str	r3, [sp, #4]
 636 000e 0DF11A03 		add	r3, sp, #26
 637 0012 0093     		str	r3, [sp]
 638 0014 0BAB     		add	r3, sp, #44
 639 0016 02AA     		add	r2, sp, #8
 640 0018 07A9     		add	r1, sp, #28
 641 001a 09A8     		add	r0, sp, #36
 642 001c FFF7FEFF 		bl	dmp_read_fifo
 643              	.LVL60:
 212:Drivers/MPU6050/MPU6050.c **** 	if (sensors & INV_WXYZ_QUAT )
 644              		.loc 1 212 2 view .LVU157
 645              		.loc 1 212 14 is_stmt 0 view .LVU158
 646 0020 BDF81A30 		ldrh	r3, [sp, #26]
 647              		.loc 1 212 5 view .LVU159
 648 0024 13F4807F 		tst	r3, #256
 649 0028 23D1     		bne	.L62
 650              	.L58:
 213:Drivers/MPU6050/MPU6050.c **** 	{
 214:Drivers/MPU6050/MPU6050.c **** 		// 四元数融合算法，计算三个姿态角，其中fAZ偏航角与之前的参考示例计算的angz夹角不同
ARM GAS  F:\msys64\tmp\ccQ5YJJg.s 			page 19


 215:Drivers/MPU6050/MPU6050.c **** 	 	 q0 = quat[0] / q30;
 216:Drivers/MPU6050/MPU6050.c **** 		 q1 = quat[1] / q30;
 217:Drivers/MPU6050/MPU6050.c **** 		 q2 = quat[2] / q30;
 218:Drivers/MPU6050/MPU6050.c **** 		 q3 = quat[3] / q30;
 219:Drivers/MPU6050/MPU6050.c **** 		 fAX = asin(-2 * q1 * q3 + 2 * q0* q2)* 57.3; // pitch
 220:Drivers/MPU6050/MPU6050.c **** 		 fAY = atan2(2 * q2 * q3 + 2 * q0 * q1, -2 * q1 * q1 - 2 * q2* q2 + 1)* 57.3; // roll
 221:Drivers/MPU6050/MPU6050.c **** 		 fAZ = atan2(2*(q1*q2 + q0*q3),q0*q0+q1*q1-q2*q2-q3*q3) * 57.3;
 222:Drivers/MPU6050/MPU6050.c **** 	 }
 223:Drivers/MPU6050/MPU6050.c **** 	 if(sensors & INV_XYZ_GYRO)
 651              		.loc 1 223 3 is_stmt 1 view .LVU160
 652              		.loc 1 223 14 is_stmt 0 view .LVU161
 653 002a BDF81A30 		ldrh	r3, [sp, #26]
 654              		.loc 1 223 5 view .LVU162
 655 002e 13F0700F 		tst	r3, #112
 656 0032 0BD0     		beq	.L59
 224:Drivers/MPU6050/MPU6050.c **** 	 {
 225:Drivers/MPU6050/MPU6050.c **** 		 gx = gyro[0];
 657              		.loc 1 225 4 is_stmt 1 view .LVU163
 658              		.loc 1 225 13 is_stmt 0 view .LVU164
 659 0034 BDF92410 		ldrsh	r1, [sp, #36]
 660              		.loc 1 225 7 view .LVU165
 661 0038 6F4A     		ldr	r2, .L63+8
 662 003a 1180     		strh	r1, [r2]	@ movhi
 226:Drivers/MPU6050/MPU6050.c **** 		 gy = gyro[1];
 663              		.loc 1 226 4 is_stmt 1 view .LVU166
 664              		.loc 1 226 13 is_stmt 0 view .LVU167
 665 003c BDF92610 		ldrsh	r1, [sp, #38]
 666              		.loc 1 226 7 view .LVU168
 667 0040 6E4A     		ldr	r2, .L63+12
 668 0042 1180     		strh	r1, [r2]	@ movhi
 227:Drivers/MPU6050/MPU6050.c **** 		 gz = gyro[2];
 669              		.loc 1 227 4 is_stmt 1 view .LVU169
 670              		.loc 1 227 13 is_stmt 0 view .LVU170
 671 0044 BDF92810 		ldrsh	r1, [sp, #40]
 672              		.loc 1 227 7 view .LVU171
 673 0048 6D4A     		ldr	r2, .L63+16
 674 004a 1180     		strh	r1, [r2]	@ movhi
 675              	.L59:
 228:Drivers/MPU6050/MPU6050.c **** 	 }
 229:Drivers/MPU6050/MPU6050.c **** 	 if(sensors & INV_XYZ_ACCEL)
 676              		.loc 1 229 3 is_stmt 1 view .LVU172
 677              		.loc 1 229 5 is_stmt 0 view .LVU173
 678 004c 13F0080F 		tst	r3, #8
 679 0050 0BD0     		beq	.L57
 230:Drivers/MPU6050/MPU6050.c **** 	 {
 231:Drivers/MPU6050/MPU6050.c **** 		 ax = accel[0];
 680              		.loc 1 231 4 is_stmt 1 view .LVU174
 681              		.loc 1 231 14 is_stmt 0 view .LVU175
 682 0052 BDF91C20 		ldrsh	r2, [sp, #28]
 683              		.loc 1 231 7 view .LVU176
 684 0056 6B4B     		ldr	r3, .L63+20
 685 0058 1A80     		strh	r2, [r3]	@ movhi
 232:Drivers/MPU6050/MPU6050.c **** 		 ay = accel[1];
 686              		.loc 1 232 4 is_stmt 1 view .LVU177
 687              		.loc 1 232 14 is_stmt 0 view .LVU178
 688 005a BDF91E20 		ldrsh	r2, [sp, #30]
 689              		.loc 1 232 7 view .LVU179
ARM GAS  F:\msys64\tmp\ccQ5YJJg.s 			page 20


 690 005e 6A4B     		ldr	r3, .L63+24
 691 0060 1A80     		strh	r2, [r3]	@ movhi
 233:Drivers/MPU6050/MPU6050.c **** 		 az = accel[2];
 692              		.loc 1 233 4 is_stmt 1 view .LVU180
 693              		.loc 1 233 14 is_stmt 0 view .LVU181
 694 0062 BDF92020 		ldrsh	r2, [sp, #32]
 695              		.loc 1 233 7 view .LVU182
 696 0066 694B     		ldr	r3, .L63+28
 697 0068 1A80     		strh	r2, [r3]	@ movhi
 698              	.L57:
 234:Drivers/MPU6050/MPU6050.c **** 	 }
 235:Drivers/MPU6050/MPU6050.c **** }
 699              		.loc 1 235 1 view .LVU183
 700 006a 0DB0     		add	sp, sp, #52
 701              	.LCFI9:
 702              		.cfi_remember_state
 703              		.cfi_def_cfa_offset 36
 704              		@ sp needed
 705 006c BDEC048B 		vldm	sp!, {d8-d9}
 706              	.LCFI10:
 707              		.cfi_restore 82
 708              		.cfi_restore 83
 709              		.cfi_restore 80
 710              		.cfi_restore 81
 711              		.cfi_def_cfa_offset 20
 712 0070 F0BD     		pop	{r4, r5, r6, r7, pc}
 713              	.L62:
 714              	.LCFI11:
 715              		.cfi_restore_state
 215:Drivers/MPU6050/MPU6050.c **** 		 q1 = quat[1] / q30;
 716              		.loc 1 215 5 is_stmt 1 view .LVU184
 215:Drivers/MPU6050/MPU6050.c **** 		 q1 = quat[1] / q30;
 717              		.loc 1 215 18 is_stmt 0 view .LVU185
 718 0072 DDED027A 		vldr.32	s15, [sp, #8]	@ int
 719 0076 F8EEE77A 		vcvt.f32.s32	s15, s15
 720 007a DFED655A 		vldr.32	s11, .L63+32
 721 007e 67EEA57A 		vmul.f32	s15, s15, s11
 215:Drivers/MPU6050/MPU6050.c **** 		 q1 = quat[1] / q30;
 722              		.loc 1 215 8 view .LVU186
 723 0082 644D     		ldr	r5, .L63+36
 724 0084 C5ED007A 		vstr.32	s15, [r5]
 216:Drivers/MPU6050/MPU6050.c **** 		 q2 = quat[2] / q30;
 725              		.loc 1 216 4 is_stmt 1 view .LVU187
 216:Drivers/MPU6050/MPU6050.c **** 		 q2 = quat[2] / q30;
 726              		.loc 1 216 17 is_stmt 0 view .LVU188
 727 0088 9DED037A 		vldr.32	s14, [sp, #12]	@ int
 728 008c B8EEC76A 		vcvt.f32.s32	s12, s14
 729 0090 26EE256A 		vmul.f32	s12, s12, s11
 216:Drivers/MPU6050/MPU6050.c **** 		 q2 = quat[2] / q30;
 730              		.loc 1 216 7 view .LVU189
 731 0094 604F     		ldr	r7, .L63+40
 732 0096 87ED006A 		vstr.32	s12, [r7]
 217:Drivers/MPU6050/MPU6050.c **** 		 q3 = quat[3] / q30;
 733              		.loc 1 217 4 is_stmt 1 view .LVU190
 217:Drivers/MPU6050/MPU6050.c **** 		 q3 = quat[3] / q30;
 734              		.loc 1 217 17 is_stmt 0 view .LVU191
 735 009a 9DED047A 		vldr.32	s14, [sp, #16]	@ int
ARM GAS  F:\msys64\tmp\ccQ5YJJg.s 			page 21


 736 009e B8EEC77A 		vcvt.f32.s32	s14, s14
 737 00a2 27EE257A 		vmul.f32	s14, s14, s11
 217:Drivers/MPU6050/MPU6050.c **** 		 q3 = quat[3] / q30;
 738              		.loc 1 217 7 view .LVU192
 739 00a6 5D4E     		ldr	r6, .L63+44
 740 00a8 86ED007A 		vstr.32	s14, [r6]
 218:Drivers/MPU6050/MPU6050.c **** 		 fAX = asin(-2 * q1 * q3 + 2 * q0* q2)* 57.3; // pitch
 741              		.loc 1 218 4 is_stmt 1 view .LVU193
 218:Drivers/MPU6050/MPU6050.c **** 		 fAX = asin(-2 * q1 * q3 + 2 * q0* q2)* 57.3; // pitch
 742              		.loc 1 218 17 is_stmt 0 view .LVU194
 743 00ac DDED056A 		vldr.32	s13, [sp, #20]	@ int
 744 00b0 F8EEE66A 		vcvt.f32.s32	s13, s13
 745 00b4 66EEA56A 		vmul.f32	s13, s13, s11
 218:Drivers/MPU6050/MPU6050.c **** 		 fAX = asin(-2 * q1 * q3 + 2 * q0* q2)* 57.3; // pitch
 746              		.loc 1 218 7 view .LVU195
 747 00b8 594C     		ldr	r4, .L63+48
 748 00ba C4ED006A 		vstr.32	s13, [r4]
 219:Drivers/MPU6050/MPU6050.c **** 		 fAY = atan2(2 * q2 * q3 + 2 * q0 * q1, -2 * q1 * q1 - 2 * q2* q2 + 1)* 57.3; // roll
 749              		.loc 1 219 4 is_stmt 1 view .LVU196
 219:Drivers/MPU6050/MPU6050.c **** 		 fAY = atan2(2 * q2 * q3 + 2 * q0 * q1, -2 * q1 * q1 - 2 * q2* q2 + 1)* 57.3; // roll
 750              		.loc 1 219 18 is_stmt 0 view .LVU197
 751 00be F8EE008A 		vmov.f32	s17, #-2.0e+0
 752 00c2 26EE286A 		vmul.f32	s12, s12, s17
 219:Drivers/MPU6050/MPU6050.c **** 		 fAY = atan2(2 * q2 * q3 + 2 * q0 * q1, -2 * q1 * q1 - 2 * q2* q2 + 1)* 57.3; // roll
 753              		.loc 1 219 23 view .LVU198
 754 00c6 66EE866A 		vmul.f32	s13, s13, s12
 219:Drivers/MPU6050/MPU6050.c **** 		 fAY = atan2(2 * q2 * q3 + 2 * q0 * q1, -2 * q1 * q1 - 2 * q2* q2 + 1)* 57.3; // roll
 755              		.loc 1 219 32 view .LVU199
 756 00ca 77EEA77A 		vadd.f32	s15, s15, s15
 219:Drivers/MPU6050/MPU6050.c **** 		 fAY = atan2(2 * q2 * q3 + 2 * q0 * q1, -2 * q1 * q1 - 2 * q2* q2 + 1)* 57.3; // roll
 757              		.loc 1 219 36 view .LVU200
 758 00ce 67EE277A 		vmul.f32	s15, s14, s15
 219:Drivers/MPU6050/MPU6050.c **** 		 fAY = atan2(2 * q2 * q3 + 2 * q0 * q1, -2 * q1 * q1 - 2 * q2* q2 + 1)* 57.3; // roll
 759              		.loc 1 219 10 view .LVU201
 760 00d2 76EEA77A 		vadd.f32	s15, s13, s15
 761 00d6 17EE900A 		vmov	r0, s15
 762 00da FFF7FEFF 		bl	__aeabi_f2d
 763              	.LVL61:
 764 00de 41EC100B 		vmov	d0, r0, r1
 765 00e2 FFF7FEFF 		bl	asin
 766              	.LVL62:
 767 00e6 51EC100B 		vmov	r0, r1, d0
 219:Drivers/MPU6050/MPU6050.c **** 		 fAY = atan2(2 * q2 * q3 + 2 * q0 * q1, -2 * q1 * q1 - 2 * q2* q2 + 1)* 57.3; // roll
 768              		.loc 1 219 41 view .LVU202
 769 00ea 41A3     		adr	r3, .L63
 770 00ec D3E90023 		ldrd	r2, [r3]
 771 00f0 FFF7FEFF 		bl	__aeabi_dmul
 772              	.LVL63:
 773 00f4 FFF7FEFF 		bl	__aeabi_d2f
 774              	.LVL64:
 219:Drivers/MPU6050/MPU6050.c **** 		 fAY = atan2(2 * q2 * q3 + 2 * q0 * q1, -2 * q1 * q1 - 2 * q2* q2 + 1)* 57.3; // roll
 775              		.loc 1 219 8 view .LVU203
 776 00f8 4A4B     		ldr	r3, .L63+52
 777 00fa 1860     		str	r0, [r3]	@ float
 220:Drivers/MPU6050/MPU6050.c **** 		 fAZ = atan2(2*(q1*q2 + q0*q3),q0*q0+q1*q1-q2*q2-q3*q3) * 57.3;
 778              		.loc 1 220 4 is_stmt 1 view .LVU204
 220:Drivers/MPU6050/MPU6050.c **** 		 fAZ = atan2(2*(q1*q2 + q0*q3),q0*q0+q1*q1-q2*q2-q3*q3) * 57.3;
ARM GAS  F:\msys64\tmp\ccQ5YJJg.s 			page 22


 779              		.loc 1 220 18 is_stmt 0 view .LVU205
 780 00fc D6ED006A 		vldr.32	s13, [r6]
 781 0100 36EEA66A 		vadd.f32	s12, s13, s13
 220:Drivers/MPU6050/MPU6050.c **** 		 fAZ = atan2(2*(q1*q2 + q0*q3),q0*q0+q1*q1-q2*q2-q3*q3) * 57.3;
 782              		.loc 1 220 23 view .LVU206
 783 0104 94ED008A 		vldr.32	s16, [r4]
 784 0108 26EE088A 		vmul.f32	s16, s12, s16
 220:Drivers/MPU6050/MPU6050.c **** 		 fAZ = atan2(2*(q1*q2 + q0*q3),q0*q0+q1*q1-q2*q2-q3*q3) * 57.3;
 785              		.loc 1 220 32 view .LVU207
 786 010c 95ED007A 		vldr.32	s14, [r5]
 787 0110 37EE077A 		vadd.f32	s14, s14, s14
 220:Drivers/MPU6050/MPU6050.c **** 		 fAZ = atan2(2*(q1*q2 + q0*q3),q0*q0+q1*q1-q2*q2-q3*q3) * 57.3;
 788              		.loc 1 220 37 view .LVU208
 789 0114 D7ED007A 		vldr.32	s15, [r7]
 790 0118 27EE277A 		vmul.f32	s14, s14, s15
 220:Drivers/MPU6050/MPU6050.c **** 		 fAZ = atan2(2*(q1*q2 + q0*q3),q0*q0+q1*q1-q2*q2-q3*q3) * 57.3;
 791              		.loc 1 220 28 view .LVU209
 792 011c 38EE078A 		vadd.f32	s16, s16, s14
 220:Drivers/MPU6050/MPU6050.c **** 		 fAZ = atan2(2*(q1*q2 + q0*q3),q0*q0+q1*q1-q2*q2-q3*q3) * 57.3;
 793              		.loc 1 220 46 view .LVU210
 794 0120 67EEA88A 		vmul.f32	s17, s15, s17
 220:Drivers/MPU6050/MPU6050.c **** 		 fAZ = atan2(2*(q1*q2 + q0*q3),q0*q0+q1*q1-q2*q2-q3*q3) * 57.3;
 795              		.loc 1 220 51 view .LVU211
 796 0124 67EEA87A 		vmul.f32	s15, s15, s17
 220:Drivers/MPU6050/MPU6050.c **** 		 fAZ = atan2(2*(q1*q2 + q0*q3),q0*q0+q1*q1-q2*q2-q3*q3) * 57.3;
 797              		.loc 1 220 64 view .LVU212
 798 0128 66EE866A 		vmul.f32	s13, s13, s12
 220:Drivers/MPU6050/MPU6050.c **** 		 fAZ = atan2(2*(q1*q2 + q0*q3),q0*q0+q1*q1-q2*q2-q3*q3) * 57.3;
 799              		.loc 1 220 56 view .LVU213
 800 012c 77EEE67A 		vsub.f32	s15, s15, s13
 220:Drivers/MPU6050/MPU6050.c **** 		 fAZ = atan2(2*(q1*q2 + q0*q3),q0*q0+q1*q1-q2*q2-q3*q3) * 57.3;
 801              		.loc 1 220 10 view .LVU214
 802 0130 B7EE007A 		vmov.f32	s14, #1.0e+0
 803 0134 77EE877A 		vadd.f32	s15, s15, s14
 804 0138 17EE900A 		vmov	r0, s15
 805 013c FFF7FEFF 		bl	__aeabi_f2d
 806              	.LVL65:
 807 0140 41EC190B 		vmov	d9, r0, r1
 808 0144 18EE100A 		vmov	r0, s16
 809 0148 FFF7FEFF 		bl	__aeabi_f2d
 810              	.LVL66:
 811 014c B0EE491A 		vmov.f32	s2, s18
 812 0150 F0EE691A 		vmov.f32	s3, s19
 813 0154 41EC100B 		vmov	d0, r0, r1
 814 0158 FFF7FEFF 		bl	atan2
 815              	.LVL67:
 816 015c 51EC100B 		vmov	r0, r1, d0
 220:Drivers/MPU6050/MPU6050.c **** 		 fAZ = atan2(2*(q1*q2 + q0*q3),q0*q0+q1*q1-q2*q2-q3*q3) * 57.3;
 817              		.loc 1 220 73 view .LVU215
 818 0160 23A3     		adr	r3, .L63
 819 0162 D3E90023 		ldrd	r2, [r3]
 820 0166 FFF7FEFF 		bl	__aeabi_dmul
 821              	.LVL68:
 822 016a FFF7FEFF 		bl	__aeabi_d2f
 823              	.LVL69:
 220:Drivers/MPU6050/MPU6050.c **** 		 fAZ = atan2(2*(q1*q2 + q0*q3),q0*q0+q1*q1-q2*q2-q3*q3) * 57.3;
 824              		.loc 1 220 8 view .LVU216
ARM GAS  F:\msys64\tmp\ccQ5YJJg.s 			page 23


 825 016e 2E4B     		ldr	r3, .L63+56
 826 0170 1860     		str	r0, [r3]	@ float
 221:Drivers/MPU6050/MPU6050.c **** 	 }
 827              		.loc 1 221 4 is_stmt 1 view .LVU217
 221:Drivers/MPU6050/MPU6050.c **** 	 }
 828              		.loc 1 221 21 is_stmt 0 view .LVU218
 829 0172 D7ED005A 		vldr.32	s11, [r7]
 830 0176 96ED006A 		vldr.32	s12, [r6]
 831 017a 25EE867A 		vmul.f32	s14, s11, s12
 221:Drivers/MPU6050/MPU6050.c **** 	 }
 832              		.loc 1 221 29 view .LVU219
 833 017e D5ED007A 		vldr.32	s15, [r5]
 834 0182 D4ED006A 		vldr.32	s13, [r4]
 835 0186 27EEA65A 		vmul.f32	s10, s15, s13
 221:Drivers/MPU6050/MPU6050.c **** 	 }
 836              		.loc 1 221 25 view .LVU220
 837 018a 37EE057A 		vadd.f32	s14, s14, s10
 221:Drivers/MPU6050/MPU6050.c **** 	 }
 838              		.loc 1 221 17 view .LVU221
 839 018e 37EE078A 		vadd.f32	s16, s14, s14
 221:Drivers/MPU6050/MPU6050.c **** 	 }
 840              		.loc 1 221 36 view .LVU222
 841 0192 67EEA77A 		vmul.f32	s15, s15, s15
 221:Drivers/MPU6050/MPU6050.c **** 	 }
 842              		.loc 1 221 42 view .LVU223
 843 0196 65EEA55A 		vmul.f32	s11, s11, s11
 221:Drivers/MPU6050/MPU6050.c **** 	 }
 844              		.loc 1 221 39 view .LVU224
 845 019a 77EEA57A 		vadd.f32	s15, s15, s11
 221:Drivers/MPU6050/MPU6050.c **** 	 }
 846              		.loc 1 221 48 view .LVU225
 847 019e 26EE066A 		vmul.f32	s12, s12, s12
 221:Drivers/MPU6050/MPU6050.c **** 	 }
 848              		.loc 1 221 45 view .LVU226
 849 01a2 77EEC67A 		vsub.f32	s15, s15, s12
 221:Drivers/MPU6050/MPU6050.c **** 	 }
 850              		.loc 1 221 54 view .LVU227
 851 01a6 66EEA66A 		vmul.f32	s13, s13, s13
 221:Drivers/MPU6050/MPU6050.c **** 	 }
 852              		.loc 1 221 10 view .LVU228
 853 01aa 77EEE67A 		vsub.f32	s15, s15, s13
 854 01ae 17EE900A 		vmov	r0, s15
 855 01b2 FFF7FEFF 		bl	__aeabi_f2d
 856              	.LVL70:
 857 01b6 41EC190B 		vmov	d9, r0, r1
 858 01ba 18EE100A 		vmov	r0, s16
 859 01be FFF7FEFF 		bl	__aeabi_f2d
 860              	.LVL71:
 861 01c2 B0EE491A 		vmov.f32	s2, s18
 862 01c6 F0EE691A 		vmov.f32	s3, s19
 863 01ca 41EC100B 		vmov	d0, r0, r1
 864 01ce FFF7FEFF 		bl	atan2
 865              	.LVL72:
 866 01d2 51EC100B 		vmov	r0, r1, d0
 221:Drivers/MPU6050/MPU6050.c **** 	 }
 867              		.loc 1 221 59 view .LVU229
 868 01d6 06A3     		adr	r3, .L63
ARM GAS  F:\msys64\tmp\ccQ5YJJg.s 			page 24


 869 01d8 D3E90023 		ldrd	r2, [r3]
 870 01dc FFF7FEFF 		bl	__aeabi_dmul
 871              	.LVL73:
 872 01e0 FFF7FEFF 		bl	__aeabi_d2f
 873              	.LVL74:
 221:Drivers/MPU6050/MPU6050.c **** 	 }
 874              		.loc 1 221 8 view .LVU230
 875 01e4 114B     		ldr	r3, .L63+60
 876 01e6 1860     		str	r0, [r3]	@ float
 877 01e8 1FE7     		b	.L58
 878              	.L64:
 879 01ea 00BFAFF3 		.align	3
 879      0080
 880              	.L63:
 881 01f0 66666666 		.word	1717986918
 882 01f4 66A64C40 		.word	1078765158
 883 01f8 00000000 		.word	.LANCHOR8
 884 01fc 00000000 		.word	.LANCHOR9
 885 0200 00000000 		.word	.LANCHOR10
 886 0204 00000000 		.word	.LANCHOR11
 887 0208 00000000 		.word	.LANCHOR12
 888 020c 00000000 		.word	.LANCHOR13
 889 0210 00008030 		.word	813694976
 890 0214 00000000 		.word	.LANCHOR1
 891 0218 00000000 		.word	.LANCHOR2
 892 021c 00000000 		.word	.LANCHOR3
 893 0220 00000000 		.word	.LANCHOR4
 894 0224 00000000 		.word	.LANCHOR5
 895 0228 00000000 		.word	.LANCHOR6
 896 022c 00000000 		.word	.LANCHOR7
 897              		.cfi_endproc
 898              	.LFE562:
 900              		.global	__aeabi_i2d
 901              		.global	__aeabi_ddiv
 902              		.global	__aeabi_dadd
 903              		.section	.text.MPU6050_ReturnTemp,"ax",%progbits
 904              		.align	1
 905              		.global	MPU6050_ReturnTemp
 906              		.syntax unified
 907              		.thumb
 908              		.thumb_func
 910              	MPU6050_ReturnTemp:
 911              	.LVL75:
 912              	.LFB563:
 236:Drivers/MPU6050/MPU6050.c **** 
 237:Drivers/MPU6050/MPU6050.c **** void MPU6050_ReturnTemp(float*Temperature)
 238:Drivers/MPU6050/MPU6050.c **** {
 913              		.loc 1 238 1 is_stmt 1 view -0
 914              		.cfi_startproc
 915              		@ args = 0, pretend = 0, frame = 8
 916              		@ frame_needed = 0, uses_anonymous_args = 0
 917              		.loc 1 238 1 is_stmt 0 view .LVU232
 918 0000 10B5     		push	{r4, lr}
 919              	.LCFI12:
 920              		.cfi_def_cfa_offset 8
 921              		.cfi_offset 4, -8
 922              		.cfi_offset 14, -4
ARM GAS  F:\msys64\tmp\ccQ5YJJg.s 			page 25


 923 0002 82B0     		sub	sp, sp, #8
 924              	.LCFI13:
 925              		.cfi_def_cfa_offset 16
 926 0004 0446     		mov	r4, r0
 239:Drivers/MPU6050/MPU6050.c **** //  short temp3;
 240:Drivers/MPU6050/MPU6050.c **** //  uint8_t buf[2];
 241:Drivers/MPU6050/MPU6050.c **** 
 242:Drivers/MPU6050/MPU6050.c **** //  MPU6050_ReadData(MPU6050_RA_TEMP_OUT_H,buf,2); //读取温度值
 243:Drivers/MPU6050/MPU6050.c **** //  temp3= (buf[0] << 8) | buf[1];
 244:Drivers/MPU6050/MPU6050.c **** //  *Temperature=((double) (temp3 /340.0))+36.53;
 245:Drivers/MPU6050/MPU6050.c ****   short tmp;
 927              		.loc 1 245 3 is_stmt 1 view .LVU233
 246:Drivers/MPU6050/MPU6050.c ****   if (0 == mpu_get_temp_reg(&tmp, 0))
 928              		.loc 1 246 3 view .LVU234
 929              		.loc 1 246 12 is_stmt 0 view .LVU235
 930 0006 0021     		movs	r1, #0
 931 0008 0DF10600 		add	r0, sp, #6
 932              	.LVL76:
 933              		.loc 1 246 12 view .LVU236
 934 000c FFF7FEFF 		bl	mpu_get_temp_reg
 935              	.LVL77:
 936              		.loc 1 246 6 view .LVU237
 937 0010 78B9     		cbnz	r0, .L65
 247:Drivers/MPU6050/MPU6050.c ****     *Temperature=((double) (tmp /340.0))+36.53;
 938              		.loc 1 247 5 is_stmt 1 view .LVU238
 939              		.loc 1 247 19 is_stmt 0 view .LVU239
 940 0012 BDF90600 		ldrsh	r0, [sp, #6]
 941 0016 FFF7FEFF 		bl	__aeabi_i2d
 942              	.LVL78:
 943 001a 0022     		movs	r2, #0
 944 001c 084B     		ldr	r3, .L68+8
 945 001e FFF7FEFF 		bl	__aeabi_ddiv
 946              	.LVL79:
 947              		.loc 1 247 41 view .LVU240
 948 0022 05A3     		adr	r3, .L68
 949 0024 D3E90023 		ldrd	r2, [r3]
 950 0028 FFF7FEFF 		bl	__aeabi_dadd
 951              	.LVL80:
 952 002c FFF7FEFF 		bl	__aeabi_d2f
 953              	.LVL81:
 954              		.loc 1 247 17 view .LVU241
 955 0030 2060     		str	r0, [r4]	@ float
 956              	.L65:
 248:Drivers/MPU6050/MPU6050.c **** } 
 957              		.loc 1 248 1 view .LVU242
 958 0032 02B0     		add	sp, sp, #8
 959              	.LCFI14:
 960              		.cfi_def_cfa_offset 8
 961              		@ sp needed
 962 0034 10BD     		pop	{r4, pc}
 963              	.LVL82:
 964              	.L69:
 965              		.loc 1 248 1 view .LVU243
 966 0036 00BF     		.align	3
 967              	.L68:
 968 0038 A4703D0A 		.word	171798692
 969 003c D7434240 		.word	1078084567
ARM GAS  F:\msys64\tmp\ccQ5YJJg.s 			page 26


 970 0040 00407540 		.word	1081425920
 971              		.cfi_endproc
 972              	.LFE563:
 974              		.global	gz
 975              		.global	gy
 976              		.global	gx
 977              		.global	az
 978              		.global	ay
 979              		.global	ax
 980              		.global	fAZ
 981              		.global	fAY
 982              		.global	fAX
 983              		.global	q3
 984              		.global	q2
 985              		.global	q1
 986              		.global	q0
 987              		.section	.bss.ax,"aw",%nobits
 988              		.align	1
 989              		.set	.LANCHOR11,. + 0
 992              	ax:
 993 0000 0000     		.space	2
 994              		.section	.bss.ay,"aw",%nobits
 995              		.align	1
 996              		.set	.LANCHOR12,. + 0
 999              	ay:
 1000 0000 0000     		.space	2
 1001              		.section	.bss.az,"aw",%nobits
 1002              		.align	1
 1003              		.set	.LANCHOR13,. + 0
 1006              	az:
 1007 0000 0000     		.space	2
 1008              		.section	.bss.fAX,"aw",%nobits
 1009              		.align	2
 1010              		.set	.LANCHOR5,. + 0
 1013              	fAX:
 1014 0000 00000000 		.space	4
 1015              		.section	.bss.fAY,"aw",%nobits
 1016              		.align	2
 1017              		.set	.LANCHOR6,. + 0
 1020              	fAY:
 1021 0000 00000000 		.space	4
 1022              		.section	.bss.fAZ,"aw",%nobits
 1023              		.align	2
 1024              		.set	.LANCHOR7,. + 0
 1027              	fAZ:
 1028 0000 00000000 		.space	4
 1029              		.section	.bss.gx,"aw",%nobits
 1030              		.align	1
 1031              		.set	.LANCHOR8,. + 0
 1034              	gx:
 1035 0000 0000     		.space	2
 1036              		.section	.bss.gy,"aw",%nobits
 1037              		.align	1
 1038              		.set	.LANCHOR9,. + 0
 1041              	gy:
 1042 0000 0000     		.space	2
 1043              		.section	.bss.gz,"aw",%nobits
ARM GAS  F:\msys64\tmp\ccQ5YJJg.s 			page 27


 1044              		.align	1
 1045              		.set	.LANCHOR10,. + 0
 1048              	gz:
 1049 0000 0000     		.space	2
 1050              		.section	.bss.q1,"aw",%nobits
 1051              		.align	2
 1052              		.set	.LANCHOR2,. + 0
 1055              	q1:
 1056 0000 00000000 		.space	4
 1057              		.section	.bss.q2,"aw",%nobits
 1058              		.align	2
 1059              		.set	.LANCHOR3,. + 0
 1062              	q2:
 1063 0000 00000000 		.space	4
 1064              		.section	.bss.q3,"aw",%nobits
 1065              		.align	2
 1066              		.set	.LANCHOR4,. + 0
 1069              	q3:
 1070 0000 00000000 		.space	4
 1071              		.section	.data.gyro_orientation,"aw"
 1072              		.align	2
 1073              		.set	.LANCHOR0,. + 0
 1076              	gyro_orientation:
 1077 0000 FF000000 		.ascii	"\377\000\000\000\377\000\000\000\001"
 1077      FF000000 
 1077      01
 1078              		.section	.data.q0,"aw"
 1079              		.align	2
 1080              		.set	.LANCHOR1,. + 0
 1083              	q0:
 1084 0000 0000803F 		.word	1065353216
 1085              		.text
 1086              	.Letext0:
 1087              		.file 2 "f:\\stm32\\win-dev-tools\\gcc-arm-none-eabi\\arm-none-eabi\\include\\machine\\_default_ty
 1088              		.file 3 "f:\\stm32\\win-dev-tools\\gcc-arm-none-eabi\\arm-none-eabi\\include\\sys\\_stdint.h"
 1089              		.file 4 "Drivers/MPU6050/MPU6050.h"
 1090              		.file 5 "Drivers/STM32F4xx_HAL_Driver/Inc/stm32f4xx_ll_dma.h"
 1091              		.file 6 "Drivers/MPU6050/inv_mpu.h"
 1092              		.file 7 "Drivers/MPU6050/inv_mpu_dmp_motion_driver.h"
 1093              		.file 8 "f:\\stm32\\win-dev-tools\\gcc-arm-none-eabi\\arm-none-eabi\\include\\math.h"
 1094              		.file 9 "<built-in>"
ARM GAS  F:\msys64\tmp\ccQ5YJJg.s 			page 28


DEFINED SYMBOLS
                            *ABS*:00000000 MPU6050.c
F:\msys64\tmp\ccQ5YJJg.s:20     .text.inv_row_2_scale:00000000 $t
F:\msys64\tmp\ccQ5YJJg.s:25     .text.inv_row_2_scale:00000000 inv_row_2_scale
F:\msys64\tmp\ccQ5YJJg.s:114    .text.inv_orientation_matrix_to_scalar:00000000 $t
F:\msys64\tmp\ccQ5YJJg.s:119    .text.inv_orientation_matrix_to_scalar:00000000 inv_orientation_matrix_to_scalar
F:\msys64\tmp\ccQ5YJJg.s:172    .rodata.run_self_test.str1.4:00000000 $d
F:\msys64\tmp\ccQ5YJJg.s:179    .text.run_self_test:00000000 $t
F:\msys64\tmp\ccQ5YJJg.s:184    .text.run_self_test:00000000 run_self_test
F:\msys64\tmp\ccQ5YJJg.s:301    .text.run_self_test:0000009c $d
F:\msys64\tmp\ccQ5YJJg.s:307    .rodata.MPU_init.str1.4:00000000 $d
F:\msys64\tmp\ccQ5YJJg.s:360    .text.MPU_init:00000000 $t
F:\msys64\tmp\ccQ5YJJg.s:366    .text.MPU_init:00000000 MPU_init
F:\msys64\tmp\ccQ5YJJg.s:574    .text.MPU_init:000000f0 $d
F:\msys64\tmp\ccQ5YJJg.s:599    .text.MPU_getdata:00000000 $t
F:\msys64\tmp\ccQ5YJJg.s:605    .text.MPU_getdata:00000000 MPU_getdata
F:\msys64\tmp\ccQ5YJJg.s:881    .text.MPU_getdata:000001f0 $d
F:\msys64\tmp\ccQ5YJJg.s:904    .text.MPU6050_ReturnTemp:00000000 $t
F:\msys64\tmp\ccQ5YJJg.s:910    .text.MPU6050_ReturnTemp:00000000 MPU6050_ReturnTemp
F:\msys64\tmp\ccQ5YJJg.s:968    .text.MPU6050_ReturnTemp:00000038 $d
F:\msys64\tmp\ccQ5YJJg.s:1048   .bss.gz:00000000 gz
F:\msys64\tmp\ccQ5YJJg.s:1041   .bss.gy:00000000 gy
F:\msys64\tmp\ccQ5YJJg.s:1034   .bss.gx:00000000 gx
F:\msys64\tmp\ccQ5YJJg.s:1006   .bss.az:00000000 az
F:\msys64\tmp\ccQ5YJJg.s:999    .bss.ay:00000000 ay
F:\msys64\tmp\ccQ5YJJg.s:992    .bss.ax:00000000 ax
F:\msys64\tmp\ccQ5YJJg.s:1027   .bss.fAZ:00000000 fAZ
F:\msys64\tmp\ccQ5YJJg.s:1020   .bss.fAY:00000000 fAY
F:\msys64\tmp\ccQ5YJJg.s:1013   .bss.fAX:00000000 fAX
F:\msys64\tmp\ccQ5YJJg.s:1069   .bss.q3:00000000 q3
F:\msys64\tmp\ccQ5YJJg.s:1062   .bss.q2:00000000 q2
F:\msys64\tmp\ccQ5YJJg.s:1055   .bss.q1:00000000 q1
F:\msys64\tmp\ccQ5YJJg.s:1083   .data.q0:00000000 q0
F:\msys64\tmp\ccQ5YJJg.s:988    .bss.ax:00000000 $d
F:\msys64\tmp\ccQ5YJJg.s:995    .bss.ay:00000000 $d
F:\msys64\tmp\ccQ5YJJg.s:1002   .bss.az:00000000 $d
F:\msys64\tmp\ccQ5YJJg.s:1009   .bss.fAX:00000000 $d
F:\msys64\tmp\ccQ5YJJg.s:1016   .bss.fAY:00000000 $d
F:\msys64\tmp\ccQ5YJJg.s:1023   .bss.fAZ:00000000 $d
F:\msys64\tmp\ccQ5YJJg.s:1030   .bss.gx:00000000 $d
F:\msys64\tmp\ccQ5YJJg.s:1037   .bss.gy:00000000 $d
F:\msys64\tmp\ccQ5YJJg.s:1044   .bss.gz:00000000 $d
F:\msys64\tmp\ccQ5YJJg.s:1051   .bss.q1:00000000 $d
F:\msys64\tmp\ccQ5YJJg.s:1058   .bss.q2:00000000 $d
F:\msys64\tmp\ccQ5YJJg.s:1065   .bss.q3:00000000 $d
F:\msys64\tmp\ccQ5YJJg.s:1072   .data.gyro_orientation:00000000 $d
F:\msys64\tmp\ccQ5YJJg.s:1076   .data.gyro_orientation:00000000 gyro_orientation
F:\msys64\tmp\ccQ5YJJg.s:1079   .data.q0:00000000 $d

UNDEFINED SYMBOLS
mpu_run_self_test
puts
mpu_get_gyro_sens
dmp_set_gyro_bias
mpu_get_accel_sens
dmp_set_accel_bias
mpu_init
ARM GAS  F:\msys64\tmp\ccQ5YJJg.s 			page 29


mpu_set_sensors
mpu_configure_fifo
mpu_set_sample_rate
dmp_load_motion_driver_firmware
dmp_set_orientation
dmp_enable_feature
dmp_set_fifo_rate
mpu_set_dmp_state
__aeabi_f2d
__aeabi_dmul
__aeabi_d2f
dmp_read_fifo
asin
atan2
__aeabi_i2d
__aeabi_ddiv
__aeabi_dadd
mpu_get_temp_reg
