ARM GAS  F:\msys64\tmp\ccBy6rXo.s 			page 1


   1              		.cpu cortex-m4
   2              		.arch armv7e-m
   3              		.fpu fpv4-sp-d16
   4              		.eabi_attribute 27, 1
   5              		.eabi_attribute 28, 1
   6              		.eabi_attribute 20, 1
   7              		.eabi_attribute 21, 1
   8              		.eabi_attribute 23, 3
   9              		.eabi_attribute 24, 1
  10              		.eabi_attribute 25, 1
  11              		.eabi_attribute 26, 1
  12              		.eabi_attribute 30, 1
  13              		.eabi_attribute 34, 1
  14              		.eabi_attribute 18, 4
  15              		.file	"freertos.c"
  16              		.text
  17              	.Ltext0:
  18              		.cfi_sections	.debug_frame
  19              		.section	.text.DefaultMainTask,"ax",%progbits
  20              		.align	1
  21              		.global	DefaultMainTask
  22              		.syntax unified
  23              		.thumb
  24              		.thumb_func
  26              	DefaultMainTask:
  27              	.LFB800:
  28              		.file 1 "Core/Src/freertos.c"
   1:Core/Src/freertos.c **** /* USER CODE BEGIN Header */
   2:Core/Src/freertos.c **** /**
   3:Core/Src/freertos.c ****   ******************************************************************************
   4:Core/Src/freertos.c ****   * File Name          : freertos.c
   5:Core/Src/freertos.c ****   * Description        : Code for freertos applications
   6:Core/Src/freertos.c ****   ******************************************************************************
   7:Core/Src/freertos.c ****   * @attention
   8:Core/Src/freertos.c ****   *
   9:Core/Src/freertos.c ****   * Copyright (c) 2024 STMicroelectronics.
  10:Core/Src/freertos.c ****   * All rights reserved.
  11:Core/Src/freertos.c ****   *
  12:Core/Src/freertos.c ****   * This software is licensed under terms that can be found in the LICENSE file
  13:Core/Src/freertos.c ****   * in the root directory of this software component.
  14:Core/Src/freertos.c ****   * If no LICENSE file comes with this software, it is provided AS-IS.
  15:Core/Src/freertos.c ****   *
  16:Core/Src/freertos.c ****   ******************************************************************************
  17:Core/Src/freertos.c ****   */
  18:Core/Src/freertos.c **** /* USER CODE END Header */
  19:Core/Src/freertos.c **** 
  20:Core/Src/freertos.c **** /* Includes ------------------------------------------------------------------*/
  21:Core/Src/freertos.c **** #include "FreeRTOS.h"
  22:Core/Src/freertos.c **** #include "task.h"
  23:Core/Src/freertos.c **** #include "main.h"
  24:Core/Src/freertos.c **** #include "cmsis_os.h"
  25:Core/Src/freertos.c **** 
  26:Core/Src/freertos.c **** /* Private includes ----------------------------------------------------------*/
  27:Core/Src/freertos.c **** /* USER CODE BEGIN Includes */
  28:Core/Src/freertos.c **** #include "stdio.h"
  29:Core/Src/freertos.c **** #include "string.h"
  30:Core/Src/freertos.c **** #include "gpio.h"
ARM GAS  F:\msys64\tmp\ccBy6rXo.s 			page 2


  31:Core/Src/freertos.c **** // #include "DS18B20.h"
  32:Core/Src/freertos.c **** #include "../../Drivers/STemWin/inc/GUI.h"
  33:Core/Src/freertos.c **** #include "touch.h"
  34:Core/Src/freertos.c **** #include <cmsis_os2.h>
  35:Core/Src/freertos.c **** 
  36:Core/Src/freertos.c **** /* USER CODE END Includes */
  37:Core/Src/freertos.c **** 
  38:Core/Src/freertos.c **** /* Private typedef -----------------------------------------------------------*/
  39:Core/Src/freertos.c **** /* USER CODE BEGIN PTD */
  40:Core/Src/freertos.c **** 
  41:Core/Src/freertos.c **** /* USER CODE END PTD */
  42:Core/Src/freertos.c **** 
  43:Core/Src/freertos.c **** /* Private define ------------------------------------------------------------*/
  44:Core/Src/freertos.c **** /* USER CODE BEGIN PD */
  45:Core/Src/freertos.c **** 
  46:Core/Src/freertos.c **** /* USER CODE END PD */
  47:Core/Src/freertos.c **** 
  48:Core/Src/freertos.c **** /* Private macro -------------------------------------------------------------*/
  49:Core/Src/freertos.c **** /* USER CODE BEGIN PM */
  50:Core/Src/freertos.c **** 
  51:Core/Src/freertos.c **** /* USER CODE END PM */
  52:Core/Src/freertos.c **** 
  53:Core/Src/freertos.c **** /* Private variables ---------------------------------------------------------*/
  54:Core/Src/freertos.c **** /* USER CODE BEGIN Variables */
  55:Core/Src/freertos.c **** extern const GUI_FONT GUI_FontHZ_YouYuan_23;
  56:Core/Src/freertos.c **** /* USER CODE END Variables */
  57:Core/Src/freertos.c **** /* Definitions for MainTask */
  58:Core/Src/freertos.c **** osThreadId_t MainTaskHandle;
  59:Core/Src/freertos.c **** const osThreadAttr_t MainTask_attributes = {
  60:Core/Src/freertos.c ****   .name = "MainTask",
  61:Core/Src/freertos.c ****   .stack_size = 512 * 4,
  62:Core/Src/freertos.c ****   .priority = (osPriority_t) osPriorityNormal,
  63:Core/Src/freertos.c **** };
  64:Core/Src/freertos.c **** /* Definitions for KeyTask */
  65:Core/Src/freertos.c **** osThreadId_t KeyTaskHandle;
  66:Core/Src/freertos.c **** const osThreadAttr_t KeyTask_attributes = {
  67:Core/Src/freertos.c ****   .name = "KeyTask",
  68:Core/Src/freertos.c ****   .stack_size = 256 * 4,
  69:Core/Src/freertos.c ****   .priority = (osPriority_t) osPriorityNormal,
  70:Core/Src/freertos.c **** };
  71:Core/Src/freertos.c **** /* Definitions for UartTask */
  72:Core/Src/freertos.c **** osThreadId_t UartTaskHandle;
  73:Core/Src/freertos.c **** const osThreadAttr_t UartTask_attributes = {
  74:Core/Src/freertos.c ****   .name = "UartTask",
  75:Core/Src/freertos.c ****   .stack_size = 512 * 4,
  76:Core/Src/freertos.c ****   .priority = (osPriority_t) osPriorityNormal,
  77:Core/Src/freertos.c **** };
  78:Core/Src/freertos.c **** /* Definitions for GUITask */
  79:Core/Src/freertos.c **** osThreadId_t GUITaskHandle;
  80:Core/Src/freertos.c **** const osThreadAttr_t GUITask_attributes = {
  81:Core/Src/freertos.c ****   .name = "GUITask",
  82:Core/Src/freertos.c ****   .stack_size = 256 * 4,
  83:Core/Src/freertos.c ****   .priority = (osPriority_t) osPriorityNormal,
  84:Core/Src/freertos.c **** };
  85:Core/Src/freertos.c **** 
  86:Core/Src/freertos.c **** /* Private function prototypes -----------------------------------------------*/
  87:Core/Src/freertos.c **** /* USER CODE BEGIN FunctionPrototypes */
ARM GAS  F:\msys64\tmp\ccBy6rXo.s 			page 3


  88:Core/Src/freertos.c **** 
  89:Core/Src/freertos.c **** /* USER CODE END FunctionPrototypes */
  90:Core/Src/freertos.c **** 
  91:Core/Src/freertos.c **** void DefaultMainTask(void *argument);
  92:Core/Src/freertos.c **** void StartKeyTask(void *argument);
  93:Core/Src/freertos.c **** void StartUartTask(void *argument);
  94:Core/Src/freertos.c **** void StartGUITask(void *argument);
  95:Core/Src/freertos.c **** 
  96:Core/Src/freertos.c **** void MX_FREERTOS_Init(void); /* (MISRA C 2004 rule 8.1) */
  97:Core/Src/freertos.c **** 
  98:Core/Src/freertos.c **** /**
  99:Core/Src/freertos.c ****   * @brief  FreeRTOS initialization
 100:Core/Src/freertos.c ****   * @param  None
 101:Core/Src/freertos.c ****   * @retval None
 102:Core/Src/freertos.c ****   */
 103:Core/Src/freertos.c **** void MX_FREERTOS_Init(void) {
 104:Core/Src/freertos.c ****   /* USER CODE BEGIN Init */
 105:Core/Src/freertos.c **** 
 106:Core/Src/freertos.c ****   /* USER CODE END Init */
 107:Core/Src/freertos.c **** 
 108:Core/Src/freertos.c ****   /* USER CODE BEGIN RTOS_MUTEX */
 109:Core/Src/freertos.c ****   /* add mutexes, ... */
 110:Core/Src/freertos.c ****   /* USER CODE END RTOS_MUTEX */
 111:Core/Src/freertos.c **** 
 112:Core/Src/freertos.c ****   /* USER CODE BEGIN RTOS_SEMAPHORES */
 113:Core/Src/freertos.c ****   /* add semaphores, ... */
 114:Core/Src/freertos.c ****   /* USER CODE END RTOS_SEMAPHORES */
 115:Core/Src/freertos.c **** 
 116:Core/Src/freertos.c ****   /* USER CODE BEGIN RTOS_TIMERS */
 117:Core/Src/freertos.c ****   /* start timers, add new ones, ... */
 118:Core/Src/freertos.c ****   /* USER CODE END RTOS_TIMERS */
 119:Core/Src/freertos.c **** 
 120:Core/Src/freertos.c ****   /* USER CODE BEGIN RTOS_QUEUES */
 121:Core/Src/freertos.c ****   /* add queues, ... */
 122:Core/Src/freertos.c ****   /* USER CODE END RTOS_QUEUES */
 123:Core/Src/freertos.c **** 
 124:Core/Src/freertos.c ****   /* Create the thread(s) */
 125:Core/Src/freertos.c ****   /* creation of MainTask */
 126:Core/Src/freertos.c ****   MainTaskHandle = osThreadNew(DefaultMainTask, NULL, &MainTask_attributes);
 127:Core/Src/freertos.c **** 
 128:Core/Src/freertos.c ****   /* creation of KeyTask */
 129:Core/Src/freertos.c ****   KeyTaskHandle = osThreadNew(StartKeyTask, NULL, &KeyTask_attributes);
 130:Core/Src/freertos.c **** 
 131:Core/Src/freertos.c ****   /* creation of UartTask */
 132:Core/Src/freertos.c ****   UartTaskHandle = osThreadNew(StartUartTask, NULL, &UartTask_attributes);
 133:Core/Src/freertos.c **** 
 134:Core/Src/freertos.c ****   /* creation of GUITask */
 135:Core/Src/freertos.c ****   GUITaskHandle = osThreadNew(StartGUITask, NULL, &GUITask_attributes);
 136:Core/Src/freertos.c **** 
 137:Core/Src/freertos.c ****   /* USER CODE BEGIN RTOS_THREADS */
 138:Core/Src/freertos.c ****   /* add threads, ... */
 139:Core/Src/freertos.c ****   /* USER CODE END RTOS_THREADS */
 140:Core/Src/freertos.c **** 
 141:Core/Src/freertos.c ****   /* USER CODE BEGIN RTOS_EVENTS */
 142:Core/Src/freertos.c ****   /* add events, ... */
 143:Core/Src/freertos.c ****   /* USER CODE END RTOS_EVENTS */
 144:Core/Src/freertos.c **** 
ARM GAS  F:\msys64\tmp\ccBy6rXo.s 			page 4


 145:Core/Src/freertos.c **** }
 146:Core/Src/freertos.c **** 
 147:Core/Src/freertos.c **** /* USER CODE BEGIN Header_DefaultMainTask */
 148:Core/Src/freertos.c **** /**
 149:Core/Src/freertos.c ****   * @brief  Function implementing the MainTask thread.
 150:Core/Src/freertos.c ****   * @param  argument: Not used
 151:Core/Src/freertos.c ****   * @retval None
 152:Core/Src/freertos.c ****   */
 153:Core/Src/freertos.c **** /* USER CODE END Header_DefaultMainTask */
 154:Core/Src/freertos.c **** void DefaultMainTask(void *argument)
 155:Core/Src/freertos.c **** {
  29              		.loc 1 155 1 view -0
  30              		.cfi_startproc
  31              		@ Volatile: function does not return.
  32              		@ args = 0, pretend = 0, frame = 0
  33              		@ frame_needed = 0, uses_anonymous_args = 0
  34              	.LVL0:
  35              		.loc 1 155 1 is_stmt 0 view .LVU1
  36 0000 08B5     		push	{r3, lr}
  37              	.LCFI0:
  38              		.cfi_def_cfa_offset 8
  39              		.cfi_offset 3, -8
  40              		.cfi_offset 14, -4
  41              	.LVL1:
  42              	.L2:
 156:Core/Src/freertos.c ****   /* USER CODE BEGIN DefaultMainTask */
 157:Core/Src/freertos.c ****   /* Infinite loop */
 158:Core/Src/freertos.c ****   for(;;)
  43              		.loc 1 158 3 is_stmt 1 discriminator 1 view .LVU2
 159:Core/Src/freertos.c ****   {
 160:Core/Src/freertos.c ****     osDelay(1);
  44              		.loc 1 160 5 discriminator 1 view .LVU3
  45 0002 0120     		movs	r0, #1
  46 0004 FFF7FEFF 		bl	osDelay
  47              	.LVL2:
 158:Core/Src/freertos.c ****   {
  48              		.loc 1 158 8 discriminator 1 view .LVU4
  49 0008 FBE7     		b	.L2
  50              		.cfi_endproc
  51              	.LFE800:
  53              		.section	.text.StartKeyTask,"ax",%progbits
  54              		.align	1
  55              		.global	StartKeyTask
  56              		.syntax unified
  57              		.thumb
  58              		.thumb_func
  60              	StartKeyTask:
  61              	.LFB801:
 161:Core/Src/freertos.c ****   }
 162:Core/Src/freertos.c ****   /* USER CODE END DefaultMainTask */
 163:Core/Src/freertos.c **** }
 164:Core/Src/freertos.c **** 
 165:Core/Src/freertos.c **** /* USER CODE BEGIN Header_StartKeyTask */
 166:Core/Src/freertos.c **** /**
 167:Core/Src/freertos.c **** * @brief Function implementing the KeyTask thread.
 168:Core/Src/freertos.c **** * @param argument: Not used
 169:Core/Src/freertos.c **** * @retval None
ARM GAS  F:\msys64\tmp\ccBy6rXo.s 			page 5


 170:Core/Src/freertos.c **** */
 171:Core/Src/freertos.c **** /* USER CODE END Header_StartKeyTask */
 172:Core/Src/freertos.c **** void StartKeyTask(void *argument)
 173:Core/Src/freertos.c **** {
  62              		.loc 1 173 1 view -0
  63              		.cfi_startproc
  64              		@ Volatile: function does not return.
  65              		@ args = 0, pretend = 0, frame = 0
  66              		@ frame_needed = 0, uses_anonymous_args = 0
  67              	.LVL3:
  68              		.loc 1 173 1 is_stmt 0 view .LVU6
  69 0000 08B5     		push	{r3, lr}
  70              	.LCFI1:
  71              		.cfi_def_cfa_offset 8
  72              		.cfi_offset 3, -8
  73              		.cfi_offset 14, -4
  74              	.LVL4:
  75              	.L5:
 174:Core/Src/freertos.c ****   /* USER CODE BEGIN StartKeyTask */
 175:Core/Src/freertos.c ****   /* Infinite loop */
 176:Core/Src/freertos.c ****   for(;;)
  76              		.loc 1 176 3 is_stmt 1 discriminator 1 view .LVU7
 177:Core/Src/freertos.c ****   {
 178:Core/Src/freertos.c ****     osDelay(1);
  77              		.loc 1 178 5 discriminator 1 view .LVU8
  78 0002 0120     		movs	r0, #1
  79 0004 FFF7FEFF 		bl	osDelay
  80              	.LVL5:
 176:Core/Src/freertos.c ****   {
  81              		.loc 1 176 8 discriminator 1 view .LVU9
  82 0008 FBE7     		b	.L5
  83              		.cfi_endproc
  84              	.LFE801:
  86              		.section	.text.StartUartTask,"ax",%progbits
  87              		.align	1
  88              		.global	StartUartTask
  89              		.syntax unified
  90              		.thumb
  91              		.thumb_func
  93              	StartUartTask:
  94              	.LFB802:
 179:Core/Src/freertos.c ****   }
 180:Core/Src/freertos.c ****   /* USER CODE END StartKeyTask */
 181:Core/Src/freertos.c **** }
 182:Core/Src/freertos.c **** 
 183:Core/Src/freertos.c **** /* USER CODE BEGIN Header_StartUartTask */
 184:Core/Src/freertos.c **** /**
 185:Core/Src/freertos.c **** * @brief Function implementing the UartTask thread.
 186:Core/Src/freertos.c **** * @param argument: Not used
 187:Core/Src/freertos.c **** * @retval None
 188:Core/Src/freertos.c **** */
 189:Core/Src/freertos.c **** /* USER CODE END Header_StartUartTask */
 190:Core/Src/freertos.c **** void StartUartTask(void *argument)
 191:Core/Src/freertos.c **** {
  95              		.loc 1 191 1 view -0
  96              		.cfi_startproc
  97              		@ Volatile: function does not return.
ARM GAS  F:\msys64\tmp\ccBy6rXo.s 			page 6


  98              		@ args = 0, pretend = 0, frame = 0
  99              		@ frame_needed = 0, uses_anonymous_args = 0
 100              	.LVL6:
 101              		.loc 1 191 1 is_stmt 0 view .LVU11
 102 0000 08B5     		push	{r3, lr}
 103              	.LCFI2:
 104              		.cfi_def_cfa_offset 8
 105              		.cfi_offset 3, -8
 106              		.cfi_offset 14, -4
 107              	.LVL7:
 108              	.L8:
 192:Core/Src/freertos.c ****   /* USER CODE BEGIN StartUartTask */
 193:Core/Src/freertos.c ****   /* Infinite loop */
 194:Core/Src/freertos.c ****   for(;;)
 109              		.loc 1 194 3 is_stmt 1 discriminator 1 view .LVU12
 195:Core/Src/freertos.c ****   {
 196:Core/Src/freertos.c ****     osDelay(1);
 110              		.loc 1 196 5 discriminator 1 view .LVU13
 111 0002 0120     		movs	r0, #1
 112 0004 FFF7FEFF 		bl	osDelay
 113              	.LVL8:
 194:Core/Src/freertos.c ****   {
 114              		.loc 1 194 8 discriminator 1 view .LVU14
 115 0008 FBE7     		b	.L8
 116              		.cfi_endproc
 117              	.LFE802:
 119              		.section	.rodata.StartGUITask.str1.4,"aMS",%progbits,1
 120              		.align	2
 121              	.LC0:
 122 0000 45583037 		.ascii	"EX07ds \346\235\255\345\267\236\347\224\265\345\255"
 122      647320E6 
 122      9DADE5B7 
 122      9EE794B5 
 122      E5AD
 123 0012 90E7A791 		.ascii	"\220\347\247\221\346\212\200\345\244\247\345\255\246"
 123      E68A80E5 
 123      A4A7E5AD 
 123      A6
 124 001f 00       		.ascii	"\000"
 125              		.section	.text.StartGUITask,"ax",%progbits
 126              		.align	1
 127              		.global	StartGUITask
 128              		.syntax unified
 129              		.thumb
 130              		.thumb_func
 132              	StartGUITask:
 133              	.LVL9:
 134              	.LFB803:
 197:Core/Src/freertos.c ****   }
 198:Core/Src/freertos.c ****   /* USER CODE END StartUartTask */
 199:Core/Src/freertos.c **** }
 200:Core/Src/freertos.c **** 
 201:Core/Src/freertos.c **** /* USER CODE BEGIN Header_StartGUITask */
 202:Core/Src/freertos.c **** /**
 203:Core/Src/freertos.c **** * @brief Function implementing the GUITask thread.
 204:Core/Src/freertos.c **** * @param argument: Not used
 205:Core/Src/freertos.c **** * @retval None
ARM GAS  F:\msys64\tmp\ccBy6rXo.s 			page 7


 206:Core/Src/freertos.c **** */
 207:Core/Src/freertos.c **** /* USER CODE END Header_StartGUITask */
 208:Core/Src/freertos.c **** void StartGUITask(void *argument)
 209:Core/Src/freertos.c **** {
 135              		.loc 1 209 1 view -0
 136              		.cfi_startproc
 137              		@ Volatile: function does not return.
 138              		@ args = 0, pretend = 0, frame = 0
 139              		@ frame_needed = 0, uses_anonymous_args = 0
 140              		.loc 1 209 1 is_stmt 0 view .LVU16
 141 0000 08B5     		push	{r3, lr}
 142              	.LCFI3:
 143              		.cfi_def_cfa_offset 8
 144              		.cfi_offset 3, -8
 145              		.cfi_offset 14, -4
 210:Core/Src/freertos.c ****   /* USER CODE BEGIN StartGUITask */
 211:Core/Src/freertos.c ****   /* Infinite loop */
 212:Core/Src/freertos.c **** 	GUI_Init();
 146              		.loc 1 212 2 is_stmt 1 view .LVU17
 147 0002 FFF7FEFF 		bl	GUI_Init
 148              	.LVL10:
 213:Core/Src/freertos.c **** 	GUI_SetBkColor(GUI_WHITE);
 149              		.loc 1 213 2 view .LVU18
 150 0006 4FF0FF30 		mov	r0, #-1
 151 000a FFF7FEFF 		bl	GUI_SetBkColor
 152              	.LVL11:
 214:Core/Src/freertos.c **** 	GUI_Clear();
 153              		.loc 1 214 2 view .LVU19
 154 000e FFF7FEFF 		bl	GUI_Clear
 155              	.LVL12:
 215:Core/Src/freertos.c ****   GUI_SetFont(&GUI_FontHZ_YouYuan_23);
 156              		.loc 1 215 3 view .LVU20
 157 0012 0748     		ldr	r0, .L13
 158 0014 FFF7FEFF 		bl	GUI_SetFont
 159              	.LVL13:
 216:Core/Src/freertos.c **** 	GUI_SetColor(GUI_RED);
 160              		.loc 1 216 2 view .LVU21
 161 0018 0648     		ldr	r0, .L13+4
 162 001a FFF7FEFF 		bl	GUI_SetColor
 163              	.LVL14:
 217:Core/Src/freertos.c **** 	GUI_DispStringAt("EX07ds 杭州电子科技大学", 75, 13);
 164              		.loc 1 217 2 view .LVU22
 165 001e 0D22     		movs	r2, #13
 166 0020 4B21     		movs	r1, #75
 167 0022 0548     		ldr	r0, .L13+8
 168 0024 FFF7FEFF 		bl	GUI_DispStringAt
 169              	.LVL15:
 170              	.L11:
 218:Core/Src/freertos.c ****   for(;;)
 171              		.loc 1 218 3 discriminator 1 view .LVU23
 219:Core/Src/freertos.c ****   {
 220:Core/Src/freertos.c ****     osDelay(1);
 172              		.loc 1 220 5 discriminator 1 view .LVU24
 173 0028 0120     		movs	r0, #1
 174 002a FFF7FEFF 		bl	osDelay
 175              	.LVL16:
 218:Core/Src/freertos.c ****   for(;;)
ARM GAS  F:\msys64\tmp\ccBy6rXo.s 			page 8


 176              		.loc 1 218 8 discriminator 1 view .LVU25
 177 002e FBE7     		b	.L11
 178              	.L14:
 179              		.align	2
 180              	.L13:
 181 0030 00000000 		.word	GUI_FontHZ_YouYuan_23
 182 0034 0000FFFF 		.word	-65536
 183 0038 00000000 		.word	.LC0
 184              		.cfi_endproc
 185              	.LFE803:
 187              		.section	.text.MX_FREERTOS_Init,"ax",%progbits
 188              		.align	1
 189              		.global	MX_FREERTOS_Init
 190              		.syntax unified
 191              		.thumb
 192              		.thumb_func
 194              	MX_FREERTOS_Init:
 195              	.LFB799:
 103:Core/Src/freertos.c ****   /* USER CODE BEGIN Init */
 196              		.loc 1 103 29 view -0
 197              		.cfi_startproc
 198              		@ args = 0, pretend = 0, frame = 0
 199              		@ frame_needed = 0, uses_anonymous_args = 0
 200 0000 08B5     		push	{r3, lr}
 201              	.LCFI4:
 202              		.cfi_def_cfa_offset 8
 203              		.cfi_offset 3, -8
 204              		.cfi_offset 14, -4
 126:Core/Src/freertos.c **** 
 205              		.loc 1 126 3 view .LVU27
 126:Core/Src/freertos.c **** 
 206              		.loc 1 126 20 is_stmt 0 view .LVU28
 207 0002 0E4A     		ldr	r2, .L17
 208 0004 0021     		movs	r1, #0
 209 0006 0E48     		ldr	r0, .L17+4
 210 0008 FFF7FEFF 		bl	osThreadNew
 211              	.LVL17:
 126:Core/Src/freertos.c **** 
 212              		.loc 1 126 18 view .LVU29
 213 000c 0D4B     		ldr	r3, .L17+8
 214 000e 1860     		str	r0, [r3]
 129:Core/Src/freertos.c **** 
 215              		.loc 1 129 3 is_stmt 1 view .LVU30
 129:Core/Src/freertos.c **** 
 216              		.loc 1 129 19 is_stmt 0 view .LVU31
 217 0010 0D4A     		ldr	r2, .L17+12
 218 0012 0021     		movs	r1, #0
 219 0014 0D48     		ldr	r0, .L17+16
 220 0016 FFF7FEFF 		bl	osThreadNew
 221              	.LVL18:
 129:Core/Src/freertos.c **** 
 222              		.loc 1 129 17 view .LVU32
 223 001a 0D4B     		ldr	r3, .L17+20
 224 001c 1860     		str	r0, [r3]
 132:Core/Src/freertos.c **** 
 225              		.loc 1 132 3 is_stmt 1 view .LVU33
 132:Core/Src/freertos.c **** 
ARM GAS  F:\msys64\tmp\ccBy6rXo.s 			page 9


 226              		.loc 1 132 20 is_stmt 0 view .LVU34
 227 001e 0D4A     		ldr	r2, .L17+24
 228 0020 0021     		movs	r1, #0
 229 0022 0D48     		ldr	r0, .L17+28
 230 0024 FFF7FEFF 		bl	osThreadNew
 231              	.LVL19:
 132:Core/Src/freertos.c **** 
 232              		.loc 1 132 18 view .LVU35
 233 0028 0C4B     		ldr	r3, .L17+32
 234 002a 1860     		str	r0, [r3]
 135:Core/Src/freertos.c **** 
 235              		.loc 1 135 3 is_stmt 1 view .LVU36
 135:Core/Src/freertos.c **** 
 236              		.loc 1 135 19 is_stmt 0 view .LVU37
 237 002c 0C4A     		ldr	r2, .L17+36
 238 002e 0021     		movs	r1, #0
 239 0030 0C48     		ldr	r0, .L17+40
 240 0032 FFF7FEFF 		bl	osThreadNew
 241              	.LVL20:
 135:Core/Src/freertos.c **** 
 242              		.loc 1 135 17 view .LVU38
 243 0036 0C4B     		ldr	r3, .L17+44
 244 0038 1860     		str	r0, [r3]
 145:Core/Src/freertos.c **** 
 245              		.loc 1 145 1 view .LVU39
 246 003a 08BD     		pop	{r3, pc}
 247              	.L18:
 248              		.align	2
 249              	.L17:
 250 003c 00000000 		.word	.LANCHOR0
 251 0040 00000000 		.word	DefaultMainTask
 252 0044 00000000 		.word	.LANCHOR1
 253 0048 00000000 		.word	.LANCHOR2
 254 004c 00000000 		.word	StartKeyTask
 255 0050 00000000 		.word	.LANCHOR3
 256 0054 00000000 		.word	.LANCHOR4
 257 0058 00000000 		.word	StartUartTask
 258 005c 00000000 		.word	.LANCHOR5
 259 0060 00000000 		.word	.LANCHOR6
 260 0064 00000000 		.word	StartGUITask
 261 0068 00000000 		.word	.LANCHOR7
 262              		.cfi_endproc
 263              	.LFE799:
 265              		.global	GUITask_attributes
 266              		.section	.rodata.str1.4,"aMS",%progbits,1
 267              		.align	2
 268              	.LC1:
 269 0000 47554954 		.ascii	"GUITask\000"
 269      61736B00 
 270              		.global	GUITaskHandle
 271              		.global	UartTask_attributes
 272              		.align	2
 273              	.LC2:
 274 0008 55617274 		.ascii	"UartTask\000"
 274      5461736B 
 274      00
 275              		.global	UartTaskHandle
ARM GAS  F:\msys64\tmp\ccBy6rXo.s 			page 10


 276              		.global	KeyTask_attributes
 277 0011 000000   		.align	2
 278              	.LC3:
 279 0014 4B657954 		.ascii	"KeyTask\000"
 279      61736B00 
 280              		.global	KeyTaskHandle
 281              		.global	MainTask_attributes
 282              		.align	2
 283              	.LC4:
 284 001c 4D61696E 		.ascii	"MainTask\000"
 284      5461736B 
 284      00
 285              		.global	MainTaskHandle
 286              		.section	.bss.GUITaskHandle,"aw",%nobits
 287              		.align	2
 288              		.set	.LANCHOR7,. + 0
 291              	GUITaskHandle:
 292 0000 00000000 		.space	4
 293              		.section	.bss.KeyTaskHandle,"aw",%nobits
 294              		.align	2
 295              		.set	.LANCHOR3,. + 0
 298              	KeyTaskHandle:
 299 0000 00000000 		.space	4
 300              		.section	.bss.MainTaskHandle,"aw",%nobits
 301              		.align	2
 302              		.set	.LANCHOR1,. + 0
 305              	MainTaskHandle:
 306 0000 00000000 		.space	4
 307              		.section	.bss.UartTaskHandle,"aw",%nobits
 308              		.align	2
 309              		.set	.LANCHOR5,. + 0
 312              	UartTaskHandle:
 313 0000 00000000 		.space	4
 314              		.section	.rodata.GUITask_attributes,"a"
 315              		.align	2
 316              		.set	.LANCHOR6,. + 0
 319              	GUITask_attributes:
 320 0000 00000000 		.word	.LC1
 321 0004 00000000 		.space	16
 321      00000000 
 321      00000000 
 321      00000000 
 322 0014 00040000 		.word	1024
 323 0018 18000000 		.word	24
 324 001c 00000000 		.space	8
 324      00000000 
 325              		.section	.rodata.KeyTask_attributes,"a"
 326              		.align	2
 327              		.set	.LANCHOR2,. + 0
 330              	KeyTask_attributes:
 331 0000 14000000 		.word	.LC3
 332 0004 00000000 		.space	16
 332      00000000 
 332      00000000 
 332      00000000 
 333 0014 00040000 		.word	1024
 334 0018 18000000 		.word	24
ARM GAS  F:\msys64\tmp\ccBy6rXo.s 			page 11


 335 001c 00000000 		.space	8
 335      00000000 
 336              		.section	.rodata.MainTask_attributes,"a"
 337              		.align	2
 338              		.set	.LANCHOR0,. + 0
 341              	MainTask_attributes:
 342 0000 1C000000 		.word	.LC4
 343 0004 00000000 		.space	16
 343      00000000 
 343      00000000 
 343      00000000 
 344 0014 00080000 		.word	2048
 345 0018 18000000 		.word	24
 346 001c 00000000 		.space	8
 346      00000000 
 347              		.section	.rodata.UartTask_attributes,"a"
 348              		.align	2
 349              		.set	.LANCHOR4,. + 0
 352              	UartTask_attributes:
 353 0000 08000000 		.word	.LC2
 354 0004 00000000 		.space	16
 354      00000000 
 354      00000000 
 354      00000000 
 355 0014 00080000 		.word	2048
 356 0018 18000000 		.word	24
 357 001c 00000000 		.space	8
 357      00000000 
 358              		.text
 359              	.Letext0:
 360              		.file 2 "f:\\stm32\\win-dev-tools\\gcc-arm-none-eabi\\arm-none-eabi\\include\\machine\\_default_ty
 361              		.file 3 "f:\\stm32\\win-dev-tools\\gcc-arm-none-eabi\\arm-none-eabi\\include\\sys\\_stdint.h"
 362              		.file 4 "Middlewares/Third_Party/FreeRTOS/Source/CMSIS_RTOS_V2/cmsis_os2.h"
 363              		.file 5 "Core/Src/../../Drivers/STemWin/inc/GUI_Type.h"
 364              		.file 6 "Core/Src/../../Drivers/STemWin/inc/GUI.h"
 365              		.file 7 "Drivers/STM32F4xx_HAL_Driver/Inc/stm32f4xx_ll_dma.h"
ARM GAS  F:\msys64\tmp\ccBy6rXo.s 			page 12


DEFINED SYMBOLS
                            *ABS*:00000000 freertos.c
F:\msys64\tmp\ccBy6rXo.s:20     .text.DefaultMainTask:00000000 $t
F:\msys64\tmp\ccBy6rXo.s:26     .text.DefaultMainTask:00000000 DefaultMainTask
F:\msys64\tmp\ccBy6rXo.s:54     .text.StartKeyTask:00000000 $t
F:\msys64\tmp\ccBy6rXo.s:60     .text.StartKeyTask:00000000 StartKeyTask
F:\msys64\tmp\ccBy6rXo.s:87     .text.StartUartTask:00000000 $t
F:\msys64\tmp\ccBy6rXo.s:93     .text.StartUartTask:00000000 StartUartTask
F:\msys64\tmp\ccBy6rXo.s:120    .rodata.StartGUITask.str1.4:00000000 $d
F:\msys64\tmp\ccBy6rXo.s:126    .text.StartGUITask:00000000 $t
F:\msys64\tmp\ccBy6rXo.s:132    .text.StartGUITask:00000000 StartGUITask
F:\msys64\tmp\ccBy6rXo.s:181    .text.StartGUITask:00000030 $d
F:\msys64\tmp\ccBy6rXo.s:188    .text.MX_FREERTOS_Init:00000000 $t
F:\msys64\tmp\ccBy6rXo.s:194    .text.MX_FREERTOS_Init:00000000 MX_FREERTOS_Init
F:\msys64\tmp\ccBy6rXo.s:250    .text.MX_FREERTOS_Init:0000003c $d
F:\msys64\tmp\ccBy6rXo.s:319    .rodata.GUITask_attributes:00000000 GUITask_attributes
F:\msys64\tmp\ccBy6rXo.s:267    .rodata.str1.4:00000000 $d
F:\msys64\tmp\ccBy6rXo.s:291    .bss.GUITaskHandle:00000000 GUITaskHandle
F:\msys64\tmp\ccBy6rXo.s:352    .rodata.UartTask_attributes:00000000 UartTask_attributes
F:\msys64\tmp\ccBy6rXo.s:312    .bss.UartTaskHandle:00000000 UartTaskHandle
F:\msys64\tmp\ccBy6rXo.s:330    .rodata.KeyTask_attributes:00000000 KeyTask_attributes
F:\msys64\tmp\ccBy6rXo.s:298    .bss.KeyTaskHandle:00000000 KeyTaskHandle
F:\msys64\tmp\ccBy6rXo.s:341    .rodata.MainTask_attributes:00000000 MainTask_attributes
F:\msys64\tmp\ccBy6rXo.s:305    .bss.MainTaskHandle:00000000 MainTaskHandle
F:\msys64\tmp\ccBy6rXo.s:287    .bss.GUITaskHandle:00000000 $d
F:\msys64\tmp\ccBy6rXo.s:294    .bss.KeyTaskHandle:00000000 $d
F:\msys64\tmp\ccBy6rXo.s:301    .bss.MainTaskHandle:00000000 $d
F:\msys64\tmp\ccBy6rXo.s:308    .bss.UartTaskHandle:00000000 $d
F:\msys64\tmp\ccBy6rXo.s:315    .rodata.GUITask_attributes:00000000 $d
F:\msys64\tmp\ccBy6rXo.s:326    .rodata.KeyTask_attributes:00000000 $d
F:\msys64\tmp\ccBy6rXo.s:337    .rodata.MainTask_attributes:00000000 $d
F:\msys64\tmp\ccBy6rXo.s:348    .rodata.UartTask_attributes:00000000 $d

UNDEFINED SYMBOLS
osDelay
GUI_Init
GUI_SetBkColor
GUI_Clear
GUI_SetFont
GUI_SetColor
GUI_DispStringAt
GUI_FontHZ_YouYuan_23
osThreadNew
